[0.025s] Invoking command in '/home/chiva/uros_ws/build/micro_ros_setup': CMAKE_PREFIX_PATH=${CMAKE_PREFIX_PATH}:/opt/ros/jazzy DEBUGINFOD_URLS=https://debuginfod.ubuntu.com /usr/bin/cmake /home/chiva/uros_ws/src/micro_ros_setup -DCMAKE_INSTALL_PREFIX=/home/chiva/uros_ws/install/micro_ros_setup
[0.399s] -- The C compiler identification is GNU 13.3.0
[0.587s] -- The CXX compiler identification is GNU 13.3.0
[0.632s] -- Detecting C compiler ABI info
[0.852s] -- Detecting C compiler ABI info - done
[0.903s] -- Check for working C compiler: /usr/bin/cc - skipped
[0.904s] -- Detecting C compile features
[0.907s] -- Detecting C compile features - done
[0.930s] -- Detecting CXX compiler ABI info
[1.196s] -- Detecting CXX compiler ABI info - done
[1.218s] -- Check for working CXX compiler: /usr/bin/c++ - skipped
[1.219s] -- Detecting CXX compile features
[1.220s] -- Detecting CXX compile features - done
[1.250s] -- Found ament_cmake: 2.5.3 (/opt/ros/jazzy/share/ament_cmake/cmake)
[1.698s] -- Found Python3: /usr/bin/python3 (found version "3.12.3") found components: Interpreter 
[2.081s] -- Found ament_lint_auto: 0.17.2 (/opt/ros/jazzy/share/ament_lint_auto/cmake)
[2.371s] -- Configuring done (2.3s)
[2.379s] -- Generating done (0.0s)
[2.383s] -- Build files have been written to: /home/chiva/uros_ws/build/micro_ros_setup
[2.394s] Invoked command in '/home/chiva/uros_ws/build/micro_ros_setup' returned '0': CMAKE_PREFIX_PATH=${CMAKE_PREFIX_PATH}:/opt/ros/jazzy DEBUGINFOD_URLS=https://debuginfod.ubuntu.com /usr/bin/cmake /home/chiva/uros_ws/src/micro_ros_setup -DCMAKE_INSTALL_PREFIX=/home/chiva/uros_ws/install/micro_ros_setup
[2.397s] Invoking command in '/home/chiva/uros_ws/build/micro_ros_setup': CMAKE_PREFIX_PATH=${CMAKE_PREFIX_PATH}:/opt/ros/jazzy DEBUGINFOD_URLS=https://debuginfod.ubuntu.com /usr/bin/cmake --build /home/chiva/uros_ws/build/micro_ros_setup -- -j4 -l4
[2.533s] Invoked command in '/home/chiva/uros_ws/build/micro_ros_setup' returned '0': CMAKE_PREFIX_PATH=${CMAKE_PREFIX_PATH}:/opt/ros/jazzy DEBUGINFOD_URLS=https://debuginfod.ubuntu.com /usr/bin/cmake --build /home/chiva/uros_ws/build/micro_ros_setup -- -j4 -l4
[2.564s] Invoking command in '/home/chiva/uros_ws/build/micro_ros_setup': CMAKE_PREFIX_PATH=${CMAKE_PREFIX_PATH}:/opt/ros/jazzy DEBUGINFOD_URLS=https://debuginfod.ubuntu.com /usr/bin/cmake --install /home/chiva/uros_ws/build/micro_ros_setup
[2.598s] -- Install configuration: ""
[2.599s] -- Installing: /home/chiva/uros_ws/install/micro_ros_setup/share/ament_index/resource_index/package_run_dependencies/micro_ros_setup
[2.599s] -- Installing: /home/chiva/uros_ws/install/micro_ros_setup/share/ament_index/resource_index/parent_prefix_path/micro_ros_setup
[2.600s] -- Installing: /home/chiva/uros_ws/install/micro_ros_setup/share/micro_ros_setup/environment/ament_prefix_path.sh
[2.601s] -- Installing: /home/chiva/uros_ws/install/micro_ros_setup/share/micro_ros_setup/environment/ament_prefix_path.dsv
[2.601s] -- Installing: /home/chiva/uros_ws/install/micro_ros_setup/share/micro_ros_setup/environment/path.sh
[2.604s] -- Installing: /home/chiva/uros_ws/install/micro_ros_setup/share/micro_ros_setup/environment/path.dsv
[2.606s] -- Installing: /home/chiva/uros_ws/install/micro_ros_setup/share/micro_ros_setup/local_setup.bash
[2.607s] -- Installing: /home/chiva/uros_ws/install/micro_ros_setup/share/micro_ros_setup/local_setup.sh
[2.608s] -- Installing: /home/chiva/uros_ws/install/micro_ros_setup/share/micro_ros_setup/local_setup.zsh
[2.608s] -- Installing: /home/chiva/uros_ws/install/micro_ros_setup/share/micro_ros_setup/local_setup.dsv
[2.609s] -- Installing: /home/chiva/uros_ws/install/micro_ros_setup/share/micro_ros_setup/package.dsv
[2.609s] -- Installing: /home/chiva/uros_ws/install/micro_ros_setup/share/ament_index/resource_index/packages/micro_ros_setup
[2.609s] -- Installing: /home/chiva/uros_ws/install/micro_ros_setup/share/micro_ros_setup/cmake/micro_ros_setupConfig.cmake
[2.610s] -- Installing: /home/chiva/uros_ws/install/micro_ros_setup/share/micro_ros_setup/cmake/micro_ros_setupConfig-version.cmake
[2.610s] -- Installing: /home/chiva/uros_ws/install/micro_ros_setup/share/micro_ros_setup/package.xml
[2.610s] -- Installing: /home/chiva/uros_ws/install/micro_ros_setup/./config
[2.611s] -- Installing: /home/chiva/uros_ws/install/micro_ros_setup/./config/android
[2.612s] -- Installing: /home/chiva/uros_ws/install/micro_ros_setup/./config/android/dev_uros_packages.repos
[2.614s] -- Installing: /home/chiva/uros_ws/install/micro_ros_setup/./config/android/dev_ros2_packages.txt
[2.617s] -- Installing: /home/chiva/uros_ws/install/micro_ros_setup/./config/android/generic
[2.617s] -- Installing: /home/chiva/uros_ws/install/micro_ros_setup/./config/android/generic/create.sh
[2.618s] -- Installing: /home/chiva/uros_ws/install/micro_ros_setup/./config/android/generic/client_uros_packages.repos
[2.618s] -- Installing: /home/chiva/uros_ws/install/micro_ros_setup/./config/android/generic/client-colcon.meta
[2.619s] -- Installing: /home/chiva/uros_ws/install/micro_ros_setup/./config/android/generic/flash.sh
[2.621s] -- Installing: /home/chiva/uros_ws/install/micro_ros_setup/./config/android/generic/build.sh
[2.623s] -- Installing: /home/chiva/uros_ws/install/micro_ros_setup/./config/android/generic/package.xml
[2.625s] -- Installing: /home/chiva/uros_ws/install/micro_ros_setup/./config/freertos
[2.629s] -- Installing: /home/chiva/uros_ws/install/micro_ros_setup/./config/freertos/crazyflie21
[2.630s] -- Installing: /home/chiva/uros_ws/install/micro_ros_setup/./config/freertos/crazyflie21/create.sh
[2.632s] -- Installing: /home/chiva/uros_ws/install/micro_ros_setup/./config/freertos/crazyflie21/client_uros_packages.repos
[2.633s] -- Installing: /home/chiva/uros_ws/install/micro_ros_setup/./config/freertos/crazyflie21/client-colcon.meta
[2.633s] -- Installing: /home/chiva/uros_ws/install/micro_ros_setup/./config/freertos/crazyflie21/flash.sh
[2.634s] -- Installing: /home/chiva/uros_ws/install/micro_ros_setup/./config/freertos/crazyflie21/build.sh
[2.634s] -- Installing: /home/chiva/uros_ws/install/micro_ros_setup/./config/freertos/crazyflie21/package.xml
[2.634s] -- Installing: /home/chiva/uros_ws/install/micro_ros_setup/./config/freertos/crazyflie21/configure.sh
[2.635s] -- Installing: /home/chiva/uros_ws/install/micro_ros_setup/./config/freertos/crazyflie21/board.repos
[2.635s] -- Installing: /home/chiva/uros_ws/install/micro_ros_setup/./config/freertos/dev_uros_packages.repos
[2.635s] -- Installing: /home/chiva/uros_ws/install/micro_ros_setup/./config/freertos/nucleo_f767zi
[2.638s] -- Installing: /home/chiva/uros_ws/install/micro_ros_setup/./config/freertos/nucleo_f767zi/create.sh
[2.639s] -- Installing: /home/chiva/uros_ws/install/micro_ros_setup/./config/freertos/nucleo_f767zi/client_uros_packages.repos
[2.641s] -- Installing: /home/chiva/uros_ws/install/micro_ros_setup/./config/freertos/nucleo_f767zi/client-colcon.meta
[2.642s] -- Installing: /home/chiva/uros_ws/install/micro_ros_setup/./config/freertos/nucleo_f767zi/flash.sh
[2.642s] -- Installing: /home/chiva/uros_ws/install/micro_ros_setup/./config/freertos/nucleo_f767zi/build.sh
[2.643s] -- Installing: /home/chiva/uros_ws/install/micro_ros_setup/./config/freertos/nucleo_f767zi/package.xml
[2.643s] -- Installing: /home/chiva/uros_ws/install/micro_ros_setup/./config/freertos/nucleo_f767zi/configure.sh
[2.643s] -- Installing: /home/chiva/uros_ws/install/micro_ros_setup/./config/freertos/nucleo_f767zi/board.repos
[2.644s] -- Installing: /home/chiva/uros_ws/install/micro_ros_setup/./config/freertos/olimex-stm32-e407
[2.645s] -- Installing: /home/chiva/uros_ws/install/micro_ros_setup/./config/freertos/olimex-stm32-e407/create.sh
[2.645s] -- Installing: /home/chiva/uros_ws/install/micro_ros_setup/./config/freertos/olimex-stm32-e407/client_uros_packages.repos
[2.645s] -- Installing: /home/chiva/uros_ws/install/micro_ros_setup/./config/freertos/olimex-stm32-e407/client-colcon.meta
[2.646s] -- Installing: /home/chiva/uros_ws/install/micro_ros_setup/./config/freertos/olimex-stm32-e407/flash.sh
[2.646s] -- Installing: /home/chiva/uros_ws/install/micro_ros_setup/./config/freertos/olimex-stm32-e407/build.sh
[2.646s] -- Installing: /home/chiva/uros_ws/install/micro_ros_setup/./config/freertos/olimex-stm32-e407/package.xml
[2.647s] -- Installing: /home/chiva/uros_ws/install/micro_ros_setup/./config/freertos/olimex-stm32-e407/configure.sh
[2.647s] -- Installing: /home/chiva/uros_ws/install/micro_ros_setup/./config/freertos/olimex-stm32-e407/board.repos
[2.647s] -- Installing: /home/chiva/uros_ws/install/micro_ros_setup/./config/freertos/dev_ros2_packages.txt
[2.648s] -- Installing: /home/chiva/uros_ws/install/micro_ros_setup/./config/freertos/nucleo_f446re
[2.648s] -- Installing: /home/chiva/uros_ws/install/micro_ros_setup/./config/freertos/nucleo_f446re/create.sh
[2.648s] -- Installing: /home/chiva/uros_ws/install/micro_ros_setup/./config/freertos/nucleo_f446re/client_uros_packages.repos
[2.649s] -- Installing: /home/chiva/uros_ws/install/micro_ros_setup/./config/freertos/nucleo_f446re/client-colcon.meta
[2.649s] -- Installing: /home/chiva/uros_ws/install/micro_ros_setup/./config/freertos/nucleo_f446re/flash.sh
[2.649s] -- Installing: /home/chiva/uros_ws/install/micro_ros_setup/./config/freertos/nucleo_f446re/build.sh
[2.653s] -- Installing: /home/chiva/uros_ws/install/micro_ros_setup/./config/freertos/nucleo_f446re/package.xml
[2.655s] -- Installing: /home/chiva/uros_ws/install/micro_ros_setup/./config/freertos/nucleo_f446re/configure.sh
[2.656s] -- Installing: /home/chiva/uros_ws/install/micro_ros_setup/./config/freertos/nucleo_f446re/board.repos
[2.658s] -- Installing: /home/chiva/uros_ws/install/micro_ros_setup/./config/freertos/nucleo_f746zg
[2.658s] -- Installing: /home/chiva/uros_ws/install/micro_ros_setup/./config/freertos/nucleo_f746zg/create.sh
[2.659s] -- Installing: /home/chiva/uros_ws/install/micro_ros_setup/./config/freertos/nucleo_f746zg/client_uros_packages.repos
[2.659s] -- Installing: /home/chiva/uros_ws/install/micro_ros_setup/./config/freertos/nucleo_f746zg/client-colcon.meta
[2.659s] -- Installing: /home/chiva/uros_ws/install/micro_ros_setup/./config/freertos/nucleo_f746zg/flash.sh
[2.660s] -- Installing: /home/chiva/uros_ws/install/micro_ros_setup/./config/freertos/nucleo_f746zg/build.sh
[2.660s] -- Installing: /home/chiva/uros_ws/install/micro_ros_setup/./config/freertos/nucleo_f746zg/package.xml
[2.660s] -- Installing: /home/chiva/uros_ws/install/micro_ros_setup/./config/freertos/nucleo_f746zg/configure.sh
[2.661s] -- Installing: /home/chiva/uros_ws/install/micro_ros_setup/./config/freertos/nucleo_f746zg/board.repos
[2.661s] -- Installing: /home/chiva/uros_ws/install/micro_ros_setup/./config/freertos/nucleo_f446ze
[2.661s] -- Installing: /home/chiva/uros_ws/install/micro_ros_setup/./config/freertos/nucleo_f446ze/create.sh
[2.661s] -- Installing: /home/chiva/uros_ws/install/micro_ros_setup/./config/freertos/nucleo_f446ze/client_uros_packages.repos
[2.662s] -- Installing: /home/chiva/uros_ws/install/micro_ros_setup/./config/freertos/nucleo_f446ze/client-colcon.meta
[2.662s] -- Installing: /home/chiva/uros_ws/install/micro_ros_setup/./config/freertos/nucleo_f446ze/flash.sh
[2.662s] -- Installing: /home/chiva/uros_ws/install/micro_ros_setup/./config/freertos/nucleo_f446ze/build.sh
[2.663s] -- Installing: /home/chiva/uros_ws/install/micro_ros_setup/./config/freertos/nucleo_f446ze/package.xml
[2.664s] -- Installing: /home/chiva/uros_ws/install/micro_ros_setup/./config/freertos/nucleo_f446ze/configure.sh
[2.664s] -- Installing: /home/chiva/uros_ws/install/micro_ros_setup/./config/freertos/nucleo_f446ze/board.repos
[2.664s] -- Installing: /home/chiva/uros_ws/install/micro_ros_setup/./config/freertos/list_apps.sh
[2.665s] -- Installing: /home/chiva/uros_ws/install/micro_ros_setup/./config/freertos/esp32
[2.665s] -- Installing: /home/chiva/uros_ws/install/micro_ros_setup/./config/freertos/esp32/create.sh
[2.666s] -- Installing: /home/chiva/uros_ws/install/micro_ros_setup/./config/freertos/esp32/client_uros_packages.repos
[2.666s] -- Installing: /home/chiva/uros_ws/install/micro_ros_setup/./config/freertos/esp32/README.md
[2.667s] -- Installing: /home/chiva/uros_ws/install/micro_ros_setup/./config/freertos/esp32/client-colcon.meta
[2.668s] -- Installing: /home/chiva/uros_ws/install/micro_ros_setup/./config/freertos/esp32/flash.sh
[2.669s] -- Installing: /home/chiva/uros_ws/install/micro_ros_setup/./config/freertos/esp32/build.sh
[2.671s] -- Installing: /home/chiva/uros_ws/install/micro_ros_setup/./config/freertos/esp32/package.xml
[2.671s] -- Installing: /home/chiva/uros_ws/install/micro_ros_setup/./config/freertos/esp32/configure.sh
[2.671s] -- Installing: /home/chiva/uros_ws/install/micro_ros_setup/./config/freertos/esp32/board.repos
[2.672s] -- Installing: /home/chiva/uros_ws/install/micro_ros_setup/./config/client_ros2_packages.txt
[2.672s] -- Installing: /home/chiva/uros_ws/install/micro_ros_setup/./config/client_uros_packages.repos
[2.672s] -- Installing: /home/chiva/uros_ws/install/micro_ros_setup/./config/host
[2.677s] -- Installing: /home/chiva/uros_ws/install/micro_ros_setup/./config/host/dev_uros_packages.repos
[2.677s] -- Installing: /home/chiva/uros_ws/install/micro_ros_setup/./config/host/client_ros2_packages.txt
[2.679s] -- Installing: /home/chiva/uros_ws/install/micro_ros_setup/./config/host/dev_ros2_packages.txt
[2.680s] -- Installing: /home/chiva/uros_ws/install/micro_ros_setup/./config/host/generic
[2.680s] -- Installing: /home/chiva/uros_ws/install/micro_ros_setup/./config/host/generic/create.sh
[2.681s] -- Installing: /home/chiva/uros_ws/install/micro_ros_setup/./config/host/generic/flash.sh
[2.681s] -- Installing: /home/chiva/uros_ws/install/micro_ros_setup/./config/host/generic/build.sh
[2.682s] -- Installing: /home/chiva/uros_ws/install/micro_ros_setup/./config/host/generic/client_host_packages.repos
[2.682s] -- Installing: /home/chiva/uros_ws/install/micro_ros_setup/./config/host/generic/package.xml
[2.682s] -- Installing: /home/chiva/uros_ws/install/micro_ros_setup/./config/host/generic/client-host-colcon.meta
[2.683s] -- Installing: /home/chiva/uros_ws/install/micro_ros_setup/./config/raspbian
[2.684s] -- Installing: /home/chiva/uros_ws/install/micro_ros_setup/./config/raspbian/dev_uros_packages.repos
[2.684s] -- Installing: /home/chiva/uros_ws/install/micro_ros_setup/./config/raspbian/dev_ros2_packages.txt
[2.685s] -- Installing: /home/chiva/uros_ws/install/micro_ros_setup/./config/raspbian/generic
[2.685s] -- Installing: /home/chiva/uros_ws/install/micro_ros_setup/./config/raspbian/generic/supported_platforms
[2.685s] -- Installing: /home/chiva/uros_ws/install/micro_ros_setup/./config/raspbian/generic/create.sh
[2.686s] -- Installing: /home/chiva/uros_ws/install/micro_ros_setup/./config/raspbian/generic/client_uros_packages.repos
[2.686s] -- Installing: /home/chiva/uros_ws/install/micro_ros_setup/./config/raspbian/generic/client-colcon.meta
[2.688s] -- Installing: /home/chiva/uros_ws/install/micro_ros_setup/./config/raspbian/generic/flash.sh
[2.688s] -- Installing: /home/chiva/uros_ws/install/micro_ros_setup/./config/raspbian/generic/build.sh
[2.689s] -- Installing: /home/chiva/uros_ws/install/micro_ros_setup/./config/raspbian/generic/configure.sh
[2.689s] -- Installing: /home/chiva/uros_ws/install/micro_ros_setup/./config/utils.sh
[2.690s] -- Installing: /home/chiva/uros_ws/install/micro_ros_setup/./config/agent_ros2_packages.txt
[2.690s] -- Installing: /home/chiva/uros_ws/install/micro_ros_setup/./config/zephyr
[2.691s] -- Installing: /home/chiva/uros_ws/install/micro_ros_setup/./config/zephyr/dev_uros_packages.repos
[2.691s] -- Installing: /home/chiva/uros_ws/install/micro_ros_setup/./config/zephyr/dev_ros2_packages.txt
[2.691s] -- Installing: /home/chiva/uros_ws/install/micro_ros_setup/./config/zephyr/generic
[2.692s] -- Installing: /home/chiva/uros_ws/install/micro_ros_setup/./config/zephyr/generic/supported_platforms
[2.692s] -- Installing: /home/chiva/uros_ws/install/micro_ros_setup/./config/zephyr/generic/create.sh
[2.692s] -- Installing: /home/chiva/uros_ws/install/micro_ros_setup/./config/zephyr/generic/client_uros_packages.repos
[2.693s] -- Installing: /home/chiva/uros_ws/install/micro_ros_setup/./config/zephyr/generic/client-colcon.meta
[2.693s] -- Installing: /home/chiva/uros_ws/install/micro_ros_setup/./config/zephyr/generic/flash.sh
[2.693s] -- Installing: /home/chiva/uros_ws/install/micro_ros_setup/./config/zephyr/generic/build.sh
[2.694s] -- Installing: /home/chiva/uros_ws/install/micro_ros_setup/./config/zephyr/generic/package.xml
[2.694s] -- Installing: /home/chiva/uros_ws/install/micro_ros_setup/./config/zephyr/generic/configure.sh
[2.694s] -- Installing: /home/chiva/uros_ws/install/micro_ros_setup/./config/zephyr/generic/board.repos
[2.695s] -- Installing: /home/chiva/uros_ws/install/micro_ros_setup/./config/zephyr/list_apps.sh
[2.695s] -- Installing: /home/chiva/uros_ws/install/micro_ros_setup/./config/agent_uros_packages.repos
[2.695s] -- Installing: /home/chiva/uros_ws/install/micro_ros_setup/./config/generate_lib
[2.696s] -- Installing: /home/chiva/uros_ws/install/micro_ros_setup/./config/generate_lib/dev_uros_packages.repos
[2.696s] -- Installing: /home/chiva/uros_ws/install/micro_ros_setup/./config/generate_lib/dev_ros2_packages.txt
[2.696s] -- Installing: /home/chiva/uros_ws/install/micro_ros_setup/./config/generate_lib/generic
[2.697s] -- Installing: /home/chiva/uros_ws/install/micro_ros_setup/./config/generate_lib/generic/create.sh
[2.697s] -- Installing: /home/chiva/uros_ws/install/micro_ros_setup/./config/generate_lib/generic/client_uros_packages.repos
[2.697s] -- Installing: /home/chiva/uros_ws/install/micro_ros_setup/./config/generate_lib/generic/demo_toolchain.cmake
[2.697s] -- Installing: /home/chiva/uros_ws/install/micro_ros_setup/./config/generate_lib/generic/client-colcon.meta
[2.698s] -- Installing: /home/chiva/uros_ws/install/micro_ros_setup/./config/generate_lib/generic/flash.sh
[2.698s] -- Installing: /home/chiva/uros_ws/install/micro_ros_setup/./config/generate_lib/generic/build.sh
[2.698s] -- Installing: /home/chiva/uros_ws/install/micro_ros_setup/./config/generate_lib/generic/package.xml
[2.699s] -- Installing: /home/chiva/uros_ws/install/micro_ros_setup/lib/micro_ros_setup/create_ws.sh
[2.699s] -- Installing: /home/chiva/uros_ws/install/micro_ros_setup/lib/micro_ros_setup/create_agent_ws.sh
[2.699s] -- Installing: /home/chiva/uros_ws/install/micro_ros_setup/lib/micro_ros_setup/create_firmware_ws.sh
[2.699s] -- Installing: /home/chiva/uros_ws/install/micro_ros_setup/lib/micro_ros_setup/configure_firmware.sh
[2.700s] -- Installing: /home/chiva/uros_ws/install/micro_ros_setup/lib/micro_ros_setup/flash_firmware.sh
[2.700s] -- Installing: /home/chiva/uros_ws/install/micro_ros_setup/lib/micro_ros_setup/build_firmware.sh
[2.700s] -- Installing: /home/chiva/uros_ws/install/micro_ros_setup/lib/micro_ros_setup/build_agent.sh
[2.701s] -- Installing: /home/chiva/uros_ws/install/micro_ros_setup/lib/micro_ros_setup/yaml_filter.py
[2.701s] -- Installing: /home/chiva/uros_ws/install/micro_ros_setup/lib/micro_ros_setup/clean_env.sh
[2.701s] -- Installing: /home/chiva/uros_ws/install/micro_ros_setup/lib/micro_ros_setup/component
[2.702s] Invoked command in '/home/chiva/uros_ws/build/micro_ros_setup' returned '0': CMAKE_PREFIX_PATH=${CMAKE_PREFIX_PATH}:/opt/ros/jazzy DEBUGINFOD_URLS=https://debuginfod.ubuntu.com /usr/bin/cmake --install /home/chiva/uros_ws/build/micro_ros_setup
