[0.016s] Invoking command in '/home/chiva/uros_ws/build/drive_base_msgs': DEBUGINFOD_URLS=https://debuginfod.ubuntu.com /usr/bin/cmake --build /home/chiva/uros_ws/build/drive_base_msgs -- -j4 -l4
[0.115s] [  1%] Built target drive_base_msgs__rosidl_generator_type_description
[0.182s] [  1%] Built target ament_cmake_python_copy_drive_base_msgs
[0.252s] [  4%] Built target drive_base_msgs__cpp
[0.253s] [ 25%] Built target drive_base_msgs__rosidl_generator_c
[0.278s] [ 34%] Built target drive_base_msgs__rosidl_typesupport_fastrtps_c
[0.348s] [ 43%] Built target drive_base_msgs__rosidl_typesupport_fastrtps_cpp
[0.364s] [ 53%] Built target drive_base_msgs__rosidl_typesupport_introspection_c
[0.401s] [ 62%] Built target drive_base_msgs__rosidl_typesupport_c
[0.461s] [ 71%] Built target drive_base_msgs__rosidl_typesupport_introspection_cpp
[0.474s] [ 81%] Built target drive_base_msgs__rosidl_typesupport_cpp
[0.524s] [ 81%] Built target drive_base_msgs
[0.565s] [ 82%] Built target drive_base_msgs__py
[0.651s] [ 90%] Built target drive_base_msgs__rosidl_generator_py
[0.693s] [ 93%] Built target drive_base_msgs_s__rosidl_typesupport_fastrtps_c
[0.717s] [ 96%] Built target drive_base_msgs_s__rosidl_typesupport_c
[0.721s] running egg_info
[0.721s] [100%] Built target drive_base_msgs_s__rosidl_typesupport_introspection_c
[0.751s] writing drive_base_msgs.egg-info/PKG-INFO
[0.751s] writing dependency_links to drive_base_msgs.egg-info/dependency_links.txt
[0.751s] writing top-level names to drive_base_msgs.egg-info/top_level.txt
[0.818s] reading manifest file 'drive_base_msgs.egg-info/SOURCES.txt'
[0.820s] writing manifest file 'drive_base_msgs.egg-info/SOURCES.txt'
[0.875s] [100%] Built target ament_cmake_python_build_drive_base_msgs_egg
[0.892s] Invoked command in '/home/chiva/uros_ws/build/drive_base_msgs' returned '0': DEBUGINFOD_URLS=https://debuginfod.ubuntu.com /usr/bin/cmake --build /home/chiva/uros_ws/build/drive_base_msgs -- -j4 -l4
[0.905s] Invoking command in '/home/chiva/uros_ws/build/drive_base_msgs': DEBUGINFOD_URLS=https://debuginfod.ubuntu.com /usr/bin/cmake --install /home/chiva/uros_ws/build/drive_base_msgs
[0.921s] -- Install configuration: ""
[0.921s] -- Up-to-date: /home/chiva/uros_ws/install/drive_base_msgs/share/ament_index/resource_index/rosidl_interfaces/drive_base_msgs
[0.922s] -- Up-to-date: /home/chiva/uros_ws/install/drive_base_msgs/share/drive_base_msgs/msg/CommandHeader.json
[0.922s] -- Up-to-date: /home/chiva/uros_ws/install/drive_base_msgs/share/drive_base_msgs/msg/BaseInfo.json
[0.922s] -- Up-to-date: /home/chiva/uros_ws/install/drive_base_msgs/share/drive_base_msgs/msg/CommandStatus.json
[0.922s] -- Up-to-date: /home/chiva/uros_ws/install/drive_base_msgs/share/drive_base_msgs/msg/TRVCommand.json
[0.922s] -- Up-to-date: /home/chiva/uros_ws/install/drive_base_msgs/include/drive_base_msgs/drive_base_msgs
[0.923s] -- Up-to-date: /home/chiva/uros_ws/install/drive_base_msgs/include/drive_base_msgs/drive_base_msgs/msg
[0.923s] -- Up-to-date: /home/chiva/uros_ws/install/drive_base_msgs/include/drive_base_msgs/drive_base_msgs/msg/trv_command.h
[0.923s] -- Up-to-date: /home/chiva/uros_ws/install/drive_base_msgs/include/drive_base_msgs/drive_base_msgs/msg/rosidl_generator_c__visibility_control.h
[0.923s] -- Up-to-date: /home/chiva/uros_ws/install/drive_base_msgs/include/drive_base_msgs/drive_base_msgs/msg/command_status.h
[0.923s] -- Up-to-date: /home/chiva/uros_ws/install/drive_base_msgs/include/drive_base_msgs/drive_base_msgs/msg/detail
[0.924s] -- Installing: /home/chiva/uros_ws/install/drive_base_msgs/include/drive_base_msgs/drive_base_msgs/msg/detail/base_info__type_support.c
[0.924s] -- Up-to-date: /home/chiva/uros_ws/install/drive_base_msgs/include/drive_base_msgs/drive_base_msgs/msg/detail/command_status__type_support.h
[0.924s] -- Up-to-date: /home/chiva/uros_ws/install/drive_base_msgs/include/drive_base_msgs/drive_base_msgs/msg/detail/command_status__description.c
[0.924s] -- Up-to-date: /home/chiva/uros_ws/install/drive_base_msgs/include/drive_base_msgs/drive_base_msgs/msg/detail/command_header__functions.c
[0.924s] -- Up-to-date: /home/chiva/uros_ws/install/drive_base_msgs/include/drive_base_msgs/drive_base_msgs/msg/detail/base_info__functions.c
[0.925s] -- Up-to-date: /home/chiva/uros_ws/install/drive_base_msgs/include/drive_base_msgs/drive_base_msgs/msg/detail/trv_command__functions.c
[0.925s] -- Up-to-date: /home/chiva/uros_ws/install/drive_base_msgs/include/drive_base_msgs/drive_base_msgs/msg/detail/base_info__description.c
[0.925s] -- Up-to-date: /home/chiva/uros_ws/install/drive_base_msgs/include/drive_base_msgs/drive_base_msgs/msg/detail/trv_command__struct.h
[0.925s] -- Installing: /home/chiva/uros_ws/install/drive_base_msgs/include/drive_base_msgs/drive_base_msgs/msg/detail/trv_command__type_support.c
[0.925s] -- Up-to-date: /home/chiva/uros_ws/install/drive_base_msgs/include/drive_base_msgs/drive_base_msgs/msg/detail/trv_command__functions.h
[0.926s] -- Up-to-date: /home/chiva/uros_ws/install/drive_base_msgs/include/drive_base_msgs/drive_base_msgs/msg/detail/trv_command__description.c
[0.926s] -- Installing: /home/chiva/uros_ws/install/drive_base_msgs/include/drive_base_msgs/drive_base_msgs/msg/detail/command_status__type_support.c
[0.926s] -- Up-to-date: /home/chiva/uros_ws/install/drive_base_msgs/include/drive_base_msgs/drive_base_msgs/msg/detail/command_status__functions.c
[0.926s] -- Up-to-date: /home/chiva/uros_ws/install/drive_base_msgs/include/drive_base_msgs/drive_base_msgs/msg/detail/base_info__functions.h
[0.926s] -- Up-to-date: /home/chiva/uros_ws/install/drive_base_msgs/include/drive_base_msgs/drive_base_msgs/msg/detail/base_info__struct.h
[0.926s] -- Up-to-date: /home/chiva/uros_ws/install/drive_base_msgs/include/drive_base_msgs/drive_base_msgs/msg/detail/command_header__description.c
[0.927s] -- Installing: /home/chiva/uros_ws/install/drive_base_msgs/include/drive_base_msgs/drive_base_msgs/msg/detail/command_header__type_support.c
[0.927s] -- Up-to-date: /home/chiva/uros_ws/install/drive_base_msgs/include/drive_base_msgs/drive_base_msgs/msg/detail/command_header__type_support.h
[0.927s] -- Up-to-date: /home/chiva/uros_ws/install/drive_base_msgs/include/drive_base_msgs/drive_base_msgs/msg/detail/base_info__type_support.h
[0.927s] -- Up-to-date: /home/chiva/uros_ws/install/drive_base_msgs/include/drive_base_msgs/drive_base_msgs/msg/detail/command_status__struct.h
[0.928s] -- Up-to-date: /home/chiva/uros_ws/install/drive_base_msgs/include/drive_base_msgs/drive_base_msgs/msg/detail/command_header__functions.h
[0.928s] -- Up-to-date: /home/chiva/uros_ws/install/drive_base_msgs/include/drive_base_msgs/drive_base_msgs/msg/detail/trv_command__type_support.h
[0.928s] -- Up-to-date: /home/chiva/uros_ws/install/drive_base_msgs/include/drive_base_msgs/drive_base_msgs/msg/detail/command_status__functions.h
[0.928s] -- Up-to-date: /home/chiva/uros_ws/install/drive_base_msgs/include/drive_base_msgs/drive_base_msgs/msg/detail/command_header__struct.h
[0.928s] -- Up-to-date: /home/chiva/uros_ws/install/drive_base_msgs/include/drive_base_msgs/drive_base_msgs/msg/base_info.h
[0.928s] -- Up-to-date: /home/chiva/uros_ws/install/drive_base_msgs/include/drive_base_msgs/drive_base_msgs/msg/command_header.h
[0.928s] -- Up-to-date: /home/chiva/uros_ws/install/drive_base_msgs/share/drive_base_msgs/environment/library_path.sh
[0.929s] -- Up-to-date: /home/chiva/uros_ws/install/drive_base_msgs/share/drive_base_msgs/environment/library_path.dsv
[0.929s] -- Up-to-date: /home/chiva/uros_ws/install/drive_base_msgs/lib/libdrive_base_msgs__rosidl_generator_c.so
[0.929s] -- Up-to-date: /home/chiva/uros_ws/install/drive_base_msgs/include/drive_base_msgs/drive_base_msgs
[0.929s] -- Up-to-date: /home/chiva/uros_ws/install/drive_base_msgs/include/drive_base_msgs/drive_base_msgs/msg
[0.929s] -- Up-to-date: /home/chiva/uros_ws/install/drive_base_msgs/include/drive_base_msgs/drive_base_msgs/msg/rosidl_typesupport_fastrtps_c__visibility_control.h
[0.929s] -- Up-to-date: /home/chiva/uros_ws/install/drive_base_msgs/include/drive_base_msgs/drive_base_msgs/msg/detail
[0.930s] -- Up-to-date: /home/chiva/uros_ws/install/drive_base_msgs/include/drive_base_msgs/drive_base_msgs/msg/detail/trv_command__rosidl_typesupport_fastrtps_c.h
[0.930s] -- Up-to-date: /home/chiva/uros_ws/install/drive_base_msgs/include/drive_base_msgs/drive_base_msgs/msg/detail/base_info__rosidl_typesupport_fastrtps_c.h
[0.930s] -- Up-to-date: /home/chiva/uros_ws/install/drive_base_msgs/include/drive_base_msgs/drive_base_msgs/msg/detail/command_status__rosidl_typesupport_fastrtps_c.h
[0.930s] -- Up-to-date: /home/chiva/uros_ws/install/drive_base_msgs/include/drive_base_msgs/drive_base_msgs/msg/detail/command_header__rosidl_typesupport_fastrtps_c.h
[0.930s] -- Up-to-date: /home/chiva/uros_ws/install/drive_base_msgs/lib/libdrive_base_msgs__rosidl_typesupport_fastrtps_c.so
[0.931s] -- Up-to-date: /home/chiva/uros_ws/install/drive_base_msgs/include/drive_base_msgs/drive_base_msgs
[0.931s] -- Up-to-date: /home/chiva/uros_ws/install/drive_base_msgs/include/drive_base_msgs/drive_base_msgs/msg
[0.931s] -- Up-to-date: /home/chiva/uros_ws/install/drive_base_msgs/include/drive_base_msgs/drive_base_msgs/msg/rosidl_generator_cpp__visibility_control.hpp
[0.931s] -- Up-to-date: /home/chiva/uros_ws/install/drive_base_msgs/include/drive_base_msgs/drive_base_msgs/msg/command_status.hpp
[0.931s] -- Up-to-date: /home/chiva/uros_ws/install/drive_base_msgs/include/drive_base_msgs/drive_base_msgs/msg/command_header.hpp
[0.932s] -- Up-to-date: /home/chiva/uros_ws/install/drive_base_msgs/include/drive_base_msgs/drive_base_msgs/msg/trv_command.hpp
[0.932s] -- Up-to-date: /home/chiva/uros_ws/install/drive_base_msgs/include/drive_base_msgs/drive_base_msgs/msg/detail
[0.932s] -- Up-to-date: /home/chiva/uros_ws/install/drive_base_msgs/include/drive_base_msgs/drive_base_msgs/msg/detail/trv_command__traits.hpp
[0.932s] -- Up-to-date: /home/chiva/uros_ws/install/drive_base_msgs/include/drive_base_msgs/drive_base_msgs/msg/detail/trv_command__struct.hpp
[0.932s] -- Up-to-date: /home/chiva/uros_ws/install/drive_base_msgs/include/drive_base_msgs/drive_base_msgs/msg/detail/command_status__traits.hpp
[0.933s] -- Up-to-date: /home/chiva/uros_ws/install/drive_base_msgs/include/drive_base_msgs/drive_base_msgs/msg/detail/command_header__struct.hpp
[0.933s] -- Up-to-date: /home/chiva/uros_ws/install/drive_base_msgs/include/drive_base_msgs/drive_base_msgs/msg/detail/command_header__builder.hpp
[0.933s] -- Up-to-date: /home/chiva/uros_ws/install/drive_base_msgs/include/drive_base_msgs/drive_base_msgs/msg/detail/trv_command__builder.hpp
[0.933s] -- Up-to-date: /home/chiva/uros_ws/install/drive_base_msgs/include/drive_base_msgs/drive_base_msgs/msg/detail/base_info__type_support.hpp
[0.933s] -- Up-to-date: /home/chiva/uros_ws/install/drive_base_msgs/include/drive_base_msgs/drive_base_msgs/msg/detail/base_info__builder.hpp
[0.934s] -- Up-to-date: /home/chiva/uros_ws/install/drive_base_msgs/include/drive_base_msgs/drive_base_msgs/msg/detail/command_status__type_support.hpp
[0.934s] -- Up-to-date: /home/chiva/uros_ws/install/drive_base_msgs/include/drive_base_msgs/drive_base_msgs/msg/detail/command_header__type_support.hpp
[0.934s] -- Up-to-date: /home/chiva/uros_ws/install/drive_base_msgs/include/drive_base_msgs/drive_base_msgs/msg/detail/base_info__traits.hpp
[0.934s] -- Up-to-date: /home/chiva/uros_ws/install/drive_base_msgs/include/drive_base_msgs/drive_base_msgs/msg/detail/command_status__builder.hpp
[0.934s] -- Up-to-date: /home/chiva/uros_ws/install/drive_base_msgs/include/drive_base_msgs/drive_base_msgs/msg/detail/command_header__traits.hpp
[0.935s] -- Up-to-date: /home/chiva/uros_ws/install/drive_base_msgs/include/drive_base_msgs/drive_base_msgs/msg/detail/base_info__struct.hpp
[0.935s] -- Up-to-date: /home/chiva/uros_ws/install/drive_base_msgs/include/drive_base_msgs/drive_base_msgs/msg/detail/command_status__struct.hpp
[0.935s] -- Up-to-date: /home/chiva/uros_ws/install/drive_base_msgs/include/drive_base_msgs/drive_base_msgs/msg/detail/trv_command__type_support.hpp
[0.935s] -- Up-to-date: /home/chiva/uros_ws/install/drive_base_msgs/include/drive_base_msgs/drive_base_msgs/msg/base_info.hpp
[0.935s] -- Up-to-date: /home/chiva/uros_ws/install/drive_base_msgs/include/drive_base_msgs/drive_base_msgs
[0.935s] -- Up-to-date: /home/chiva/uros_ws/install/drive_base_msgs/include/drive_base_msgs/drive_base_msgs/msg
[0.936s] -- Up-to-date: /home/chiva/uros_ws/install/drive_base_msgs/include/drive_base_msgs/drive_base_msgs/msg/detail
[0.936s] -- Up-to-date: /home/chiva/uros_ws/install/drive_base_msgs/include/drive_base_msgs/drive_base_msgs/msg/detail/command_header__rosidl_typesupport_fastrtps_cpp.hpp
[0.936s] -- Up-to-date: /home/chiva/uros_ws/install/drive_base_msgs/include/drive_base_msgs/drive_base_msgs/msg/detail/dds_fastrtps
[0.936s] -- Up-to-date: /home/chiva/uros_ws/install/drive_base_msgs/include/drive_base_msgs/drive_base_msgs/msg/detail/command_status__rosidl_typesupport_fastrtps_cpp.hpp
[0.936s] -- Up-to-date: /home/chiva/uros_ws/install/drive_base_msgs/include/drive_base_msgs/drive_base_msgs/msg/detail/base_info__rosidl_typesupport_fastrtps_cpp.hpp
[0.937s] -- Up-to-date: /home/chiva/uros_ws/install/drive_base_msgs/include/drive_base_msgs/drive_base_msgs/msg/detail/trv_command__rosidl_typesupport_fastrtps_cpp.hpp
[0.937s] -- Up-to-date: /home/chiva/uros_ws/install/drive_base_msgs/include/drive_base_msgs/drive_base_msgs/msg/rosidl_typesupport_fastrtps_cpp__visibility_control.h
[0.937s] -- Up-to-date: /home/chiva/uros_ws/install/drive_base_msgs/lib/libdrive_base_msgs__rosidl_typesupport_fastrtps_cpp.so
[0.937s] -- Up-to-date: /home/chiva/uros_ws/install/drive_base_msgs/include/drive_base_msgs/drive_base_msgs
[0.937s] -- Up-to-date: /home/chiva/uros_ws/install/drive_base_msgs/include/drive_base_msgs/drive_base_msgs/msg
[0.937s] -- Up-to-date: /home/chiva/uros_ws/install/drive_base_msgs/include/drive_base_msgs/drive_base_msgs/msg/detail
[0.938s] -- Up-to-date: /home/chiva/uros_ws/install/drive_base_msgs/include/drive_base_msgs/drive_base_msgs/msg/detail/trv_command__rosidl_typesupport_introspection_c.h
[0.938s] -- Up-to-date: /home/chiva/uros_ws/install/drive_base_msgs/include/drive_base_msgs/drive_base_msgs/msg/detail/command_status__rosidl_typesupport_introspection_c.h
[0.938s] -- Installing: /home/chiva/uros_ws/install/drive_base_msgs/include/drive_base_msgs/drive_base_msgs/msg/detail/base_info__type_support.c
[0.938s] -- Up-to-date: /home/chiva/uros_ws/install/drive_base_msgs/include/drive_base_msgs/drive_base_msgs/msg/detail/base_info__rosidl_typesupport_introspection_c.h
[0.938s] -- Installing: /home/chiva/uros_ws/install/drive_base_msgs/include/drive_base_msgs/drive_base_msgs/msg/detail/trv_command__type_support.c
[0.938s] -- Installing: /home/chiva/uros_ws/install/drive_base_msgs/include/drive_base_msgs/drive_base_msgs/msg/detail/command_status__type_support.c
[0.939s] -- Installing: /home/chiva/uros_ws/install/drive_base_msgs/include/drive_base_msgs/drive_base_msgs/msg/detail/command_header__type_support.c
[0.939s] -- Up-to-date: /home/chiva/uros_ws/install/drive_base_msgs/include/drive_base_msgs/drive_base_msgs/msg/detail/command_header__rosidl_typesupport_introspection_c.h
[0.939s] -- Up-to-date: /home/chiva/uros_ws/install/drive_base_msgs/include/drive_base_msgs/drive_base_msgs/msg/rosidl_typesupport_introspection_c__visibility_control.h
[0.939s] -- Up-to-date: /home/chiva/uros_ws/install/drive_base_msgs/lib/libdrive_base_msgs__rosidl_typesupport_introspection_c.so
[0.939s] -- Up-to-date: /home/chiva/uros_ws/install/drive_base_msgs/lib/libdrive_base_msgs__rosidl_typesupport_c.so
[0.939s] -- Up-to-date: /home/chiva/uros_ws/install/drive_base_msgs/include/drive_base_msgs/drive_base_msgs
[0.940s] -- Up-to-date: /home/chiva/uros_ws/install/drive_base_msgs/include/drive_base_msgs/drive_base_msgs/msg
[0.940s] -- Up-to-date: /home/chiva/uros_ws/install/drive_base_msgs/include/drive_base_msgs/drive_base_msgs/msg/detail
[0.940s] -- Up-to-date: /home/chiva/uros_ws/install/drive_base_msgs/include/drive_base_msgs/drive_base_msgs/msg/detail/trv_command__type_support.cpp
[0.940s] -- Up-to-date: /home/chiva/uros_ws/install/drive_base_msgs/include/drive_base_msgs/drive_base_msgs/msg/detail/trv_command__rosidl_typesupport_introspection_cpp.hpp
[0.940s] -- Up-to-date: /home/chiva/uros_ws/install/drive_base_msgs/include/drive_base_msgs/drive_base_msgs/msg/detail/command_header__type_support.cpp
[0.941s] -- Up-to-date: /home/chiva/uros_ws/install/drive_base_msgs/include/drive_base_msgs/drive_base_msgs/msg/detail/command_status__rosidl_typesupport_introspection_cpp.hpp
[0.941s] -- Up-to-date: /home/chiva/uros_ws/install/drive_base_msgs/include/drive_base_msgs/drive_base_msgs/msg/detail/command_status__type_support.cpp
[0.941s] -- Up-to-date: /home/chiva/uros_ws/install/drive_base_msgs/include/drive_base_msgs/drive_base_msgs/msg/detail/base_info__type_support.cpp
[0.941s] -- Up-to-date: /home/chiva/uros_ws/install/drive_base_msgs/include/drive_base_msgs/drive_base_msgs/msg/detail/base_info__rosidl_typesupport_introspection_cpp.hpp
[0.941s] -- Up-to-date: /home/chiva/uros_ws/install/drive_base_msgs/include/drive_base_msgs/drive_base_msgs/msg/detail/command_header__rosidl_typesupport_introspection_cpp.hpp
[0.941s] -- Up-to-date: /home/chiva/uros_ws/install/drive_base_msgs/lib/libdrive_base_msgs__rosidl_typesupport_introspection_cpp.so
[0.942s] -- Up-to-date: /home/chiva/uros_ws/install/drive_base_msgs/lib/libdrive_base_msgs__rosidl_typesupport_cpp.so
[0.942s] -- Up-to-date: /home/chiva/uros_ws/install/drive_base_msgs/share/drive_base_msgs/environment/pythonpath.sh
[0.942s] -- Up-to-date: /home/chiva/uros_ws/install/drive_base_msgs/share/drive_base_msgs/environment/pythonpath.dsv
[0.942s] -- Up-to-date: /home/chiva/uros_ws/install/drive_base_msgs/lib/python3.12/site-packages/drive_base_msgs-0.0.0-py3.12.egg-info
[0.942s] -- Installing: /home/chiva/uros_ws/install/drive_base_msgs/lib/python3.12/site-packages/drive_base_msgs-0.0.0-py3.12.egg-info/SOURCES.txt
[0.942s] -- Installing: /home/chiva/uros_ws/install/drive_base_msgs/lib/python3.12/site-packages/drive_base_msgs-0.0.0-py3.12.egg-info/top_level.txt
[0.943s] -- Installing: /home/chiva/uros_ws/install/drive_base_msgs/lib/python3.12/site-packages/drive_base_msgs-0.0.0-py3.12.egg-info/PKG-INFO
[0.943s] -- Installing: /home/chiva/uros_ws/install/drive_base_msgs/lib/python3.12/site-packages/drive_base_msgs-0.0.0-py3.12.egg-info/dependency_links.txt
[0.943s] -- Up-to-date: /home/chiva/uros_ws/install/drive_base_msgs/lib/python3.12/site-packages/drive_base_msgs
[0.943s] -- Up-to-date: /home/chiva/uros_ws/install/drive_base_msgs/lib/python3.12/site-packages/drive_base_msgs/drive_base_msgs_s__rosidl_typesupport_introspection_c.so
[0.943s] -- Up-to-date: /home/chiva/uros_ws/install/drive_base_msgs/lib/python3.12/site-packages/drive_base_msgs/_drive_base_msgs_s.ep.rosidl_typesupport_fastrtps_c.c
[0.944s] -- Up-to-date: /home/chiva/uros_ws/install/drive_base_msgs/lib/python3.12/site-packages/drive_base_msgs/drive_base_msgs_s__rosidl_typesupport_c.so
[0.944s] -- Up-to-date: /home/chiva/uros_ws/install/drive_base_msgs/lib/python3.12/site-packages/drive_base_msgs/msg
[0.944s] -- Up-to-date: /home/chiva/uros_ws/install/drive_base_msgs/lib/python3.12/site-packages/drive_base_msgs/msg/_base_info_s.c
[0.944s] -- Up-to-date: /home/chiva/uros_ws/install/drive_base_msgs/lib/python3.12/site-packages/drive_base_msgs/msg/_trv_command.py
[0.944s] -- Up-to-date: /home/chiva/uros_ws/install/drive_base_msgs/lib/python3.12/site-packages/drive_base_msgs/msg/_command_header_s.c
[0.944s] -- Up-to-date: /home/chiva/uros_ws/install/drive_base_msgs/lib/python3.12/site-packages/drive_base_msgs/msg/_command_status_s.c
[0.945s] -- Up-to-date: /home/chiva/uros_ws/install/drive_base_msgs/lib/python3.12/site-packages/drive_base_msgs/msg/_command_status.py
[0.945s] -- Up-to-date: /home/chiva/uros_ws/install/drive_base_msgs/lib/python3.12/site-packages/drive_base_msgs/msg/_base_info.py
[0.945s] -- Up-to-date: /home/chiva/uros_ws/install/drive_base_msgs/lib/python3.12/site-packages/drive_base_msgs/msg/__init__.py
[0.945s] -- Up-to-date: /home/chiva/uros_ws/install/drive_base_msgs/lib/python3.12/site-packages/drive_base_msgs/msg/_command_header.py
[0.945s] -- Up-to-date: /home/chiva/uros_ws/install/drive_base_msgs/lib/python3.12/site-packages/drive_base_msgs/msg/_trv_command_s.c
[0.945s] -- Up-to-date: /home/chiva/uros_ws/install/drive_base_msgs/lib/python3.12/site-packages/drive_base_msgs/__init__.py
[0.945s] -- Up-to-date: /home/chiva/uros_ws/install/drive_base_msgs/lib/python3.12/site-packages/drive_base_msgs/drive_base_msgs_s__rosidl_typesupport_fastrtps_c.so
[0.945s] -- Up-to-date: /home/chiva/uros_ws/install/drive_base_msgs/lib/python3.12/site-packages/drive_base_msgs/_drive_base_msgs_s.ep.rosidl_typesupport_introspection_c.c
[0.945s] -- Up-to-date: /home/chiva/uros_ws/install/drive_base_msgs/lib/python3.12/site-packages/drive_base_msgs/_drive_base_msgs_s.ep.rosidl_typesupport_c.c
[1.005s] Listing '/home/chiva/uros_ws/install/drive_base_msgs/lib/python3.12/site-packages/drive_base_msgs'...
[1.005s] Listing '/home/chiva/uros_ws/install/drive_base_msgs/lib/python3.12/site-packages/drive_base_msgs/msg'...
[1.017s] -- Up-to-date: /home/chiva/uros_ws/install/drive_base_msgs/lib/python3.12/site-packages/drive_base_msgs/drive_base_msgs_s__rosidl_typesupport_fastrtps_c.so
[1.017s] -- Up-to-date: /home/chiva/uros_ws/install/drive_base_msgs/lib/python3.12/site-packages/drive_base_msgs/drive_base_msgs_s__rosidl_typesupport_introspection_c.so
[1.018s] -- Up-to-date: /home/chiva/uros_ws/install/drive_base_msgs/lib/python3.12/site-packages/drive_base_msgs/drive_base_msgs_s__rosidl_typesupport_c.so
[1.019s] -- Up-to-date: /home/chiva/uros_ws/install/drive_base_msgs/lib/libdrive_base_msgs__rosidl_generator_py.so
[1.020s] -- Up-to-date: /home/chiva/uros_ws/install/drive_base_msgs/share/drive_base_msgs/msg/CommandHeader.idl
[1.022s] -- Up-to-date: /home/chiva/uros_ws/install/drive_base_msgs/share/drive_base_msgs/msg/BaseInfo.idl
[1.022s] -- Up-to-date: /home/chiva/uros_ws/install/drive_base_msgs/share/drive_base_msgs/msg/CommandStatus.idl
[1.023s] -- Up-to-date: /home/chiva/uros_ws/install/drive_base_msgs/share/drive_base_msgs/msg/TRVCommand.idl
[1.024s] -- Up-to-date: /home/chiva/uros_ws/install/drive_base_msgs/share/drive_base_msgs/msg/CommandHeader.msg
[1.025s] -- Up-to-date: /home/chiva/uros_ws/install/drive_base_msgs/share/drive_base_msgs/msg/BaseInfo.msg
[1.025s] -- Up-to-date: /home/chiva/uros_ws/install/drive_base_msgs/share/drive_base_msgs/msg/CommandStatus.msg
[1.026s] -- Up-to-date: /home/chiva/uros_ws/install/drive_base_msgs/share/drive_base_msgs/msg/TRVCommand.msg
[1.026s] -- Up-to-date: /home/chiva/uros_ws/install/drive_base_msgs/share/ament_index/resource_index/package_run_dependencies/drive_base_msgs
[1.026s] -- Up-to-date: /home/chiva/uros_ws/install/drive_base_msgs/share/ament_index/resource_index/parent_prefix_path/drive_base_msgs
[1.026s] -- Up-to-date: /home/chiva/uros_ws/install/drive_base_msgs/share/drive_base_msgs/environment/ament_prefix_path.sh
[1.026s] -- Up-to-date: /home/chiva/uros_ws/install/drive_base_msgs/share/drive_base_msgs/environment/ament_prefix_path.dsv
[1.027s] -- Up-to-date: /home/chiva/uros_ws/install/drive_base_msgs/share/drive_base_msgs/environment/path.sh
[1.027s] -- Up-to-date: /home/chiva/uros_ws/install/drive_base_msgs/share/drive_base_msgs/environment/path.dsv
[1.028s] -- Up-to-date: /home/chiva/uros_ws/install/drive_base_msgs/share/drive_base_msgs/local_setup.bash
[1.028s] -- Up-to-date: /home/chiva/uros_ws/install/drive_base_msgs/share/drive_base_msgs/local_setup.sh
[1.028s] -- Up-to-date: /home/chiva/uros_ws/install/drive_base_msgs/share/drive_base_msgs/local_setup.zsh
[1.028s] -- Up-to-date: /home/chiva/uros_ws/install/drive_base_msgs/share/drive_base_msgs/local_setup.dsv
[1.028s] -- Installing: /home/chiva/uros_ws/install/drive_base_msgs/share/drive_base_msgs/package.dsv
[1.029s] -- Up-to-date: /home/chiva/uros_ws/install/drive_base_msgs/share/ament_index/resource_index/packages/drive_base_msgs
[1.029s] -- Up-to-date: /home/chiva/uros_ws/install/drive_base_msgs/share/drive_base_msgs/cmake/export_drive_base_msgs__rosidl_generator_cExport.cmake
[1.029s] -- Up-to-date: /home/chiva/uros_ws/install/drive_base_msgs/share/drive_base_msgs/cmake/export_drive_base_msgs__rosidl_generator_cExport-noconfig.cmake
[1.030s] -- Up-to-date: /home/chiva/uros_ws/install/drive_base_msgs/share/drive_base_msgs/cmake/export_drive_base_msgs__rosidl_typesupport_fastrtps_cExport.cmake
[1.030s] -- Up-to-date: /home/chiva/uros_ws/install/drive_base_msgs/share/drive_base_msgs/cmake/export_drive_base_msgs__rosidl_typesupport_fastrtps_cExport-noconfig.cmake
[1.030s] -- Up-to-date: /home/chiva/uros_ws/install/drive_base_msgs/share/drive_base_msgs/cmake/export_drive_base_msgs__rosidl_generator_cppExport.cmake
[1.030s] -- Up-to-date: /home/chiva/uros_ws/install/drive_base_msgs/share/drive_base_msgs/cmake/export_drive_base_msgs__rosidl_typesupport_fastrtps_cppExport.cmake
[1.031s] -- Up-to-date: /home/chiva/uros_ws/install/drive_base_msgs/share/drive_base_msgs/cmake/export_drive_base_msgs__rosidl_typesupport_fastrtps_cppExport-noconfig.cmake
[1.031s] -- Up-to-date: /home/chiva/uros_ws/install/drive_base_msgs/share/drive_base_msgs/cmake/drive_base_msgs__rosidl_typesupport_introspection_cExport.cmake
[1.031s] -- Up-to-date: /home/chiva/uros_ws/install/drive_base_msgs/share/drive_base_msgs/cmake/drive_base_msgs__rosidl_typesupport_introspection_cExport-noconfig.cmake
[1.031s] -- Up-to-date: /home/chiva/uros_ws/install/drive_base_msgs/share/drive_base_msgs/cmake/drive_base_msgs__rosidl_typesupport_cExport.cmake
[1.031s] -- Up-to-date: /home/chiva/uros_ws/install/drive_base_msgs/share/drive_base_msgs/cmake/drive_base_msgs__rosidl_typesupport_cExport-noconfig.cmake
[1.032s] -- Up-to-date: /home/chiva/uros_ws/install/drive_base_msgs/share/drive_base_msgs/cmake/drive_base_msgs__rosidl_typesupport_introspection_cppExport.cmake
[1.032s] -- Up-to-date: /home/chiva/uros_ws/install/drive_base_msgs/share/drive_base_msgs/cmake/drive_base_msgs__rosidl_typesupport_introspection_cppExport-noconfig.cmake
[1.032s] -- Up-to-date: /home/chiva/uros_ws/install/drive_base_msgs/share/drive_base_msgs/cmake/drive_base_msgs__rosidl_typesupport_cppExport.cmake
[1.032s] -- Up-to-date: /home/chiva/uros_ws/install/drive_base_msgs/share/drive_base_msgs/cmake/drive_base_msgs__rosidl_typesupport_cppExport-noconfig.cmake
[1.032s] -- Up-to-date: /home/chiva/uros_ws/install/drive_base_msgs/share/drive_base_msgs/cmake/export_drive_base_msgs__rosidl_generator_pyExport.cmake
[1.033s] -- Up-to-date: /home/chiva/uros_ws/install/drive_base_msgs/share/drive_base_msgs/cmake/export_drive_base_msgs__rosidl_generator_pyExport-noconfig.cmake
[1.033s] -- Up-to-date: /home/chiva/uros_ws/install/drive_base_msgs/share/drive_base_msgs/cmake/rosidl_cmake-extras.cmake
[1.033s] -- Up-to-date: /home/chiva/uros_ws/install/drive_base_msgs/share/drive_base_msgs/cmake/ament_cmake_export_dependencies-extras.cmake
[1.033s] -- Up-to-date: /home/chiva/uros_ws/install/drive_base_msgs/share/drive_base_msgs/cmake/ament_cmake_export_include_directories-extras.cmake
[1.033s] -- Up-to-date: /home/chiva/uros_ws/install/drive_base_msgs/share/drive_base_msgs/cmake/ament_cmake_export_libraries-extras.cmake
[1.033s] -- Up-to-date: /home/chiva/uros_ws/install/drive_base_msgs/share/drive_base_msgs/cmake/ament_cmake_export_targets-extras.cmake
[1.034s] -- Up-to-date: /home/chiva/uros_ws/install/drive_base_msgs/share/drive_base_msgs/cmake/rosidl_cmake_export_typesupport_targets-extras.cmake
[1.034s] -- Up-to-date: /home/chiva/uros_ws/install/drive_base_msgs/share/drive_base_msgs/cmake/rosidl_cmake_export_typesupport_libraries-extras.cmake
[1.034s] -- Up-to-date: /home/chiva/uros_ws/install/drive_base_msgs/share/drive_base_msgs/cmake/drive_base_msgsConfig.cmake
[1.034s] -- Up-to-date: /home/chiva/uros_ws/install/drive_base_msgs/share/drive_base_msgs/cmake/drive_base_msgsConfig-version.cmake
[1.034s] -- Up-to-date: /home/chiva/uros_ws/install/drive_base_msgs/share/drive_base_msgs/package.xml
[1.056s] Invoked command in '/home/chiva/uros_ws/build/drive_base_msgs' returned '0': DEBUGINFOD_URLS=https://debuginfod.ubuntu.com /usr/bin/cmake --install /home/chiva/uros_ws/build/drive_base_msgs
