[0.065s] Invoking command in '/home/chiva/uros_ws/build/micro_ros_msgs': CMAKE_PREFIX_PATH=${CMAKE_PREFIX_PATH}:/opt/ros/jazzy DEBUGINFOD_URLS=https://debuginfod.ubuntu.com /usr/bin/cmake /home/chiva/uros_ws/src/uros/micro_ros_msgs -DCMAKE_INSTALL_PREFIX=/home/chiva/uros_ws/install/micro_ros_msgs
[0.139s] -- Found ament_cmake: 2.5.4 (/opt/ros/jazzy/share/ament_cmake/cmake)
[0.232s] -- Found Python3: /usr/bin/python3 (found version "3.12.3") found components: Interpreter 
[0.486s] -- Found rosidl_default_generators: 1.6.0 (/opt/ros/jazzy/share/rosidl_default_generators/cmake)
[0.496s] -- Using all available rosidl_typesupport_c: rosidl_typesupport_fastrtps_c;rosidl_typesupport_introspection_c
[0.616s] -- Using all available rosidl_typesupport_cpp: rosidl_typesupport_fastrtps_cpp;rosidl_typesupport_introspection_cpp
[0.702s] -- Found rosidl_adapter: 4.6.5 (/opt/ros/jazzy/share/rosidl_adapter/cmake)
[0.708s] -- Found ament_lint_auto: 0.17.2 (/opt/ros/jazzy/share/ament_lint_auto/cmake)
[1.352s] -- Found ament_cmake_ros: 0.12.0 (/opt/ros/jazzy/share/ament_cmake_ros/cmake)
[1.575s] -- Using all available rosidl_typesupport_c: rosidl_typesupport_fastrtps_c;rosidl_typesupport_introspection_c
[1.918s] -- Using all available rosidl_typesupport_cpp: rosidl_typesupport_fastrtps_cpp;rosidl_typesupport_introspection_cpp
[1.924s] -- Found python_cmake_module: 0.11.1 (/opt/ros/jazzy/share/python_cmake_module/cmake)
[2.764s] -- Found Python3: /usr/bin/python3 (found version "3.12.3") found components: Interpreter Development NumPy Development.Module Development.Embed 
[2.866s] -- Added test 'copyright' to check source files copyright and LICENSE
[2.892s] -- Added test 'lint_cmake' to check CMake code style
[2.903s] -- Added test 'xmllint' to check XML markup files
[2.917s] -- Configuring done (2.8s)
[3.030s] -- Generating done (0.1s)
[3.071s] -- Build files have been written to: /home/chiva/uros_ws/build/micro_ros_msgs
[3.086s] Invoked command in '/home/chiva/uros_ws/build/micro_ros_msgs' returned '0': CMAKE_PREFIX_PATH=${CMAKE_PREFIX_PATH}:/opt/ros/jazzy DEBUGINFOD_URLS=https://debuginfod.ubuntu.com /usr/bin/cmake /home/chiva/uros_ws/src/uros/micro_ros_msgs -DCMAKE_INSTALL_PREFIX=/home/chiva/uros_ws/install/micro_ros_msgs
[3.090s] Invoking command in '/home/chiva/uros_ws/build/micro_ros_msgs': CMAKE_PREFIX_PATH=${CMAKE_PREFIX_PATH}:/opt/ros/jazzy DEBUGINFOD_URLS=https://debuginfod.ubuntu.com /usr/bin/cmake --build /home/chiva/uros_ws/build/micro_ros_msgs -- -j4 -l4
[3.251s] [  1%] Built target micro_ros_msgs__rosidl_generator_type_description
[3.269s] [  1%] Built target ament_cmake_python_copy_micro_ros_msgs
[3.336s] [  3%] Built target micro_ros_msgs__cpp
[3.351s] [ 24%] Built target micro_ros_msgs__rosidl_generator_c
[3.458s] [ 33%] Built target micro_ros_msgs__rosidl_typesupport_c
[3.509s] [ 42%] Built target micro_ros_msgs__rosidl_typesupport_introspection_cpp
[3.558s] [ 51%] Built target micro_ros_msgs__rosidl_typesupport_fastrtps_cpp
[3.659s] [ 61%] Built target micro_ros_msgs__rosidl_typesupport_introspection_c
[3.659s] [ 70%] Built target micro_ros_msgs__rosidl_typesupport_cpp
[3.669s] [ 79%] Built target micro_ros_msgs__rosidl_typesupport_fastrtps_c
[3.745s] [ 79%] Built target micro_ros_msgs
[3.827s] [ 81%] Built target micro_ros_msgs__py
[3.973s] [ 88%] Built target micro_ros_msgs__rosidl_generator_py
[4.080s] [ 92%] Built target micro_ros_msgs_s__rosidl_typesupport_fastrtps_c
[4.140s] [ 96%] Built target micro_ros_msgs_s__rosidl_typesupport_introspection_c
[4.146s] [100%] Built target micro_ros_msgs_s__rosidl_typesupport_c
[4.306s] running egg_info
[4.374s] writing micro_ros_msgs.egg-info/PKG-INFO
[4.375s] writing dependency_links to micro_ros_msgs.egg-info/dependency_links.txt
[4.375s] writing top-level names to micro_ros_msgs.egg-info/top_level.txt
[4.544s] reading manifest file 'micro_ros_msgs.egg-info/SOURCES.txt'
[4.562s] writing manifest file 'micro_ros_msgs.egg-info/SOURCES.txt'
[4.628s] [100%] Built target ament_cmake_python_build_micro_ros_msgs_egg
[4.658s] Invoked command in '/home/chiva/uros_ws/build/micro_ros_msgs' returned '0': CMAKE_PREFIX_PATH=${CMAKE_PREFIX_PATH}:/opt/ros/jazzy DEBUGINFOD_URLS=https://debuginfod.ubuntu.com /usr/bin/cmake --build /home/chiva/uros_ws/build/micro_ros_msgs -- -j4 -l4
[4.660s] Invoking command in '/home/chiva/uros_ws/build/micro_ros_msgs': CMAKE_PREFIX_PATH=${CMAKE_PREFIX_PATH}:/opt/ros/jazzy DEBUGINFOD_URLS=https://debuginfod.ubuntu.com /usr/bin/cmake --install /home/chiva/uros_ws/build/micro_ros_msgs
[4.682s] -- Install configuration: ""
[4.697s] -- Up-to-date: /home/chiva/uros_ws/install/micro_ros_msgs/share/ament_index/resource_index/rosidl_interfaces/micro_ros_msgs
[4.697s] -- Up-to-date: /home/chiva/uros_ws/install/micro_ros_msgs/share/micro_ros_msgs/msg/Graph.json
[4.698s] -- Up-to-date: /home/chiva/uros_ws/install/micro_ros_msgs/share/micro_ros_msgs/msg/Node.json
[4.698s] -- Up-to-date: /home/chiva/uros_ws/install/micro_ros_msgs/share/micro_ros_msgs/msg/Entity.json
[4.699s] -- Up-to-date: /home/chiva/uros_ws/install/micro_ros_msgs/include/micro_ros_msgs/micro_ros_msgs
[4.699s] -- Up-to-date: /home/chiva/uros_ws/install/micro_ros_msgs/include/micro_ros_msgs/micro_ros_msgs/msg
[4.700s] -- Up-to-date: /home/chiva/uros_ws/install/micro_ros_msgs/include/micro_ros_msgs/micro_ros_msgs/msg/rosidl_generator_c__visibility_control.h
[4.700s] -- Up-to-date: /home/chiva/uros_ws/install/micro_ros_msgs/include/micro_ros_msgs/micro_ros_msgs/msg/graph.h
[4.701s] -- Up-to-date: /home/chiva/uros_ws/install/micro_ros_msgs/include/micro_ros_msgs/micro_ros_msgs/msg/detail
[4.701s] -- Up-to-date: /home/chiva/uros_ws/install/micro_ros_msgs/include/micro_ros_msgs/micro_ros_msgs/msg/detail/node__type_support.h
[4.701s] -- Up-to-date: /home/chiva/uros_ws/install/micro_ros_msgs/include/micro_ros_msgs/micro_ros_msgs/msg/detail/entity__functions.c
[4.702s] -- Up-to-date: /home/chiva/uros_ws/install/micro_ros_msgs/include/micro_ros_msgs/micro_ros_msgs/msg/detail/entity__description.c
[4.702s] -- Up-to-date: /home/chiva/uros_ws/install/micro_ros_msgs/include/micro_ros_msgs/micro_ros_msgs/msg/detail/graph__functions.h
[4.703s] -- Up-to-date: /home/chiva/uros_ws/install/micro_ros_msgs/include/micro_ros_msgs/micro_ros_msgs/msg/detail/node__description.c
[4.703s] -- Installing: /home/chiva/uros_ws/install/micro_ros_msgs/include/micro_ros_msgs/micro_ros_msgs/msg/detail/entity__type_support.c
[4.703s] -- Up-to-date: /home/chiva/uros_ws/install/micro_ros_msgs/include/micro_ros_msgs/micro_ros_msgs/msg/detail/graph__type_support.h
[4.704s] -- Up-to-date: /home/chiva/uros_ws/install/micro_ros_msgs/include/micro_ros_msgs/micro_ros_msgs/msg/detail/graph__description.c
[4.704s] -- Up-to-date: /home/chiva/uros_ws/install/micro_ros_msgs/include/micro_ros_msgs/micro_ros_msgs/msg/detail/node__struct.h
[4.704s] -- Up-to-date: /home/chiva/uros_ws/install/micro_ros_msgs/include/micro_ros_msgs/micro_ros_msgs/msg/detail/entity__functions.h
[4.705s] -- Up-to-date: /home/chiva/uros_ws/install/micro_ros_msgs/include/micro_ros_msgs/micro_ros_msgs/msg/detail/entity__type_support.h
[4.705s] -- Up-to-date: /home/chiva/uros_ws/install/micro_ros_msgs/include/micro_ros_msgs/micro_ros_msgs/msg/detail/entity__struct.h
[4.706s] -- Installing: /home/chiva/uros_ws/install/micro_ros_msgs/include/micro_ros_msgs/micro_ros_msgs/msg/detail/node__type_support.c
[4.706s] -- Up-to-date: /home/chiva/uros_ws/install/micro_ros_msgs/include/micro_ros_msgs/micro_ros_msgs/msg/detail/graph__functions.c
[4.706s] -- Up-to-date: /home/chiva/uros_ws/install/micro_ros_msgs/include/micro_ros_msgs/micro_ros_msgs/msg/detail/graph__struct.h
[4.707s] -- Installing: /home/chiva/uros_ws/install/micro_ros_msgs/include/micro_ros_msgs/micro_ros_msgs/msg/detail/graph__type_support.c
[4.707s] -- Up-to-date: /home/chiva/uros_ws/install/micro_ros_msgs/include/micro_ros_msgs/micro_ros_msgs/msg/detail/node__functions.h
[4.708s] -- Up-to-date: /home/chiva/uros_ws/install/micro_ros_msgs/include/micro_ros_msgs/micro_ros_msgs/msg/detail/node__functions.c
[4.708s] -- Up-to-date: /home/chiva/uros_ws/install/micro_ros_msgs/include/micro_ros_msgs/micro_ros_msgs/msg/entity.h
[4.708s] -- Up-to-date: /home/chiva/uros_ws/install/micro_ros_msgs/include/micro_ros_msgs/micro_ros_msgs/msg/node.h
[4.709s] -- Up-to-date: /home/chiva/uros_ws/install/micro_ros_msgs/share/micro_ros_msgs/environment/library_path.sh
[4.709s] -- Up-to-date: /home/chiva/uros_ws/install/micro_ros_msgs/share/micro_ros_msgs/environment/library_path.dsv
[4.710s] -- Up-to-date: /home/chiva/uros_ws/install/micro_ros_msgs/lib/libmicro_ros_msgs__rosidl_generator_c.so
[4.710s] -- Up-to-date: /home/chiva/uros_ws/install/micro_ros_msgs/include/micro_ros_msgs/micro_ros_msgs
[4.710s] -- Up-to-date: /home/chiva/uros_ws/install/micro_ros_msgs/include/micro_ros_msgs/micro_ros_msgs/msg
[4.711s] -- Up-to-date: /home/chiva/uros_ws/install/micro_ros_msgs/include/micro_ros_msgs/micro_ros_msgs/msg/rosidl_typesupport_fastrtps_c__visibility_control.h
[4.711s] -- Up-to-date: /home/chiva/uros_ws/install/micro_ros_msgs/include/micro_ros_msgs/micro_ros_msgs/msg/detail
[4.712s] -- Up-to-date: /home/chiva/uros_ws/install/micro_ros_msgs/include/micro_ros_msgs/micro_ros_msgs/msg/detail/node__rosidl_typesupport_fastrtps_c.h
[4.712s] -- Up-to-date: /home/chiva/uros_ws/install/micro_ros_msgs/include/micro_ros_msgs/micro_ros_msgs/msg/detail/entity__rosidl_typesupport_fastrtps_c.h
[4.712s] -- Up-to-date: /home/chiva/uros_ws/install/micro_ros_msgs/include/micro_ros_msgs/micro_ros_msgs/msg/detail/graph__rosidl_typesupport_fastrtps_c.h
[4.713s] -- Up-to-date: /home/chiva/uros_ws/install/micro_ros_msgs/lib/libmicro_ros_msgs__rosidl_typesupport_fastrtps_c.so
[4.713s] -- Up-to-date: /home/chiva/uros_ws/install/micro_ros_msgs/include/micro_ros_msgs/micro_ros_msgs
[4.713s] -- Up-to-date: /home/chiva/uros_ws/install/micro_ros_msgs/include/micro_ros_msgs/micro_ros_msgs/msg
[4.714s] -- Up-to-date: /home/chiva/uros_ws/install/micro_ros_msgs/include/micro_ros_msgs/micro_ros_msgs/msg/detail
[4.714s] -- Up-to-date: /home/chiva/uros_ws/install/micro_ros_msgs/include/micro_ros_msgs/micro_ros_msgs/msg/detail/graph__rosidl_typesupport_introspection_c.h
[4.715s] -- Installing: /home/chiva/uros_ws/install/micro_ros_msgs/include/micro_ros_msgs/micro_ros_msgs/msg/detail/entity__type_support.c
[4.715s] -- Up-to-date: /home/chiva/uros_ws/install/micro_ros_msgs/include/micro_ros_msgs/micro_ros_msgs/msg/detail/node__rosidl_typesupport_introspection_c.h
[4.716s] -- Up-to-date: /home/chiva/uros_ws/install/micro_ros_msgs/include/micro_ros_msgs/micro_ros_msgs/msg/detail/entity__rosidl_typesupport_introspection_c.h
[4.716s] -- Installing: /home/chiva/uros_ws/install/micro_ros_msgs/include/micro_ros_msgs/micro_ros_msgs/msg/detail/node__type_support.c
[4.717s] -- Installing: /home/chiva/uros_ws/install/micro_ros_msgs/include/micro_ros_msgs/micro_ros_msgs/msg/detail/graph__type_support.c
[4.717s] -- Up-to-date: /home/chiva/uros_ws/install/micro_ros_msgs/include/micro_ros_msgs/micro_ros_msgs/msg/rosidl_typesupport_introspection_c__visibility_control.h
[4.717s] -- Up-to-date: /home/chiva/uros_ws/install/micro_ros_msgs/lib/libmicro_ros_msgs__rosidl_typesupport_introspection_c.so
[4.718s] -- Up-to-date: /home/chiva/uros_ws/install/micro_ros_msgs/lib/libmicro_ros_msgs__rosidl_typesupport_c.so
[4.718s] -- Up-to-date: /home/chiva/uros_ws/install/micro_ros_msgs/include/micro_ros_msgs/micro_ros_msgs
[4.718s] -- Up-to-date: /home/chiva/uros_ws/install/micro_ros_msgs/include/micro_ros_msgs/micro_ros_msgs/msg
[4.719s] -- Up-to-date: /home/chiva/uros_ws/install/micro_ros_msgs/include/micro_ros_msgs/micro_ros_msgs/msg/rosidl_generator_cpp__visibility_control.hpp
[4.719s] -- Up-to-date: /home/chiva/uros_ws/install/micro_ros_msgs/include/micro_ros_msgs/micro_ros_msgs/msg/entity.hpp
[4.719s] -- Up-to-date: /home/chiva/uros_ws/install/micro_ros_msgs/include/micro_ros_msgs/micro_ros_msgs/msg/graph.hpp
[4.720s] -- Up-to-date: /home/chiva/uros_ws/install/micro_ros_msgs/include/micro_ros_msgs/micro_ros_msgs/msg/detail
[4.720s] -- Up-to-date: /home/chiva/uros_ws/install/micro_ros_msgs/include/micro_ros_msgs/micro_ros_msgs/msg/detail/graph__traits.hpp
[4.721s] -- Up-to-date: /home/chiva/uros_ws/install/micro_ros_msgs/include/micro_ros_msgs/micro_ros_msgs/msg/detail/graph__type_support.hpp
[4.721s] -- Up-to-date: /home/chiva/uros_ws/install/micro_ros_msgs/include/micro_ros_msgs/micro_ros_msgs/msg/detail/graph__struct.hpp
[4.722s] -- Up-to-date: /home/chiva/uros_ws/install/micro_ros_msgs/include/micro_ros_msgs/micro_ros_msgs/msg/detail/entity__builder.hpp
[4.722s] -- Up-to-date: /home/chiva/uros_ws/install/micro_ros_msgs/include/micro_ros_msgs/micro_ros_msgs/msg/detail/entity__struct.hpp
[4.722s] -- Up-to-date: /home/chiva/uros_ws/install/micro_ros_msgs/include/micro_ros_msgs/micro_ros_msgs/msg/detail/graph__builder.hpp
[4.723s] -- Up-to-date: /home/chiva/uros_ws/install/micro_ros_msgs/include/micro_ros_msgs/micro_ros_msgs/msg/detail/entity__traits.hpp
[4.723s] -- Up-to-date: /home/chiva/uros_ws/install/micro_ros_msgs/include/micro_ros_msgs/micro_ros_msgs/msg/detail/node__struct.hpp
[4.723s] -- Up-to-date: /home/chiva/uros_ws/install/micro_ros_msgs/include/micro_ros_msgs/micro_ros_msgs/msg/detail/node__type_support.hpp
[4.723s] -- Up-to-date: /home/chiva/uros_ws/install/micro_ros_msgs/include/micro_ros_msgs/micro_ros_msgs/msg/detail/node__traits.hpp
[4.724s] -- Up-to-date: /home/chiva/uros_ws/install/micro_ros_msgs/include/micro_ros_msgs/micro_ros_msgs/msg/detail/node__builder.hpp
[4.724s] -- Up-to-date: /home/chiva/uros_ws/install/micro_ros_msgs/include/micro_ros_msgs/micro_ros_msgs/msg/detail/entity__type_support.hpp
[4.724s] -- Up-to-date: /home/chiva/uros_ws/install/micro_ros_msgs/include/micro_ros_msgs/micro_ros_msgs/msg/node.hpp
[4.725s] -- Up-to-date: /home/chiva/uros_ws/install/micro_ros_msgs/include/micro_ros_msgs/micro_ros_msgs
[4.725s] -- Up-to-date: /home/chiva/uros_ws/install/micro_ros_msgs/include/micro_ros_msgs/micro_ros_msgs/msg
[4.725s] -- Up-to-date: /home/chiva/uros_ws/install/micro_ros_msgs/include/micro_ros_msgs/micro_ros_msgs/msg/detail
[4.726s] -- Up-to-date: /home/chiva/uros_ws/install/micro_ros_msgs/include/micro_ros_msgs/micro_ros_msgs/msg/detail/node__rosidl_typesupport_fastrtps_cpp.hpp
[4.726s] -- Up-to-date: /home/chiva/uros_ws/install/micro_ros_msgs/include/micro_ros_msgs/micro_ros_msgs/msg/detail/entity__rosidl_typesupport_fastrtps_cpp.hpp
[4.726s] -- Up-to-date: /home/chiva/uros_ws/install/micro_ros_msgs/include/micro_ros_msgs/micro_ros_msgs/msg/detail/dds_fastrtps
[4.727s] -- Up-to-date: /home/chiva/uros_ws/install/micro_ros_msgs/include/micro_ros_msgs/micro_ros_msgs/msg/detail/graph__rosidl_typesupport_fastrtps_cpp.hpp
[4.727s] -- Up-to-date: /home/chiva/uros_ws/install/micro_ros_msgs/include/micro_ros_msgs/micro_ros_msgs/msg/rosidl_typesupport_fastrtps_cpp__visibility_control.h
[4.727s] -- Up-to-date: /home/chiva/uros_ws/install/micro_ros_msgs/lib/libmicro_ros_msgs__rosidl_typesupport_fastrtps_cpp.so
[4.727s] -- Up-to-date: /home/chiva/uros_ws/install/micro_ros_msgs/include/micro_ros_msgs/micro_ros_msgs
[4.728s] -- Up-to-date: /home/chiva/uros_ws/install/micro_ros_msgs/include/micro_ros_msgs/micro_ros_msgs/msg
[4.728s] -- Up-to-date: /home/chiva/uros_ws/install/micro_ros_msgs/include/micro_ros_msgs/micro_ros_msgs/msg/detail
[4.728s] -- Up-to-date: /home/chiva/uros_ws/install/micro_ros_msgs/include/micro_ros_msgs/micro_ros_msgs/msg/detail/node__rosidl_typesupport_introspection_cpp.hpp
[4.729s] -- Up-to-date: /home/chiva/uros_ws/install/micro_ros_msgs/include/micro_ros_msgs/micro_ros_msgs/msg/detail/graph__rosidl_typesupport_introspection_cpp.hpp
[4.729s] -- Up-to-date: /home/chiva/uros_ws/install/micro_ros_msgs/include/micro_ros_msgs/micro_ros_msgs/msg/detail/entity__rosidl_typesupport_introspection_cpp.hpp
[4.729s] -- Up-to-date: /home/chiva/uros_ws/install/micro_ros_msgs/include/micro_ros_msgs/micro_ros_msgs/msg/detail/node__type_support.cpp
[4.729s] -- Up-to-date: /home/chiva/uros_ws/install/micro_ros_msgs/include/micro_ros_msgs/micro_ros_msgs/msg/detail/entity__type_support.cpp
[4.730s] -- Up-to-date: /home/chiva/uros_ws/install/micro_ros_msgs/include/micro_ros_msgs/micro_ros_msgs/msg/detail/graph__type_support.cpp
[4.730s] -- Up-to-date: /home/chiva/uros_ws/install/micro_ros_msgs/lib/libmicro_ros_msgs__rosidl_typesupport_introspection_cpp.so
[4.731s] -- Up-to-date: /home/chiva/uros_ws/install/micro_ros_msgs/lib/libmicro_ros_msgs__rosidl_typesupport_cpp.so
[4.731s] -- Up-to-date: /home/chiva/uros_ws/install/micro_ros_msgs/share/micro_ros_msgs/environment/pythonpath.sh
[4.731s] -- Up-to-date: /home/chiva/uros_ws/install/micro_ros_msgs/share/micro_ros_msgs/environment/pythonpath.dsv
[4.732s] -- Up-to-date: /home/chiva/uros_ws/install/micro_ros_msgs/lib/python3.12/site-packages/micro_ros_msgs-5.0.2-py3.12.egg-info
[4.732s] -- Installing: /home/chiva/uros_ws/install/micro_ros_msgs/lib/python3.12/site-packages/micro_ros_msgs-5.0.2-py3.12.egg-info/SOURCES.txt
[4.732s] -- Installing: /home/chiva/uros_ws/install/micro_ros_msgs/lib/python3.12/site-packages/micro_ros_msgs-5.0.2-py3.12.egg-info/top_level.txt
[4.733s] -- Installing: /home/chiva/uros_ws/install/micro_ros_msgs/lib/python3.12/site-packages/micro_ros_msgs-5.0.2-py3.12.egg-info/PKG-INFO
[4.733s] -- Installing: /home/chiva/uros_ws/install/micro_ros_msgs/lib/python3.12/site-packages/micro_ros_msgs-5.0.2-py3.12.egg-info/dependency_links.txt
[4.733s] -- Up-to-date: /home/chiva/uros_ws/install/micro_ros_msgs/lib/python3.12/site-packages/micro_ros_msgs
[4.734s] -- Up-to-date: /home/chiva/uros_ws/install/micro_ros_msgs/lib/python3.12/site-packages/micro_ros_msgs/micro_ros_msgs_s__rosidl_typesupport_fastrtps_c.so
[4.734s] -- Up-to-date: /home/chiva/uros_ws/install/micro_ros_msgs/lib/python3.12/site-packages/micro_ros_msgs/_micro_ros_msgs_s.ep.rosidl_typesupport_fastrtps_c.c
[4.734s] -- Up-to-date: /home/chiva/uros_ws/install/micro_ros_msgs/lib/python3.12/site-packages/micro_ros_msgs/micro_ros_msgs_s__rosidl_typesupport_introspection_c.so
[4.735s] -- Up-to-date: /home/chiva/uros_ws/install/micro_ros_msgs/lib/python3.12/site-packages/micro_ros_msgs/msg
[4.735s] -- Up-to-date: /home/chiva/uros_ws/install/micro_ros_msgs/lib/python3.12/site-packages/micro_ros_msgs/msg/_entity.py
[4.735s] -- Up-to-date: /home/chiva/uros_ws/install/micro_ros_msgs/lib/python3.12/site-packages/micro_ros_msgs/msg/_node.py
[4.735s] -- Up-to-date: /home/chiva/uros_ws/install/micro_ros_msgs/lib/python3.12/site-packages/micro_ros_msgs/msg/__init__.py
[4.736s] -- Up-to-date: /home/chiva/uros_ws/install/micro_ros_msgs/lib/python3.12/site-packages/micro_ros_msgs/msg/_entity_s.c
[4.736s] -- Up-to-date: /home/chiva/uros_ws/install/micro_ros_msgs/lib/python3.12/site-packages/micro_ros_msgs/msg/_node_s.c
[4.736s] -- Up-to-date: /home/chiva/uros_ws/install/micro_ros_msgs/lib/python3.12/site-packages/micro_ros_msgs/msg/_graph_s.c
[4.737s] -- Up-to-date: /home/chiva/uros_ws/install/micro_ros_msgs/lib/python3.12/site-packages/micro_ros_msgs/msg/_graph.py
[4.737s] -- Installing: /home/chiva/uros_ws/install/micro_ros_msgs/lib/python3.12/site-packages/micro_ros_msgs/__init__.py
[4.737s] -- Up-to-date: /home/chiva/uros_ws/install/micro_ros_msgs/lib/python3.12/site-packages/micro_ros_msgs/_micro_ros_msgs_s.ep.rosidl_typesupport_c.c
[4.738s] -- Up-to-date: /home/chiva/uros_ws/install/micro_ros_msgs/lib/python3.12/site-packages/micro_ros_msgs/micro_ros_msgs_s__rosidl_typesupport_c.so
[4.738s] -- Up-to-date: /home/chiva/uros_ws/install/micro_ros_msgs/lib/python3.12/site-packages/micro_ros_msgs/_micro_ros_msgs_s.ep.rosidl_typesupport_introspection_c.c
[4.812s] Listing '/home/chiva/uros_ws/install/micro_ros_msgs/lib/python3.12/site-packages/micro_ros_msgs'...
[4.812s] Compiling '/home/chiva/uros_ws/install/micro_ros_msgs/lib/python3.12/site-packages/micro_ros_msgs/__init__.py'...
[4.812s] Listing '/home/chiva/uros_ws/install/micro_ros_msgs/lib/python3.12/site-packages/micro_ros_msgs/msg'...
[4.826s] -- Up-to-date: /home/chiva/uros_ws/install/micro_ros_msgs/lib/python3.12/site-packages/micro_ros_msgs/micro_ros_msgs_s__rosidl_typesupport_fastrtps_c.so
[4.827s] -- Up-to-date: /home/chiva/uros_ws/install/micro_ros_msgs/lib/python3.12/site-packages/micro_ros_msgs/micro_ros_msgs_s__rosidl_typesupport_introspection_c.so
[4.829s] -- Up-to-date: /home/chiva/uros_ws/install/micro_ros_msgs/lib/python3.12/site-packages/micro_ros_msgs/micro_ros_msgs_s__rosidl_typesupport_c.so
[4.830s] -- Up-to-date: /home/chiva/uros_ws/install/micro_ros_msgs/lib/libmicro_ros_msgs__rosidl_generator_py.so
[4.831s] -- Up-to-date: /home/chiva/uros_ws/install/micro_ros_msgs/share/micro_ros_msgs/msg/Graph.idl
[4.832s] -- Up-to-date: /home/chiva/uros_ws/install/micro_ros_msgs/share/micro_ros_msgs/msg/Node.idl
[4.832s] -- Up-to-date: /home/chiva/uros_ws/install/micro_ros_msgs/share/micro_ros_msgs/msg/Entity.idl
[4.832s] -- Up-to-date: /home/chiva/uros_ws/install/micro_ros_msgs/share/micro_ros_msgs/msg/Graph.msg
[4.833s] -- Up-to-date: /home/chiva/uros_ws/install/micro_ros_msgs/share/micro_ros_msgs/msg/Node.msg
[4.833s] -- Up-to-date: /home/chiva/uros_ws/install/micro_ros_msgs/share/micro_ros_msgs/msg/Entity.msg
[4.833s] -- Up-to-date: /home/chiva/uros_ws/install/micro_ros_msgs/share/ament_index/resource_index/package_run_dependencies/micro_ros_msgs
[4.834s] -- Installing: /home/chiva/uros_ws/install/micro_ros_msgs/share/ament_index/resource_index/parent_prefix_path/micro_ros_msgs
[4.834s] -- Installing: /home/chiva/uros_ws/install/micro_ros_msgs/share/micro_ros_msgs/environment/ament_prefix_path.sh
[4.834s] -- Up-to-date: /home/chiva/uros_ws/install/micro_ros_msgs/share/micro_ros_msgs/environment/ament_prefix_path.dsv
[4.834s] -- Installing: /home/chiva/uros_ws/install/micro_ros_msgs/share/micro_ros_msgs/environment/path.sh
[4.835s] -- Up-to-date: /home/chiva/uros_ws/install/micro_ros_msgs/share/micro_ros_msgs/environment/path.dsv
[4.835s] -- Up-to-date: /home/chiva/uros_ws/install/micro_ros_msgs/share/micro_ros_msgs/local_setup.bash
[4.836s] -- Up-to-date: /home/chiva/uros_ws/install/micro_ros_msgs/share/micro_ros_msgs/local_setup.sh
[4.836s] -- Up-to-date: /home/chiva/uros_ws/install/micro_ros_msgs/share/micro_ros_msgs/local_setup.zsh
[4.836s] -- Up-to-date: /home/chiva/uros_ws/install/micro_ros_msgs/share/micro_ros_msgs/local_setup.dsv
[4.837s] -- Installing: /home/chiva/uros_ws/install/micro_ros_msgs/share/micro_ros_msgs/package.dsv
[4.837s] -- Up-to-date: /home/chiva/uros_ws/install/micro_ros_msgs/share/ament_index/resource_index/packages/micro_ros_msgs
[4.837s] -- Up-to-date: /home/chiva/uros_ws/install/micro_ros_msgs/share/micro_ros_msgs/cmake/export_micro_ros_msgs__rosidl_generator_cExport.cmake
[4.838s] -- Up-to-date: /home/chiva/uros_ws/install/micro_ros_msgs/share/micro_ros_msgs/cmake/export_micro_ros_msgs__rosidl_generator_cExport-noconfig.cmake
[4.838s] -- Up-to-date: /home/chiva/uros_ws/install/micro_ros_msgs/share/micro_ros_msgs/cmake/export_micro_ros_msgs__rosidl_typesupport_fastrtps_cExport.cmake
[4.838s] -- Up-to-date: /home/chiva/uros_ws/install/micro_ros_msgs/share/micro_ros_msgs/cmake/export_micro_ros_msgs__rosidl_typesupport_fastrtps_cExport-noconfig.cmake
[4.838s] -- Up-to-date: /home/chiva/uros_ws/install/micro_ros_msgs/share/micro_ros_msgs/cmake/micro_ros_msgs__rosidl_typesupport_introspection_cExport.cmake
[4.839s] -- Up-to-date: /home/chiva/uros_ws/install/micro_ros_msgs/share/micro_ros_msgs/cmake/micro_ros_msgs__rosidl_typesupport_introspection_cExport-noconfig.cmake
[4.839s] -- Up-to-date: /home/chiva/uros_ws/install/micro_ros_msgs/share/micro_ros_msgs/cmake/micro_ros_msgs__rosidl_typesupport_cExport.cmake
[4.839s] -- Up-to-date: /home/chiva/uros_ws/install/micro_ros_msgs/share/micro_ros_msgs/cmake/micro_ros_msgs__rosidl_typesupport_cExport-noconfig.cmake
[4.840s] -- Up-to-date: /home/chiva/uros_ws/install/micro_ros_msgs/share/micro_ros_msgs/cmake/export_micro_ros_msgs__rosidl_generator_cppExport.cmake
[4.840s] -- Up-to-date: /home/chiva/uros_ws/install/micro_ros_msgs/share/micro_ros_msgs/cmake/export_micro_ros_msgs__rosidl_typesupport_fastrtps_cppExport.cmake
[4.840s] -- Up-to-date: /home/chiva/uros_ws/install/micro_ros_msgs/share/micro_ros_msgs/cmake/export_micro_ros_msgs__rosidl_typesupport_fastrtps_cppExport-noconfig.cmake
[4.841s] -- Up-to-date: /home/chiva/uros_ws/install/micro_ros_msgs/share/micro_ros_msgs/cmake/micro_ros_msgs__rosidl_typesupport_introspection_cppExport.cmake
[4.841s] -- Up-to-date: /home/chiva/uros_ws/install/micro_ros_msgs/share/micro_ros_msgs/cmake/micro_ros_msgs__rosidl_typesupport_introspection_cppExport-noconfig.cmake
[4.841s] -- Up-to-date: /home/chiva/uros_ws/install/micro_ros_msgs/share/micro_ros_msgs/cmake/micro_ros_msgs__rosidl_typesupport_cppExport.cmake
[4.842s] -- Up-to-date: /home/chiva/uros_ws/install/micro_ros_msgs/share/micro_ros_msgs/cmake/micro_ros_msgs__rosidl_typesupport_cppExport-noconfig.cmake
[4.842s] -- Up-to-date: /home/chiva/uros_ws/install/micro_ros_msgs/share/micro_ros_msgs/cmake/export_micro_ros_msgs__rosidl_generator_pyExport.cmake
[4.842s] -- Up-to-date: /home/chiva/uros_ws/install/micro_ros_msgs/share/micro_ros_msgs/cmake/export_micro_ros_msgs__rosidl_generator_pyExport-noconfig.cmake
[4.843s] -- Up-to-date: /home/chiva/uros_ws/install/micro_ros_msgs/share/micro_ros_msgs/cmake/rosidl_cmake-extras.cmake
[4.843s] -- Up-to-date: /home/chiva/uros_ws/install/micro_ros_msgs/share/micro_ros_msgs/cmake/ament_cmake_export_include_directories-extras.cmake
[4.843s] -- Up-to-date: /home/chiva/uros_ws/install/micro_ros_msgs/share/micro_ros_msgs/cmake/ament_cmake_export_libraries-extras.cmake
[4.844s] -- Up-to-date: /home/chiva/uros_ws/install/micro_ros_msgs/share/micro_ros_msgs/cmake/ament_cmake_export_targets-extras.cmake
[4.844s] -- Up-to-date: /home/chiva/uros_ws/install/micro_ros_msgs/share/micro_ros_msgs/cmake/rosidl_cmake_export_typesupport_targets-extras.cmake
[4.844s] -- Up-to-date: /home/chiva/uros_ws/install/micro_ros_msgs/share/micro_ros_msgs/cmake/ament_cmake_export_dependencies-extras.cmake
[4.844s] -- Up-to-date: /home/chiva/uros_ws/install/micro_ros_msgs/share/micro_ros_msgs/cmake/rosidl_cmake_export_typesupport_libraries-extras.cmake
[4.844s] -- Up-to-date: /home/chiva/uros_ws/install/micro_ros_msgs/share/micro_ros_msgs/cmake/micro_ros_msgsConfig.cmake
[4.844s] -- Up-to-date: /home/chiva/uros_ws/install/micro_ros_msgs/share/micro_ros_msgs/cmake/micro_ros_msgsConfig-version.cmake
[4.845s] -- Up-to-date: /home/chiva/uros_ws/install/micro_ros_msgs/share/micro_ros_msgs/package.xml
[4.849s] Invoked command in '/home/chiva/uros_ws/build/micro_ros_msgs' returned '0': CMAKE_PREFIX_PATH=${CMAKE_PREFIX_PATH}:/opt/ros/jazzy DEBUGINFOD_URLS=https://debuginfod.ubuntu.com /usr/bin/cmake --install /home/chiva/uros_ws/build/micro_ros_msgs
