[0.347s] DEBUG:colcon:Command line arguments: ['/usr/bin/colcon', 'build']
[0.347s] DEBUG:colcon:Parsed command line arguments: Namespace(log_base=None, log_level=None, verb_name='build', build_base='build', install_base='install', merge_install=False, symlink_install=False, test_result_base=None, continue_on_error=False, executor='parallel', parallel_workers=4, event_handlers=None, ignore_user_meta=False, metas=['./colcon.meta'], base_paths=['.'], packages_ignore=None, packages_ignore_regex=None, paths=None, packages_up_to=None, packages_up_to_regex=None, packages_above=None, packages_above_and_dependencies=None, packages_above_depth=None, packages_select_by_dep=None, packages_skip_by_dep=None, packages_skip_up_to=None, packages_select_build_failed=False, packages_skip_build_finished=False, packages_select_test_failures=False, packages_skip_test_passed=False, packages_select=None, packages_skip=None, packages_select_regex=None, packages_skip_regex=None, packages_start=None, packages_end=None, allow_overriding=[], cmake_args=None, cmake_target=None, cmake_target_skip_unavailable=False, cmake_clean_cache=False, cmake_clean_first=False, cmake_force_configure=False, ament_cmake_args=None, catkin_cmake_args=None, catkin_skip_building_tests=False, mixin_files=None, mixin=None, verb_parser=<colcon_mixin.mixin.mixin_argument.MixinArgumentDecorator object at 0x7ace6ad34200>, verb_extension=<colcon_core.verb.build.BuildVerb object at 0x7ace6ad0fa40>, main=<bound method BuildVerb.main of <colcon_core.verb.build.BuildVerb object at 0x7ace6ad0fa40>>, mixin_verb=('build',))
[0.458s] Level 1:colcon.colcon_core.package_discovery:discover_packages(colcon_meta) check parameters
[0.458s] Level 1:colcon.colcon_core.package_discovery:discover_packages(recursive) check parameters
[0.458s] Level 1:colcon.colcon_core.package_discovery:discover_packages(ignore) check parameters
[0.458s] Level 1:colcon.colcon_core.package_discovery:discover_packages(path) check parameters
[0.458s] Level 1:colcon.colcon_core.package_discovery:discover_packages(colcon_meta) discover
[0.458s] Level 1:colcon.colcon_core.package_discovery:discover_packages(recursive) discover
[0.459s] INFO:colcon.colcon_core.package_discovery:Crawling recursively for packages in '/home/chiva/uros_ws'
[0.459s] Level 1:colcon.colcon_core.package_identification:_identify(.) by extensions ['ignore', 'ignore_ament_install']
[0.459s] Level 1:colcon.colcon_core.package_identification:_identify(.) by extension 'ignore'
[0.459s] Level 1:colcon.colcon_core.package_identification:_identify(.) by extension 'ignore_ament_install'
[0.459s] Level 1:colcon.colcon_core.package_identification:_identify(.) by extensions ['colcon_pkg']
[0.459s] Level 1:colcon.colcon_core.package_identification:_identify(.) by extension 'colcon_pkg'
[0.459s] Level 1:colcon.colcon_core.package_identification:_identify(.) by extensions ['colcon_meta']
[0.459s] Level 1:colcon.colcon_core.package_identification:_identify(.) by extension 'colcon_meta'
[0.459s] Level 1:colcon.colcon_core.package_identification:_identify(.) by extensions ['ros']
[0.460s] Level 1:colcon.colcon_core.package_identification:_identify(.) by extension 'ros'
[0.532s] Level 1:colcon.colcon_core.package_identification:_identify(.) by extensions ['cmake', 'python']
[0.532s] Level 1:colcon.colcon_core.package_identification:_identify(.) by extension 'cmake'
[0.532s] Level 1:colcon.colcon_core.package_identification:_identify(.) by extension 'python'
[0.532s] Level 1:colcon.colcon_core.package_identification:_identify(.) by extensions ['python_setup_py']
[0.532s] Level 1:colcon.colcon_core.package_identification:_identify(.) by extension 'python_setup_py'
[0.532s] Level 1:colcon.colcon_core.package_identification:_identify(build) by extensions ['ignore', 'ignore_ament_install']
[0.533s] Level 1:colcon.colcon_core.package_identification:_identify(build) by extension 'ignore'
[0.533s] Level 1:colcon.colcon_core.package_identification:_identify(build) ignored
[0.533s] Level 1:colcon.colcon_core.package_identification:_identify(install) by extensions ['ignore', 'ignore_ament_install']
[0.534s] Level 1:colcon.colcon_core.package_identification:_identify(install) by extension 'ignore'
[0.534s] Level 1:colcon.colcon_core.package_identification:_identify(install) ignored
[0.534s] Level 1:colcon.colcon_core.package_identification:_identify(log) by extensions ['ignore', 'ignore_ament_install']
[0.535s] Level 1:colcon.colcon_core.package_identification:_identify(log) by extension 'ignore'
[0.535s] Level 1:colcon.colcon_core.package_identification:_identify(log) ignored
[0.552s] Level 1:colcon.colcon_core.package_identification:_identify(src) by extensions ['ignore', 'ignore_ament_install']
[0.552s] Level 1:colcon.colcon_core.package_identification:_identify(src) by extension 'ignore'
[0.552s] Level 1:colcon.colcon_core.package_identification:_identify(src) by extension 'ignore_ament_install'
[0.552s] Level 1:colcon.colcon_core.package_identification:_identify(src) by extensions ['colcon_pkg']
[0.552s] Level 1:colcon.colcon_core.package_identification:_identify(src) by extension 'colcon_pkg'
[0.553s] Level 1:colcon.colcon_core.package_identification:_identify(src) by extensions ['colcon_meta']
[0.553s] Level 1:colcon.colcon_core.package_identification:_identify(src) by extension 'colcon_meta'
[0.553s] Level 1:colcon.colcon_core.package_identification:_identify(src) by extensions ['ros']
[0.553s] Level 1:colcon.colcon_core.package_identification:_identify(src) by extension 'ros'
[0.553s] Level 1:colcon.colcon_core.package_identification:_identify(src) by extensions ['cmake', 'python']
[0.553s] Level 1:colcon.colcon_core.package_identification:_identify(src) by extension 'cmake'
[0.553s] Level 1:colcon.colcon_core.package_identification:_identify(src) by extension 'python'
[0.553s] Level 1:colcon.colcon_core.package_identification:_identify(src) by extensions ['python_setup_py']
[0.553s] Level 1:colcon.colcon_core.package_identification:_identify(src) by extension 'python_setup_py'
[0.554s] Level 1:colcon.colcon_core.package_identification:_identify(src/micro_ros_setup) by extensions ['ignore', 'ignore_ament_install']
[0.554s] Level 1:colcon.colcon_core.package_identification:_identify(src/micro_ros_setup) by extension 'ignore'
[0.554s] Level 1:colcon.colcon_core.package_identification:_identify(src/micro_ros_setup) by extension 'ignore_ament_install'
[0.554s] Level 1:colcon.colcon_core.package_identification:_identify(src/micro_ros_setup) by extensions ['colcon_pkg']
[0.554s] Level 1:colcon.colcon_core.package_identification:_identify(src/micro_ros_setup) by extension 'colcon_pkg'
[0.554s] Level 1:colcon.colcon_core.package_identification:_identify(src/micro_ros_setup) by extensions ['colcon_meta']
[0.555s] Level 1:colcon.colcon_core.package_identification:_identify(src/micro_ros_setup) by extension 'colcon_meta'
[0.555s] Level 1:colcon.colcon_core.package_identification:_identify(src/micro_ros_setup) by extensions ['ros']
[0.555s] Level 1:colcon.colcon_core.package_identification:_identify(src/micro_ros_setup) by extension 'ros'
[0.562s] DEBUG:colcon.colcon_core.package_identification:Package 'src/micro_ros_setup' with type 'ros.ament_cmake' and name 'micro_ros_setup'
[0.562s] Level 1:colcon.colcon_core.package_identification:_identify(src/uros) by extensions ['ignore', 'ignore_ament_install']
[0.562s] Level 1:colcon.colcon_core.package_identification:_identify(src/uros) by extension 'ignore'
[0.562s] Level 1:colcon.colcon_core.package_identification:_identify(src/uros) by extension 'ignore_ament_install'
[0.563s] Level 1:colcon.colcon_core.package_identification:_identify(src/uros) by extensions ['colcon_pkg']
[0.563s] Level 1:colcon.colcon_core.package_identification:_identify(src/uros) by extension 'colcon_pkg'
[0.563s] Level 1:colcon.colcon_core.package_identification:_identify(src/uros) by extensions ['colcon_meta']
[0.563s] Level 1:colcon.colcon_core.package_identification:_identify(src/uros) by extension 'colcon_meta'
[0.564s] Level 1:colcon.colcon_core.package_identification:_identify(src/uros) by extensions ['ros']
[0.564s] Level 1:colcon.colcon_core.package_identification:_identify(src/uros) by extension 'ros'
[0.564s] Level 1:colcon.colcon_core.package_identification:_identify(src/uros) by extensions ['cmake', 'python']
[0.564s] Level 1:colcon.colcon_core.package_identification:_identify(src/uros) by extension 'cmake'
[0.564s] Level 1:colcon.colcon_core.package_identification:_identify(src/uros) by extension 'python'
[0.564s] Level 1:colcon.colcon_core.package_identification:_identify(src/uros) by extensions ['python_setup_py']
[0.564s] Level 1:colcon.colcon_core.package_identification:_identify(src/uros) by extension 'python_setup_py'
[0.565s] Level 1:colcon.colcon_core.package_identification:_identify(src/uros/drive_base) by extensions ['ignore', 'ignore_ament_install']
[0.565s] Level 1:colcon.colcon_core.package_identification:_identify(src/uros/drive_base) by extension 'ignore'
[0.565s] Level 1:colcon.colcon_core.package_identification:_identify(src/uros/drive_base) by extension 'ignore_ament_install'
[0.565s] Level 1:colcon.colcon_core.package_identification:_identify(src/uros/drive_base) by extensions ['colcon_pkg']
[0.565s] Level 1:colcon.colcon_core.package_identification:_identify(src/uros/drive_base) by extension 'colcon_pkg'
[0.565s] Level 1:colcon.colcon_core.package_identification:_identify(src/uros/drive_base) by extensions ['colcon_meta']
[0.565s] Level 1:colcon.colcon_core.package_identification:_identify(src/uros/drive_base) by extension 'colcon_meta'
[0.566s] Level 1:colcon.colcon_core.package_identification:_identify(src/uros/drive_base) by extensions ['ros']
[0.566s] Level 1:colcon.colcon_core.package_identification:_identify(src/uros/drive_base) by extension 'ros'
[0.566s] Level 1:colcon.colcon_core.package_identification:_identify(src/uros/drive_base) by extensions ['cmake', 'python']
[0.566s] Level 1:colcon.colcon_core.package_identification:_identify(src/uros/drive_base) by extension 'cmake'
[0.566s] Level 1:colcon.colcon_core.package_identification:_identify(src/uros/drive_base) by extension 'python'
[0.566s] Level 1:colcon.colcon_core.package_identification:_identify(src/uros/drive_base) by extensions ['python_setup_py']
[0.566s] Level 1:colcon.colcon_core.package_identification:_identify(src/uros/drive_base) by extension 'python_setup_py'
[0.567s] Level 1:colcon.colcon_core.package_identification:_identify(src/uros/drive_base/drive_base_msgs) by extensions ['ignore', 'ignore_ament_install']
[0.567s] Level 1:colcon.colcon_core.package_identification:_identify(src/uros/drive_base/drive_base_msgs) by extension 'ignore'
[0.568s] Level 1:colcon.colcon_core.package_identification:_identify(src/uros/drive_base/drive_base_msgs) by extension 'ignore_ament_install'
[0.568s] Level 1:colcon.colcon_core.package_identification:_identify(src/uros/drive_base/drive_base_msgs) by extensions ['colcon_pkg']
[0.568s] Level 1:colcon.colcon_core.package_identification:_identify(src/uros/drive_base/drive_base_msgs) by extension 'colcon_pkg'
[0.568s] Level 1:colcon.colcon_core.package_identification:_identify(src/uros/drive_base/drive_base_msgs) by extensions ['colcon_meta']
[0.568s] Level 1:colcon.colcon_core.package_identification:_identify(src/uros/drive_base/drive_base_msgs) by extension 'colcon_meta'
[0.568s] Level 1:colcon.colcon_core.package_identification:_identify(src/uros/drive_base/drive_base_msgs) by extensions ['ros']
[0.568s] Level 1:colcon.colcon_core.package_identification:_identify(src/uros/drive_base/drive_base_msgs) by extension 'ros'
[0.571s] DEBUG:colcon.colcon_core.package_identification:Package 'src/uros/drive_base/drive_base_msgs' with type 'ros.ament_cmake' and name 'drive_base_msgs'
[0.573s] Level 1:colcon.colcon_core.package_identification:_identify(src/uros/micro-ROS-Agent) by extensions ['ignore', 'ignore_ament_install']
[0.573s] Level 1:colcon.colcon_core.package_identification:_identify(src/uros/micro-ROS-Agent) by extension 'ignore'
[0.573s] Level 1:colcon.colcon_core.package_identification:_identify(src/uros/micro-ROS-Agent) by extension 'ignore_ament_install'
[0.573s] Level 1:colcon.colcon_core.package_identification:_identify(src/uros/micro-ROS-Agent) by extensions ['colcon_pkg']
[0.573s] Level 1:colcon.colcon_core.package_identification:_identify(src/uros/micro-ROS-Agent) by extension 'colcon_pkg'
[0.573s] Level 1:colcon.colcon_core.package_identification:_identify(src/uros/micro-ROS-Agent) by extensions ['colcon_meta']
[0.573s] Level 1:colcon.colcon_core.package_identification:_identify(src/uros/micro-ROS-Agent) by extension 'colcon_meta'
[0.573s] Level 1:colcon.colcon_core.package_identification:_identify(src/uros/micro-ROS-Agent) by extensions ['ros']
[0.574s] Level 1:colcon.colcon_core.package_identification:_identify(src/uros/micro-ROS-Agent) by extension 'ros'
[0.574s] Level 1:colcon.colcon_core.package_identification:_identify(src/uros/micro-ROS-Agent) by extensions ['cmake', 'python']
[0.574s] Level 1:colcon.colcon_core.package_identification:_identify(src/uros/micro-ROS-Agent) by extension 'cmake'
[0.574s] Level 1:colcon.colcon_core.package_identification:_identify(src/uros/micro-ROS-Agent) by extension 'python'
[0.574s] Level 1:colcon.colcon_core.package_identification:_identify(src/uros/micro-ROS-Agent) by extensions ['python_setup_py']
[0.574s] Level 1:colcon.colcon_core.package_identification:_identify(src/uros/micro-ROS-Agent) by extension 'python_setup_py'
[0.575s] Level 1:colcon.colcon_core.package_identification:_identify(src/uros/micro-ROS-Agent/micro_ros_agent) by extensions ['ignore', 'ignore_ament_install']
[0.575s] Level 1:colcon.colcon_core.package_identification:_identify(src/uros/micro-ROS-Agent/micro_ros_agent) by extension 'ignore'
[0.575s] Level 1:colcon.colcon_core.package_identification:_identify(src/uros/micro-ROS-Agent/micro_ros_agent) by extension 'ignore_ament_install'
[0.575s] Level 1:colcon.colcon_core.package_identification:_identify(src/uros/micro-ROS-Agent/micro_ros_agent) by extensions ['colcon_pkg']
[0.575s] Level 1:colcon.colcon_core.package_identification:_identify(src/uros/micro-ROS-Agent/micro_ros_agent) by extension 'colcon_pkg'
[0.576s] Level 1:colcon.colcon_core.package_identification:_identify(src/uros/micro-ROS-Agent/micro_ros_agent) by extensions ['colcon_meta']
[0.576s] Level 1:colcon.colcon_core.package_identification:_identify(src/uros/micro-ROS-Agent/micro_ros_agent) by extension 'colcon_meta'
[0.576s] Level 1:colcon.colcon_core.package_identification:_identify(src/uros/micro-ROS-Agent/micro_ros_agent) by extensions ['ros']
[0.576s] Level 1:colcon.colcon_core.package_identification:_identify(src/uros/micro-ROS-Agent/micro_ros_agent) by extension 'ros'
[0.579s] DEBUG:colcon.colcon_core.package_identification:Package 'src/uros/micro-ROS-Agent/micro_ros_agent' with type 'ros.ament_cmake' and name 'micro_ros_agent'
[0.579s] Level 1:colcon.colcon_core.package_identification:_identify(src/uros/micro-ROS-Agent/snap) by extensions ['ignore', 'ignore_ament_install']
[0.580s] Level 1:colcon.colcon_core.package_identification:_identify(src/uros/micro-ROS-Agent/snap) by extension 'ignore'
[0.580s] Level 1:colcon.colcon_core.package_identification:_identify(src/uros/micro-ROS-Agent/snap) by extension 'ignore_ament_install'
[0.580s] Level 1:colcon.colcon_core.package_identification:_identify(src/uros/micro-ROS-Agent/snap) by extensions ['colcon_pkg']
[0.580s] Level 1:colcon.colcon_core.package_identification:_identify(src/uros/micro-ROS-Agent/snap) by extension 'colcon_pkg'
[0.580s] Level 1:colcon.colcon_core.package_identification:_identify(src/uros/micro-ROS-Agent/snap) by extensions ['colcon_meta']
[0.580s] Level 1:colcon.colcon_core.package_identification:_identify(src/uros/micro-ROS-Agent/snap) by extension 'colcon_meta'
[0.580s] Level 1:colcon.colcon_core.package_identification:_identify(src/uros/micro-ROS-Agent/snap) by extensions ['ros']
[0.580s] Level 1:colcon.colcon_core.package_identification:_identify(src/uros/micro-ROS-Agent/snap) by extension 'ros'
[0.580s] Level 1:colcon.colcon_core.package_identification:_identify(src/uros/micro-ROS-Agent/snap) by extensions ['cmake', 'python']
[0.581s] Level 1:colcon.colcon_core.package_identification:_identify(src/uros/micro-ROS-Agent/snap) by extension 'cmake'
[0.581s] Level 1:colcon.colcon_core.package_identification:_identify(src/uros/micro-ROS-Agent/snap) by extension 'python'
[0.581s] Level 1:colcon.colcon_core.package_identification:_identify(src/uros/micro-ROS-Agent/snap) by extensions ['python_setup_py']
[0.581s] Level 1:colcon.colcon_core.package_identification:_identify(src/uros/micro-ROS-Agent/snap) by extension 'python_setup_py'
[0.582s] Level 1:colcon.colcon_core.package_identification:_identify(src/uros/micro-ROS-Agent/snap/hooks) by extensions ['ignore', 'ignore_ament_install']
[0.582s] Level 1:colcon.colcon_core.package_identification:_identify(src/uros/micro-ROS-Agent/snap/hooks) by extension 'ignore'
[0.583s] Level 1:colcon.colcon_core.package_identification:_identify(src/uros/micro-ROS-Agent/snap/hooks) by extension 'ignore_ament_install'
[0.583s] Level 1:colcon.colcon_core.package_identification:_identify(src/uros/micro-ROS-Agent/snap/hooks) by extensions ['colcon_pkg']
[0.583s] Level 1:colcon.colcon_core.package_identification:_identify(src/uros/micro-ROS-Agent/snap/hooks) by extension 'colcon_pkg'
[0.583s] Level 1:colcon.colcon_core.package_identification:_identify(src/uros/micro-ROS-Agent/snap/hooks) by extensions ['colcon_meta']
[0.583s] Level 1:colcon.colcon_core.package_identification:_identify(src/uros/micro-ROS-Agent/snap/hooks) by extension 'colcon_meta'
[0.583s] Level 1:colcon.colcon_core.package_identification:_identify(src/uros/micro-ROS-Agent/snap/hooks) by extensions ['ros']
[0.583s] Level 1:colcon.colcon_core.package_identification:_identify(src/uros/micro-ROS-Agent/snap/hooks) by extension 'ros'
[0.584s] Level 1:colcon.colcon_core.package_identification:_identify(src/uros/micro-ROS-Agent/snap/hooks) by extensions ['cmake', 'python']
[0.584s] Level 1:colcon.colcon_core.package_identification:_identify(src/uros/micro-ROS-Agent/snap/hooks) by extension 'cmake'
[0.584s] Level 1:colcon.colcon_core.package_identification:_identify(src/uros/micro-ROS-Agent/snap/hooks) by extension 'python'
[0.585s] Level 1:colcon.colcon_core.package_identification:_identify(src/uros/micro-ROS-Agent/snap/hooks) by extensions ['python_setup_py']
[0.585s] Level 1:colcon.colcon_core.package_identification:_identify(src/uros/micro-ROS-Agent/snap/hooks) by extension 'python_setup_py'
[0.586s] Level 1:colcon.colcon_core.package_identification:_identify(src/uros/micro-ROS-Agent/snap/local) by extensions ['ignore', 'ignore_ament_install']
[0.586s] Level 1:colcon.colcon_core.package_identification:_identify(src/uros/micro-ROS-Agent/snap/local) by extension 'ignore'
[0.586s] Level 1:colcon.colcon_core.package_identification:_identify(src/uros/micro-ROS-Agent/snap/local) by extension 'ignore_ament_install'
[0.586s] Level 1:colcon.colcon_core.package_identification:_identify(src/uros/micro-ROS-Agent/snap/local) by extensions ['colcon_pkg']
[0.586s] Level 1:colcon.colcon_core.package_identification:_identify(src/uros/micro-ROS-Agent/snap/local) by extension 'colcon_pkg'
[0.587s] Level 1:colcon.colcon_core.package_identification:_identify(src/uros/micro-ROS-Agent/snap/local) by extensions ['colcon_meta']
[0.587s] Level 1:colcon.colcon_core.package_identification:_identify(src/uros/micro-ROS-Agent/snap/local) by extension 'colcon_meta'
[0.587s] Level 1:colcon.colcon_core.package_identification:_identify(src/uros/micro-ROS-Agent/snap/local) by extensions ['ros']
[0.587s] Level 1:colcon.colcon_core.package_identification:_identify(src/uros/micro-ROS-Agent/snap/local) by extension 'ros'
[0.587s] Level 1:colcon.colcon_core.package_identification:_identify(src/uros/micro-ROS-Agent/snap/local) by extensions ['cmake', 'python']
[0.588s] Level 1:colcon.colcon_core.package_identification:_identify(src/uros/micro-ROS-Agent/snap/local) by extension 'cmake'
[0.588s] Level 1:colcon.colcon_core.package_identification:_identify(src/uros/micro-ROS-Agent/snap/local) by extension 'python'
[0.588s] Level 1:colcon.colcon_core.package_identification:_identify(src/uros/micro-ROS-Agent/snap/local) by extensions ['python_setup_py']
[0.588s] Level 1:colcon.colcon_core.package_identification:_identify(src/uros/micro-ROS-Agent/snap/local) by extension 'python_setup_py'
[0.588s] Level 1:colcon.colcon_core.package_identification:_identify(src/uros/micro_ros_msgs) by extensions ['ignore', 'ignore_ament_install']
[0.589s] Level 1:colcon.colcon_core.package_identification:_identify(src/uros/micro_ros_msgs) by extension 'ignore'
[0.589s] Level 1:colcon.colcon_core.package_identification:_identify(src/uros/micro_ros_msgs) by extension 'ignore_ament_install'
[0.589s] Level 1:colcon.colcon_core.package_identification:_identify(src/uros/micro_ros_msgs) by extensions ['colcon_pkg']
[0.589s] Level 1:colcon.colcon_core.package_identification:_identify(src/uros/micro_ros_msgs) by extension 'colcon_pkg'
[0.589s] Level 1:colcon.colcon_core.package_identification:_identify(src/uros/micro_ros_msgs) by extensions ['colcon_meta']
[0.589s] Level 1:colcon.colcon_core.package_identification:_identify(src/uros/micro_ros_msgs) by extension 'colcon_meta'
[0.590s] Level 1:colcon.colcon_core.package_identification:_identify(src/uros/micro_ros_msgs) by extensions ['ros']
[0.590s] Level 1:colcon.colcon_core.package_identification:_identify(src/uros/micro_ros_msgs) by extension 'ros'
[0.592s] DEBUG:colcon.colcon_core.package_identification:Package 'src/uros/micro_ros_msgs' with type 'ros.ament_cmake' and name 'micro_ros_msgs'
[0.593s] Level 1:colcon.colcon_core.package_discovery:discover_packages(recursive) using defaults
[0.593s] Level 1:colcon.colcon_core.package_discovery:discover_packages(ignore) discover
[0.593s] Level 1:colcon.colcon_core.package_discovery:discover_packages(ignore) using defaults
[0.593s] Level 1:colcon.colcon_core.package_discovery:discover_packages(path) discover
[0.593s] Level 1:colcon.colcon_core.package_discovery:discover_packages(path) using defaults
[0.660s] Level 1:colcon.colcon_core.package_discovery:discover_packages(prefix_path) check parameters
[0.660s] Level 1:colcon.colcon_core.package_discovery:discover_packages(prefix_path) discover
[0.665s] Level 1:colcon.colcon_core.package_discovery:discover_packages(prefix_path) using defaults
[0.670s] Level 5:colcon.colcon_core.verb:set package 'drive_base_msgs' build argument 'cmake_args' from command line to 'None'
[0.670s] Level 5:colcon.colcon_core.verb:set package 'drive_base_msgs' build argument 'cmake_target' from command line to 'None'
[0.671s] Level 5:colcon.colcon_core.verb:set package 'drive_base_msgs' build argument 'cmake_target_skip_unavailable' from command line to 'False'
[0.671s] Level 5:colcon.colcon_core.verb:set package 'drive_base_msgs' build argument 'cmake_clean_cache' from command line to 'False'
[0.671s] Level 5:colcon.colcon_core.verb:set package 'drive_base_msgs' build argument 'cmake_clean_first' from command line to 'False'
[0.671s] Level 5:colcon.colcon_core.verb:set package 'drive_base_msgs' build argument 'cmake_force_configure' from command line to 'False'
[0.671s] Level 5:colcon.colcon_core.verb:set package 'drive_base_msgs' build argument 'ament_cmake_args' from command line to 'None'
[0.671s] Level 5:colcon.colcon_core.verb:set package 'drive_base_msgs' build argument 'catkin_cmake_args' from command line to 'None'
[0.671s] Level 5:colcon.colcon_core.verb:set package 'drive_base_msgs' build argument 'catkin_skip_building_tests' from command line to 'False'
[0.671s] DEBUG:colcon.colcon_core.verb:Building package 'drive_base_msgs' with the following arguments: {'ament_cmake_args': None, 'build_base': '/home/chiva/uros_ws/build/drive_base_msgs', 'catkin_cmake_args': None, 'catkin_skip_building_tests': False, 'cmake_args': None, 'cmake_clean_cache': False, 'cmake_clean_first': False, 'cmake_force_configure': False, 'cmake_target': None, 'cmake_target_skip_unavailable': False, 'install_base': '/home/chiva/uros_ws/install/drive_base_msgs', 'merge_install': False, 'path': '/home/chiva/uros_ws/src/uros/drive_base/drive_base_msgs', 'symlink_install': False, 'test_result_base': None}
[0.673s] Level 5:colcon.colcon_core.verb:set package 'micro_ros_msgs' build argument 'cmake_args' from command line to 'None'
[0.673s] Level 5:colcon.colcon_core.verb:set package 'micro_ros_msgs' build argument 'cmake_target' from command line to 'None'
[0.673s] Level 5:colcon.colcon_core.verb:set package 'micro_ros_msgs' build argument 'cmake_target_skip_unavailable' from command line to 'False'
[0.673s] Level 5:colcon.colcon_core.verb:set package 'micro_ros_msgs' build argument 'cmake_clean_cache' from command line to 'False'
[0.674s] Level 5:colcon.colcon_core.verb:set package 'micro_ros_msgs' build argument 'cmake_clean_first' from command line to 'False'
[0.674s] Level 5:colcon.colcon_core.verb:set package 'micro_ros_msgs' build argument 'cmake_force_configure' from command line to 'False'
[0.674s] Level 5:colcon.colcon_core.verb:set package 'micro_ros_msgs' build argument 'ament_cmake_args' from command line to 'None'
[0.674s] Level 5:colcon.colcon_core.verb:set package 'micro_ros_msgs' build argument 'catkin_cmake_args' from command line to 'None'
[0.674s] Level 5:colcon.colcon_core.verb:set package 'micro_ros_msgs' build argument 'catkin_skip_building_tests' from command line to 'False'
[0.674s] DEBUG:colcon.colcon_core.verb:Building package 'micro_ros_msgs' with the following arguments: {'ament_cmake_args': None, 'build_base': '/home/chiva/uros_ws/build/micro_ros_msgs', 'catkin_cmake_args': None, 'catkin_skip_building_tests': False, 'cmake_args': None, 'cmake_clean_cache': False, 'cmake_clean_first': False, 'cmake_force_configure': False, 'cmake_target': None, 'cmake_target_skip_unavailable': False, 'install_base': '/home/chiva/uros_ws/install/micro_ros_msgs', 'merge_install': False, 'path': '/home/chiva/uros_ws/src/uros/micro_ros_msgs', 'symlink_install': False, 'test_result_base': None}
[0.674s] Level 5:colcon.colcon_core.verb:set package 'micro_ros_setup' build argument 'cmake_args' from command line to 'None'
[0.675s] Level 5:colcon.colcon_core.verb:set package 'micro_ros_setup' build argument 'cmake_target' from command line to 'None'
[0.675s] Level 5:colcon.colcon_core.verb:set package 'micro_ros_setup' build argument 'cmake_target_skip_unavailable' from command line to 'False'
[0.675s] Level 5:colcon.colcon_core.verb:set package 'micro_ros_setup' build argument 'cmake_clean_cache' from command line to 'False'
[0.675s] Level 5:colcon.colcon_core.verb:set package 'micro_ros_setup' build argument 'cmake_clean_first' from command line to 'False'
[0.675s] Level 5:colcon.colcon_core.verb:set package 'micro_ros_setup' build argument 'cmake_force_configure' from command line to 'False'
[0.675s] Level 5:colcon.colcon_core.verb:set package 'micro_ros_setup' build argument 'ament_cmake_args' from command line to 'None'
[0.675s] Level 5:colcon.colcon_core.verb:set package 'micro_ros_setup' build argument 'catkin_cmake_args' from command line to 'None'
[0.675s] Level 5:colcon.colcon_core.verb:set package 'micro_ros_setup' build argument 'catkin_skip_building_tests' from command line to 'False'
[0.675s] DEBUG:colcon.colcon_core.verb:Building package 'micro_ros_setup' with the following arguments: {'ament_cmake_args': None, 'build_base': '/home/chiva/uros_ws/build/micro_ros_setup', 'catkin_cmake_args': None, 'catkin_skip_building_tests': False, 'cmake_args': None, 'cmake_clean_cache': False, 'cmake_clean_first': False, 'cmake_force_configure': False, 'cmake_target': None, 'cmake_target_skip_unavailable': False, 'install_base': '/home/chiva/uros_ws/install/micro_ros_setup', 'merge_install': False, 'path': '/home/chiva/uros_ws/src/micro_ros_setup', 'symlink_install': False, 'test_result_base': None}
[0.676s] Level 5:colcon.colcon_core.verb:set package 'micro_ros_agent' build argument 'cmake_args' from command line to 'None'
[0.676s] Level 5:colcon.colcon_core.verb:set package 'micro_ros_agent' build argument 'cmake_target' from command line to 'None'
[0.676s] Level 5:colcon.colcon_core.verb:set package 'micro_ros_agent' build argument 'cmake_target_skip_unavailable' from command line to 'False'
[0.676s] Level 5:colcon.colcon_core.verb:set package 'micro_ros_agent' build argument 'cmake_clean_cache' from command line to 'False'
[0.676s] Level 5:colcon.colcon_core.verb:set package 'micro_ros_agent' build argument 'cmake_clean_first' from command line to 'False'
[0.676s] Level 5:colcon.colcon_core.verb:set package 'micro_ros_agent' build argument 'cmake_force_configure' from command line to 'False'
[0.677s] Level 5:colcon.colcon_core.verb:set package 'micro_ros_agent' build argument 'ament_cmake_args' from command line to 'None'
[0.677s] Level 5:colcon.colcon_core.verb:set package 'micro_ros_agent' build argument 'catkin_cmake_args' from command line to 'None'
[0.677s] Level 5:colcon.colcon_core.verb:set package 'micro_ros_agent' build argument 'catkin_skip_building_tests' from command line to 'False'
[0.677s] DEBUG:colcon.colcon_core.verb:Building package 'micro_ros_agent' with the following arguments: {'ament_cmake_args': None, 'build_base': '/home/chiva/uros_ws/build/micro_ros_agent', 'catkin_cmake_args': None, 'catkin_skip_building_tests': False, 'cmake_args': None, 'cmake_clean_cache': False, 'cmake_clean_first': False, 'cmake_force_configure': False, 'cmake_target': None, 'cmake_target_skip_unavailable': False, 'install_base': '/home/chiva/uros_ws/install/micro_ros_agent', 'merge_install': False, 'path': '/home/chiva/uros_ws/src/uros/micro-ROS-Agent/micro_ros_agent', 'symlink_install': False, 'test_result_base': None}
[0.677s] INFO:colcon.colcon_core.executor:Executing jobs using 'parallel' executor
[0.680s] DEBUG:colcon.colcon_parallel_executor.executor.parallel:run_until_complete
[0.680s] INFO:colcon.colcon_ros.task.ament_cmake.build:Building ROS package in '/home/chiva/uros_ws/src/uros/micro_ros_msgs' with build type 'ament_cmake'
[0.680s] INFO:colcon.colcon_cmake.task.cmake.build:Building CMake package in '/home/chiva/uros_ws/src/uros/micro_ros_msgs'
[0.687s] INFO:colcon.colcon_core.plugin_system:Skipping extension 'colcon_core.shell.bat': Not used on non-Windows systems
[0.687s] INFO:colcon.colcon_core.shell:Skip shell extension 'powershell' for command environment: Not usable outside of PowerShell
[0.688s] DEBUG:colcon.colcon_core.shell:Skip shell extension 'dsv' for command environment
[0.693s] INFO:colcon.colcon_ros.task.ament_cmake.build:Building ROS package in '/home/chiva/uros_ws/src/uros/drive_base/drive_base_msgs' with build type 'ament_cmake'
[0.694s] INFO:colcon.colcon_cmake.task.cmake.build:Building CMake package in '/home/chiva/uros_ws/src/uros/drive_base/drive_base_msgs'
[0.695s] INFO:colcon.colcon_core.shell:Skip shell extension 'powershell' for command environment: Not usable outside of PowerShell
[0.696s] DEBUG:colcon.colcon_core.shell:Skip shell extension 'dsv' for command environment
[0.703s] INFO:colcon.colcon_ros.task.ament_cmake.build:Building ROS package in '/home/chiva/uros_ws/src/micro_ros_setup' with build type 'ament_cmake'
[0.703s] INFO:colcon.colcon_cmake.task.cmake.build:Building CMake package in '/home/chiva/uros_ws/src/micro_ros_setup'
[0.707s] INFO:colcon.colcon_core.shell:Skip shell extension 'powershell' for command environment: Not usable outside of PowerShell
[0.707s] DEBUG:colcon.colcon_core.shell:Skip shell extension 'dsv' for command environment
[0.725s] DEBUG:colcon.colcon_core.event_handler.log_command:Invoking command in '/home/chiva/uros_ws/build/micro_ros_msgs': DEBUGINFOD_URLS=https://debuginfod.ubuntu.com /usr/bin/cmake --build /home/chiva/uros_ws/build/micro_ros_msgs -- -j4 -l4
[0.747s] DEBUG:colcon.colcon_core.event_handler.log_command:Invoking command in '/home/chiva/uros_ws/build/drive_base_msgs': DEBUGINFOD_URLS=https://debuginfod.ubuntu.com /usr/bin/cmake --build /home/chiva/uros_ws/build/drive_base_msgs -- -j4 -l4
[0.770s] DEBUG:colcon.colcon_core.event_handler.log_command:Invoking command in '/home/chiva/uros_ws/build/micro_ros_setup': DEBUGINFOD_URLS=https://debuginfod.ubuntu.com /usr/bin/cmake --build /home/chiva/uros_ws/build/micro_ros_setup -- -j4 -l4
[0.940s] DEBUG:colcon.colcon_core.event_handler.log_command:Invoked command in '/home/chiva/uros_ws/build/micro_ros_setup' returned '0': DEBUGINFOD_URLS=https://debuginfod.ubuntu.com /usr/bin/cmake --build /home/chiva/uros_ws/build/micro_ros_setup -- -j4 -l4
[0.987s] DEBUG:colcon.colcon_core.event_handler.log_command:Invoking command in '/home/chiva/uros_ws/build/micro_ros_setup': DEBUGINFOD_URLS=https://debuginfod.ubuntu.com /usr/bin/cmake --install /home/chiva/uros_ws/build/micro_ros_setup
[1.096s] Level 1:colcon.colcon_core.environment:create_environment_scripts_only(micro_ros_setup)
[1.108s] Level 1:colcon.colcon_core.environment:checking '/home/chiva/uros_ws/install/micro_ros_setup' for CMake module files
[1.110s] Level 1:colcon.colcon_core.environment:checking '/home/chiva/uros_ws/install/micro_ros_setup' for CMake config files
[1.117s] Level 1:colcon.colcon_core.shell:create_environment_hook('micro_ros_setup', 'cmake_prefix_path')
[1.117s] INFO:colcon.colcon_core.shell:Creating environment hook '/home/chiva/uros_ws/install/micro_ros_setup/share/micro_ros_setup/hook/cmake_prefix_path.ps1'
[1.121s] INFO:colcon.colcon_core.shell:Creating environment descriptor '/home/chiva/uros_ws/install/micro_ros_setup/share/micro_ros_setup/hook/cmake_prefix_path.dsv'
[1.122s] INFO:colcon.colcon_core.shell:Creating environment hook '/home/chiva/uros_ws/install/micro_ros_setup/share/micro_ros_setup/hook/cmake_prefix_path.sh'
[1.127s] Level 1:colcon.colcon_core.environment:checking '/home/chiva/uros_ws/install/micro_ros_setup/lib'
[1.127s] Level 1:colcon.colcon_core.environment:checking '/home/chiva/uros_ws/install/micro_ros_setup/bin'
[1.127s] Level 1:colcon.colcon_core.environment:checking '/home/chiva/uros_ws/install/micro_ros_setup/lib/pkgconfig/micro_ros_setup.pc'
[1.132s] Level 1:colcon.colcon_core.environment:checking '/home/chiva/uros_ws/install/micro_ros_setup/lib/python3.12/site-packages'
[1.135s] Level 1:colcon.colcon_core.environment:checking '/home/chiva/uros_ws/install/micro_ros_setup/bin'
[1.135s] INFO:colcon.colcon_core.shell:Creating package script '/home/chiva/uros_ws/install/micro_ros_setup/share/micro_ros_setup/package.ps1'
[1.134s] DEBUG:colcon.colcon_core.event_handler.log_command:Invoked command in '/home/chiva/uros_ws/build/micro_ros_setup' returned '0': DEBUGINFOD_URLS=https://debuginfod.ubuntu.com /usr/bin/cmake --install /home/chiva/uros_ws/build/micro_ros_setup
[1.137s] INFO:colcon.colcon_core.shell:Creating package descriptor '/home/chiva/uros_ws/install/micro_ros_setup/share/micro_ros_setup/package.dsv'
[1.138s] INFO:colcon.colcon_core.shell:Creating package script '/home/chiva/uros_ws/install/micro_ros_setup/share/micro_ros_setup/package.sh'
[1.140s] INFO:colcon.colcon_core.shell:Creating package script '/home/chiva/uros_ws/install/micro_ros_setup/share/micro_ros_setup/package.bash'
[1.141s] INFO:colcon.colcon_core.shell:Creating package script '/home/chiva/uros_ws/install/micro_ros_setup/share/micro_ros_setup/package.zsh'
[1.146s] Level 1:colcon.colcon_core.environment:create_file_with_runtime_dependencies(/home/chiva/uros_ws/install/micro_ros_setup/share/colcon-core/packages/micro_ros_setup)
[1.148s] Level 1:colcon.colcon_core.environment:create_environment_scripts_only(micro_ros_setup)
[1.148s] Level 1:colcon.colcon_core.environment:checking '/home/chiva/uros_ws/install/micro_ros_setup' for CMake module files
[1.151s] Level 1:colcon.colcon_core.environment:checking '/home/chiva/uros_ws/install/micro_ros_setup' for CMake config files
[1.154s] Level 1:colcon.colcon_core.shell:create_environment_hook('micro_ros_setup', 'cmake_prefix_path')
[1.155s] INFO:colcon.colcon_core.shell:Creating environment hook '/home/chiva/uros_ws/install/micro_ros_setup/share/micro_ros_setup/hook/cmake_prefix_path.ps1'
[1.159s] INFO:colcon.colcon_core.shell:Creating environment descriptor '/home/chiva/uros_ws/install/micro_ros_setup/share/micro_ros_setup/hook/cmake_prefix_path.dsv'
[1.160s] INFO:colcon.colcon_core.shell:Creating environment hook '/home/chiva/uros_ws/install/micro_ros_setup/share/micro_ros_setup/hook/cmake_prefix_path.sh'
[1.161s] Level 1:colcon.colcon_core.environment:checking '/home/chiva/uros_ws/install/micro_ros_setup/lib'
[1.161s] Level 1:colcon.colcon_core.environment:checking '/home/chiva/uros_ws/install/micro_ros_setup/bin'
[1.161s] Level 1:colcon.colcon_core.environment:checking '/home/chiva/uros_ws/install/micro_ros_setup/lib/pkgconfig/micro_ros_setup.pc'
[1.162s] Level 1:colcon.colcon_core.environment:checking '/home/chiva/uros_ws/install/micro_ros_setup/lib/python3.12/site-packages'
[1.165s] Level 1:colcon.colcon_core.environment:checking '/home/chiva/uros_ws/install/micro_ros_setup/bin'
[1.167s] INFO:colcon.colcon_core.shell:Creating package script '/home/chiva/uros_ws/install/micro_ros_setup/share/micro_ros_setup/package.ps1'
[1.168s] INFO:colcon.colcon_core.shell:Creating package descriptor '/home/chiva/uros_ws/install/micro_ros_setup/share/micro_ros_setup/package.dsv'
[1.169s] INFO:colcon.colcon_core.shell:Creating package script '/home/chiva/uros_ws/install/micro_ros_setup/share/micro_ros_setup/package.sh'
[1.173s] INFO:colcon.colcon_core.shell:Creating package script '/home/chiva/uros_ws/install/micro_ros_setup/share/micro_ros_setup/package.bash'
[1.176s] INFO:colcon.colcon_core.shell:Creating package script '/home/chiva/uros_ws/install/micro_ros_setup/share/micro_ros_setup/package.zsh'
[1.179s] Level 1:colcon.colcon_core.environment:create_file_with_runtime_dependencies(/home/chiva/uros_ws/install/micro_ros_setup/share/colcon-core/packages/micro_ros_setup)
[3.845s] DEBUG:colcon.colcon_core.event_handler.log_command:Invoked command in '/home/chiva/uros_ws/build/micro_ros_msgs' returned '0': DEBUGINFOD_URLS=https://debuginfod.ubuntu.com /usr/bin/cmake --build /home/chiva/uros_ws/build/micro_ros_msgs -- -j4 -l4
[3.851s] DEBUG:colcon.colcon_core.event_handler.log_command:Invoking command in '/home/chiva/uros_ws/build/micro_ros_msgs': DEBUGINFOD_URLS=https://debuginfod.ubuntu.com /usr/bin/cmake --install /home/chiva/uros_ws/build/micro_ros_msgs
[3.882s] DEBUG:colcon.colcon_core.event_handler.log_command:Invoked command in '/home/chiva/uros_ws/build/drive_base_msgs' returned '0': DEBUGINFOD_URLS=https://debuginfod.ubuntu.com /usr/bin/cmake --build /home/chiva/uros_ws/build/drive_base_msgs -- -j4 -l4
[3.885s] DEBUG:colcon.colcon_core.event_handler.log_command:Invoking command in '/home/chiva/uros_ws/build/drive_base_msgs': DEBUGINFOD_URLS=https://debuginfod.ubuntu.com /usr/bin/cmake --install /home/chiva/uros_ws/build/drive_base_msgs
[4.250s] Level 1:colcon.colcon_core.environment:create_environment_scripts_only(micro_ros_msgs)
[4.251s] Level 1:colcon.colcon_core.environment:checking '/home/chiva/uros_ws/install/micro_ros_msgs' for CMake module files
[4.253s] DEBUG:colcon.colcon_core.event_handler.log_command:Invoked command in '/home/chiva/uros_ws/build/micro_ros_msgs' returned '0': DEBUGINFOD_URLS=https://debuginfod.ubuntu.com /usr/bin/cmake --install /home/chiva/uros_ws/build/micro_ros_msgs
[4.259s] Level 1:colcon.colcon_core.environment:checking '/home/chiva/uros_ws/install/micro_ros_msgs' for CMake config files
[4.272s] Level 1:colcon.colcon_core.shell:create_environment_hook('micro_ros_msgs', 'cmake_prefix_path')
[4.273s] INFO:colcon.colcon_core.shell:Creating environment hook '/home/chiva/uros_ws/install/micro_ros_msgs/share/micro_ros_msgs/hook/cmake_prefix_path.ps1'
[4.282s] INFO:colcon.colcon_core.shell:Creating environment descriptor '/home/chiva/uros_ws/install/micro_ros_msgs/share/micro_ros_msgs/hook/cmake_prefix_path.dsv'
[4.283s] INFO:colcon.colcon_core.shell:Creating environment hook '/home/chiva/uros_ws/install/micro_ros_msgs/share/micro_ros_msgs/hook/cmake_prefix_path.sh'
[4.285s] Level 1:colcon.colcon_core.environment:checking '/home/chiva/uros_ws/install/micro_ros_msgs/lib'
[4.285s] Level 1:colcon.colcon_core.shell:create_environment_hook('micro_ros_msgs', 'ld_library_path_lib')
[4.288s] INFO:colcon.colcon_core.shell:Creating environment hook '/home/chiva/uros_ws/install/micro_ros_msgs/share/micro_ros_msgs/hook/ld_library_path_lib.ps1'
[4.292s] INFO:colcon.colcon_core.shell:Creating environment descriptor '/home/chiva/uros_ws/install/micro_ros_msgs/share/micro_ros_msgs/hook/ld_library_path_lib.dsv'
[4.297s] INFO:colcon.colcon_core.shell:Creating environment hook '/home/chiva/uros_ws/install/micro_ros_msgs/share/micro_ros_msgs/hook/ld_library_path_lib.sh'
[4.301s] Level 1:colcon.colcon_core.environment:checking '/home/chiva/uros_ws/install/micro_ros_msgs/bin'
[4.305s] Level 1:colcon.colcon_core.environment:checking '/home/chiva/uros_ws/install/micro_ros_msgs/lib/pkgconfig/micro_ros_msgs.pc'
[4.306s] Level 1:colcon.colcon_core.environment:checking '/home/chiva/uros_ws/install/micro_ros_msgs/lib/python3.12/site-packages'
[4.307s] Level 1:colcon.colcon_core.shell:create_environment_hook('micro_ros_msgs', 'pythonpath')
[4.309s] INFO:colcon.colcon_core.shell:Creating environment hook '/home/chiva/uros_ws/install/micro_ros_msgs/share/micro_ros_msgs/hook/pythonpath.ps1'
[4.316s] INFO:colcon.colcon_core.shell:Creating environment descriptor '/home/chiva/uros_ws/install/micro_ros_msgs/share/micro_ros_msgs/hook/pythonpath.dsv'
[4.318s] INFO:colcon.colcon_core.shell:Creating environment hook '/home/chiva/uros_ws/install/micro_ros_msgs/share/micro_ros_msgs/hook/pythonpath.sh'
[4.323s] Level 1:colcon.colcon_core.environment:checking '/home/chiva/uros_ws/install/micro_ros_msgs/bin'
[4.324s] INFO:colcon.colcon_core.shell:Creating package script '/home/chiva/uros_ws/install/micro_ros_msgs/share/micro_ros_msgs/package.ps1'
[4.325s] INFO:colcon.colcon_core.shell:Creating package descriptor '/home/chiva/uros_ws/install/micro_ros_msgs/share/micro_ros_msgs/package.dsv'
[4.331s] INFO:colcon.colcon_core.shell:Creating package script '/home/chiva/uros_ws/install/micro_ros_msgs/share/micro_ros_msgs/package.sh'
[4.336s] INFO:colcon.colcon_core.shell:Creating package script '/home/chiva/uros_ws/install/micro_ros_msgs/share/micro_ros_msgs/package.bash'
[4.339s] INFO:colcon.colcon_core.shell:Creating package script '/home/chiva/uros_ws/install/micro_ros_msgs/share/micro_ros_msgs/package.zsh'
[4.340s] Level 1:colcon.colcon_core.environment:create_file_with_runtime_dependencies(/home/chiva/uros_ws/install/micro_ros_msgs/share/colcon-core/packages/micro_ros_msgs)
[4.343s] Level 1:colcon.colcon_core.environment:create_environment_scripts_only(micro_ros_msgs)
[4.343s] Level 1:colcon.colcon_core.environment:checking '/home/chiva/uros_ws/install/micro_ros_msgs' for CMake module files
[4.345s] Level 1:colcon.colcon_core.environment:checking '/home/chiva/uros_ws/install/micro_ros_msgs' for CMake config files
[4.347s] Level 1:colcon.colcon_core.shell:create_environment_hook('micro_ros_msgs', 'cmake_prefix_path')
[4.347s] INFO:colcon.colcon_core.shell:Creating environment hook '/home/chiva/uros_ws/install/micro_ros_msgs/share/micro_ros_msgs/hook/cmake_prefix_path.ps1'
[4.350s] INFO:colcon.colcon_core.shell:Creating environment descriptor '/home/chiva/uros_ws/install/micro_ros_msgs/share/micro_ros_msgs/hook/cmake_prefix_path.dsv'
[4.351s] INFO:colcon.colcon_core.shell:Creating environment hook '/home/chiva/uros_ws/install/micro_ros_msgs/share/micro_ros_msgs/hook/cmake_prefix_path.sh'
[4.354s] Level 1:colcon.colcon_core.environment:checking '/home/chiva/uros_ws/install/micro_ros_msgs/lib'
[4.354s] Level 1:colcon.colcon_core.shell:create_environment_hook('micro_ros_msgs', 'ld_library_path_lib')
[4.355s] INFO:colcon.colcon_core.shell:Creating environment hook '/home/chiva/uros_ws/install/micro_ros_msgs/share/micro_ros_msgs/hook/ld_library_path_lib.ps1'
[4.356s] INFO:colcon.colcon_core.shell:Creating environment descriptor '/home/chiva/uros_ws/install/micro_ros_msgs/share/micro_ros_msgs/hook/ld_library_path_lib.dsv'
[4.358s] INFO:colcon.colcon_core.shell:Creating environment hook '/home/chiva/uros_ws/install/micro_ros_msgs/share/micro_ros_msgs/hook/ld_library_path_lib.sh'
[4.360s] Level 1:colcon.colcon_core.environment:checking '/home/chiva/uros_ws/install/micro_ros_msgs/bin'
[4.360s] Level 1:colcon.colcon_core.environment:checking '/home/chiva/uros_ws/install/micro_ros_msgs/lib/pkgconfig/micro_ros_msgs.pc'
[4.361s] Level 1:colcon.colcon_core.environment:checking '/home/chiva/uros_ws/install/micro_ros_msgs/lib/python3.12/site-packages'
[4.361s] Level 1:colcon.colcon_core.shell:create_environment_hook('micro_ros_msgs', 'pythonpath')
[4.361s] INFO:colcon.colcon_core.shell:Creating environment hook '/home/chiva/uros_ws/install/micro_ros_msgs/share/micro_ros_msgs/hook/pythonpath.ps1'
[4.363s] INFO:colcon.colcon_core.shell:Creating environment descriptor '/home/chiva/uros_ws/install/micro_ros_msgs/share/micro_ros_msgs/hook/pythonpath.dsv'
[4.364s] INFO:colcon.colcon_core.shell:Creating environment hook '/home/chiva/uros_ws/install/micro_ros_msgs/share/micro_ros_msgs/hook/pythonpath.sh'
[4.366s] Level 1:colcon.colcon_core.environment:checking '/home/chiva/uros_ws/install/micro_ros_msgs/bin'
[4.368s] INFO:colcon.colcon_core.shell:Creating package script '/home/chiva/uros_ws/install/micro_ros_msgs/share/micro_ros_msgs/package.ps1'
[4.370s] INFO:colcon.colcon_core.shell:Creating package descriptor '/home/chiva/uros_ws/install/micro_ros_msgs/share/micro_ros_msgs/package.dsv'
[4.372s] INFO:colcon.colcon_core.shell:Creating package script '/home/chiva/uros_ws/install/micro_ros_msgs/share/micro_ros_msgs/package.sh'
[4.374s] INFO:colcon.colcon_core.shell:Creating package script '/home/chiva/uros_ws/install/micro_ros_msgs/share/micro_ros_msgs/package.bash'
[4.377s] INFO:colcon.colcon_core.shell:Creating package script '/home/chiva/uros_ws/install/micro_ros_msgs/share/micro_ros_msgs/package.zsh'
[4.379s] Level 1:colcon.colcon_core.environment:create_file_with_runtime_dependencies(/home/chiva/uros_ws/install/micro_ros_msgs/share/colcon-core/packages/micro_ros_msgs)
[4.381s] INFO:colcon.colcon_ros.task.ament_cmake.build:Building ROS package in '/home/chiva/uros_ws/src/uros/micro-ROS-Agent/micro_ros_agent' with build type 'ament_cmake'
[4.381s] INFO:colcon.colcon_cmake.task.cmake.build:Building CMake package in '/home/chiva/uros_ws/src/uros/micro-ROS-Agent/micro_ros_agent'
[4.381s] INFO:colcon.colcon_core.shell:Skip shell extension 'powershell' for command environment: Not usable outside of PowerShell
[4.381s] DEBUG:colcon.colcon_core.shell:Skip shell extension 'dsv' for command environment
[4.390s] Level 1:colcon.colcon_core.environment:create_environment_scripts_only(drive_base_msgs)
[4.391s] Level 1:colcon.colcon_core.environment:checking '/home/chiva/uros_ws/install/drive_base_msgs' for CMake module files
[4.393s] DEBUG:colcon.colcon_core.event_handler.log_command:Invoked command in '/home/chiva/uros_ws/build/drive_base_msgs' returned '0': DEBUGINFOD_URLS=https://debuginfod.ubuntu.com /usr/bin/cmake --install /home/chiva/uros_ws/build/drive_base_msgs
[4.394s] Level 1:colcon.colcon_core.environment:checking '/home/chiva/uros_ws/install/drive_base_msgs' for CMake config files
[4.400s] Level 1:colcon.colcon_core.shell:create_environment_hook('drive_base_msgs', 'cmake_prefix_path')
[4.401s] INFO:colcon.colcon_core.shell:Creating environment hook '/home/chiva/uros_ws/install/drive_base_msgs/share/drive_base_msgs/hook/cmake_prefix_path.ps1'
[4.403s] INFO:colcon.colcon_core.shell:Creating environment descriptor '/home/chiva/uros_ws/install/drive_base_msgs/share/drive_base_msgs/hook/cmake_prefix_path.dsv'
[4.405s] INFO:colcon.colcon_core.shell:Creating environment hook '/home/chiva/uros_ws/install/drive_base_msgs/share/drive_base_msgs/hook/cmake_prefix_path.sh'
[4.409s] Level 1:colcon.colcon_core.environment:checking '/home/chiva/uros_ws/install/drive_base_msgs/lib'
[4.409s] Level 1:colcon.colcon_core.shell:create_environment_hook('drive_base_msgs', 'ld_library_path_lib')
[4.410s] INFO:colcon.colcon_core.shell:Creating environment hook '/home/chiva/uros_ws/install/drive_base_msgs/share/drive_base_msgs/hook/ld_library_path_lib.ps1'
[4.411s] INFO:colcon.colcon_core.shell:Creating environment descriptor '/home/chiva/uros_ws/install/drive_base_msgs/share/drive_base_msgs/hook/ld_library_path_lib.dsv'
[4.413s] INFO:colcon.colcon_core.shell:Creating environment hook '/home/chiva/uros_ws/install/drive_base_msgs/share/drive_base_msgs/hook/ld_library_path_lib.sh'
[4.416s] Level 1:colcon.colcon_core.environment:checking '/home/chiva/uros_ws/install/drive_base_msgs/bin'
[4.416s] Level 1:colcon.colcon_core.environment:checking '/home/chiva/uros_ws/install/drive_base_msgs/lib/pkgconfig/drive_base_msgs.pc'
[4.417s] Level 1:colcon.colcon_core.environment:checking '/home/chiva/uros_ws/install/drive_base_msgs/lib/python3.12/site-packages'
[4.417s] Level 1:colcon.colcon_core.shell:create_environment_hook('drive_base_msgs', 'pythonpath')
[4.418s] INFO:colcon.colcon_core.shell:Creating environment hook '/home/chiva/uros_ws/install/drive_base_msgs/share/drive_base_msgs/hook/pythonpath.ps1'
[4.420s] INFO:colcon.colcon_core.shell:Creating environment descriptor '/home/chiva/uros_ws/install/drive_base_msgs/share/drive_base_msgs/hook/pythonpath.dsv'
[4.422s] INFO:colcon.colcon_core.shell:Creating environment hook '/home/chiva/uros_ws/install/drive_base_msgs/share/drive_base_msgs/hook/pythonpath.sh'
[4.424s] Level 1:colcon.colcon_core.environment:checking '/home/chiva/uros_ws/install/drive_base_msgs/bin'
[4.425s] INFO:colcon.colcon_core.shell:Creating package script '/home/chiva/uros_ws/install/drive_base_msgs/share/drive_base_msgs/package.ps1'
[4.427s] INFO:colcon.colcon_core.shell:Creating package descriptor '/home/chiva/uros_ws/install/drive_base_msgs/share/drive_base_msgs/package.dsv'
[4.432s] INFO:colcon.colcon_core.shell:Creating package script '/home/chiva/uros_ws/install/drive_base_msgs/share/drive_base_msgs/package.sh'
[4.434s] INFO:colcon.colcon_core.shell:Creating package script '/home/chiva/uros_ws/install/drive_base_msgs/share/drive_base_msgs/package.bash'
[4.437s] INFO:colcon.colcon_core.shell:Creating package script '/home/chiva/uros_ws/install/drive_base_msgs/share/drive_base_msgs/package.zsh'
[4.440s] Level 1:colcon.colcon_core.environment:create_file_with_runtime_dependencies(/home/chiva/uros_ws/install/drive_base_msgs/share/colcon-core/packages/drive_base_msgs)
[4.444s] Level 1:colcon.colcon_core.environment:create_environment_scripts_only(drive_base_msgs)
[4.444s] Level 1:colcon.colcon_core.environment:checking '/home/chiva/uros_ws/install/drive_base_msgs' for CMake module files
[4.448s] Level 1:colcon.colcon_core.environment:checking '/home/chiva/uros_ws/install/drive_base_msgs' for CMake config files
[4.450s] Level 1:colcon.colcon_core.shell:create_environment_hook('drive_base_msgs', 'cmake_prefix_path')
[4.450s] INFO:colcon.colcon_core.shell:Creating environment hook '/home/chiva/uros_ws/install/drive_base_msgs/share/drive_base_msgs/hook/cmake_prefix_path.ps1'
[4.451s] INFO:colcon.colcon_core.shell:Creating environment descriptor '/home/chiva/uros_ws/install/drive_base_msgs/share/drive_base_msgs/hook/cmake_prefix_path.dsv'
[4.454s] INFO:colcon.colcon_core.shell:Creating environment hook '/home/chiva/uros_ws/install/drive_base_msgs/share/drive_base_msgs/hook/cmake_prefix_path.sh'
[4.455s] Level 1:colcon.colcon_core.environment:checking '/home/chiva/uros_ws/install/drive_base_msgs/lib'
[4.456s] Level 1:colcon.colcon_core.shell:create_environment_hook('drive_base_msgs', 'ld_library_path_lib')
[4.456s] INFO:colcon.colcon_core.shell:Creating environment hook '/home/chiva/uros_ws/install/drive_base_msgs/share/drive_base_msgs/hook/ld_library_path_lib.ps1'
[4.457s] INFO:colcon.colcon_core.shell:Creating environment descriptor '/home/chiva/uros_ws/install/drive_base_msgs/share/drive_base_msgs/hook/ld_library_path_lib.dsv'
[4.458s] INFO:colcon.colcon_core.shell:Creating environment hook '/home/chiva/uros_ws/install/drive_base_msgs/share/drive_base_msgs/hook/ld_library_path_lib.sh'
[4.460s] Level 1:colcon.colcon_core.environment:checking '/home/chiva/uros_ws/install/drive_base_msgs/bin'
[4.461s] Level 1:colcon.colcon_core.environment:checking '/home/chiva/uros_ws/install/drive_base_msgs/lib/pkgconfig/drive_base_msgs.pc'
[4.461s] Level 1:colcon.colcon_core.environment:checking '/home/chiva/uros_ws/install/drive_base_msgs/lib/python3.12/site-packages'
[4.462s] Level 1:colcon.colcon_core.shell:create_environment_hook('drive_base_msgs', 'pythonpath')
[4.462s] INFO:colcon.colcon_core.shell:Creating environment hook '/home/chiva/uros_ws/install/drive_base_msgs/share/drive_base_msgs/hook/pythonpath.ps1'
[4.466s] INFO:colcon.colcon_core.shell:Creating environment descriptor '/home/chiva/uros_ws/install/drive_base_msgs/share/drive_base_msgs/hook/pythonpath.dsv'
[4.468s] INFO:colcon.colcon_core.shell:Creating environment hook '/home/chiva/uros_ws/install/drive_base_msgs/share/drive_base_msgs/hook/pythonpath.sh'
[4.471s] Level 1:colcon.colcon_core.environment:checking '/home/chiva/uros_ws/install/drive_base_msgs/bin'
[4.472s] INFO:colcon.colcon_core.shell:Creating package script '/home/chiva/uros_ws/install/drive_base_msgs/share/drive_base_msgs/package.ps1'
[4.475s] INFO:colcon.colcon_core.shell:Creating package descriptor '/home/chiva/uros_ws/install/drive_base_msgs/share/drive_base_msgs/package.dsv'
[4.477s] INFO:colcon.colcon_core.shell:Creating package script '/home/chiva/uros_ws/install/drive_base_msgs/share/drive_base_msgs/package.sh'
[4.478s] INFO:colcon.colcon_core.shell:Creating package script '/home/chiva/uros_ws/install/drive_base_msgs/share/drive_base_msgs/package.bash'
[4.480s] INFO:colcon.colcon_core.shell:Creating package script '/home/chiva/uros_ws/install/drive_base_msgs/share/drive_base_msgs/package.zsh'
[4.481s] Level 1:colcon.colcon_core.environment:create_file_with_runtime_dependencies(/home/chiva/uros_ws/install/drive_base_msgs/share/colcon-core/packages/drive_base_msgs)
[4.497s] DEBUG:colcon.colcon_core.event_handler.log_command:Invoking command in '/home/chiva/uros_ws/build/micro_ros_agent': AMENT_PREFIX_PATH=/home/chiva/uros_ws/install/micro_ros_msgs CMAKE_PREFIX_PATH=/home/chiva/uros_ws/install/micro_ros_msgs DEBUGINFOD_URLS=https://debuginfod.ubuntu.com LD_LIBRARY_PATH=/home/chiva/uros_ws/install/micro_ros_msgs/lib PYTHONPATH=/home/chiva/uros_ws/install/micro_ros_msgs/lib/python3.12/site-packages /usr/bin/cmake --build /home/chiva/uros_ws/build/micro_ros_agent -- -j4 -l4
[4.754s] DEBUG:colcon.colcon_core.event_handler.log_command:Invoked command in '/home/chiva/uros_ws/build/micro_ros_agent' returned '0': AMENT_PREFIX_PATH=/home/chiva/uros_ws/install/micro_ros_msgs CMAKE_PREFIX_PATH=/home/chiva/uros_ws/install/micro_ros_msgs DEBUGINFOD_URLS=https://debuginfod.ubuntu.com LD_LIBRARY_PATH=/home/chiva/uros_ws/install/micro_ros_msgs/lib PYTHONPATH=/home/chiva/uros_ws/install/micro_ros_msgs/lib/python3.12/site-packages /usr/bin/cmake --build /home/chiva/uros_ws/build/micro_ros_agent -- -j4 -l4
[4.758s] DEBUG:colcon.colcon_core.event_handler.log_command:Invoking command in '/home/chiva/uros_ws/build/micro_ros_agent': AMENT_PREFIX_PATH=/home/chiva/uros_ws/install/micro_ros_msgs CMAKE_PREFIX_PATH=/home/chiva/uros_ws/install/micro_ros_msgs DEBUGINFOD_URLS=https://debuginfod.ubuntu.com LD_LIBRARY_PATH=/home/chiva/uros_ws/install/micro_ros_msgs/lib PYTHONPATH=/home/chiva/uros_ws/install/micro_ros_msgs/lib/python3.12/site-packages /usr/bin/cmake --install /home/chiva/uros_ws/build/micro_ros_agent
[4.791s] Level 1:colcon.colcon_core.environment:create_environment_scripts_only(micro_ros_agent)
[4.792s] Level 1:colcon.colcon_core.environment:checking '/home/chiva/uros_ws/install/micro_ros_agent' for CMake module files
[4.796s] Level 1:colcon.colcon_core.environment:checking '/home/chiva/uros_ws/install/micro_ros_agent' for CMake config files
[4.793s] DEBUG:colcon.colcon_core.event_handler.log_command:Invoked command in '/home/chiva/uros_ws/build/micro_ros_agent' returned '0': AMENT_PREFIX_PATH=/home/chiva/uros_ws/install/micro_ros_msgs CMAKE_PREFIX_PATH=/home/chiva/uros_ws/install/micro_ros_msgs DEBUGINFOD_URLS=https://debuginfod.ubuntu.com LD_LIBRARY_PATH=/home/chiva/uros_ws/install/micro_ros_msgs/lib PYTHONPATH=/home/chiva/uros_ws/install/micro_ros_msgs/lib/python3.12/site-packages /usr/bin/cmake --install /home/chiva/uros_ws/build/micro_ros_agent
[4.804s] Level 1:colcon.colcon_core.shell:create_environment_hook('micro_ros_agent', 'cmake_prefix_path')
[4.805s] INFO:colcon.colcon_core.shell:Creating environment hook '/home/chiva/uros_ws/install/micro_ros_agent/share/micro_ros_agent/hook/cmake_prefix_path.ps1'
[4.807s] INFO:colcon.colcon_core.shell:Creating environment descriptor '/home/chiva/uros_ws/install/micro_ros_agent/share/micro_ros_agent/hook/cmake_prefix_path.dsv'
[4.808s] INFO:colcon.colcon_core.shell:Creating environment hook '/home/chiva/uros_ws/install/micro_ros_agent/share/micro_ros_agent/hook/cmake_prefix_path.sh'
[4.809s] Level 1:colcon.colcon_core.environment:checking '/home/chiva/uros_ws/install/micro_ros_agent/lib'
[4.809s] Level 1:colcon.colcon_core.shell:create_environment_hook('micro_ros_agent', 'ld_library_path_lib')
[4.809s] INFO:colcon.colcon_core.shell:Creating environment hook '/home/chiva/uros_ws/install/micro_ros_agent/share/micro_ros_agent/hook/ld_library_path_lib.ps1'
[4.810s] INFO:colcon.colcon_core.shell:Creating environment descriptor '/home/chiva/uros_ws/install/micro_ros_agent/share/micro_ros_agent/hook/ld_library_path_lib.dsv'
[4.812s] INFO:colcon.colcon_core.shell:Creating environment hook '/home/chiva/uros_ws/install/micro_ros_agent/share/micro_ros_agent/hook/ld_library_path_lib.sh'
[4.813s] Level 1:colcon.colcon_core.environment:checking '/home/chiva/uros_ws/install/micro_ros_agent/bin'
[4.813s] Level 1:colcon.colcon_core.environment:checking '/home/chiva/uros_ws/install/micro_ros_agent/lib/pkgconfig/micro_ros_agent.pc'
[4.814s] Level 1:colcon.colcon_core.environment:checking '/home/chiva/uros_ws/install/micro_ros_agent/lib/python3.12/site-packages'
[4.814s] Level 1:colcon.colcon_core.environment:checking '/home/chiva/uros_ws/install/micro_ros_agent/bin'
[4.815s] INFO:colcon.colcon_core.shell:Creating package script '/home/chiva/uros_ws/install/micro_ros_agent/share/micro_ros_agent/package.ps1'
[4.817s] INFO:colcon.colcon_core.shell:Creating package descriptor '/home/chiva/uros_ws/install/micro_ros_agent/share/micro_ros_agent/package.dsv'
[4.818s] INFO:colcon.colcon_core.shell:Creating package script '/home/chiva/uros_ws/install/micro_ros_agent/share/micro_ros_agent/package.sh'
[4.819s] INFO:colcon.colcon_core.shell:Creating package script '/home/chiva/uros_ws/install/micro_ros_agent/share/micro_ros_agent/package.bash'
[4.820s] INFO:colcon.colcon_core.shell:Creating package script '/home/chiva/uros_ws/install/micro_ros_agent/share/micro_ros_agent/package.zsh'
[4.821s] Level 1:colcon.colcon_core.environment:create_file_with_runtime_dependencies(/home/chiva/uros_ws/install/micro_ros_agent/share/colcon-core/packages/micro_ros_agent)
[4.822s] Level 1:colcon.colcon_core.environment:create_environment_scripts_only(micro_ros_agent)
[4.823s] Level 1:colcon.colcon_core.environment:checking '/home/chiva/uros_ws/install/micro_ros_agent' for CMake module files
[4.826s] Level 1:colcon.colcon_core.environment:checking '/home/chiva/uros_ws/install/micro_ros_agent' for CMake config files
[4.830s] Level 1:colcon.colcon_core.shell:create_environment_hook('micro_ros_agent', 'cmake_prefix_path')
[4.830s] INFO:colcon.colcon_core.shell:Creating environment hook '/home/chiva/uros_ws/install/micro_ros_agent/share/micro_ros_agent/hook/cmake_prefix_path.ps1'
[4.834s] INFO:colcon.colcon_core.shell:Creating environment descriptor '/home/chiva/uros_ws/install/micro_ros_agent/share/micro_ros_agent/hook/cmake_prefix_path.dsv'
[4.839s] INFO:colcon.colcon_core.shell:Creating environment hook '/home/chiva/uros_ws/install/micro_ros_agent/share/micro_ros_agent/hook/cmake_prefix_path.sh'
[4.842s] Level 1:colcon.colcon_core.environment:checking '/home/chiva/uros_ws/install/micro_ros_agent/lib'
[4.842s] Level 1:colcon.colcon_core.shell:create_environment_hook('micro_ros_agent', 'ld_library_path_lib')
[4.843s] INFO:colcon.colcon_core.shell:Creating environment hook '/home/chiva/uros_ws/install/micro_ros_agent/share/micro_ros_agent/hook/ld_library_path_lib.ps1'
[4.844s] INFO:colcon.colcon_core.shell:Creating environment descriptor '/home/chiva/uros_ws/install/micro_ros_agent/share/micro_ros_agent/hook/ld_library_path_lib.dsv'
[4.844s] INFO:colcon.colcon_core.shell:Creating environment hook '/home/chiva/uros_ws/install/micro_ros_agent/share/micro_ros_agent/hook/ld_library_path_lib.sh'
[4.846s] Level 1:colcon.colcon_core.environment:checking '/home/chiva/uros_ws/install/micro_ros_agent/bin'
[4.846s] Level 1:colcon.colcon_core.environment:checking '/home/chiva/uros_ws/install/micro_ros_agent/lib/pkgconfig/micro_ros_agent.pc'
[4.847s] Level 1:colcon.colcon_core.environment:checking '/home/chiva/uros_ws/install/micro_ros_agent/lib/python3.12/site-packages'
[4.847s] Level 1:colcon.colcon_core.environment:checking '/home/chiva/uros_ws/install/micro_ros_agent/bin'
[4.848s] INFO:colcon.colcon_core.shell:Creating package script '/home/chiva/uros_ws/install/micro_ros_agent/share/micro_ros_agent/package.ps1'
[4.850s] INFO:colcon.colcon_core.shell:Creating package descriptor '/home/chiva/uros_ws/install/micro_ros_agent/share/micro_ros_agent/package.dsv'
[4.852s] INFO:colcon.colcon_core.shell:Creating package script '/home/chiva/uros_ws/install/micro_ros_agent/share/micro_ros_agent/package.sh'
[4.853s] INFO:colcon.colcon_core.shell:Creating package script '/home/chiva/uros_ws/install/micro_ros_agent/share/micro_ros_agent/package.bash'
[4.854s] INFO:colcon.colcon_core.shell:Creating package script '/home/chiva/uros_ws/install/micro_ros_agent/share/micro_ros_agent/package.zsh'
[4.856s] Level 1:colcon.colcon_core.environment:create_file_with_runtime_dependencies(/home/chiva/uros_ws/install/micro_ros_agent/share/colcon-core/packages/micro_ros_agent)
[4.857s] DEBUG:colcon.colcon_parallel_executor.executor.parallel:closing loop
[4.866s] DEBUG:colcon.colcon_parallel_executor.executor.parallel:loop closed
[4.866s] DEBUG:colcon.colcon_parallel_executor.executor.parallel:run_until_complete finished with '0'
[4.866s] DEBUG:colcon.colcon_core.event_reactor:joining thread
[4.890s] INFO:colcon.colcon_core.plugin_system:Skipping extension 'colcon_notification.desktop_notification.terminal_notifier': Not used on non-Darwin systems
[4.891s] INFO:colcon.colcon_core.plugin_system:Skipping extension 'colcon_notification.desktop_notification.win32': Not used on non-Windows systems
[4.891s] INFO:colcon.colcon_notification.desktop_notification:Sending desktop notification using 'notify2'
[4.936s] DEBUG:colcon.colcon_core.event_reactor:joined thread
[4.937s] INFO:colcon.colcon_core.shell:Creating prefix script '/home/chiva/uros_ws/install/local_setup.ps1'
[4.940s] INFO:colcon.colcon_core.shell:Creating prefix util module '/home/chiva/uros_ws/install/_local_setup_util_ps1.py'
[4.944s] INFO:colcon.colcon_core.shell:Creating prefix chain script '/home/chiva/uros_ws/install/setup.ps1'
[4.948s] INFO:colcon.colcon_core.shell:Creating prefix script '/home/chiva/uros_ws/install/local_setup.sh'
[4.956s] INFO:colcon.colcon_core.shell:Creating prefix util module '/home/chiva/uros_ws/install/_local_setup_util_sh.py'
[4.957s] INFO:colcon.colcon_core.shell:Creating prefix chain script '/home/chiva/uros_ws/install/setup.sh'
[4.961s] INFO:colcon.colcon_core.shell:Creating prefix script '/home/chiva/uros_ws/install/local_setup.bash'
[4.962s] INFO:colcon.colcon_core.shell:Creating prefix chain script '/home/chiva/uros_ws/install/setup.bash'
[4.964s] INFO:colcon.colcon_core.shell:Creating prefix script '/home/chiva/uros_ws/install/local_setup.zsh'
[4.965s] INFO:colcon.colcon_core.shell:Creating prefix chain script '/home/chiva/uros_ws/install/setup.zsh'
