[0.017s] Invoking command in '/home/chiva/uros_ws/build/micro_ros_msgs': DEBUGINFOD_URLS=https://debuginfod.ubuntu.com /usr/bin/cmake --build /home/chiva/uros_ws/build/micro_ros_msgs -- -j4 -l4
[0.114s] [  1%] Built target micro_ros_msgs__rosidl_generator_type_description
[0.129s] [  1%] Built target ament_cmake_python_copy_micro_ros_msgs
[0.176s] [ 22%] Built target micro_ros_msgs__rosidl_generator_c
[0.179s] [ 24%] Built target micro_ros_msgs__cpp
[0.320s] [ 33%] Built target micro_ros_msgs__rosidl_typesupport_c
[0.340s] [ 42%] Built target micro_ros_msgs__rosidl_typesupport_introspection_c
[0.341s] [ 51%] Built target micro_ros_msgs__rosidl_typesupport_fastrtps_c
[0.341s] [ 61%] Built target micro_ros_msgs__rosidl_typesupport_fastrtps_cpp
[0.407s] [ 70%] Built target micro_ros_msgs__rosidl_typesupport_introspection_cpp
[0.421s] [ 79%] Built target micro_ros_msgs__rosidl_typesupport_cpp
[0.471s] [ 79%] Built target micro_ros_msgs
[0.509s] [ 81%] Built target micro_ros_msgs__py
[0.555s] [ 88%] Built target micro_ros_msgs__rosidl_generator_py
[0.624s] [ 92%] Built target micro_ros_msgs_s__rosidl_typesupport_introspection_c
[0.647s] [ 96%] Built target micro_ros_msgs_s__rosidl_typesupport_fastrtps_c
[0.653s] [100%] Built target micro_ros_msgs_s__rosidl_typesupport_c
[0.776s] running egg_info
[0.797s] writing micro_ros_msgs.egg-info/PKG-INFO
[0.797s] writing dependency_links to micro_ros_msgs.egg-info/dependency_links.txt
[0.797s] writing top-level names to micro_ros_msgs.egg-info/top_level.txt
[0.888s] reading manifest file 'micro_ros_msgs.egg-info/SOURCES.txt'
[0.888s] writing manifest file 'micro_ros_msgs.egg-info/SOURCES.txt'
[0.927s] [100%] Built target ament_cmake_python_build_micro_ros_msgs_egg
[0.945s] Invoked command in '/home/chiva/uros_ws/build/micro_ros_msgs' returned '0': DEBUGINFOD_URLS=https://debuginfod.ubuntu.com /usr/bin/cmake --build /home/chiva/uros_ws/build/micro_ros_msgs -- -j4 -l4
[0.947s] Invoking command in '/home/chiva/uros_ws/build/micro_ros_msgs': DEBUGINFOD_URLS=https://debuginfod.ubuntu.com /usr/bin/cmake --install /home/chiva/uros_ws/build/micro_ros_msgs
[0.964s] -- Install configuration: ""
[0.964s] -- Up-to-date: /home/chiva/uros_ws/install/micro_ros_msgs/share/ament_index/resource_index/rosidl_interfaces/micro_ros_msgs
[0.965s] -- Up-to-date: /home/chiva/uros_ws/install/micro_ros_msgs/share/micro_ros_msgs/msg/Graph.json
[0.966s] -- Up-to-date: /home/chiva/uros_ws/install/micro_ros_msgs/share/micro_ros_msgs/msg/Node.json
[0.968s] -- Up-to-date: /home/chiva/uros_ws/install/micro_ros_msgs/share/micro_ros_msgs/msg/Entity.json
[0.968s] -- Up-to-date: /home/chiva/uros_ws/install/micro_ros_msgs/include/micro_ros_msgs/micro_ros_msgs
[0.969s] -- Up-to-date: /home/chiva/uros_ws/install/micro_ros_msgs/include/micro_ros_msgs/micro_ros_msgs/msg
[0.969s] -- Up-to-date: /home/chiva/uros_ws/install/micro_ros_msgs/include/micro_ros_msgs/micro_ros_msgs/msg/rosidl_generator_c__visibility_control.h
[0.970s] -- Up-to-date: /home/chiva/uros_ws/install/micro_ros_msgs/include/micro_ros_msgs/micro_ros_msgs/msg/graph.h
[0.970s] -- Up-to-date: /home/chiva/uros_ws/install/micro_ros_msgs/include/micro_ros_msgs/micro_ros_msgs/msg/detail
[0.970s] -- Up-to-date: /home/chiva/uros_ws/install/micro_ros_msgs/include/micro_ros_msgs/micro_ros_msgs/msg/detail/node__type_support.h
[0.970s] -- Up-to-date: /home/chiva/uros_ws/install/micro_ros_msgs/include/micro_ros_msgs/micro_ros_msgs/msg/detail/entity__functions.c
[0.970s] -- Up-to-date: /home/chiva/uros_ws/install/micro_ros_msgs/include/micro_ros_msgs/micro_ros_msgs/msg/detail/entity__description.c
[0.971s] -- Up-to-date: /home/chiva/uros_ws/install/micro_ros_msgs/include/micro_ros_msgs/micro_ros_msgs/msg/detail/graph__functions.h
[0.971s] -- Up-to-date: /home/chiva/uros_ws/install/micro_ros_msgs/include/micro_ros_msgs/micro_ros_msgs/msg/detail/node__description.c
[0.971s] -- Installing: /home/chiva/uros_ws/install/micro_ros_msgs/include/micro_ros_msgs/micro_ros_msgs/msg/detail/entity__type_support.c
[0.971s] -- Up-to-date: /home/chiva/uros_ws/install/micro_ros_msgs/include/micro_ros_msgs/micro_ros_msgs/msg/detail/graph__type_support.h
[0.972s] -- Up-to-date: /home/chiva/uros_ws/install/micro_ros_msgs/include/micro_ros_msgs/micro_ros_msgs/msg/detail/graph__description.c
[0.972s] -- Up-to-date: /home/chiva/uros_ws/install/micro_ros_msgs/include/micro_ros_msgs/micro_ros_msgs/msg/detail/node__struct.h
[0.973s] -- Up-to-date: /home/chiva/uros_ws/install/micro_ros_msgs/include/micro_ros_msgs/micro_ros_msgs/msg/detail/entity__functions.h
[0.973s] -- Up-to-date: /home/chiva/uros_ws/install/micro_ros_msgs/include/micro_ros_msgs/micro_ros_msgs/msg/detail/entity__type_support.h
[0.973s] -- Up-to-date: /home/chiva/uros_ws/install/micro_ros_msgs/include/micro_ros_msgs/micro_ros_msgs/msg/detail/entity__struct.h
[0.973s] -- Installing: /home/chiva/uros_ws/install/micro_ros_msgs/include/micro_ros_msgs/micro_ros_msgs/msg/detail/node__type_support.c
[0.973s] -- Up-to-date: /home/chiva/uros_ws/install/micro_ros_msgs/include/micro_ros_msgs/micro_ros_msgs/msg/detail/graph__functions.c
[0.974s] -- Up-to-date: /home/chiva/uros_ws/install/micro_ros_msgs/include/micro_ros_msgs/micro_ros_msgs/msg/detail/graph__struct.h
[0.974s] -- Installing: /home/chiva/uros_ws/install/micro_ros_msgs/include/micro_ros_msgs/micro_ros_msgs/msg/detail/graph__type_support.c
[0.974s] -- Up-to-date: /home/chiva/uros_ws/install/micro_ros_msgs/include/micro_ros_msgs/micro_ros_msgs/msg/detail/node__functions.h
[0.974s] -- Up-to-date: /home/chiva/uros_ws/install/micro_ros_msgs/include/micro_ros_msgs/micro_ros_msgs/msg/detail/node__functions.c
[0.974s] -- Up-to-date: /home/chiva/uros_ws/install/micro_ros_msgs/include/micro_ros_msgs/micro_ros_msgs/msg/entity.h
[0.974s] -- Up-to-date: /home/chiva/uros_ws/install/micro_ros_msgs/include/micro_ros_msgs/micro_ros_msgs/msg/node.h
[0.974s] -- Up-to-date: /home/chiva/uros_ws/install/micro_ros_msgs/share/micro_ros_msgs/environment/library_path.sh
[0.974s] -- Up-to-date: /home/chiva/uros_ws/install/micro_ros_msgs/share/micro_ros_msgs/environment/library_path.dsv
[0.975s] -- Up-to-date: /home/chiva/uros_ws/install/micro_ros_msgs/lib/libmicro_ros_msgs__rosidl_generator_c.so
[0.975s] -- Up-to-date: /home/chiva/uros_ws/install/micro_ros_msgs/include/micro_ros_msgs/micro_ros_msgs
[0.975s] -- Up-to-date: /home/chiva/uros_ws/install/micro_ros_msgs/include/micro_ros_msgs/micro_ros_msgs/msg
[0.975s] -- Up-to-date: /home/chiva/uros_ws/install/micro_ros_msgs/include/micro_ros_msgs/micro_ros_msgs/msg/rosidl_typesupport_fastrtps_c__visibility_control.h
[0.975s] -- Up-to-date: /home/chiva/uros_ws/install/micro_ros_msgs/include/micro_ros_msgs/micro_ros_msgs/msg/detail
[0.975s] -- Up-to-date: /home/chiva/uros_ws/install/micro_ros_msgs/include/micro_ros_msgs/micro_ros_msgs/msg/detail/node__rosidl_typesupport_fastrtps_c.h
[0.976s] -- Up-to-date: /home/chiva/uros_ws/install/micro_ros_msgs/include/micro_ros_msgs/micro_ros_msgs/msg/detail/entity__rosidl_typesupport_fastrtps_c.h
[0.976s] -- Up-to-date: /home/chiva/uros_ws/install/micro_ros_msgs/include/micro_ros_msgs/micro_ros_msgs/msg/detail/graph__rosidl_typesupport_fastrtps_c.h
[0.976s] -- Up-to-date: /home/chiva/uros_ws/install/micro_ros_msgs/lib/libmicro_ros_msgs__rosidl_typesupport_fastrtps_c.so
[0.976s] -- Up-to-date: /home/chiva/uros_ws/install/micro_ros_msgs/include/micro_ros_msgs/micro_ros_msgs
[0.977s] -- Up-to-date: /home/chiva/uros_ws/install/micro_ros_msgs/include/micro_ros_msgs/micro_ros_msgs/msg
[0.977s] -- Up-to-date: /home/chiva/uros_ws/install/micro_ros_msgs/include/micro_ros_msgs/micro_ros_msgs/msg/detail
[0.977s] -- Up-to-date: /home/chiva/uros_ws/install/micro_ros_msgs/include/micro_ros_msgs/micro_ros_msgs/msg/detail/graph__rosidl_typesupport_introspection_c.h
[0.977s] -- Installing: /home/chiva/uros_ws/install/micro_ros_msgs/include/micro_ros_msgs/micro_ros_msgs/msg/detail/entity__type_support.c
[0.977s] -- Up-to-date: /home/chiva/uros_ws/install/micro_ros_msgs/include/micro_ros_msgs/micro_ros_msgs/msg/detail/node__rosidl_typesupport_introspection_c.h
[0.978s] -- Up-to-date: /home/chiva/uros_ws/install/micro_ros_msgs/include/micro_ros_msgs/micro_ros_msgs/msg/detail/entity__rosidl_typesupport_introspection_c.h
[0.978s] -- Installing: /home/chiva/uros_ws/install/micro_ros_msgs/include/micro_ros_msgs/micro_ros_msgs/msg/detail/node__type_support.c
[0.978s] -- Installing: /home/chiva/uros_ws/install/micro_ros_msgs/include/micro_ros_msgs/micro_ros_msgs/msg/detail/graph__type_support.c
[0.978s] -- Up-to-date: /home/chiva/uros_ws/install/micro_ros_msgs/include/micro_ros_msgs/micro_ros_msgs/msg/rosidl_typesupport_introspection_c__visibility_control.h
[0.978s] -- Up-to-date: /home/chiva/uros_ws/install/micro_ros_msgs/lib/libmicro_ros_msgs__rosidl_typesupport_introspection_c.so
[0.979s] -- Up-to-date: /home/chiva/uros_ws/install/micro_ros_msgs/lib/libmicro_ros_msgs__rosidl_typesupport_c.so
[0.979s] -- Up-to-date: /home/chiva/uros_ws/install/micro_ros_msgs/include/micro_ros_msgs/micro_ros_msgs
[0.979s] -- Up-to-date: /home/chiva/uros_ws/install/micro_ros_msgs/include/micro_ros_msgs/micro_ros_msgs/msg
[0.979s] -- Up-to-date: /home/chiva/uros_ws/install/micro_ros_msgs/include/micro_ros_msgs/micro_ros_msgs/msg/rosidl_generator_cpp__visibility_control.hpp
[0.979s] -- Up-to-date: /home/chiva/uros_ws/install/micro_ros_msgs/include/micro_ros_msgs/micro_ros_msgs/msg/entity.hpp
[0.979s] -- Up-to-date: /home/chiva/uros_ws/install/micro_ros_msgs/include/micro_ros_msgs/micro_ros_msgs/msg/graph.hpp
[0.980s] -- Up-to-date: /home/chiva/uros_ws/install/micro_ros_msgs/include/micro_ros_msgs/micro_ros_msgs/msg/detail
[0.980s] -- Up-to-date: /home/chiva/uros_ws/install/micro_ros_msgs/include/micro_ros_msgs/micro_ros_msgs/msg/detail/graph__traits.hpp
[0.980s] -- Up-to-date: /home/chiva/uros_ws/install/micro_ros_msgs/include/micro_ros_msgs/micro_ros_msgs/msg/detail/graph__type_support.hpp
[0.980s] -- Up-to-date: /home/chiva/uros_ws/install/micro_ros_msgs/include/micro_ros_msgs/micro_ros_msgs/msg/detail/graph__struct.hpp
[0.980s] -- Up-to-date: /home/chiva/uros_ws/install/micro_ros_msgs/include/micro_ros_msgs/micro_ros_msgs/msg/detail/entity__builder.hpp
[0.981s] -- Up-to-date: /home/chiva/uros_ws/install/micro_ros_msgs/include/micro_ros_msgs/micro_ros_msgs/msg/detail/entity__struct.hpp
[0.981s] -- Up-to-date: /home/chiva/uros_ws/install/micro_ros_msgs/include/micro_ros_msgs/micro_ros_msgs/msg/detail/graph__builder.hpp
[0.981s] -- Up-to-date: /home/chiva/uros_ws/install/micro_ros_msgs/include/micro_ros_msgs/micro_ros_msgs/msg/detail/entity__traits.hpp
[0.981s] -- Up-to-date: /home/chiva/uros_ws/install/micro_ros_msgs/include/micro_ros_msgs/micro_ros_msgs/msg/detail/node__struct.hpp
[0.981s] -- Up-to-date: /home/chiva/uros_ws/install/micro_ros_msgs/include/micro_ros_msgs/micro_ros_msgs/msg/detail/node__type_support.hpp
[0.982s] -- Up-to-date: /home/chiva/uros_ws/install/micro_ros_msgs/include/micro_ros_msgs/micro_ros_msgs/msg/detail/node__traits.hpp
[0.982s] -- Up-to-date: /home/chiva/uros_ws/install/micro_ros_msgs/include/micro_ros_msgs/micro_ros_msgs/msg/detail/node__builder.hpp
[0.982s] -- Up-to-date: /home/chiva/uros_ws/install/micro_ros_msgs/include/micro_ros_msgs/micro_ros_msgs/msg/detail/entity__type_support.hpp
[0.982s] -- Up-to-date: /home/chiva/uros_ws/install/micro_ros_msgs/include/micro_ros_msgs/micro_ros_msgs/msg/node.hpp
[0.983s] -- Up-to-date: /home/chiva/uros_ws/install/micro_ros_msgs/include/micro_ros_msgs/micro_ros_msgs
[0.983s] -- Up-to-date: /home/chiva/uros_ws/install/micro_ros_msgs/include/micro_ros_msgs/micro_ros_msgs/msg
[0.983s] -- Up-to-date: /home/chiva/uros_ws/install/micro_ros_msgs/include/micro_ros_msgs/micro_ros_msgs/msg/detail
[0.983s] -- Up-to-date: /home/chiva/uros_ws/install/micro_ros_msgs/include/micro_ros_msgs/micro_ros_msgs/msg/detail/node__rosidl_typesupport_fastrtps_cpp.hpp
[0.983s] -- Up-to-date: /home/chiva/uros_ws/install/micro_ros_msgs/include/micro_ros_msgs/micro_ros_msgs/msg/detail/entity__rosidl_typesupport_fastrtps_cpp.hpp
[0.984s] -- Up-to-date: /home/chiva/uros_ws/install/micro_ros_msgs/include/micro_ros_msgs/micro_ros_msgs/msg/detail/dds_fastrtps
[0.984s] -- Up-to-date: /home/chiva/uros_ws/install/micro_ros_msgs/include/micro_ros_msgs/micro_ros_msgs/msg/detail/graph__rosidl_typesupport_fastrtps_cpp.hpp
[0.984s] -- Up-to-date: /home/chiva/uros_ws/install/micro_ros_msgs/include/micro_ros_msgs/micro_ros_msgs/msg/rosidl_typesupport_fastrtps_cpp__visibility_control.h
[0.984s] -- Up-to-date: /home/chiva/uros_ws/install/micro_ros_msgs/lib/libmicro_ros_msgs__rosidl_typesupport_fastrtps_cpp.so
[0.984s] -- Up-to-date: /home/chiva/uros_ws/install/micro_ros_msgs/include/micro_ros_msgs/micro_ros_msgs
[0.984s] -- Up-to-date: /home/chiva/uros_ws/install/micro_ros_msgs/include/micro_ros_msgs/micro_ros_msgs/msg
[0.985s] -- Up-to-date: /home/chiva/uros_ws/install/micro_ros_msgs/include/micro_ros_msgs/micro_ros_msgs/msg/detail
[0.985s] -- Up-to-date: /home/chiva/uros_ws/install/micro_ros_msgs/include/micro_ros_msgs/micro_ros_msgs/msg/detail/node__rosidl_typesupport_introspection_cpp.hpp
[0.985s] -- Up-to-date: /home/chiva/uros_ws/install/micro_ros_msgs/include/micro_ros_msgs/micro_ros_msgs/msg/detail/graph__rosidl_typesupport_introspection_cpp.hpp
[0.985s] -- Up-to-date: /home/chiva/uros_ws/install/micro_ros_msgs/include/micro_ros_msgs/micro_ros_msgs/msg/detail/entity__rosidl_typesupport_introspection_cpp.hpp
[0.985s] -- Up-to-date: /home/chiva/uros_ws/install/micro_ros_msgs/include/micro_ros_msgs/micro_ros_msgs/msg/detail/node__type_support.cpp
[0.986s] -- Up-to-date: /home/chiva/uros_ws/install/micro_ros_msgs/include/micro_ros_msgs/micro_ros_msgs/msg/detail/entity__type_support.cpp
[0.986s] -- Up-to-date: /home/chiva/uros_ws/install/micro_ros_msgs/include/micro_ros_msgs/micro_ros_msgs/msg/detail/graph__type_support.cpp
[0.986s] -- Up-to-date: /home/chiva/uros_ws/install/micro_ros_msgs/lib/libmicro_ros_msgs__rosidl_typesupport_introspection_cpp.so
[0.986s] -- Up-to-date: /home/chiva/uros_ws/install/micro_ros_msgs/lib/libmicro_ros_msgs__rosidl_typesupport_cpp.so
[0.986s] -- Up-to-date: /home/chiva/uros_ws/install/micro_ros_msgs/share/micro_ros_msgs/environment/pythonpath.sh
[0.987s] -- Up-to-date: /home/chiva/uros_ws/install/micro_ros_msgs/share/micro_ros_msgs/environment/pythonpath.dsv
[0.987s] -- Up-to-date: /home/chiva/uros_ws/install/micro_ros_msgs/lib/python3.12/site-packages/micro_ros_msgs-5.0.2-py3.12.egg-info
[0.987s] -- Installing: /home/chiva/uros_ws/install/micro_ros_msgs/lib/python3.12/site-packages/micro_ros_msgs-5.0.2-py3.12.egg-info/SOURCES.txt
[0.987s] -- Installing: /home/chiva/uros_ws/install/micro_ros_msgs/lib/python3.12/site-packages/micro_ros_msgs-5.0.2-py3.12.egg-info/top_level.txt
[0.987s] -- Installing: /home/chiva/uros_ws/install/micro_ros_msgs/lib/python3.12/site-packages/micro_ros_msgs-5.0.2-py3.12.egg-info/PKG-INFO
[0.988s] -- Installing: /home/chiva/uros_ws/install/micro_ros_msgs/lib/python3.12/site-packages/micro_ros_msgs-5.0.2-py3.12.egg-info/dependency_links.txt
[0.988s] -- Up-to-date: /home/chiva/uros_ws/install/micro_ros_msgs/lib/python3.12/site-packages/micro_ros_msgs
[0.988s] -- Up-to-date: /home/chiva/uros_ws/install/micro_ros_msgs/lib/python3.12/site-packages/micro_ros_msgs/micro_ros_msgs_s__rosidl_typesupport_fastrtps_c.so
[0.988s] -- Up-to-date: /home/chiva/uros_ws/install/micro_ros_msgs/lib/python3.12/site-packages/micro_ros_msgs/_micro_ros_msgs_s.ep.rosidl_typesupport_fastrtps_c.c
[0.988s] -- Up-to-date: /home/chiva/uros_ws/install/micro_ros_msgs/lib/python3.12/site-packages/micro_ros_msgs/micro_ros_msgs_s__rosidl_typesupport_introspection_c.so
[0.988s] -- Up-to-date: /home/chiva/uros_ws/install/micro_ros_msgs/lib/python3.12/site-packages/micro_ros_msgs/msg
[0.989s] -- Up-to-date: /home/chiva/uros_ws/install/micro_ros_msgs/lib/python3.12/site-packages/micro_ros_msgs/msg/_entity.py
[0.989s] -- Up-to-date: /home/chiva/uros_ws/install/micro_ros_msgs/lib/python3.12/site-packages/micro_ros_msgs/msg/_node.py
[0.989s] -- Up-to-date: /home/chiva/uros_ws/install/micro_ros_msgs/lib/python3.12/site-packages/micro_ros_msgs/msg/__init__.py
[0.989s] -- Up-to-date: /home/chiva/uros_ws/install/micro_ros_msgs/lib/python3.12/site-packages/micro_ros_msgs/msg/_entity_s.c
[0.989s] -- Up-to-date: /home/chiva/uros_ws/install/micro_ros_msgs/lib/python3.12/site-packages/micro_ros_msgs/msg/_node_s.c
[0.990s] -- Up-to-date: /home/chiva/uros_ws/install/micro_ros_msgs/lib/python3.12/site-packages/micro_ros_msgs/msg/_graph_s.c
[0.990s] -- Up-to-date: /home/chiva/uros_ws/install/micro_ros_msgs/lib/python3.12/site-packages/micro_ros_msgs/msg/_graph.py
[0.990s] -- Up-to-date: /home/chiva/uros_ws/install/micro_ros_msgs/lib/python3.12/site-packages/micro_ros_msgs/__init__.py
[0.990s] -- Up-to-date: /home/chiva/uros_ws/install/micro_ros_msgs/lib/python3.12/site-packages/micro_ros_msgs/_micro_ros_msgs_s.ep.rosidl_typesupport_c.c
[0.990s] -- Up-to-date: /home/chiva/uros_ws/install/micro_ros_msgs/lib/python3.12/site-packages/micro_ros_msgs/micro_ros_msgs_s__rosidl_typesupport_c.so
[0.991s] -- Up-to-date: /home/chiva/uros_ws/install/micro_ros_msgs/lib/python3.12/site-packages/micro_ros_msgs/_micro_ros_msgs_s.ep.rosidl_typesupport_introspection_c.c
[1.029s] Listing '/home/chiva/uros_ws/install/micro_ros_msgs/lib/python3.12/site-packages/micro_ros_msgs'...
[1.029s] Listing '/home/chiva/uros_ws/install/micro_ros_msgs/lib/python3.12/site-packages/micro_ros_msgs/msg'...
[1.039s] -- Up-to-date: /home/chiva/uros_ws/install/micro_ros_msgs/lib/python3.12/site-packages/micro_ros_msgs/micro_ros_msgs_s__rosidl_typesupport_fastrtps_c.so
[1.040s] -- Up-to-date: /home/chiva/uros_ws/install/micro_ros_msgs/lib/python3.12/site-packages/micro_ros_msgs/micro_ros_msgs_s__rosidl_typesupport_introspection_c.so
[1.041s] -- Up-to-date: /home/chiva/uros_ws/install/micro_ros_msgs/lib/python3.12/site-packages/micro_ros_msgs/micro_ros_msgs_s__rosidl_typesupport_c.so
[1.041s] -- Up-to-date: /home/chiva/uros_ws/install/micro_ros_msgs/lib/libmicro_ros_msgs__rosidl_generator_py.so
[1.041s] -- Up-to-date: /home/chiva/uros_ws/install/micro_ros_msgs/share/micro_ros_msgs/msg/Graph.idl
[1.042s] -- Up-to-date: /home/chiva/uros_ws/install/micro_ros_msgs/share/micro_ros_msgs/msg/Node.idl
[1.042s] -- Up-to-date: /home/chiva/uros_ws/install/micro_ros_msgs/share/micro_ros_msgs/msg/Entity.idl
[1.042s] -- Up-to-date: /home/chiva/uros_ws/install/micro_ros_msgs/share/micro_ros_msgs/msg/Graph.msg
[1.042s] -- Up-to-date: /home/chiva/uros_ws/install/micro_ros_msgs/share/micro_ros_msgs/msg/Node.msg
[1.042s] -- Up-to-date: /home/chiva/uros_ws/install/micro_ros_msgs/share/micro_ros_msgs/msg/Entity.msg
[1.043s] -- Up-to-date: /home/chiva/uros_ws/install/micro_ros_msgs/share/ament_index/resource_index/package_run_dependencies/micro_ros_msgs
[1.043s] -- Up-to-date: /home/chiva/uros_ws/install/micro_ros_msgs/share/ament_index/resource_index/parent_prefix_path/micro_ros_msgs
[1.043s] -- Up-to-date: /home/chiva/uros_ws/install/micro_ros_msgs/share/micro_ros_msgs/environment/ament_prefix_path.sh
[1.043s] -- Up-to-date: /home/chiva/uros_ws/install/micro_ros_msgs/share/micro_ros_msgs/environment/ament_prefix_path.dsv
[1.043s] -- Up-to-date: /home/chiva/uros_ws/install/micro_ros_msgs/share/micro_ros_msgs/environment/path.sh
[1.043s] -- Up-to-date: /home/chiva/uros_ws/install/micro_ros_msgs/share/micro_ros_msgs/environment/path.dsv
[1.044s] -- Up-to-date: /home/chiva/uros_ws/install/micro_ros_msgs/share/micro_ros_msgs/local_setup.bash
[1.044s] -- Up-to-date: /home/chiva/uros_ws/install/micro_ros_msgs/share/micro_ros_msgs/local_setup.sh
[1.044s] -- Up-to-date: /home/chiva/uros_ws/install/micro_ros_msgs/share/micro_ros_msgs/local_setup.zsh
[1.044s] -- Up-to-date: /home/chiva/uros_ws/install/micro_ros_msgs/share/micro_ros_msgs/local_setup.dsv
[1.044s] -- Installing: /home/chiva/uros_ws/install/micro_ros_msgs/share/micro_ros_msgs/package.dsv
[1.044s] -- Up-to-date: /home/chiva/uros_ws/install/micro_ros_msgs/share/ament_index/resource_index/packages/micro_ros_msgs
[1.044s] -- Up-to-date: /home/chiva/uros_ws/install/micro_ros_msgs/share/micro_ros_msgs/cmake/export_micro_ros_msgs__rosidl_generator_cExport.cmake
[1.044s] -- Up-to-date: /home/chiva/uros_ws/install/micro_ros_msgs/share/micro_ros_msgs/cmake/export_micro_ros_msgs__rosidl_generator_cExport-noconfig.cmake
[1.045s] -- Up-to-date: /home/chiva/uros_ws/install/micro_ros_msgs/share/micro_ros_msgs/cmake/export_micro_ros_msgs__rosidl_typesupport_fastrtps_cExport.cmake
[1.045s] -- Up-to-date: /home/chiva/uros_ws/install/micro_ros_msgs/share/micro_ros_msgs/cmake/export_micro_ros_msgs__rosidl_typesupport_fastrtps_cExport-noconfig.cmake
[1.045s] -- Up-to-date: /home/chiva/uros_ws/install/micro_ros_msgs/share/micro_ros_msgs/cmake/micro_ros_msgs__rosidl_typesupport_introspection_cExport.cmake
[1.045s] -- Up-to-date: /home/chiva/uros_ws/install/micro_ros_msgs/share/micro_ros_msgs/cmake/micro_ros_msgs__rosidl_typesupport_introspection_cExport-noconfig.cmake
[1.045s] -- Up-to-date: /home/chiva/uros_ws/install/micro_ros_msgs/share/micro_ros_msgs/cmake/micro_ros_msgs__rosidl_typesupport_cExport.cmake
[1.045s] -- Up-to-date: /home/chiva/uros_ws/install/micro_ros_msgs/share/micro_ros_msgs/cmake/micro_ros_msgs__rosidl_typesupport_cExport-noconfig.cmake
[1.045s] -- Up-to-date: /home/chiva/uros_ws/install/micro_ros_msgs/share/micro_ros_msgs/cmake/export_micro_ros_msgs__rosidl_generator_cppExport.cmake
[1.045s] -- Up-to-date: /home/chiva/uros_ws/install/micro_ros_msgs/share/micro_ros_msgs/cmake/export_micro_ros_msgs__rosidl_typesupport_fastrtps_cppExport.cmake
[1.045s] -- Up-to-date: /home/chiva/uros_ws/install/micro_ros_msgs/share/micro_ros_msgs/cmake/export_micro_ros_msgs__rosidl_typesupport_fastrtps_cppExport-noconfig.cmake
[1.046s] -- Up-to-date: /home/chiva/uros_ws/install/micro_ros_msgs/share/micro_ros_msgs/cmake/micro_ros_msgs__rosidl_typesupport_introspection_cppExport.cmake
[1.046s] -- Up-to-date: /home/chiva/uros_ws/install/micro_ros_msgs/share/micro_ros_msgs/cmake/micro_ros_msgs__rosidl_typesupport_introspection_cppExport-noconfig.cmake
[1.046s] -- Up-to-date: /home/chiva/uros_ws/install/micro_ros_msgs/share/micro_ros_msgs/cmake/micro_ros_msgs__rosidl_typesupport_cppExport.cmake
[1.046s] -- Up-to-date: /home/chiva/uros_ws/install/micro_ros_msgs/share/micro_ros_msgs/cmake/micro_ros_msgs__rosidl_typesupport_cppExport-noconfig.cmake
[1.046s] -- Up-to-date: /home/chiva/uros_ws/install/micro_ros_msgs/share/micro_ros_msgs/cmake/export_micro_ros_msgs__rosidl_generator_pyExport.cmake
[1.047s] -- Up-to-date: /home/chiva/uros_ws/install/micro_ros_msgs/share/micro_ros_msgs/cmake/export_micro_ros_msgs__rosidl_generator_pyExport-noconfig.cmake
[1.047s] -- Up-to-date: /home/chiva/uros_ws/install/micro_ros_msgs/share/micro_ros_msgs/cmake/rosidl_cmake-extras.cmake
[1.047s] -- Up-to-date: /home/chiva/uros_ws/install/micro_ros_msgs/share/micro_ros_msgs/cmake/ament_cmake_export_include_directories-extras.cmake
[1.047s] -- Up-to-date: /home/chiva/uros_ws/install/micro_ros_msgs/share/micro_ros_msgs/cmake/ament_cmake_export_libraries-extras.cmake
[1.047s] -- Up-to-date: /home/chiva/uros_ws/install/micro_ros_msgs/share/micro_ros_msgs/cmake/ament_cmake_export_targets-extras.cmake
[1.047s] -- Up-to-date: /home/chiva/uros_ws/install/micro_ros_msgs/share/micro_ros_msgs/cmake/rosidl_cmake_export_typesupport_targets-extras.cmake
[1.047s] -- Up-to-date: /home/chiva/uros_ws/install/micro_ros_msgs/share/micro_ros_msgs/cmake/ament_cmake_export_dependencies-extras.cmake
[1.048s] -- Up-to-date: /home/chiva/uros_ws/install/micro_ros_msgs/share/micro_ros_msgs/cmake/rosidl_cmake_export_typesupport_libraries-extras.cmake
[1.048s] -- Up-to-date: /home/chiva/uros_ws/install/micro_ros_msgs/share/micro_ros_msgs/cmake/micro_ros_msgsConfig.cmake
[1.048s] -- Up-to-date: /home/chiva/uros_ws/install/micro_ros_msgs/share/micro_ros_msgs/cmake/micro_ros_msgsConfig-version.cmake
[1.048s] -- Up-to-date: /home/chiva/uros_ws/install/micro_ros_msgs/share/micro_ros_msgs/package.xml
[1.051s] Invoked command in '/home/chiva/uros_ws/build/micro_ros_msgs' returned '0': DEBUGINFOD_URLS=https://debuginfod.ubuntu.com /usr/bin/cmake --install /home/chiva/uros_ws/build/micro_ros_msgs
