[0.040s] Invoking command in '/home/chiva/uros_ws/build/micro_ros_msgs': CMAKE_PREFIX_PATH=${CMAKE_PREFIX_PATH}:/opt/ros/jazzy DEBUGINFOD_URLS=https://debuginfod.ubuntu.com /usr/bin/cmake --build /home/chiva/uros_ws/build/micro_ros_msgs -- -j4 -l4
[0.241s] [  1%] Built target micro_ros_msgs__rosidl_generator_type_description
[0.262s] [  1%] Built target ament_cmake_python_copy_micro_ros_msgs
[0.396s] [  3%] Built target micro_ros_msgs__cpp
[0.482s] [ 24%] Built target micro_ros_msgs__rosidl_generator_c
[0.644s] [ 33%] Built target micro_ros_msgs__rosidl_typesupport_c
[0.665s] [ 42%] Built target micro_ros_msgs__rosidl_typesupport_fastrtps_cpp
[0.685s] [ 51%] Built target micro_ros_msgs__rosidl_typesupport_introspection_cpp
[0.881s] [ 61%] Built target micro_ros_msgs__rosidl_typesupport_introspection_c
[0.896s] [ 70%] Built target micro_ros_msgs__rosidl_typesupport_fastrtps_c
[0.898s] [ 79%] Built target micro_ros_msgs__rosidl_typesupport_cpp
[1.013s] [ 79%] Built target micro_ros_msgs
[1.160s] [ 81%] Built target micro_ros_msgs__py
[1.309s] [ 88%] Built target micro_ros_msgs__rosidl_generator_py
[1.441s] [ 92%] Built target micro_ros_msgs_s__rosidl_typesupport_fastrtps_c
[1.447s] [ 96%] Built target micro_ros_msgs_s__rosidl_typesupport_c
[1.459s] [100%] Built target micro_ros_msgs_s__rosidl_typesupport_introspection_c
[1.489s] running egg_info
[1.541s] writing micro_ros_msgs.egg-info/PKG-INFO
[1.541s] writing dependency_links to micro_ros_msgs.egg-info/dependency_links.txt
[1.541s] writing top-level names to micro_ros_msgs.egg-info/top_level.txt
[1.687s] reading manifest file 'micro_ros_msgs.egg-info/SOURCES.txt'
[1.688s] writing manifest file 'micro_ros_msgs.egg-info/SOURCES.txt'
[1.764s] [100%] Built target ament_cmake_python_build_micro_ros_msgs_egg
[1.792s] Invoked command in '/home/chiva/uros_ws/build/micro_ros_msgs' returned '0': CMAKE_PREFIX_PATH=${CMAKE_PREFIX_PATH}:/opt/ros/jazzy DEBUGINFOD_URLS=https://debuginfod.ubuntu.com /usr/bin/cmake --build /home/chiva/uros_ws/build/micro_ros_msgs -- -j4 -l4
[1.796s] Invoking command in '/home/chiva/uros_ws/build/micro_ros_msgs': CMAKE_PREFIX_PATH=${CMAKE_PREFIX_PATH}:/opt/ros/jazzy DEBUGINFOD_URLS=https://debuginfod.ubuntu.com /usr/bin/cmake --install /home/chiva/uros_ws/build/micro_ros_msgs
[1.817s] -- Install configuration: ""
[1.818s] -- Up-to-date: /home/chiva/uros_ws/install/micro_ros_msgs/share/ament_index/resource_index/rosidl_interfaces/micro_ros_msgs
[1.819s] -- Up-to-date: /home/chiva/uros_ws/install/micro_ros_msgs/share/micro_ros_msgs/msg/Graph.json
[1.819s] -- Up-to-date: /home/chiva/uros_ws/install/micro_ros_msgs/share/micro_ros_msgs/msg/Node.json
[1.820s] -- Up-to-date: /home/chiva/uros_ws/install/micro_ros_msgs/share/micro_ros_msgs/msg/Entity.json
[1.821s] -- Up-to-date: /home/chiva/uros_ws/install/micro_ros_msgs/include/micro_ros_msgs/micro_ros_msgs
[1.821s] -- Up-to-date: /home/chiva/uros_ws/install/micro_ros_msgs/include/micro_ros_msgs/micro_ros_msgs/msg
[1.822s] -- Up-to-date: /home/chiva/uros_ws/install/micro_ros_msgs/include/micro_ros_msgs/micro_ros_msgs/msg/rosidl_generator_c__visibility_control.h
[1.822s] -- Up-to-date: /home/chiva/uros_ws/install/micro_ros_msgs/include/micro_ros_msgs/micro_ros_msgs/msg/graph.h
[1.823s] -- Up-to-date: /home/chiva/uros_ws/install/micro_ros_msgs/include/micro_ros_msgs/micro_ros_msgs/msg/detail
[1.823s] -- Up-to-date: /home/chiva/uros_ws/install/micro_ros_msgs/include/micro_ros_msgs/micro_ros_msgs/msg/detail/node__type_support.h
[1.824s] -- Up-to-date: /home/chiva/uros_ws/install/micro_ros_msgs/include/micro_ros_msgs/micro_ros_msgs/msg/detail/entity__functions.c
[1.824s] -- Up-to-date: /home/chiva/uros_ws/install/micro_ros_msgs/include/micro_ros_msgs/micro_ros_msgs/msg/detail/entity__description.c
[1.825s] -- Up-to-date: /home/chiva/uros_ws/install/micro_ros_msgs/include/micro_ros_msgs/micro_ros_msgs/msg/detail/graph__functions.h
[1.825s] -- Up-to-date: /home/chiva/uros_ws/install/micro_ros_msgs/include/micro_ros_msgs/micro_ros_msgs/msg/detail/node__description.c
[1.825s] -- Installing: /home/chiva/uros_ws/install/micro_ros_msgs/include/micro_ros_msgs/micro_ros_msgs/msg/detail/entity__type_support.c
[1.829s] -- Up-to-date: /home/chiva/uros_ws/install/micro_ros_msgs/include/micro_ros_msgs/micro_ros_msgs/msg/detail/graph__type_support.h
[1.829s] -- Up-to-date: /home/chiva/uros_ws/install/micro_ros_msgs/include/micro_ros_msgs/micro_ros_msgs/msg/detail/graph__description.c
[1.832s] -- Up-to-date: /home/chiva/uros_ws/install/micro_ros_msgs/include/micro_ros_msgs/micro_ros_msgs/msg/detail/node__struct.h
[1.834s] -- Up-to-date: /home/chiva/uros_ws/install/micro_ros_msgs/include/micro_ros_msgs/micro_ros_msgs/msg/detail/entity__functions.h
[1.835s] -- Up-to-date: /home/chiva/uros_ws/install/micro_ros_msgs/include/micro_ros_msgs/micro_ros_msgs/msg/detail/entity__type_support.h
[1.835s] -- Up-to-date: /home/chiva/uros_ws/install/micro_ros_msgs/include/micro_ros_msgs/micro_ros_msgs/msg/detail/entity__struct.h
[1.836s] -- Installing: /home/chiva/uros_ws/install/micro_ros_msgs/include/micro_ros_msgs/micro_ros_msgs/msg/detail/node__type_support.c
[1.836s] -- Up-to-date: /home/chiva/uros_ws/install/micro_ros_msgs/include/micro_ros_msgs/micro_ros_msgs/msg/detail/graph__functions.c
[1.836s] -- Up-to-date: /home/chiva/uros_ws/install/micro_ros_msgs/include/micro_ros_msgs/micro_ros_msgs/msg/detail/graph__struct.h
[1.837s] -- Installing: /home/chiva/uros_ws/install/micro_ros_msgs/include/micro_ros_msgs/micro_ros_msgs/msg/detail/graph__type_support.c
[1.837s] -- Up-to-date: /home/chiva/uros_ws/install/micro_ros_msgs/include/micro_ros_msgs/micro_ros_msgs/msg/detail/node__functions.h
[1.837s] -- Up-to-date: /home/chiva/uros_ws/install/micro_ros_msgs/include/micro_ros_msgs/micro_ros_msgs/msg/detail/node__functions.c
[1.838s] -- Up-to-date: /home/chiva/uros_ws/install/micro_ros_msgs/include/micro_ros_msgs/micro_ros_msgs/msg/entity.h
[1.838s] -- Up-to-date: /home/chiva/uros_ws/install/micro_ros_msgs/include/micro_ros_msgs/micro_ros_msgs/msg/node.h
[1.838s] -- Up-to-date: /home/chiva/uros_ws/install/micro_ros_msgs/share/micro_ros_msgs/environment/library_path.sh
[1.838s] -- Up-to-date: /home/chiva/uros_ws/install/micro_ros_msgs/share/micro_ros_msgs/environment/library_path.dsv
[1.839s] -- Up-to-date: /home/chiva/uros_ws/install/micro_ros_msgs/lib/libmicro_ros_msgs__rosidl_generator_c.so
[1.839s] -- Up-to-date: /home/chiva/uros_ws/install/micro_ros_msgs/include/micro_ros_msgs/micro_ros_msgs
[1.840s] -- Up-to-date: /home/chiva/uros_ws/install/micro_ros_msgs/include/micro_ros_msgs/micro_ros_msgs/msg
[1.841s] -- Up-to-date: /home/chiva/uros_ws/install/micro_ros_msgs/include/micro_ros_msgs/micro_ros_msgs/msg/rosidl_typesupport_fastrtps_c__visibility_control.h
[1.841s] -- Up-to-date: /home/chiva/uros_ws/install/micro_ros_msgs/include/micro_ros_msgs/micro_ros_msgs/msg/detail
[1.842s] -- Up-to-date: /home/chiva/uros_ws/install/micro_ros_msgs/include/micro_ros_msgs/micro_ros_msgs/msg/detail/node__rosidl_typesupport_fastrtps_c.h
[1.842s] -- Up-to-date: /home/chiva/uros_ws/install/micro_ros_msgs/include/micro_ros_msgs/micro_ros_msgs/msg/detail/entity__rosidl_typesupport_fastrtps_c.h
[1.842s] -- Up-to-date: /home/chiva/uros_ws/install/micro_ros_msgs/include/micro_ros_msgs/micro_ros_msgs/msg/detail/graph__rosidl_typesupport_fastrtps_c.h
[1.843s] -- Up-to-date: /home/chiva/uros_ws/install/micro_ros_msgs/lib/libmicro_ros_msgs__rosidl_typesupport_fastrtps_c.so
[1.844s] -- Up-to-date: /home/chiva/uros_ws/install/micro_ros_msgs/include/micro_ros_msgs/micro_ros_msgs
[1.844s] -- Up-to-date: /home/chiva/uros_ws/install/micro_ros_msgs/include/micro_ros_msgs/micro_ros_msgs/msg
[1.845s] -- Up-to-date: /home/chiva/uros_ws/install/micro_ros_msgs/include/micro_ros_msgs/micro_ros_msgs/msg/detail
[1.845s] -- Up-to-date: /home/chiva/uros_ws/install/micro_ros_msgs/include/micro_ros_msgs/micro_ros_msgs/msg/detail/graph__rosidl_typesupport_introspection_c.h
[1.846s] -- Installing: /home/chiva/uros_ws/install/micro_ros_msgs/include/micro_ros_msgs/micro_ros_msgs/msg/detail/entity__type_support.c
[1.847s] -- Up-to-date: /home/chiva/uros_ws/install/micro_ros_msgs/include/micro_ros_msgs/micro_ros_msgs/msg/detail/node__rosidl_typesupport_introspection_c.h
[1.847s] -- Up-to-date: /home/chiva/uros_ws/install/micro_ros_msgs/include/micro_ros_msgs/micro_ros_msgs/msg/detail/entity__rosidl_typesupport_introspection_c.h
[1.848s] -- Installing: /home/chiva/uros_ws/install/micro_ros_msgs/include/micro_ros_msgs/micro_ros_msgs/msg/detail/node__type_support.c
[1.848s] -- Installing: /home/chiva/uros_ws/install/micro_ros_msgs/include/micro_ros_msgs/micro_ros_msgs/msg/detail/graph__type_support.c
[1.849s] -- Up-to-date: /home/chiva/uros_ws/install/micro_ros_msgs/include/micro_ros_msgs/micro_ros_msgs/msg/rosidl_typesupport_introspection_c__visibility_control.h
[1.849s] -- Up-to-date: /home/chiva/uros_ws/install/micro_ros_msgs/lib/libmicro_ros_msgs__rosidl_typesupport_introspection_c.so
[1.849s] -- Up-to-date: /home/chiva/uros_ws/install/micro_ros_msgs/lib/libmicro_ros_msgs__rosidl_typesupport_c.so
[1.850s] -- Up-to-date: /home/chiva/uros_ws/install/micro_ros_msgs/include/micro_ros_msgs/micro_ros_msgs
[1.850s] -- Up-to-date: /home/chiva/uros_ws/install/micro_ros_msgs/include/micro_ros_msgs/micro_ros_msgs/msg
[1.850s] -- Up-to-date: /home/chiva/uros_ws/install/micro_ros_msgs/include/micro_ros_msgs/micro_ros_msgs/msg/rosidl_generator_cpp__visibility_control.hpp
[1.851s] -- Up-to-date: /home/chiva/uros_ws/install/micro_ros_msgs/include/micro_ros_msgs/micro_ros_msgs/msg/entity.hpp
[1.851s] -- Up-to-date: /home/chiva/uros_ws/install/micro_ros_msgs/include/micro_ros_msgs/micro_ros_msgs/msg/graph.hpp
[1.852s] -- Up-to-date: /home/chiva/uros_ws/install/micro_ros_msgs/include/micro_ros_msgs/micro_ros_msgs/msg/detail
[1.852s] -- Up-to-date: /home/chiva/uros_ws/install/micro_ros_msgs/include/micro_ros_msgs/micro_ros_msgs/msg/detail/graph__traits.hpp
[1.852s] -- Up-to-date: /home/chiva/uros_ws/install/micro_ros_msgs/include/micro_ros_msgs/micro_ros_msgs/msg/detail/graph__type_support.hpp
[1.853s] -- Up-to-date: /home/chiva/uros_ws/install/micro_ros_msgs/include/micro_ros_msgs/micro_ros_msgs/msg/detail/graph__struct.hpp
[1.853s] -- Up-to-date: /home/chiva/uros_ws/install/micro_ros_msgs/include/micro_ros_msgs/micro_ros_msgs/msg/detail/entity__builder.hpp
[1.853s] -- Up-to-date: /home/chiva/uros_ws/install/micro_ros_msgs/include/micro_ros_msgs/micro_ros_msgs/msg/detail/entity__struct.hpp
[1.854s] -- Up-to-date: /home/chiva/uros_ws/install/micro_ros_msgs/include/micro_ros_msgs/micro_ros_msgs/msg/detail/graph__builder.hpp
[1.854s] -- Up-to-date: /home/chiva/uros_ws/install/micro_ros_msgs/include/micro_ros_msgs/micro_ros_msgs/msg/detail/entity__traits.hpp
[1.854s] -- Up-to-date: /home/chiva/uros_ws/install/micro_ros_msgs/include/micro_ros_msgs/micro_ros_msgs/msg/detail/node__struct.hpp
[1.855s] -- Up-to-date: /home/chiva/uros_ws/install/micro_ros_msgs/include/micro_ros_msgs/micro_ros_msgs/msg/detail/node__type_support.hpp
[1.855s] -- Up-to-date: /home/chiva/uros_ws/install/micro_ros_msgs/include/micro_ros_msgs/micro_ros_msgs/msg/detail/node__traits.hpp
[1.855s] -- Up-to-date: /home/chiva/uros_ws/install/micro_ros_msgs/include/micro_ros_msgs/micro_ros_msgs/msg/detail/node__builder.hpp
[1.855s] -- Up-to-date: /home/chiva/uros_ws/install/micro_ros_msgs/include/micro_ros_msgs/micro_ros_msgs/msg/detail/entity__type_support.hpp
[1.856s] -- Up-to-date: /home/chiva/uros_ws/install/micro_ros_msgs/include/micro_ros_msgs/micro_ros_msgs/msg/node.hpp
[1.856s] -- Up-to-date: /home/chiva/uros_ws/install/micro_ros_msgs/include/micro_ros_msgs/micro_ros_msgs
[1.856s] -- Up-to-date: /home/chiva/uros_ws/install/micro_ros_msgs/include/micro_ros_msgs/micro_ros_msgs/msg
[1.857s] -- Up-to-date: /home/chiva/uros_ws/install/micro_ros_msgs/include/micro_ros_msgs/micro_ros_msgs/msg/detail
[1.857s] -- Up-to-date: /home/chiva/uros_ws/install/micro_ros_msgs/include/micro_ros_msgs/micro_ros_msgs/msg/detail/node__rosidl_typesupport_fastrtps_cpp.hpp
[1.857s] -- Up-to-date: /home/chiva/uros_ws/install/micro_ros_msgs/include/micro_ros_msgs/micro_ros_msgs/msg/detail/entity__rosidl_typesupport_fastrtps_cpp.hpp
[1.858s] -- Up-to-date: /home/chiva/uros_ws/install/micro_ros_msgs/include/micro_ros_msgs/micro_ros_msgs/msg/detail/dds_fastrtps
[1.858s] -- Up-to-date: /home/chiva/uros_ws/install/micro_ros_msgs/include/micro_ros_msgs/micro_ros_msgs/msg/detail/graph__rosidl_typesupport_fastrtps_cpp.hpp
[1.858s] -- Up-to-date: /home/chiva/uros_ws/install/micro_ros_msgs/include/micro_ros_msgs/micro_ros_msgs/msg/rosidl_typesupport_fastrtps_cpp__visibility_control.h
[1.858s] -- Up-to-date: /home/chiva/uros_ws/install/micro_ros_msgs/lib/libmicro_ros_msgs__rosidl_typesupport_fastrtps_cpp.so
[1.859s] -- Up-to-date: /home/chiva/uros_ws/install/micro_ros_msgs/include/micro_ros_msgs/micro_ros_msgs
[1.859s] -- Up-to-date: /home/chiva/uros_ws/install/micro_ros_msgs/include/micro_ros_msgs/micro_ros_msgs/msg
[1.859s] -- Up-to-date: /home/chiva/uros_ws/install/micro_ros_msgs/include/micro_ros_msgs/micro_ros_msgs/msg/detail
[1.860s] -- Up-to-date: /home/chiva/uros_ws/install/micro_ros_msgs/include/micro_ros_msgs/micro_ros_msgs/msg/detail/node__rosidl_typesupport_introspection_cpp.hpp
[1.860s] -- Up-to-date: /home/chiva/uros_ws/install/micro_ros_msgs/include/micro_ros_msgs/micro_ros_msgs/msg/detail/graph__rosidl_typesupport_introspection_cpp.hpp
[1.860s] -- Up-to-date: /home/chiva/uros_ws/install/micro_ros_msgs/include/micro_ros_msgs/micro_ros_msgs/msg/detail/entity__rosidl_typesupport_introspection_cpp.hpp
[1.861s] -- Up-to-date: /home/chiva/uros_ws/install/micro_ros_msgs/include/micro_ros_msgs/micro_ros_msgs/msg/detail/node__type_support.cpp
[1.861s] -- Up-to-date: /home/chiva/uros_ws/install/micro_ros_msgs/include/micro_ros_msgs/micro_ros_msgs/msg/detail/entity__type_support.cpp
[1.861s] -- Up-to-date: /home/chiva/uros_ws/install/micro_ros_msgs/include/micro_ros_msgs/micro_ros_msgs/msg/detail/graph__type_support.cpp
[1.862s] -- Up-to-date: /home/chiva/uros_ws/install/micro_ros_msgs/lib/libmicro_ros_msgs__rosidl_typesupport_introspection_cpp.so
[1.862s] -- Up-to-date: /home/chiva/uros_ws/install/micro_ros_msgs/lib/libmicro_ros_msgs__rosidl_typesupport_cpp.so
[1.862s] -- Up-to-date: /home/chiva/uros_ws/install/micro_ros_msgs/share/micro_ros_msgs/environment/pythonpath.sh
[1.863s] -- Up-to-date: /home/chiva/uros_ws/install/micro_ros_msgs/share/micro_ros_msgs/environment/pythonpath.dsv
[1.863s] -- Up-to-date: /home/chiva/uros_ws/install/micro_ros_msgs/lib/python3.12/site-packages/micro_ros_msgs-5.0.2-py3.12.egg-info
[1.864s] -- Installing: /home/chiva/uros_ws/install/micro_ros_msgs/lib/python3.12/site-packages/micro_ros_msgs-5.0.2-py3.12.egg-info/SOURCES.txt
[1.864s] -- Installing: /home/chiva/uros_ws/install/micro_ros_msgs/lib/python3.12/site-packages/micro_ros_msgs-5.0.2-py3.12.egg-info/top_level.txt
[1.864s] -- Installing: /home/chiva/uros_ws/install/micro_ros_msgs/lib/python3.12/site-packages/micro_ros_msgs-5.0.2-py3.12.egg-info/PKG-INFO
[1.865s] -- Installing: /home/chiva/uros_ws/install/micro_ros_msgs/lib/python3.12/site-packages/micro_ros_msgs-5.0.2-py3.12.egg-info/dependency_links.txt
[1.865s] -- Up-to-date: /home/chiva/uros_ws/install/micro_ros_msgs/lib/python3.12/site-packages/micro_ros_msgs
[1.865s] -- Up-to-date: /home/chiva/uros_ws/install/micro_ros_msgs/lib/python3.12/site-packages/micro_ros_msgs/micro_ros_msgs_s__rosidl_typesupport_fastrtps_c.so
[1.865s] -- Up-to-date: /home/chiva/uros_ws/install/micro_ros_msgs/lib/python3.12/site-packages/micro_ros_msgs/_micro_ros_msgs_s.ep.rosidl_typesupport_fastrtps_c.c
[1.866s] -- Up-to-date: /home/chiva/uros_ws/install/micro_ros_msgs/lib/python3.12/site-packages/micro_ros_msgs/micro_ros_msgs_s__rosidl_typesupport_introspection_c.so
[1.866s] -- Up-to-date: /home/chiva/uros_ws/install/micro_ros_msgs/lib/python3.12/site-packages/micro_ros_msgs/msg
[1.866s] -- Up-to-date: /home/chiva/uros_ws/install/micro_ros_msgs/lib/python3.12/site-packages/micro_ros_msgs/msg/_entity.py
[1.867s] -- Up-to-date: /home/chiva/uros_ws/install/micro_ros_msgs/lib/python3.12/site-packages/micro_ros_msgs/msg/_node.py
[1.867s] -- Up-to-date: /home/chiva/uros_ws/install/micro_ros_msgs/lib/python3.12/site-packages/micro_ros_msgs/msg/__init__.py
[1.867s] -- Up-to-date: /home/chiva/uros_ws/install/micro_ros_msgs/lib/python3.12/site-packages/micro_ros_msgs/msg/_entity_s.c
[1.867s] -- Up-to-date: /home/chiva/uros_ws/install/micro_ros_msgs/lib/python3.12/site-packages/micro_ros_msgs/msg/_node_s.c
[1.868s] -- Up-to-date: /home/chiva/uros_ws/install/micro_ros_msgs/lib/python3.12/site-packages/micro_ros_msgs/msg/_graph_s.c
[1.868s] -- Up-to-date: /home/chiva/uros_ws/install/micro_ros_msgs/lib/python3.12/site-packages/micro_ros_msgs/msg/_graph.py
[1.868s] -- Up-to-date: /home/chiva/uros_ws/install/micro_ros_msgs/lib/python3.12/site-packages/micro_ros_msgs/__init__.py
[1.869s] -- Up-to-date: /home/chiva/uros_ws/install/micro_ros_msgs/lib/python3.12/site-packages/micro_ros_msgs/_micro_ros_msgs_s.ep.rosidl_typesupport_c.c
[1.869s] -- Up-to-date: /home/chiva/uros_ws/install/micro_ros_msgs/lib/python3.12/site-packages/micro_ros_msgs/micro_ros_msgs_s__rosidl_typesupport_c.so
[1.869s] -- Up-to-date: /home/chiva/uros_ws/install/micro_ros_msgs/lib/python3.12/site-packages/micro_ros_msgs/_micro_ros_msgs_s.ep.rosidl_typesupport_introspection_c.c
[1.954s] Listing '/home/chiva/uros_ws/install/micro_ros_msgs/lib/python3.12/site-packages/micro_ros_msgs'...
[1.955s] Listing '/home/chiva/uros_ws/install/micro_ros_msgs/lib/python3.12/site-packages/micro_ros_msgs/msg'...
[1.969s] -- Up-to-date: /home/chiva/uros_ws/install/micro_ros_msgs/lib/python3.12/site-packages/micro_ros_msgs/micro_ros_msgs_s__rosidl_typesupport_fastrtps_c.so
[1.971s] -- Up-to-date: /home/chiva/uros_ws/install/micro_ros_msgs/lib/python3.12/site-packages/micro_ros_msgs/micro_ros_msgs_s__rosidl_typesupport_introspection_c.so
[1.972s] -- Up-to-date: /home/chiva/uros_ws/install/micro_ros_msgs/lib/python3.12/site-packages/micro_ros_msgs/micro_ros_msgs_s__rosidl_typesupport_c.so
[1.975s] -- Up-to-date: /home/chiva/uros_ws/install/micro_ros_msgs/lib/libmicro_ros_msgs__rosidl_generator_py.so
[1.978s] -- Up-to-date: /home/chiva/uros_ws/install/micro_ros_msgs/share/micro_ros_msgs/msg/Graph.idl
[1.978s] -- Up-to-date: /home/chiva/uros_ws/install/micro_ros_msgs/share/micro_ros_msgs/msg/Node.idl
[1.980s] -- Up-to-date: /home/chiva/uros_ws/install/micro_ros_msgs/share/micro_ros_msgs/msg/Entity.idl
[1.981s] -- Up-to-date: /home/chiva/uros_ws/install/micro_ros_msgs/share/micro_ros_msgs/msg/Graph.msg
[1.981s] -- Up-to-date: /home/chiva/uros_ws/install/micro_ros_msgs/share/micro_ros_msgs/msg/Node.msg
[1.982s] -- Up-to-date: /home/chiva/uros_ws/install/micro_ros_msgs/share/micro_ros_msgs/msg/Entity.msg
[1.982s] -- Up-to-date: /home/chiva/uros_ws/install/micro_ros_msgs/share/ament_index/resource_index/package_run_dependencies/micro_ros_msgs
[1.982s] -- Up-to-date: /home/chiva/uros_ws/install/micro_ros_msgs/share/ament_index/resource_index/parent_prefix_path/micro_ros_msgs
[1.983s] -- Up-to-date: /home/chiva/uros_ws/install/micro_ros_msgs/share/micro_ros_msgs/environment/ament_prefix_path.sh
[1.983s] -- Up-to-date: /home/chiva/uros_ws/install/micro_ros_msgs/share/micro_ros_msgs/environment/ament_prefix_path.dsv
[1.983s] -- Up-to-date: /home/chiva/uros_ws/install/micro_ros_msgs/share/micro_ros_msgs/environment/path.sh
[1.984s] -- Up-to-date: /home/chiva/uros_ws/install/micro_ros_msgs/share/micro_ros_msgs/environment/path.dsv
[1.984s] -- Up-to-date: /home/chiva/uros_ws/install/micro_ros_msgs/share/micro_ros_msgs/local_setup.bash
[1.984s] -- Up-to-date: /home/chiva/uros_ws/install/micro_ros_msgs/share/micro_ros_msgs/local_setup.sh
[1.985s] -- Up-to-date: /home/chiva/uros_ws/install/micro_ros_msgs/share/micro_ros_msgs/local_setup.zsh
[1.985s] -- Up-to-date: /home/chiva/uros_ws/install/micro_ros_msgs/share/micro_ros_msgs/local_setup.dsv
[1.985s] -- Installing: /home/chiva/uros_ws/install/micro_ros_msgs/share/micro_ros_msgs/package.dsv
[1.985s] -- Up-to-date: /home/chiva/uros_ws/install/micro_ros_msgs/share/ament_index/resource_index/packages/micro_ros_msgs
[1.987s] -- Up-to-date: /home/chiva/uros_ws/install/micro_ros_msgs/share/micro_ros_msgs/cmake/export_micro_ros_msgs__rosidl_generator_cExport.cmake
[1.987s] -- Up-to-date: /home/chiva/uros_ws/install/micro_ros_msgs/share/micro_ros_msgs/cmake/export_micro_ros_msgs__rosidl_generator_cExport-noconfig.cmake
[1.987s] -- Up-to-date: /home/chiva/uros_ws/install/micro_ros_msgs/share/micro_ros_msgs/cmake/export_micro_ros_msgs__rosidl_typesupport_fastrtps_cExport.cmake
[1.988s] -- Up-to-date: /home/chiva/uros_ws/install/micro_ros_msgs/share/micro_ros_msgs/cmake/export_micro_ros_msgs__rosidl_typesupport_fastrtps_cExport-noconfig.cmake
[1.988s] -- Up-to-date: /home/chiva/uros_ws/install/micro_ros_msgs/share/micro_ros_msgs/cmake/micro_ros_msgs__rosidl_typesupport_introspection_cExport.cmake
[1.988s] -- Up-to-date: /home/chiva/uros_ws/install/micro_ros_msgs/share/micro_ros_msgs/cmake/micro_ros_msgs__rosidl_typesupport_introspection_cExport-noconfig.cmake
[1.989s] -- Up-to-date: /home/chiva/uros_ws/install/micro_ros_msgs/share/micro_ros_msgs/cmake/micro_ros_msgs__rosidl_typesupport_cExport.cmake
[1.989s] -- Up-to-date: /home/chiva/uros_ws/install/micro_ros_msgs/share/micro_ros_msgs/cmake/micro_ros_msgs__rosidl_typesupport_cExport-noconfig.cmake
[1.991s] -- Up-to-date: /home/chiva/uros_ws/install/micro_ros_msgs/share/micro_ros_msgs/cmake/export_micro_ros_msgs__rosidl_generator_cppExport.cmake
[1.991s] -- Up-to-date: /home/chiva/uros_ws/install/micro_ros_msgs/share/micro_ros_msgs/cmake/export_micro_ros_msgs__rosidl_typesupport_fastrtps_cppExport.cmake
[1.992s] -- Up-to-date: /home/chiva/uros_ws/install/micro_ros_msgs/share/micro_ros_msgs/cmake/export_micro_ros_msgs__rosidl_typesupport_fastrtps_cppExport-noconfig.cmake
[1.992s] -- Up-to-date: /home/chiva/uros_ws/install/micro_ros_msgs/share/micro_ros_msgs/cmake/micro_ros_msgs__rosidl_typesupport_introspection_cppExport.cmake
[1.993s] -- Up-to-date: /home/chiva/uros_ws/install/micro_ros_msgs/share/micro_ros_msgs/cmake/micro_ros_msgs__rosidl_typesupport_introspection_cppExport-noconfig.cmake
[1.993s] -- Up-to-date: /home/chiva/uros_ws/install/micro_ros_msgs/share/micro_ros_msgs/cmake/micro_ros_msgs__rosidl_typesupport_cppExport.cmake
[1.993s] -- Up-to-date: /home/chiva/uros_ws/install/micro_ros_msgs/share/micro_ros_msgs/cmake/micro_ros_msgs__rosidl_typesupport_cppExport-noconfig.cmake
[1.993s] -- Up-to-date: /home/chiva/uros_ws/install/micro_ros_msgs/share/micro_ros_msgs/cmake/export_micro_ros_msgs__rosidl_generator_pyExport.cmake
[1.994s] -- Up-to-date: /home/chiva/uros_ws/install/micro_ros_msgs/share/micro_ros_msgs/cmake/export_micro_ros_msgs__rosidl_generator_pyExport-noconfig.cmake
[1.995s] -- Up-to-date: /home/chiva/uros_ws/install/micro_ros_msgs/share/micro_ros_msgs/cmake/rosidl_cmake-extras.cmake
[1.997s] -- Up-to-date: /home/chiva/uros_ws/install/micro_ros_msgs/share/micro_ros_msgs/cmake/ament_cmake_export_include_directories-extras.cmake
[1.999s] -- Up-to-date: /home/chiva/uros_ws/install/micro_ros_msgs/share/micro_ros_msgs/cmake/ament_cmake_export_libraries-extras.cmake
[1.999s] -- Up-to-date: /home/chiva/uros_ws/install/micro_ros_msgs/share/micro_ros_msgs/cmake/ament_cmake_export_targets-extras.cmake
[1.999s] -- Up-to-date: /home/chiva/uros_ws/install/micro_ros_msgs/share/micro_ros_msgs/cmake/rosidl_cmake_export_typesupport_targets-extras.cmake
[2.000s] -- Up-to-date: /home/chiva/uros_ws/install/micro_ros_msgs/share/micro_ros_msgs/cmake/ament_cmake_export_dependencies-extras.cmake
[2.000s] -- Up-to-date: /home/chiva/uros_ws/install/micro_ros_msgs/share/micro_ros_msgs/cmake/rosidl_cmake_export_typesupport_libraries-extras.cmake
[2.000s] -- Up-to-date: /home/chiva/uros_ws/install/micro_ros_msgs/share/micro_ros_msgs/cmake/micro_ros_msgsConfig.cmake
[2.001s] -- Up-to-date: /home/chiva/uros_ws/install/micro_ros_msgs/share/micro_ros_msgs/cmake/micro_ros_msgsConfig-version.cmake
[2.001s] -- Up-to-date: /home/chiva/uros_ws/install/micro_ros_msgs/share/micro_ros_msgs/package.xml
[2.003s] Invoked command in '/home/chiva/uros_ws/build/micro_ros_msgs' returned '0': CMAKE_PREFIX_PATH=${CMAKE_PREFIX_PATH}:/opt/ros/jazzy DEBUGINFOD_URLS=https://debuginfod.ubuntu.com /usr/bin/cmake --install /home/chiva/uros_ws/build/micro_ros_msgs
