[0.198s] DEBUG:colcon:Command line arguments: ['/usr/bin/colcon', 'build']
[0.198s] DEBUG:colcon:Parsed command line arguments: Namespace(log_base=None, log_level=None, verb_name='build', build_base='build', install_base='install', merge_install=False, symlink_install=False, test_result_base=None, continue_on_error=False, executor='parallel', parallel_workers=4, event_handlers=None, ignore_user_meta=False, metas=['./colcon.meta'], base_paths=['.'], packages_ignore=None, packages_ignore_regex=None, paths=None, packages_up_to=None, packages_up_to_regex=None, packages_above=None, packages_above_and_dependencies=None, packages_above_depth=None, packages_select_by_dep=None, packages_skip_by_dep=None, packages_skip_up_to=None, packages_select_build_failed=False, packages_skip_build_finished=False, packages_select_test_failures=False, packages_skip_test_passed=False, packages_select=None, packages_skip=None, packages_select_regex=None, packages_skip_regex=None, packages_start=None, packages_end=None, allow_overriding=[], cmake_args=None, cmake_target=None, cmake_target_skip_unavailable=False, cmake_clean_cache=False, cmake_clean_first=False, cmake_force_configure=False, ament_cmake_args=None, catkin_cmake_args=None, catkin_skip_building_tests=False, mixin_files=None, mixin=None, verb_parser=<colcon_mixin.mixin.mixin_argument.MixinArgumentDecorator object at 0x70137e9ad7c0>, verb_extension=<colcon_core.verb.build.BuildVerb object at 0x70137e9ac830>, main=<bound method BuildVerb.main of <colcon_core.verb.build.BuildVerb object at 0x70137e9ac830>>, mixin_verb=('build',))
[0.268s] Level 1:colcon.colcon_core.package_discovery:discover_packages(colcon_meta) check parameters
[0.268s] Level 1:colcon.colcon_core.package_discovery:discover_packages(recursive) check parameters
[0.268s] Level 1:colcon.colcon_core.package_discovery:discover_packages(ignore) check parameters
[0.268s] Level 1:colcon.colcon_core.package_discovery:discover_packages(path) check parameters
[0.268s] Level 1:colcon.colcon_core.package_discovery:discover_packages(colcon_meta) discover
[0.269s] Level 1:colcon.colcon_core.package_discovery:discover_packages(recursive) discover
[0.269s] INFO:colcon.colcon_core.package_discovery:Crawling recursively for packages in '/home/chiva/uros_ws'
[0.269s] Level 1:colcon.colcon_core.package_identification:_identify(.) by extensions ['ignore', 'ignore_ament_install']
[0.269s] Level 1:colcon.colcon_core.package_identification:_identify(.) by extension 'ignore'
[0.269s] Level 1:colcon.colcon_core.package_identification:_identify(.) by extension 'ignore_ament_install'
[0.269s] Level 1:colcon.colcon_core.package_identification:_identify(.) by extensions ['colcon_pkg']
[0.269s] Level 1:colcon.colcon_core.package_identification:_identify(.) by extension 'colcon_pkg'
[0.269s] Level 1:colcon.colcon_core.package_identification:_identify(.) by extensions ['colcon_meta']
[0.269s] Level 1:colcon.colcon_core.package_identification:_identify(.) by extension 'colcon_meta'
[0.269s] Level 1:colcon.colcon_core.package_identification:_identify(.) by extensions ['ros']
[0.269s] Level 1:colcon.colcon_core.package_identification:_identify(.) by extension 'ros'
[0.316s] Level 1:colcon.colcon_core.package_identification:_identify(.) by extensions ['cmake', 'python']
[0.316s] Level 1:colcon.colcon_core.package_identification:_identify(.) by extension 'cmake'
[0.316s] Level 1:colcon.colcon_core.package_identification:_identify(.) by extension 'python'
[0.316s] Level 1:colcon.colcon_core.package_identification:_identify(.) by extensions ['python_setup_py']
[0.316s] Level 1:colcon.colcon_core.package_identification:_identify(.) by extension 'python_setup_py'
[0.316s] Level 1:colcon.colcon_core.package_identification:_identify(build) by extensions ['ignore', 'ignore_ament_install']
[0.316s] Level 1:colcon.colcon_core.package_identification:_identify(build) by extension 'ignore'
[0.316s] Level 1:colcon.colcon_core.package_identification:_identify(build) ignored
[0.317s] Level 1:colcon.colcon_core.package_identification:_identify(install) by extensions ['ignore', 'ignore_ament_install']
[0.317s] Level 1:colcon.colcon_core.package_identification:_identify(install) by extension 'ignore'
[0.317s] Level 1:colcon.colcon_core.package_identification:_identify(install) ignored
[0.317s] Level 1:colcon.colcon_core.package_identification:_identify(log) by extensions ['ignore', 'ignore_ament_install']
[0.317s] Level 1:colcon.colcon_core.package_identification:_identify(log) by extension 'ignore'
[0.317s] Level 1:colcon.colcon_core.package_identification:_identify(log) ignored
[0.317s] Level 1:colcon.colcon_core.package_identification:_identify(src) by extensions ['ignore', 'ignore_ament_install']
[0.317s] Level 1:colcon.colcon_core.package_identification:_identify(src) by extension 'ignore'
[0.318s] Level 1:colcon.colcon_core.package_identification:_identify(src) by extension 'ignore_ament_install'
[0.318s] Level 1:colcon.colcon_core.package_identification:_identify(src) by extensions ['colcon_pkg']
[0.318s] Level 1:colcon.colcon_core.package_identification:_identify(src) by extension 'colcon_pkg'
[0.318s] Level 1:colcon.colcon_core.package_identification:_identify(src) by extensions ['colcon_meta']
[0.318s] Level 1:colcon.colcon_core.package_identification:_identify(src) by extension 'colcon_meta'
[0.318s] Level 1:colcon.colcon_core.package_identification:_identify(src) by extensions ['ros']
[0.318s] Level 1:colcon.colcon_core.package_identification:_identify(src) by extension 'ros'
[0.318s] Level 1:colcon.colcon_core.package_identification:_identify(src) by extensions ['cmake', 'python']
[0.318s] Level 1:colcon.colcon_core.package_identification:_identify(src) by extension 'cmake'
[0.318s] Level 1:colcon.colcon_core.package_identification:_identify(src) by extension 'python'
[0.318s] Level 1:colcon.colcon_core.package_identification:_identify(src) by extensions ['python_setup_py']
[0.318s] Level 1:colcon.colcon_core.package_identification:_identify(src) by extension 'python_setup_py'
[0.319s] Level 1:colcon.colcon_core.package_identification:_identify(src/micro_ros_setup) by extensions ['ignore', 'ignore_ament_install']
[0.319s] Level 1:colcon.colcon_core.package_identification:_identify(src/micro_ros_setup) by extension 'ignore'
[0.319s] Level 1:colcon.colcon_core.package_identification:_identify(src/micro_ros_setup) by extension 'ignore_ament_install'
[0.319s] Level 1:colcon.colcon_core.package_identification:_identify(src/micro_ros_setup) by extensions ['colcon_pkg']
[0.319s] Level 1:colcon.colcon_core.package_identification:_identify(src/micro_ros_setup) by extension 'colcon_pkg'
[0.319s] Level 1:colcon.colcon_core.package_identification:_identify(src/micro_ros_setup) by extensions ['colcon_meta']
[0.319s] Level 1:colcon.colcon_core.package_identification:_identify(src/micro_ros_setup) by extension 'colcon_meta'
[0.319s] Level 1:colcon.colcon_core.package_identification:_identify(src/micro_ros_setup) by extensions ['ros']
[0.319s] Level 1:colcon.colcon_core.package_identification:_identify(src/micro_ros_setup) by extension 'ros'
[0.323s] DEBUG:colcon.colcon_core.package_identification:Package 'src/micro_ros_setup' with type 'ros.ament_cmake' and name 'micro_ros_setup'
[0.323s] Level 1:colcon.colcon_core.package_identification:_identify(src/uros) by extensions ['ignore', 'ignore_ament_install']
[0.324s] Level 1:colcon.colcon_core.package_identification:_identify(src/uros) by extension 'ignore'
[0.324s] Level 1:colcon.colcon_core.package_identification:_identify(src/uros) by extension 'ignore_ament_install'
[0.324s] Level 1:colcon.colcon_core.package_identification:_identify(src/uros) by extensions ['colcon_pkg']
[0.324s] Level 1:colcon.colcon_core.package_identification:_identify(src/uros) by extension 'colcon_pkg'
[0.324s] Level 1:colcon.colcon_core.package_identification:_identify(src/uros) by extensions ['colcon_meta']
[0.324s] Level 1:colcon.colcon_core.package_identification:_identify(src/uros) by extension 'colcon_meta'
[0.324s] Level 1:colcon.colcon_core.package_identification:_identify(src/uros) by extensions ['ros']
[0.324s] Level 1:colcon.colcon_core.package_identification:_identify(src/uros) by extension 'ros'
[0.324s] Level 1:colcon.colcon_core.package_identification:_identify(src/uros) by extensions ['cmake', 'python']
[0.324s] Level 1:colcon.colcon_core.package_identification:_identify(src/uros) by extension 'cmake'
[0.325s] Level 1:colcon.colcon_core.package_identification:_identify(src/uros) by extension 'python'
[0.325s] Level 1:colcon.colcon_core.package_identification:_identify(src/uros) by extensions ['python_setup_py']
[0.325s] Level 1:colcon.colcon_core.package_identification:_identify(src/uros) by extension 'python_setup_py'
[0.325s] Level 1:colcon.colcon_core.package_identification:_identify(src/uros/drive_base) by extensions ['ignore', 'ignore_ament_install']
[0.325s] Level 1:colcon.colcon_core.package_identification:_identify(src/uros/drive_base) by extension 'ignore'
[0.325s] Level 1:colcon.colcon_core.package_identification:_identify(src/uros/drive_base) by extension 'ignore_ament_install'
[0.325s] Level 1:colcon.colcon_core.package_identification:_identify(src/uros/drive_base) by extensions ['colcon_pkg']
[0.325s] Level 1:colcon.colcon_core.package_identification:_identify(src/uros/drive_base) by extension 'colcon_pkg'
[0.325s] Level 1:colcon.colcon_core.package_identification:_identify(src/uros/drive_base) by extensions ['colcon_meta']
[0.325s] Level 1:colcon.colcon_core.package_identification:_identify(src/uros/drive_base) by extension 'colcon_meta'
[0.325s] Level 1:colcon.colcon_core.package_identification:_identify(src/uros/drive_base) by extensions ['ros']
[0.325s] Level 1:colcon.colcon_core.package_identification:_identify(src/uros/drive_base) by extension 'ros'
[0.326s] Level 1:colcon.colcon_core.package_identification:_identify(src/uros/drive_base) by extensions ['cmake', 'python']
[0.326s] Level 1:colcon.colcon_core.package_identification:_identify(src/uros/drive_base) by extension 'cmake'
[0.326s] Level 1:colcon.colcon_core.package_identification:_identify(src/uros/drive_base) by extension 'python'
[0.326s] Level 1:colcon.colcon_core.package_identification:_identify(src/uros/drive_base) by extensions ['python_setup_py']
[0.326s] Level 1:colcon.colcon_core.package_identification:_identify(src/uros/drive_base) by extension 'python_setup_py'
[0.326s] Level 1:colcon.colcon_core.package_identification:_identify(src/uros/drive_base/drive_base_msgs) by extensions ['ignore', 'ignore_ament_install']
[0.326s] Level 1:colcon.colcon_core.package_identification:_identify(src/uros/drive_base/drive_base_msgs) by extension 'ignore'
[0.326s] Level 1:colcon.colcon_core.package_identification:_identify(src/uros/drive_base/drive_base_msgs) by extension 'ignore_ament_install'
[0.326s] Level 1:colcon.colcon_core.package_identification:_identify(src/uros/drive_base/drive_base_msgs) by extensions ['colcon_pkg']
[0.326s] Level 1:colcon.colcon_core.package_identification:_identify(src/uros/drive_base/drive_base_msgs) by extension 'colcon_pkg'
[0.326s] Level 1:colcon.colcon_core.package_identification:_identify(src/uros/drive_base/drive_base_msgs) by extensions ['colcon_meta']
[0.327s] Level 1:colcon.colcon_core.package_identification:_identify(src/uros/drive_base/drive_base_msgs) by extension 'colcon_meta'
[0.327s] Level 1:colcon.colcon_core.package_identification:_identify(src/uros/drive_base/drive_base_msgs) by extensions ['ros']
[0.327s] Level 1:colcon.colcon_core.package_identification:_identify(src/uros/drive_base/drive_base_msgs) by extension 'ros'
[0.327s] DEBUG:colcon.colcon_core.package_identification:Package 'src/uros/drive_base/drive_base_msgs' with type 'ros.ament_cmake' and name 'drive_base_msgs'
[0.328s] Level 1:colcon.colcon_core.package_identification:_identify(src/uros/micro-ROS-Agent) by extensions ['ignore', 'ignore_ament_install']
[0.328s] Level 1:colcon.colcon_core.package_identification:_identify(src/uros/micro-ROS-Agent) by extension 'ignore'
[0.328s] Level 1:colcon.colcon_core.package_identification:_identify(src/uros/micro-ROS-Agent) by extension 'ignore_ament_install'
[0.328s] Level 1:colcon.colcon_core.package_identification:_identify(src/uros/micro-ROS-Agent) by extensions ['colcon_pkg']
[0.328s] Level 1:colcon.colcon_core.package_identification:_identify(src/uros/micro-ROS-Agent) by extension 'colcon_pkg'
[0.328s] Level 1:colcon.colcon_core.package_identification:_identify(src/uros/micro-ROS-Agent) by extensions ['colcon_meta']
[0.328s] Level 1:colcon.colcon_core.package_identification:_identify(src/uros/micro-ROS-Agent) by extension 'colcon_meta'
[0.328s] Level 1:colcon.colcon_core.package_identification:_identify(src/uros/micro-ROS-Agent) by extensions ['ros']
[0.328s] Level 1:colcon.colcon_core.package_identification:_identify(src/uros/micro-ROS-Agent) by extension 'ros'
[0.329s] Level 1:colcon.colcon_core.package_identification:_identify(src/uros/micro-ROS-Agent) by extensions ['cmake', 'python']
[0.329s] Level 1:colcon.colcon_core.package_identification:_identify(src/uros/micro-ROS-Agent) by extension 'cmake'
[0.329s] Level 1:colcon.colcon_core.package_identification:_identify(src/uros/micro-ROS-Agent) by extension 'python'
[0.329s] Level 1:colcon.colcon_core.package_identification:_identify(src/uros/micro-ROS-Agent) by extensions ['python_setup_py']
[0.329s] Level 1:colcon.colcon_core.package_identification:_identify(src/uros/micro-ROS-Agent) by extension 'python_setup_py'
[0.329s] Level 1:colcon.colcon_core.package_identification:_identify(src/uros/micro-ROS-Agent/micro_ros_agent) by extensions ['ignore', 'ignore_ament_install']
[0.329s] Level 1:colcon.colcon_core.package_identification:_identify(src/uros/micro-ROS-Agent/micro_ros_agent) by extension 'ignore'
[0.329s] Level 1:colcon.colcon_core.package_identification:_identify(src/uros/micro-ROS-Agent/micro_ros_agent) by extension 'ignore_ament_install'
[0.329s] Level 1:colcon.colcon_core.package_identification:_identify(src/uros/micro-ROS-Agent/micro_ros_agent) by extensions ['colcon_pkg']
[0.329s] Level 1:colcon.colcon_core.package_identification:_identify(src/uros/micro-ROS-Agent/micro_ros_agent) by extension 'colcon_pkg'
[0.329s] Level 1:colcon.colcon_core.package_identification:_identify(src/uros/micro-ROS-Agent/micro_ros_agent) by extensions ['colcon_meta']
[0.329s] Level 1:colcon.colcon_core.package_identification:_identify(src/uros/micro-ROS-Agent/micro_ros_agent) by extension 'colcon_meta'
[0.330s] Level 1:colcon.colcon_core.package_identification:_identify(src/uros/micro-ROS-Agent/micro_ros_agent) by extensions ['ros']
[0.330s] Level 1:colcon.colcon_core.package_identification:_identify(src/uros/micro-ROS-Agent/micro_ros_agent) by extension 'ros'
[0.331s] DEBUG:colcon.colcon_core.package_identification:Package 'src/uros/micro-ROS-Agent/micro_ros_agent' with type 'ros.ament_cmake' and name 'micro_ros_agent'
[0.331s] Level 1:colcon.colcon_core.package_identification:_identify(src/uros/micro-ROS-Agent/snap) by extensions ['ignore', 'ignore_ament_install']
[0.331s] Level 1:colcon.colcon_core.package_identification:_identify(src/uros/micro-ROS-Agent/snap) by extension 'ignore'
[0.331s] Level 1:colcon.colcon_core.package_identification:_identify(src/uros/micro-ROS-Agent/snap) by extension 'ignore_ament_install'
[0.331s] Level 1:colcon.colcon_core.package_identification:_identify(src/uros/micro-ROS-Agent/snap) by extensions ['colcon_pkg']
[0.331s] Level 1:colcon.colcon_core.package_identification:_identify(src/uros/micro-ROS-Agent/snap) by extension 'colcon_pkg'
[0.331s] Level 1:colcon.colcon_core.package_identification:_identify(src/uros/micro-ROS-Agent/snap) by extensions ['colcon_meta']
[0.331s] Level 1:colcon.colcon_core.package_identification:_identify(src/uros/micro-ROS-Agent/snap) by extension 'colcon_meta'
[0.332s] Level 1:colcon.colcon_core.package_identification:_identify(src/uros/micro-ROS-Agent/snap) by extensions ['ros']
[0.332s] Level 1:colcon.colcon_core.package_identification:_identify(src/uros/micro-ROS-Agent/snap) by extension 'ros'
[0.332s] Level 1:colcon.colcon_core.package_identification:_identify(src/uros/micro-ROS-Agent/snap) by extensions ['cmake', 'python']
[0.332s] Level 1:colcon.colcon_core.package_identification:_identify(src/uros/micro-ROS-Agent/snap) by extension 'cmake'
[0.332s] Level 1:colcon.colcon_core.package_identification:_identify(src/uros/micro-ROS-Agent/snap) by extension 'python'
[0.332s] Level 1:colcon.colcon_core.package_identification:_identify(src/uros/micro-ROS-Agent/snap) by extensions ['python_setup_py']
[0.332s] Level 1:colcon.colcon_core.package_identification:_identify(src/uros/micro-ROS-Agent/snap) by extension 'python_setup_py'
[0.332s] Level 1:colcon.colcon_core.package_identification:_identify(src/uros/micro-ROS-Agent/snap/hooks) by extensions ['ignore', 'ignore_ament_install']
[0.332s] Level 1:colcon.colcon_core.package_identification:_identify(src/uros/micro-ROS-Agent/snap/hooks) by extension 'ignore'
[0.332s] Level 1:colcon.colcon_core.package_identification:_identify(src/uros/micro-ROS-Agent/snap/hooks) by extension 'ignore_ament_install'
[0.333s] Level 1:colcon.colcon_core.package_identification:_identify(src/uros/micro-ROS-Agent/snap/hooks) by extensions ['colcon_pkg']
[0.333s] Level 1:colcon.colcon_core.package_identification:_identify(src/uros/micro-ROS-Agent/snap/hooks) by extension 'colcon_pkg'
[0.333s] Level 1:colcon.colcon_core.package_identification:_identify(src/uros/micro-ROS-Agent/snap/hooks) by extensions ['colcon_meta']
[0.333s] Level 1:colcon.colcon_core.package_identification:_identify(src/uros/micro-ROS-Agent/snap/hooks) by extension 'colcon_meta'
[0.333s] Level 1:colcon.colcon_core.package_identification:_identify(src/uros/micro-ROS-Agent/snap/hooks) by extensions ['ros']
[0.333s] Level 1:colcon.colcon_core.package_identification:_identify(src/uros/micro-ROS-Agent/snap/hooks) by extension 'ros'
[0.333s] Level 1:colcon.colcon_core.package_identification:_identify(src/uros/micro-ROS-Agent/snap/hooks) by extensions ['cmake', 'python']
[0.333s] Level 1:colcon.colcon_core.package_identification:_identify(src/uros/micro-ROS-Agent/snap/hooks) by extension 'cmake'
[0.333s] Level 1:colcon.colcon_core.package_identification:_identify(src/uros/micro-ROS-Agent/snap/hooks) by extension 'python'
[0.333s] Level 1:colcon.colcon_core.package_identification:_identify(src/uros/micro-ROS-Agent/snap/hooks) by extensions ['python_setup_py']
[0.333s] Level 1:colcon.colcon_core.package_identification:_identify(src/uros/micro-ROS-Agent/snap/hooks) by extension 'python_setup_py'
[0.333s] Level 1:colcon.colcon_core.package_identification:_identify(src/uros/micro-ROS-Agent/snap/local) by extensions ['ignore', 'ignore_ament_install']
[0.334s] Level 1:colcon.colcon_core.package_identification:_identify(src/uros/micro-ROS-Agent/snap/local) by extension 'ignore'
[0.334s] Level 1:colcon.colcon_core.package_identification:_identify(src/uros/micro-ROS-Agent/snap/local) by extension 'ignore_ament_install'
[0.334s] Level 1:colcon.colcon_core.package_identification:_identify(src/uros/micro-ROS-Agent/snap/local) by extensions ['colcon_pkg']
[0.334s] Level 1:colcon.colcon_core.package_identification:_identify(src/uros/micro-ROS-Agent/snap/local) by extension 'colcon_pkg'
[0.334s] Level 1:colcon.colcon_core.package_identification:_identify(src/uros/micro-ROS-Agent/snap/local) by extensions ['colcon_meta']
[0.334s] Level 1:colcon.colcon_core.package_identification:_identify(src/uros/micro-ROS-Agent/snap/local) by extension 'colcon_meta'
[0.334s] Level 1:colcon.colcon_core.package_identification:_identify(src/uros/micro-ROS-Agent/snap/local) by extensions ['ros']
[0.334s] Level 1:colcon.colcon_core.package_identification:_identify(src/uros/micro-ROS-Agent/snap/local) by extension 'ros'
[0.334s] Level 1:colcon.colcon_core.package_identification:_identify(src/uros/micro-ROS-Agent/snap/local) by extensions ['cmake', 'python']
[0.334s] Level 1:colcon.colcon_core.package_identification:_identify(src/uros/micro-ROS-Agent/snap/local) by extension 'cmake'
[0.335s] Level 1:colcon.colcon_core.package_identification:_identify(src/uros/micro-ROS-Agent/snap/local) by extension 'python'
[0.335s] Level 1:colcon.colcon_core.package_identification:_identify(src/uros/micro-ROS-Agent/snap/local) by extensions ['python_setup_py']
[0.335s] Level 1:colcon.colcon_core.package_identification:_identify(src/uros/micro-ROS-Agent/snap/local) by extension 'python_setup_py'
[0.335s] Level 1:colcon.colcon_core.package_identification:_identify(src/uros/micro_ros_msgs) by extensions ['ignore', 'ignore_ament_install']
[0.335s] Level 1:colcon.colcon_core.package_identification:_identify(src/uros/micro_ros_msgs) by extension 'ignore'
[0.335s] Level 1:colcon.colcon_core.package_identification:_identify(src/uros/micro_ros_msgs) by extension 'ignore_ament_install'
[0.335s] Level 1:colcon.colcon_core.package_identification:_identify(src/uros/micro_ros_msgs) by extensions ['colcon_pkg']
[0.335s] Level 1:colcon.colcon_core.package_identification:_identify(src/uros/micro_ros_msgs) by extension 'colcon_pkg'
[0.335s] Level 1:colcon.colcon_core.package_identification:_identify(src/uros/micro_ros_msgs) by extensions ['colcon_meta']
[0.335s] Level 1:colcon.colcon_core.package_identification:_identify(src/uros/micro_ros_msgs) by extension 'colcon_meta'
[0.335s] Level 1:colcon.colcon_core.package_identification:_identify(src/uros/micro_ros_msgs) by extensions ['ros']
[0.335s] Level 1:colcon.colcon_core.package_identification:_identify(src/uros/micro_ros_msgs) by extension 'ros'
[0.336s] DEBUG:colcon.colcon_core.package_identification:Package 'src/uros/micro_ros_msgs' with type 'ros.ament_cmake' and name 'micro_ros_msgs'
[0.336s] Level 1:colcon.colcon_core.package_discovery:discover_packages(recursive) using defaults
[0.336s] Level 1:colcon.colcon_core.package_discovery:discover_packages(ignore) discover
[0.336s] Level 1:colcon.colcon_core.package_discovery:discover_packages(ignore) using defaults
[0.336s] Level 1:colcon.colcon_core.package_discovery:discover_packages(path) discover
[0.336s] Level 1:colcon.colcon_core.package_discovery:discover_packages(path) using defaults
[0.367s] Level 1:colcon.colcon_core.package_discovery:discover_packages(prefix_path) check parameters
[0.367s] Level 1:colcon.colcon_core.package_discovery:discover_packages(prefix_path) discover
[0.373s] DEBUG:colcon.colcon_installed_package_information.package_discovery:Found 371 installed packages in /opt/ros/jazzy
[0.375s] Level 1:colcon.colcon_core.package_discovery:discover_packages(prefix_path) using defaults
[0.468s] Level 5:colcon.colcon_core.verb:set package 'drive_base_msgs' build argument 'cmake_args' from command line to 'None'
[0.468s] Level 5:colcon.colcon_core.verb:set package 'drive_base_msgs' build argument 'cmake_target' from command line to 'None'
[0.468s] Level 5:colcon.colcon_core.verb:set package 'drive_base_msgs' build argument 'cmake_target_skip_unavailable' from command line to 'False'
[0.468s] Level 5:colcon.colcon_core.verb:set package 'drive_base_msgs' build argument 'cmake_clean_cache' from command line to 'False'
[0.468s] Level 5:colcon.colcon_core.verb:set package 'drive_base_msgs' build argument 'cmake_clean_first' from command line to 'False'
[0.468s] Level 5:colcon.colcon_core.verb:set package 'drive_base_msgs' build argument 'cmake_force_configure' from command line to 'False'
[0.468s] Level 5:colcon.colcon_core.verb:set package 'drive_base_msgs' build argument 'ament_cmake_args' from command line to 'None'
[0.468s] Level 5:colcon.colcon_core.verb:set package 'drive_base_msgs' build argument 'catkin_cmake_args' from command line to 'None'
[0.468s] Level 5:colcon.colcon_core.verb:set package 'drive_base_msgs' build argument 'catkin_skip_building_tests' from command line to 'False'
[0.468s] DEBUG:colcon.colcon_core.verb:Building package 'drive_base_msgs' with the following arguments: {'ament_cmake_args': None, 'build_base': '/home/chiva/uros_ws/build/drive_base_msgs', 'catkin_cmake_args': None, 'catkin_skip_building_tests': False, 'cmake_args': None, 'cmake_clean_cache': False, 'cmake_clean_first': False, 'cmake_force_configure': False, 'cmake_target': None, 'cmake_target_skip_unavailable': False, 'install_base': '/home/chiva/uros_ws/install/drive_base_msgs', 'merge_install': False, 'path': '/home/chiva/uros_ws/src/uros/drive_base/drive_base_msgs', 'symlink_install': False, 'test_result_base': None}
[0.469s] Level 5:colcon.colcon_core.verb:set package 'micro_ros_msgs' build argument 'cmake_args' from command line to 'None'
[0.469s] Level 5:colcon.colcon_core.verb:set package 'micro_ros_msgs' build argument 'cmake_target' from command line to 'None'
[0.469s] Level 5:colcon.colcon_core.verb:set package 'micro_ros_msgs' build argument 'cmake_target_skip_unavailable' from command line to 'False'
[0.469s] Level 5:colcon.colcon_core.verb:set package 'micro_ros_msgs' build argument 'cmake_clean_cache' from command line to 'False'
[0.469s] Level 5:colcon.colcon_core.verb:set package 'micro_ros_msgs' build argument 'cmake_clean_first' from command line to 'False'
[0.469s] Level 5:colcon.colcon_core.verb:set package 'micro_ros_msgs' build argument 'cmake_force_configure' from command line to 'False'
[0.469s] Level 5:colcon.colcon_core.verb:set package 'micro_ros_msgs' build argument 'ament_cmake_args' from command line to 'None'
[0.469s] Level 5:colcon.colcon_core.verb:set package 'micro_ros_msgs' build argument 'catkin_cmake_args' from command line to 'None'
[0.469s] Level 5:colcon.colcon_core.verb:set package 'micro_ros_msgs' build argument 'catkin_skip_building_tests' from command line to 'False'
[0.469s] DEBUG:colcon.colcon_core.verb:Building package 'micro_ros_msgs' with the following arguments: {'ament_cmake_args': None, 'build_base': '/home/chiva/uros_ws/build/micro_ros_msgs', 'catkin_cmake_args': None, 'catkin_skip_building_tests': False, 'cmake_args': None, 'cmake_clean_cache': False, 'cmake_clean_first': False, 'cmake_force_configure': False, 'cmake_target': None, 'cmake_target_skip_unavailable': False, 'install_base': '/home/chiva/uros_ws/install/micro_ros_msgs', 'merge_install': False, 'path': '/home/chiva/uros_ws/src/uros/micro_ros_msgs', 'symlink_install': False, 'test_result_base': None}
[0.470s] Level 5:colcon.colcon_core.verb:set package 'micro_ros_setup' build argument 'cmake_args' from command line to 'None'
[0.470s] Level 5:colcon.colcon_core.verb:set package 'micro_ros_setup' build argument 'cmake_target' from command line to 'None'
[0.470s] Level 5:colcon.colcon_core.verb:set package 'micro_ros_setup' build argument 'cmake_target_skip_unavailable' from command line to 'False'
[0.470s] Level 5:colcon.colcon_core.verb:set package 'micro_ros_setup' build argument 'cmake_clean_cache' from command line to 'False'
[0.470s] Level 5:colcon.colcon_core.verb:set package 'micro_ros_setup' build argument 'cmake_clean_first' from command line to 'False'
[0.470s] Level 5:colcon.colcon_core.verb:set package 'micro_ros_setup' build argument 'cmake_force_configure' from command line to 'False'
[0.470s] Level 5:colcon.colcon_core.verb:set package 'micro_ros_setup' build argument 'ament_cmake_args' from command line to 'None'
[0.470s] Level 5:colcon.colcon_core.verb:set package 'micro_ros_setup' build argument 'catkin_cmake_args' from command line to 'None'
[0.470s] Level 5:colcon.colcon_core.verb:set package 'micro_ros_setup' build argument 'catkin_skip_building_tests' from command line to 'False'
[0.470s] DEBUG:colcon.colcon_core.verb:Building package 'micro_ros_setup' with the following arguments: {'ament_cmake_args': None, 'build_base': '/home/chiva/uros_ws/build/micro_ros_setup', 'catkin_cmake_args': None, 'catkin_skip_building_tests': False, 'cmake_args': None, 'cmake_clean_cache': False, 'cmake_clean_first': False, 'cmake_force_configure': False, 'cmake_target': None, 'cmake_target_skip_unavailable': False, 'install_base': '/home/chiva/uros_ws/install/micro_ros_setup', 'merge_install': False, 'path': '/home/chiva/uros_ws/src/micro_ros_setup', 'symlink_install': False, 'test_result_base': None}
[0.470s] Level 5:colcon.colcon_core.verb:set package 'micro_ros_agent' build argument 'cmake_args' from command line to 'None'
[0.471s] Level 5:colcon.colcon_core.verb:set package 'micro_ros_agent' build argument 'cmake_target' from command line to 'None'
[0.471s] Level 5:colcon.colcon_core.verb:set package 'micro_ros_agent' build argument 'cmake_target_skip_unavailable' from command line to 'False'
[0.471s] Level 5:colcon.colcon_core.verb:set package 'micro_ros_agent' build argument 'cmake_clean_cache' from command line to 'False'
[0.471s] Level 5:colcon.colcon_core.verb:set package 'micro_ros_agent' build argument 'cmake_clean_first' from command line to 'False'
[0.471s] Level 5:colcon.colcon_core.verb:set package 'micro_ros_agent' build argument 'cmake_force_configure' from command line to 'False'
[0.471s] Level 5:colcon.colcon_core.verb:set package 'micro_ros_agent' build argument 'ament_cmake_args' from command line to 'None'
[0.471s] Level 5:colcon.colcon_core.verb:set package 'micro_ros_agent' build argument 'catkin_cmake_args' from command line to 'None'
[0.471s] Level 5:colcon.colcon_core.verb:set package 'micro_ros_agent' build argument 'catkin_skip_building_tests' from command line to 'False'
[0.471s] DEBUG:colcon.colcon_core.verb:Building package 'micro_ros_agent' with the following arguments: {'ament_cmake_args': None, 'build_base': '/home/chiva/uros_ws/build/micro_ros_agent', 'catkin_cmake_args': None, 'catkin_skip_building_tests': False, 'cmake_args': None, 'cmake_clean_cache': False, 'cmake_clean_first': False, 'cmake_force_configure': False, 'cmake_target': None, 'cmake_target_skip_unavailable': False, 'install_base': '/home/chiva/uros_ws/install/micro_ros_agent', 'merge_install': False, 'path': '/home/chiva/uros_ws/src/uros/micro-ROS-Agent/micro_ros_agent', 'symlink_install': False, 'test_result_base': None}
[0.471s] INFO:colcon.colcon_core.executor:Executing jobs using 'parallel' executor
[0.472s] DEBUG:colcon.colcon_parallel_executor.executor.parallel:run_until_complete
[0.472s] INFO:colcon.colcon_ros.task.ament_cmake.build:Building ROS package in '/home/chiva/uros_ws/src/uros/micro_ros_msgs' with build type 'ament_cmake'
[0.473s] INFO:colcon.colcon_cmake.task.cmake.build:Building CMake package in '/home/chiva/uros_ws/src/uros/micro_ros_msgs'
[0.477s] INFO:colcon.colcon_core.plugin_system:Skipping extension 'colcon_core.shell.bat': Not used on non-Windows systems
[0.477s] INFO:colcon.colcon_core.shell:Skip shell extension 'powershell' for command environment: Not usable outside of PowerShell
[0.477s] DEBUG:colcon.colcon_core.shell:Skip shell extension 'dsv' for command environment
[0.484s] INFO:colcon.colcon_ros.task.ament_cmake.build:Building ROS package in '/home/chiva/uros_ws/src/uros/drive_base/drive_base_msgs' with build type 'ament_cmake'
[0.484s] INFO:colcon.colcon_cmake.task.cmake.build:Building CMake package in '/home/chiva/uros_ws/src/uros/drive_base/drive_base_msgs'
[0.484s] INFO:colcon.colcon_core.shell:Skip shell extension 'powershell' for command environment: Not usable outside of PowerShell
[0.484s] DEBUG:colcon.colcon_core.shell:Skip shell extension 'dsv' for command environment
[0.491s] INFO:colcon.colcon_ros.task.ament_cmake.build:Building ROS package in '/home/chiva/uros_ws/src/micro_ros_setup' with build type 'ament_cmake'
[0.491s] INFO:colcon.colcon_cmake.task.cmake.build:Building CMake package in '/home/chiva/uros_ws/src/micro_ros_setup'
[0.491s] INFO:colcon.colcon_core.shell:Skip shell extension 'powershell' for command environment: Not usable outside of PowerShell
[0.491s] DEBUG:colcon.colcon_core.shell:Skip shell extension 'dsv' for command environment
[0.508s] DEBUG:colcon.colcon_core.event_handler.log_command:Invoking command in '/home/chiva/uros_ws/build/micro_ros_msgs': CMAKE_PREFIX_PATH=${CMAKE_PREFIX_PATH}:/opt/ros/jazzy DEBUGINFOD_URLS=https://debuginfod.ubuntu.com /usr/bin/cmake --build /home/chiva/uros_ws/build/micro_ros_msgs -- -j4 -l4
[0.514s] DEBUG:colcon.colcon_core.event_handler.log_command:Invoking command in '/home/chiva/uros_ws/build/drive_base_msgs': CMAKE_PREFIX_PATH=${CMAKE_PREFIX_PATH}:/opt/ros/jazzy DEBUGINFOD_URLS=https://debuginfod.ubuntu.com /usr/bin/cmake --build /home/chiva/uros_ws/build/drive_base_msgs -- -j4 -l4
[0.521s] DEBUG:colcon.colcon_core.event_handler.log_command:Invoking command in '/home/chiva/uros_ws/build/micro_ros_setup': CMAKE_PREFIX_PATH=${CMAKE_PREFIX_PATH}:/opt/ros/jazzy DEBUGINFOD_URLS=https://debuginfod.ubuntu.com /usr/bin/cmake --build /home/chiva/uros_ws/build/micro_ros_setup -- -j4 -l4
[0.637s] DEBUG:colcon.colcon_core.event_handler.log_command:Invoked command in '/home/chiva/uros_ws/build/micro_ros_setup' returned '0': CMAKE_PREFIX_PATH=${CMAKE_PREFIX_PATH}:/opt/ros/jazzy DEBUGINFOD_URLS=https://debuginfod.ubuntu.com /usr/bin/cmake --build /home/chiva/uros_ws/build/micro_ros_setup -- -j4 -l4
[0.677s] DEBUG:colcon.colcon_core.event_handler.log_command:Invoking command in '/home/chiva/uros_ws/build/micro_ros_setup': CMAKE_PREFIX_PATH=${CMAKE_PREFIX_PATH}:/opt/ros/jazzy DEBUGINFOD_URLS=https://debuginfod.ubuntu.com /usr/bin/cmake --install /home/chiva/uros_ws/build/micro_ros_setup
[0.769s] Level 1:colcon.colcon_core.environment:create_environment_scripts_only(micro_ros_setup)
[0.801s] Level 1:colcon.colcon_core.environment:checking '/home/chiva/uros_ws/install/micro_ros_setup' for CMake module files
[0.806s] Level 1:colcon.colcon_core.environment:checking '/home/chiva/uros_ws/install/micro_ros_setup' for CMake config files
[0.812s] Level 1:colcon.colcon_core.shell:create_environment_hook('micro_ros_setup', 'cmake_prefix_path')
[0.813s] INFO:colcon.colcon_core.shell:Creating environment hook '/home/chiva/uros_ws/install/micro_ros_setup/share/micro_ros_setup/hook/cmake_prefix_path.ps1'
[0.817s] INFO:colcon.colcon_core.shell:Creating environment descriptor '/home/chiva/uros_ws/install/micro_ros_setup/share/micro_ros_setup/hook/cmake_prefix_path.dsv'
[0.823s] INFO:colcon.colcon_core.shell:Creating environment hook '/home/chiva/uros_ws/install/micro_ros_setup/share/micro_ros_setup/hook/cmake_prefix_path.sh'
[0.829s] Level 1:colcon.colcon_core.environment:checking '/home/chiva/uros_ws/install/micro_ros_setup/lib'
[0.829s] Level 1:colcon.colcon_core.environment:checking '/home/chiva/uros_ws/install/micro_ros_setup/bin'
[0.830s] Level 1:colcon.colcon_core.environment:checking '/home/chiva/uros_ws/install/micro_ros_setup/lib/pkgconfig/micro_ros_setup.pc'
[0.831s] Level 1:colcon.colcon_core.environment:checking '/home/chiva/uros_ws/install/micro_ros_setup/lib/python3.12/site-packages'
[0.834s] Level 1:colcon.colcon_core.environment:checking '/home/chiva/uros_ws/install/micro_ros_setup/bin'
[0.834s] INFO:colcon.colcon_core.shell:Creating package script '/home/chiva/uros_ws/install/micro_ros_setup/share/micro_ros_setup/package.ps1'
[0.840s] INFO:colcon.colcon_core.shell:Creating package descriptor '/home/chiva/uros_ws/install/micro_ros_setup/share/micro_ros_setup/package.dsv'
[0.842s] INFO:colcon.colcon_core.shell:Creating package script '/home/chiva/uros_ws/install/micro_ros_setup/share/micro_ros_setup/package.sh'
[0.847s] INFO:colcon.colcon_core.shell:Creating package script '/home/chiva/uros_ws/install/micro_ros_setup/share/micro_ros_setup/package.bash'
[0.850s] DEBUG:colcon.colcon_core.event_handler.log_command:Invoked command in '/home/chiva/uros_ws/build/micro_ros_setup' returned '0': CMAKE_PREFIX_PATH=${CMAKE_PREFIX_PATH}:/opt/ros/jazzy DEBUGINFOD_URLS=https://debuginfod.ubuntu.com /usr/bin/cmake --install /home/chiva/uros_ws/build/micro_ros_setup
[0.853s] INFO:colcon.colcon_core.shell:Creating package script '/home/chiva/uros_ws/install/micro_ros_setup/share/micro_ros_setup/package.zsh'
[0.862s] Level 1:colcon.colcon_core.environment:create_file_with_runtime_dependencies(/home/chiva/uros_ws/install/micro_ros_setup/share/colcon-core/packages/micro_ros_setup)
[0.866s] Level 1:colcon.colcon_core.environment:create_environment_scripts_only(micro_ros_setup)
[0.867s] Level 1:colcon.colcon_core.environment:checking '/home/chiva/uros_ws/install/micro_ros_setup' for CMake module files
[0.872s] Level 1:colcon.colcon_core.environment:checking '/home/chiva/uros_ws/install/micro_ros_setup' for CMake config files
[0.881s] Level 1:colcon.colcon_core.shell:create_environment_hook('micro_ros_setup', 'cmake_prefix_path')
[0.882s] INFO:colcon.colcon_core.shell:Creating environment hook '/home/chiva/uros_ws/install/micro_ros_setup/share/micro_ros_setup/hook/cmake_prefix_path.ps1'
[0.883s] INFO:colcon.colcon_core.shell:Creating environment descriptor '/home/chiva/uros_ws/install/micro_ros_setup/share/micro_ros_setup/hook/cmake_prefix_path.dsv'
[0.890s] INFO:colcon.colcon_core.shell:Creating environment hook '/home/chiva/uros_ws/install/micro_ros_setup/share/micro_ros_setup/hook/cmake_prefix_path.sh'
[0.893s] Level 1:colcon.colcon_core.environment:checking '/home/chiva/uros_ws/install/micro_ros_setup/lib'
[0.893s] Level 1:colcon.colcon_core.environment:checking '/home/chiva/uros_ws/install/micro_ros_setup/bin'
[0.894s] Level 1:colcon.colcon_core.environment:checking '/home/chiva/uros_ws/install/micro_ros_setup/lib/pkgconfig/micro_ros_setup.pc'
[0.894s] Level 1:colcon.colcon_core.environment:checking '/home/chiva/uros_ws/install/micro_ros_setup/lib/python3.12/site-packages'
[0.896s] Level 1:colcon.colcon_core.environment:checking '/home/chiva/uros_ws/install/micro_ros_setup/bin'
[0.896s] INFO:colcon.colcon_core.shell:Creating package script '/home/chiva/uros_ws/install/micro_ros_setup/share/micro_ros_setup/package.ps1'
[0.898s] INFO:colcon.colcon_core.shell:Creating package descriptor '/home/chiva/uros_ws/install/micro_ros_setup/share/micro_ros_setup/package.dsv'
[0.903s] INFO:colcon.colcon_core.shell:Creating package script '/home/chiva/uros_ws/install/micro_ros_setup/share/micro_ros_setup/package.sh'
[0.906s] INFO:colcon.colcon_core.shell:Creating package script '/home/chiva/uros_ws/install/micro_ros_setup/share/micro_ros_setup/package.bash'
[0.909s] INFO:colcon.colcon_core.shell:Creating package script '/home/chiva/uros_ws/install/micro_ros_setup/share/micro_ros_setup/package.zsh'
[0.912s] Level 1:colcon.colcon_core.environment:create_file_with_runtime_dependencies(/home/chiva/uros_ws/install/micro_ros_setup/share/colcon-core/packages/micro_ros_setup)
[2.109s] DEBUG:colcon.colcon_core.event_handler.log_command:Invoked command in '/home/chiva/uros_ws/build/micro_ros_msgs' returned '0': CMAKE_PREFIX_PATH=${CMAKE_PREFIX_PATH}:/opt/ros/jazzy DEBUGINFOD_URLS=https://debuginfod.ubuntu.com /usr/bin/cmake --build /home/chiva/uros_ws/build/micro_ros_msgs -- -j4 -l4
[2.114s] DEBUG:colcon.colcon_core.event_handler.log_command:Invoking command in '/home/chiva/uros_ws/build/micro_ros_msgs': CMAKE_PREFIX_PATH=${CMAKE_PREFIX_PATH}:/opt/ros/jazzy DEBUGINFOD_URLS=https://debuginfod.ubuntu.com /usr/bin/cmake --install /home/chiva/uros_ws/build/micro_ros_msgs
[2.206s] DEBUG:colcon.colcon_core.event_handler.log_command:Invoked command in '/home/chiva/uros_ws/build/drive_base_msgs' returned '0': CMAKE_PREFIX_PATH=${CMAKE_PREFIX_PATH}:/opt/ros/jazzy DEBUGINFOD_URLS=https://debuginfod.ubuntu.com /usr/bin/cmake --build /home/chiva/uros_ws/build/drive_base_msgs -- -j4 -l4
[2.208s] DEBUG:colcon.colcon_core.event_handler.log_command:Invoking command in '/home/chiva/uros_ws/build/drive_base_msgs': CMAKE_PREFIX_PATH=${CMAKE_PREFIX_PATH}:/opt/ros/jazzy DEBUGINFOD_URLS=https://debuginfod.ubuntu.com /usr/bin/cmake --install /home/chiva/uros_ws/build/drive_base_msgs
[2.296s] Level 1:colcon.colcon_core.environment:create_environment_scripts_only(micro_ros_msgs)
[2.296s] Level 1:colcon.colcon_core.environment:checking '/home/chiva/uros_ws/install/micro_ros_msgs' for CMake module files
[2.303s] Level 1:colcon.colcon_core.environment:checking '/home/chiva/uros_ws/install/micro_ros_msgs' for CMake config files
[2.305s] DEBUG:colcon.colcon_core.event_handler.log_command:Invoked command in '/home/chiva/uros_ws/build/micro_ros_msgs' returned '0': CMAKE_PREFIX_PATH=${CMAKE_PREFIX_PATH}:/opt/ros/jazzy DEBUGINFOD_URLS=https://debuginfod.ubuntu.com /usr/bin/cmake --install /home/chiva/uros_ws/build/micro_ros_msgs
[2.307s] Level 1:colcon.colcon_core.shell:create_environment_hook('micro_ros_msgs', 'cmake_prefix_path')
[2.308s] INFO:colcon.colcon_core.shell:Creating environment hook '/home/chiva/uros_ws/install/micro_ros_msgs/share/micro_ros_msgs/hook/cmake_prefix_path.ps1'
[2.309s] INFO:colcon.colcon_core.shell:Creating environment descriptor '/home/chiva/uros_ws/install/micro_ros_msgs/share/micro_ros_msgs/hook/cmake_prefix_path.dsv'
[2.310s] INFO:colcon.colcon_core.shell:Creating environment hook '/home/chiva/uros_ws/install/micro_ros_msgs/share/micro_ros_msgs/hook/cmake_prefix_path.sh'
[2.312s] Level 1:colcon.colcon_core.environment:checking '/home/chiva/uros_ws/install/micro_ros_msgs/lib'
[2.313s] Level 1:colcon.colcon_core.shell:create_environment_hook('micro_ros_msgs', 'ld_library_path_lib')
[2.313s] INFO:colcon.colcon_core.shell:Creating environment hook '/home/chiva/uros_ws/install/micro_ros_msgs/share/micro_ros_msgs/hook/ld_library_path_lib.ps1'
[2.314s] INFO:colcon.colcon_core.shell:Creating environment descriptor '/home/chiva/uros_ws/install/micro_ros_msgs/share/micro_ros_msgs/hook/ld_library_path_lib.dsv'
[2.316s] INFO:colcon.colcon_core.shell:Creating environment hook '/home/chiva/uros_ws/install/micro_ros_msgs/share/micro_ros_msgs/hook/ld_library_path_lib.sh'
[2.317s] Level 1:colcon.colcon_core.environment:checking '/home/chiva/uros_ws/install/micro_ros_msgs/bin'
[2.317s] Level 1:colcon.colcon_core.environment:checking '/home/chiva/uros_ws/install/micro_ros_msgs/lib/pkgconfig/micro_ros_msgs.pc'
[2.318s] Level 1:colcon.colcon_core.environment:checking '/home/chiva/uros_ws/install/micro_ros_msgs/lib/python3.12/site-packages'
[2.318s] Level 1:colcon.colcon_core.shell:create_environment_hook('micro_ros_msgs', 'pythonpath')
[2.319s] INFO:colcon.colcon_core.shell:Creating environment hook '/home/chiva/uros_ws/install/micro_ros_msgs/share/micro_ros_msgs/hook/pythonpath.ps1'
[2.320s] INFO:colcon.colcon_core.shell:Creating environment descriptor '/home/chiva/uros_ws/install/micro_ros_msgs/share/micro_ros_msgs/hook/pythonpath.dsv'
[2.320s] INFO:colcon.colcon_core.shell:Creating environment hook '/home/chiva/uros_ws/install/micro_ros_msgs/share/micro_ros_msgs/hook/pythonpath.sh'
[2.322s] Level 1:colcon.colcon_core.environment:checking '/home/chiva/uros_ws/install/micro_ros_msgs/bin'
[2.322s] INFO:colcon.colcon_core.shell:Creating package script '/home/chiva/uros_ws/install/micro_ros_msgs/share/micro_ros_msgs/package.ps1'
[2.323s] INFO:colcon.colcon_core.shell:Creating package descriptor '/home/chiva/uros_ws/install/micro_ros_msgs/share/micro_ros_msgs/package.dsv'
[2.324s] INFO:colcon.colcon_core.shell:Creating package script '/home/chiva/uros_ws/install/micro_ros_msgs/share/micro_ros_msgs/package.sh'
[2.325s] INFO:colcon.colcon_core.shell:Creating package script '/home/chiva/uros_ws/install/micro_ros_msgs/share/micro_ros_msgs/package.bash'
[2.326s] INFO:colcon.colcon_core.shell:Creating package script '/home/chiva/uros_ws/install/micro_ros_msgs/share/micro_ros_msgs/package.zsh'
[2.327s] Level 1:colcon.colcon_core.environment:create_file_with_runtime_dependencies(/home/chiva/uros_ws/install/micro_ros_msgs/share/colcon-core/packages/micro_ros_msgs)
[2.328s] Level 1:colcon.colcon_core.environment:create_environment_scripts_only(micro_ros_msgs)
[2.328s] Level 1:colcon.colcon_core.environment:checking '/home/chiva/uros_ws/install/micro_ros_msgs' for CMake module files
[2.330s] Level 1:colcon.colcon_core.environment:checking '/home/chiva/uros_ws/install/micro_ros_msgs' for CMake config files
[2.331s] Level 1:colcon.colcon_core.shell:create_environment_hook('micro_ros_msgs', 'cmake_prefix_path')
[2.331s] INFO:colcon.colcon_core.shell:Creating environment hook '/home/chiva/uros_ws/install/micro_ros_msgs/share/micro_ros_msgs/hook/cmake_prefix_path.ps1'
[2.332s] INFO:colcon.colcon_core.shell:Creating environment descriptor '/home/chiva/uros_ws/install/micro_ros_msgs/share/micro_ros_msgs/hook/cmake_prefix_path.dsv'
[2.332s] INFO:colcon.colcon_core.shell:Creating environment hook '/home/chiva/uros_ws/install/micro_ros_msgs/share/micro_ros_msgs/hook/cmake_prefix_path.sh'
[2.334s] Level 1:colcon.colcon_core.environment:checking '/home/chiva/uros_ws/install/micro_ros_msgs/lib'
[2.334s] Level 1:colcon.colcon_core.shell:create_environment_hook('micro_ros_msgs', 'ld_library_path_lib')
[2.335s] INFO:colcon.colcon_core.shell:Creating environment hook '/home/chiva/uros_ws/install/micro_ros_msgs/share/micro_ros_msgs/hook/ld_library_path_lib.ps1'
[2.335s] INFO:colcon.colcon_core.shell:Creating environment descriptor '/home/chiva/uros_ws/install/micro_ros_msgs/share/micro_ros_msgs/hook/ld_library_path_lib.dsv'
[2.336s] INFO:colcon.colcon_core.shell:Creating environment hook '/home/chiva/uros_ws/install/micro_ros_msgs/share/micro_ros_msgs/hook/ld_library_path_lib.sh'
[2.337s] Level 1:colcon.colcon_core.environment:checking '/home/chiva/uros_ws/install/micro_ros_msgs/bin'
[2.337s] Level 1:colcon.colcon_core.environment:checking '/home/chiva/uros_ws/install/micro_ros_msgs/lib/pkgconfig/micro_ros_msgs.pc'
[2.338s] Level 1:colcon.colcon_core.environment:checking '/home/chiva/uros_ws/install/micro_ros_msgs/lib/python3.12/site-packages'
[2.338s] Level 1:colcon.colcon_core.shell:create_environment_hook('micro_ros_msgs', 'pythonpath')
[2.338s] INFO:colcon.colcon_core.shell:Creating environment hook '/home/chiva/uros_ws/install/micro_ros_msgs/share/micro_ros_msgs/hook/pythonpath.ps1'
[2.339s] INFO:colcon.colcon_core.shell:Creating environment descriptor '/home/chiva/uros_ws/install/micro_ros_msgs/share/micro_ros_msgs/hook/pythonpath.dsv'
[2.340s] INFO:colcon.colcon_core.shell:Creating environment hook '/home/chiva/uros_ws/install/micro_ros_msgs/share/micro_ros_msgs/hook/pythonpath.sh'
[2.341s] Level 1:colcon.colcon_core.environment:checking '/home/chiva/uros_ws/install/micro_ros_msgs/bin'
[2.341s] INFO:colcon.colcon_core.shell:Creating package script '/home/chiva/uros_ws/install/micro_ros_msgs/share/micro_ros_msgs/package.ps1'
[2.343s] INFO:colcon.colcon_core.shell:Creating package descriptor '/home/chiva/uros_ws/install/micro_ros_msgs/share/micro_ros_msgs/package.dsv'
[2.344s] INFO:colcon.colcon_core.shell:Creating package script '/home/chiva/uros_ws/install/micro_ros_msgs/share/micro_ros_msgs/package.sh'
[2.345s] INFO:colcon.colcon_core.shell:Creating package script '/home/chiva/uros_ws/install/micro_ros_msgs/share/micro_ros_msgs/package.bash'
[2.345s] INFO:colcon.colcon_core.shell:Creating package script '/home/chiva/uros_ws/install/micro_ros_msgs/share/micro_ros_msgs/package.zsh'
[2.346s] Level 1:colcon.colcon_core.environment:create_file_with_runtime_dependencies(/home/chiva/uros_ws/install/micro_ros_msgs/share/colcon-core/packages/micro_ros_msgs)
[2.347s] INFO:colcon.colcon_ros.task.ament_cmake.build:Building ROS package in '/home/chiva/uros_ws/src/uros/micro-ROS-Agent/micro_ros_agent' with build type 'ament_cmake'
[2.347s] INFO:colcon.colcon_cmake.task.cmake.build:Building CMake package in '/home/chiva/uros_ws/src/uros/micro-ROS-Agent/micro_ros_agent'
[2.347s] INFO:colcon.colcon_core.shell:Skip shell extension 'powershell' for command environment: Not usable outside of PowerShell
[2.347s] DEBUG:colcon.colcon_core.shell:Skip shell extension 'dsv' for command environment
[2.391s] Level 1:colcon.colcon_core.environment:create_environment_scripts_only(drive_base_msgs)
[2.391s] Level 1:colcon.colcon_core.environment:checking '/home/chiva/uros_ws/install/drive_base_msgs' for CMake module files
[2.393s] DEBUG:colcon.colcon_core.event_handler.log_command:Invoking command in '/home/chiva/uros_ws/build/micro_ros_agent': AMENT_PREFIX_PATH=/home/chiva/uros_ws/install/micro_ros_msgs:${AMENT_PREFIX_PATH} CMAKE_PREFIX_PATH=/home/chiva/uros_ws/install/micro_ros_msgs:/opt/ros/jazzy/opt/gz_sim_vendor:/opt/ros/jazzy/opt/gz_sensors_vendor:/opt/ros/jazzy/opt/gz_physics_vendor:/opt/ros/jazzy/opt/sdformat_vendor:/opt/ros/jazzy/opt/gz_gui_vendor:/opt/ros/jazzy/opt/gz_transport_vendor:/opt/ros/jazzy/opt/gz_rendering_vendor:/opt/ros/jazzy/opt/gz_plugin_vendor:/opt/ros/jazzy/opt/gz_fuel_tools_vendor:/opt/ros/jazzy/opt/gz_msgs_vendor:/opt/ros/jazzy/opt/gz_common_vendor:/opt/ros/jazzy/opt/gz_math_vendor:/opt/ros/jazzy/opt/gz_utils_vendor:/opt/ros/jazzy/opt/gz_tools_vendor:/opt/ros/jazzy/opt/gz_ogre_next_vendor:/opt/ros/jazzy/opt/gz_dartsim_vendor:/opt/ros/jazzy/opt/gz_cmake_vendor:/opt/ros/jazzy DEBUGINFOD_URLS=https://debuginfod.ubuntu.com LD_LIBRARY_PATH=/home/chiva/uros_ws/install/micro_ros_msgs/lib:${LD_LIBRARY_PATH} PYTHONPATH=/home/chiva/uros_ws/install/micro_ros_msgs/lib/python3.12/site-packages:${PYTHONPATH} /usr/bin/cmake --build /home/chiva/uros_ws/build/micro_ros_agent -- -j4 -l4
[2.394s] DEBUG:colcon.colcon_core.event_handler.log_command:Invoked command in '/home/chiva/uros_ws/build/drive_base_msgs' returned '0': CMAKE_PREFIX_PATH=${CMAKE_PREFIX_PATH}:/opt/ros/jazzy DEBUGINFOD_URLS=https://debuginfod.ubuntu.com /usr/bin/cmake --install /home/chiva/uros_ws/build/drive_base_msgs
[2.396s] Level 1:colcon.colcon_core.environment:checking '/home/chiva/uros_ws/install/drive_base_msgs' for CMake config files
[2.397s] Level 1:colcon.colcon_core.shell:create_environment_hook('drive_base_msgs', 'cmake_prefix_path')
[2.397s] INFO:colcon.colcon_core.shell:Creating environment hook '/home/chiva/uros_ws/install/drive_base_msgs/share/drive_base_msgs/hook/cmake_prefix_path.ps1'
[2.398s] INFO:colcon.colcon_core.shell:Creating environment descriptor '/home/chiva/uros_ws/install/drive_base_msgs/share/drive_base_msgs/hook/cmake_prefix_path.dsv'
[2.399s] INFO:colcon.colcon_core.shell:Creating environment hook '/home/chiva/uros_ws/install/drive_base_msgs/share/drive_base_msgs/hook/cmake_prefix_path.sh'
[2.400s] Level 1:colcon.colcon_core.environment:checking '/home/chiva/uros_ws/install/drive_base_msgs/lib'
[2.401s] Level 1:colcon.colcon_core.shell:create_environment_hook('drive_base_msgs', 'ld_library_path_lib')
[2.401s] INFO:colcon.colcon_core.shell:Creating environment hook '/home/chiva/uros_ws/install/drive_base_msgs/share/drive_base_msgs/hook/ld_library_path_lib.ps1'
[2.403s] INFO:colcon.colcon_core.shell:Creating environment descriptor '/home/chiva/uros_ws/install/drive_base_msgs/share/drive_base_msgs/hook/ld_library_path_lib.dsv'
[2.404s] INFO:colcon.colcon_core.shell:Creating environment hook '/home/chiva/uros_ws/install/drive_base_msgs/share/drive_base_msgs/hook/ld_library_path_lib.sh'
[2.405s] Level 1:colcon.colcon_core.environment:checking '/home/chiva/uros_ws/install/drive_base_msgs/bin'
[2.405s] Level 1:colcon.colcon_core.environment:checking '/home/chiva/uros_ws/install/drive_base_msgs/lib/pkgconfig/drive_base_msgs.pc'
[2.405s] Level 1:colcon.colcon_core.environment:checking '/home/chiva/uros_ws/install/drive_base_msgs/lib/python3.12/site-packages'
[2.405s] Level 1:colcon.colcon_core.shell:create_environment_hook('drive_base_msgs', 'pythonpath')
[2.406s] INFO:colcon.colcon_core.shell:Creating environment hook '/home/chiva/uros_ws/install/drive_base_msgs/share/drive_base_msgs/hook/pythonpath.ps1'
[2.407s] INFO:colcon.colcon_core.shell:Creating environment descriptor '/home/chiva/uros_ws/install/drive_base_msgs/share/drive_base_msgs/hook/pythonpath.dsv'
[2.407s] INFO:colcon.colcon_core.shell:Creating environment hook '/home/chiva/uros_ws/install/drive_base_msgs/share/drive_base_msgs/hook/pythonpath.sh'
[2.409s] Level 1:colcon.colcon_core.environment:checking '/home/chiva/uros_ws/install/drive_base_msgs/bin'
[2.409s] INFO:colcon.colcon_core.shell:Creating package script '/home/chiva/uros_ws/install/drive_base_msgs/share/drive_base_msgs/package.ps1'
[2.411s] INFO:colcon.colcon_core.shell:Creating package descriptor '/home/chiva/uros_ws/install/drive_base_msgs/share/drive_base_msgs/package.dsv'
[2.412s] INFO:colcon.colcon_core.shell:Creating package script '/home/chiva/uros_ws/install/drive_base_msgs/share/drive_base_msgs/package.sh'
[2.412s] INFO:colcon.colcon_core.shell:Creating package script '/home/chiva/uros_ws/install/drive_base_msgs/share/drive_base_msgs/package.bash'
[2.413s] INFO:colcon.colcon_core.shell:Creating package script '/home/chiva/uros_ws/install/drive_base_msgs/share/drive_base_msgs/package.zsh'
[2.414s] Level 1:colcon.colcon_core.environment:create_file_with_runtime_dependencies(/home/chiva/uros_ws/install/drive_base_msgs/share/colcon-core/packages/drive_base_msgs)
[2.415s] Level 1:colcon.colcon_core.environment:create_environment_scripts_only(drive_base_msgs)
[2.415s] Level 1:colcon.colcon_core.environment:checking '/home/chiva/uros_ws/install/drive_base_msgs' for CMake module files
[2.417s] Level 1:colcon.colcon_core.environment:checking '/home/chiva/uros_ws/install/drive_base_msgs' for CMake config files
[2.418s] Level 1:colcon.colcon_core.shell:create_environment_hook('drive_base_msgs', 'cmake_prefix_path')
[2.418s] INFO:colcon.colcon_core.shell:Creating environment hook '/home/chiva/uros_ws/install/drive_base_msgs/share/drive_base_msgs/hook/cmake_prefix_path.ps1'
[2.419s] INFO:colcon.colcon_core.shell:Creating environment descriptor '/home/chiva/uros_ws/install/drive_base_msgs/share/drive_base_msgs/hook/cmake_prefix_path.dsv'
[2.420s] INFO:colcon.colcon_core.shell:Creating environment hook '/home/chiva/uros_ws/install/drive_base_msgs/share/drive_base_msgs/hook/cmake_prefix_path.sh'
[2.421s] Level 1:colcon.colcon_core.environment:checking '/home/chiva/uros_ws/install/drive_base_msgs/lib'
[2.421s] Level 1:colcon.colcon_core.shell:create_environment_hook('drive_base_msgs', 'ld_library_path_lib')
[2.421s] INFO:colcon.colcon_core.shell:Creating environment hook '/home/chiva/uros_ws/install/drive_base_msgs/share/drive_base_msgs/hook/ld_library_path_lib.ps1'
[2.422s] INFO:colcon.colcon_core.shell:Creating environment descriptor '/home/chiva/uros_ws/install/drive_base_msgs/share/drive_base_msgs/hook/ld_library_path_lib.dsv'
[2.423s] INFO:colcon.colcon_core.shell:Creating environment hook '/home/chiva/uros_ws/install/drive_base_msgs/share/drive_base_msgs/hook/ld_library_path_lib.sh'
[2.423s] Level 1:colcon.colcon_core.environment:checking '/home/chiva/uros_ws/install/drive_base_msgs/bin'
[2.424s] Level 1:colcon.colcon_core.environment:checking '/home/chiva/uros_ws/install/drive_base_msgs/lib/pkgconfig/drive_base_msgs.pc'
[2.424s] Level 1:colcon.colcon_core.environment:checking '/home/chiva/uros_ws/install/drive_base_msgs/lib/python3.12/site-packages'
[2.424s] Level 1:colcon.colcon_core.shell:create_environment_hook('drive_base_msgs', 'pythonpath')
[2.425s] INFO:colcon.colcon_core.shell:Creating environment hook '/home/chiva/uros_ws/install/drive_base_msgs/share/drive_base_msgs/hook/pythonpath.ps1'
[2.426s] INFO:colcon.colcon_core.shell:Creating environment descriptor '/home/chiva/uros_ws/install/drive_base_msgs/share/drive_base_msgs/hook/pythonpath.dsv'
[2.426s] INFO:colcon.colcon_core.shell:Creating environment hook '/home/chiva/uros_ws/install/drive_base_msgs/share/drive_base_msgs/hook/pythonpath.sh'
[2.428s] Level 1:colcon.colcon_core.environment:checking '/home/chiva/uros_ws/install/drive_base_msgs/bin'
[2.429s] INFO:colcon.colcon_core.shell:Creating package script '/home/chiva/uros_ws/install/drive_base_msgs/share/drive_base_msgs/package.ps1'
[2.430s] INFO:colcon.colcon_core.shell:Creating package descriptor '/home/chiva/uros_ws/install/drive_base_msgs/share/drive_base_msgs/package.dsv'
[2.431s] INFO:colcon.colcon_core.shell:Creating package script '/home/chiva/uros_ws/install/drive_base_msgs/share/drive_base_msgs/package.sh'
[2.432s] INFO:colcon.colcon_core.shell:Creating package script '/home/chiva/uros_ws/install/drive_base_msgs/share/drive_base_msgs/package.bash'
[2.433s] INFO:colcon.colcon_core.shell:Creating package script '/home/chiva/uros_ws/install/drive_base_msgs/share/drive_base_msgs/package.zsh'
[2.434s] Level 1:colcon.colcon_core.environment:create_file_with_runtime_dependencies(/home/chiva/uros_ws/install/drive_base_msgs/share/colcon-core/packages/drive_base_msgs)
[2.568s] DEBUG:colcon.colcon_core.event_handler.log_command:Invoked command in '/home/chiva/uros_ws/build/micro_ros_agent' returned '0': AMENT_PREFIX_PATH=/home/chiva/uros_ws/install/micro_ros_msgs:${AMENT_PREFIX_PATH} CMAKE_PREFIX_PATH=/home/chiva/uros_ws/install/micro_ros_msgs:/opt/ros/jazzy/opt/gz_sim_vendor:/opt/ros/jazzy/opt/gz_sensors_vendor:/opt/ros/jazzy/opt/gz_physics_vendor:/opt/ros/jazzy/opt/sdformat_vendor:/opt/ros/jazzy/opt/gz_gui_vendor:/opt/ros/jazzy/opt/gz_transport_vendor:/opt/ros/jazzy/opt/gz_rendering_vendor:/opt/ros/jazzy/opt/gz_plugin_vendor:/opt/ros/jazzy/opt/gz_fuel_tools_vendor:/opt/ros/jazzy/opt/gz_msgs_vendor:/opt/ros/jazzy/opt/gz_common_vendor:/opt/ros/jazzy/opt/gz_math_vendor:/opt/ros/jazzy/opt/gz_utils_vendor:/opt/ros/jazzy/opt/gz_tools_vendor:/opt/ros/jazzy/opt/gz_ogre_next_vendor:/opt/ros/jazzy/opt/gz_dartsim_vendor:/opt/ros/jazzy/opt/gz_cmake_vendor:/opt/ros/jazzy DEBUGINFOD_URLS=https://debuginfod.ubuntu.com LD_LIBRARY_PATH=/home/chiva/uros_ws/install/micro_ros_msgs/lib:${LD_LIBRARY_PATH} PYTHONPATH=/home/chiva/uros_ws/install/micro_ros_msgs/lib/python3.12/site-packages:${PYTHONPATH} /usr/bin/cmake --build /home/chiva/uros_ws/build/micro_ros_agent -- -j4 -l4
[2.570s] DEBUG:colcon.colcon_core.event_handler.log_command:Invoking command in '/home/chiva/uros_ws/build/micro_ros_agent': AMENT_PREFIX_PATH=/home/chiva/uros_ws/install/micro_ros_msgs:${AMENT_PREFIX_PATH} CMAKE_PREFIX_PATH=/home/chiva/uros_ws/install/micro_ros_msgs:/opt/ros/jazzy/opt/gz_sim_vendor:/opt/ros/jazzy/opt/gz_sensors_vendor:/opt/ros/jazzy/opt/gz_physics_vendor:/opt/ros/jazzy/opt/sdformat_vendor:/opt/ros/jazzy/opt/gz_gui_vendor:/opt/ros/jazzy/opt/gz_transport_vendor:/opt/ros/jazzy/opt/gz_rendering_vendor:/opt/ros/jazzy/opt/gz_plugin_vendor:/opt/ros/jazzy/opt/gz_fuel_tools_vendor:/opt/ros/jazzy/opt/gz_msgs_vendor:/opt/ros/jazzy/opt/gz_common_vendor:/opt/ros/jazzy/opt/gz_math_vendor:/opt/ros/jazzy/opt/gz_utils_vendor:/opt/ros/jazzy/opt/gz_tools_vendor:/opt/ros/jazzy/opt/gz_ogre_next_vendor:/opt/ros/jazzy/opt/gz_dartsim_vendor:/opt/ros/jazzy/opt/gz_cmake_vendor:/opt/ros/jazzy DEBUGINFOD_URLS=https://debuginfod.ubuntu.com LD_LIBRARY_PATH=/home/chiva/uros_ws/install/micro_ros_msgs/lib:${LD_LIBRARY_PATH} PYTHONPATH=/home/chiva/uros_ws/install/micro_ros_msgs/lib/python3.12/site-packages:${PYTHONPATH} /usr/bin/cmake --install /home/chiva/uros_ws/build/micro_ros_agent
[2.599s] Level 1:colcon.colcon_core.environment:create_environment_scripts_only(micro_ros_agent)
[2.600s] Level 1:colcon.colcon_core.environment:checking '/home/chiva/uros_ws/install/micro_ros_agent' for CMake module files
[2.600s] DEBUG:colcon.colcon_core.event_handler.log_command:Invoked command in '/home/chiva/uros_ws/build/micro_ros_agent' returned '0': AMENT_PREFIX_PATH=/home/chiva/uros_ws/install/micro_ros_msgs:${AMENT_PREFIX_PATH} CMAKE_PREFIX_PATH=/home/chiva/uros_ws/install/micro_ros_msgs:/opt/ros/jazzy/opt/gz_sim_vendor:/opt/ros/jazzy/opt/gz_sensors_vendor:/opt/ros/jazzy/opt/gz_physics_vendor:/opt/ros/jazzy/opt/sdformat_vendor:/opt/ros/jazzy/opt/gz_gui_vendor:/opt/ros/jazzy/opt/gz_transport_vendor:/opt/ros/jazzy/opt/gz_rendering_vendor:/opt/ros/jazzy/opt/gz_plugin_vendor:/opt/ros/jazzy/opt/gz_fuel_tools_vendor:/opt/ros/jazzy/opt/gz_msgs_vendor:/opt/ros/jazzy/opt/gz_common_vendor:/opt/ros/jazzy/opt/gz_math_vendor:/opt/ros/jazzy/opt/gz_utils_vendor:/opt/ros/jazzy/opt/gz_tools_vendor:/opt/ros/jazzy/opt/gz_ogre_next_vendor:/opt/ros/jazzy/opt/gz_dartsim_vendor:/opt/ros/jazzy/opt/gz_cmake_vendor:/opt/ros/jazzy DEBUGINFOD_URLS=https://debuginfod.ubuntu.com LD_LIBRARY_PATH=/home/chiva/uros_ws/install/micro_ros_msgs/lib:${LD_LIBRARY_PATH} PYTHONPATH=/home/chiva/uros_ws/install/micro_ros_msgs/lib/python3.12/site-packages:${PYTHONPATH} /usr/bin/cmake --install /home/chiva/uros_ws/build/micro_ros_agent
[2.601s] Level 1:colcon.colcon_core.environment:checking '/home/chiva/uros_ws/install/micro_ros_agent' for CMake config files
[2.604s] Level 1:colcon.colcon_core.shell:create_environment_hook('micro_ros_agent', 'cmake_prefix_path')
[2.604s] INFO:colcon.colcon_core.shell:Creating environment hook '/home/chiva/uros_ws/install/micro_ros_agent/share/micro_ros_agent/hook/cmake_prefix_path.ps1'
[2.605s] INFO:colcon.colcon_core.shell:Creating environment descriptor '/home/chiva/uros_ws/install/micro_ros_agent/share/micro_ros_agent/hook/cmake_prefix_path.dsv'
[2.605s] INFO:colcon.colcon_core.shell:Creating environment hook '/home/chiva/uros_ws/install/micro_ros_agent/share/micro_ros_agent/hook/cmake_prefix_path.sh'
[2.606s] Level 1:colcon.colcon_core.environment:checking '/home/chiva/uros_ws/install/micro_ros_agent/lib'
[2.607s] Level 1:colcon.colcon_core.shell:create_environment_hook('micro_ros_agent', 'ld_library_path_lib')
[2.607s] INFO:colcon.colcon_core.shell:Creating environment hook '/home/chiva/uros_ws/install/micro_ros_agent/share/micro_ros_agent/hook/ld_library_path_lib.ps1'
[2.608s] INFO:colcon.colcon_core.shell:Creating environment descriptor '/home/chiva/uros_ws/install/micro_ros_agent/share/micro_ros_agent/hook/ld_library_path_lib.dsv'
[2.608s] INFO:colcon.colcon_core.shell:Creating environment hook '/home/chiva/uros_ws/install/micro_ros_agent/share/micro_ros_agent/hook/ld_library_path_lib.sh'
[2.609s] Level 1:colcon.colcon_core.environment:checking '/home/chiva/uros_ws/install/micro_ros_agent/bin'
[2.610s] Level 1:colcon.colcon_core.environment:checking '/home/chiva/uros_ws/install/micro_ros_agent/lib/pkgconfig/micro_ros_agent.pc'
[2.610s] Level 1:colcon.colcon_core.environment:checking '/home/chiva/uros_ws/install/micro_ros_agent/lib/python3.12/site-packages'
[2.610s] Level 1:colcon.colcon_core.environment:checking '/home/chiva/uros_ws/install/micro_ros_agent/bin'
[2.611s] INFO:colcon.colcon_core.shell:Creating package script '/home/chiva/uros_ws/install/micro_ros_agent/share/micro_ros_agent/package.ps1'
[2.612s] INFO:colcon.colcon_core.shell:Creating package descriptor '/home/chiva/uros_ws/install/micro_ros_agent/share/micro_ros_agent/package.dsv'
[2.613s] INFO:colcon.colcon_core.shell:Creating package script '/home/chiva/uros_ws/install/micro_ros_agent/share/micro_ros_agent/package.sh'
[2.614s] INFO:colcon.colcon_core.shell:Creating package script '/home/chiva/uros_ws/install/micro_ros_agent/share/micro_ros_agent/package.bash'
[2.614s] INFO:colcon.colcon_core.shell:Creating package script '/home/chiva/uros_ws/install/micro_ros_agent/share/micro_ros_agent/package.zsh'
[2.615s] Level 1:colcon.colcon_core.environment:create_file_with_runtime_dependencies(/home/chiva/uros_ws/install/micro_ros_agent/share/colcon-core/packages/micro_ros_agent)
[2.616s] Level 1:colcon.colcon_core.environment:create_environment_scripts_only(micro_ros_agent)
[2.616s] Level 1:colcon.colcon_core.environment:checking '/home/chiva/uros_ws/install/micro_ros_agent' for CMake module files
[2.617s] Level 1:colcon.colcon_core.environment:checking '/home/chiva/uros_ws/install/micro_ros_agent' for CMake config files
[2.620s] Level 1:colcon.colcon_core.shell:create_environment_hook('micro_ros_agent', 'cmake_prefix_path')
[2.620s] INFO:colcon.colcon_core.shell:Creating environment hook '/home/chiva/uros_ws/install/micro_ros_agent/share/micro_ros_agent/hook/cmake_prefix_path.ps1'
[2.621s] INFO:colcon.colcon_core.shell:Creating environment descriptor '/home/chiva/uros_ws/install/micro_ros_agent/share/micro_ros_agent/hook/cmake_prefix_path.dsv'
[2.621s] INFO:colcon.colcon_core.shell:Creating environment hook '/home/chiva/uros_ws/install/micro_ros_agent/share/micro_ros_agent/hook/cmake_prefix_path.sh'
[2.622s] Level 1:colcon.colcon_core.environment:checking '/home/chiva/uros_ws/install/micro_ros_agent/lib'
[2.623s] Level 1:colcon.colcon_core.shell:create_environment_hook('micro_ros_agent', 'ld_library_path_lib')
[2.623s] INFO:colcon.colcon_core.shell:Creating environment hook '/home/chiva/uros_ws/install/micro_ros_agent/share/micro_ros_agent/hook/ld_library_path_lib.ps1'
[2.624s] INFO:colcon.colcon_core.shell:Creating environment descriptor '/home/chiva/uros_ws/install/micro_ros_agent/share/micro_ros_agent/hook/ld_library_path_lib.dsv'
[2.624s] INFO:colcon.colcon_core.shell:Creating environment hook '/home/chiva/uros_ws/install/micro_ros_agent/share/micro_ros_agent/hook/ld_library_path_lib.sh'
[2.625s] Level 1:colcon.colcon_core.environment:checking '/home/chiva/uros_ws/install/micro_ros_agent/bin'
[2.625s] Level 1:colcon.colcon_core.environment:checking '/home/chiva/uros_ws/install/micro_ros_agent/lib/pkgconfig/micro_ros_agent.pc'
[2.626s] Level 1:colcon.colcon_core.environment:checking '/home/chiva/uros_ws/install/micro_ros_agent/lib/python3.12/site-packages'
[2.626s] Level 1:colcon.colcon_core.environment:checking '/home/chiva/uros_ws/install/micro_ros_agent/bin'
[2.627s] INFO:colcon.colcon_core.shell:Creating package script '/home/chiva/uros_ws/install/micro_ros_agent/share/micro_ros_agent/package.ps1'
[2.628s] INFO:colcon.colcon_core.shell:Creating package descriptor '/home/chiva/uros_ws/install/micro_ros_agent/share/micro_ros_agent/package.dsv'
[2.629s] INFO:colcon.colcon_core.shell:Creating package script '/home/chiva/uros_ws/install/micro_ros_agent/share/micro_ros_agent/package.sh'
[2.630s] INFO:colcon.colcon_core.shell:Creating package script '/home/chiva/uros_ws/install/micro_ros_agent/share/micro_ros_agent/package.bash'
[2.631s] INFO:colcon.colcon_core.shell:Creating package script '/home/chiva/uros_ws/install/micro_ros_agent/share/micro_ros_agent/package.zsh'
[2.632s] Level 1:colcon.colcon_core.environment:create_file_with_runtime_dependencies(/home/chiva/uros_ws/install/micro_ros_agent/share/colcon-core/packages/micro_ros_agent)
[2.632s] DEBUG:colcon.colcon_parallel_executor.executor.parallel:closing loop
[2.633s] DEBUG:colcon.colcon_parallel_executor.executor.parallel:loop closed
[2.633s] DEBUG:colcon.colcon_parallel_executor.executor.parallel:run_until_complete finished with '0'
[2.633s] DEBUG:colcon.colcon_core.event_reactor:joining thread
[2.647s] INFO:colcon.colcon_core.plugin_system:Skipping extension 'colcon_notification.desktop_notification.terminal_notifier': Not used on non-Darwin systems
[2.647s] INFO:colcon.colcon_core.plugin_system:Skipping extension 'colcon_notification.desktop_notification.win32': Not used on non-Windows systems
[2.647s] INFO:colcon.colcon_notification.desktop_notification:Sending desktop notification using 'notify2'
[2.675s] DEBUG:colcon.colcon_core.event_reactor:joined thread
[2.676s] INFO:colcon.colcon_core.shell:Creating prefix script '/home/chiva/uros_ws/install/local_setup.ps1'
[2.679s] INFO:colcon.colcon_core.shell:Creating prefix util module '/home/chiva/uros_ws/install/_local_setup_util_ps1.py'
[2.683s] INFO:colcon.colcon_core.shell:Creating prefix chain script '/home/chiva/uros_ws/install/setup.ps1'
[2.686s] INFO:colcon.colcon_core.shell:Creating prefix script '/home/chiva/uros_ws/install/local_setup.sh'
[2.689s] INFO:colcon.colcon_core.shell:Creating prefix util module '/home/chiva/uros_ws/install/_local_setup_util_sh.py'
[2.693s] INFO:colcon.colcon_core.shell:Creating prefix chain script '/home/chiva/uros_ws/install/setup.sh'
[2.695s] INFO:colcon.colcon_core.shell:Creating prefix script '/home/chiva/uros_ws/install/local_setup.bash'
[2.696s] INFO:colcon.colcon_core.shell:Creating prefix chain script '/home/chiva/uros_ws/install/setup.bash'
[2.697s] INFO:colcon.colcon_core.shell:Creating prefix script '/home/chiva/uros_ws/install/local_setup.zsh'
[2.698s] INFO:colcon.colcon_core.shell:Creating prefix chain script '/home/chiva/uros_ws/install/setup.zsh'
