[0.148s] DEBUG:colcon:Command line arguments: ['/usr/bin/colcon', 'build']
[0.148s] DEBUG:colcon:Parsed command line arguments: Namespace(log_base=None, log_level=None, verb_name='build', build_base='build', install_base='install', merge_install=False, symlink_install=False, test_result_base=None, continue_on_error=False, executor='parallel', parallel_workers=4, event_handlers=None, ignore_user_meta=False, metas=['./colcon.meta'], base_paths=['.'], packages_ignore=None, packages_ignore_regex=None, paths=None, packages_up_to=None, packages_up_to_regex=None, packages_above=None, packages_above_and_dependencies=None, packages_above_depth=None, packages_select_by_dep=None, packages_skip_by_dep=None, packages_skip_up_to=None, packages_select_build_failed=False, packages_skip_build_finished=False, packages_select_test_failures=False, packages_skip_test_passed=False, packages_select=None, packages_skip=None, packages_select_regex=None, packages_skip_regex=None, packages_start=None, packages_end=None, allow_overriding=[], cmake_args=None, cmake_target=None, cmake_target_skip_unavailable=False, cmake_clean_cache=False, cmake_clean_first=False, cmake_force_configure=False, ament_cmake_args=None, catkin_cmake_args=None, catkin_skip_building_tests=False, mixin_files=None, mixin=None, verb_parser=<colcon_mixin.mixin.mixin_argument.MixinArgumentDecorator object at 0x70495eda5610>, verb_extension=<colcon_core.verb.build.BuildVerb object at 0x70495eda4d40>, main=<bound method BuildVerb.main of <colcon_core.verb.build.BuildVerb object at 0x70495eda4d40>>, mixin_verb=('build',))
[0.199s] Level 1:colcon.colcon_core.package_discovery:discover_packages(colcon_meta) check parameters
[0.199s] Level 1:colcon.colcon_core.package_discovery:discover_packages(recursive) check parameters
[0.199s] Level 1:colcon.colcon_core.package_discovery:discover_packages(ignore) check parameters
[0.199s] Level 1:colcon.colcon_core.package_discovery:discover_packages(path) check parameters
[0.199s] Level 1:colcon.colcon_core.package_discovery:discover_packages(colcon_meta) discover
[0.200s] Level 1:colcon.colcon_core.package_discovery:discover_packages(recursive) discover
[0.200s] INFO:colcon.colcon_core.package_discovery:Crawling recursively for packages in '/home/chiva/uros_ws'
[0.200s] Level 1:colcon.colcon_core.package_identification:_identify(.) by extensions ['ignore', 'ignore_ament_install']
[0.200s] Level 1:colcon.colcon_core.package_identification:_identify(.) by extension 'ignore'
[0.200s] Level 1:colcon.colcon_core.package_identification:_identify(.) by extension 'ignore_ament_install'
[0.200s] Level 1:colcon.colcon_core.package_identification:_identify(.) by extensions ['colcon_pkg']
[0.200s] Level 1:colcon.colcon_core.package_identification:_identify(.) by extension 'colcon_pkg'
[0.200s] Level 1:colcon.colcon_core.package_identification:_identify(.) by extensions ['colcon_meta']
[0.200s] Level 1:colcon.colcon_core.package_identification:_identify(.) by extension 'colcon_meta'
[0.200s] Level 1:colcon.colcon_core.package_identification:_identify(.) by extensions ['ros']
[0.200s] Level 1:colcon.colcon_core.package_identification:_identify(.) by extension 'ros'
[0.233s] Level 1:colcon.colcon_core.package_identification:_identify(.) by extensions ['cmake', 'python']
[0.233s] Level 1:colcon.colcon_core.package_identification:_identify(.) by extension 'cmake'
[0.233s] Level 1:colcon.colcon_core.package_identification:_identify(.) by extension 'python'
[0.233s] Level 1:colcon.colcon_core.package_identification:_identify(.) by extensions ['python_setup_py']
[0.233s] Level 1:colcon.colcon_core.package_identification:_identify(.) by extension 'python_setup_py'
[0.233s] Level 1:colcon.colcon_core.package_identification:_identify(build) by extensions ['ignore', 'ignore_ament_install']
[0.234s] Level 1:colcon.colcon_core.package_identification:_identify(build) by extension 'ignore'
[0.234s] Level 1:colcon.colcon_core.package_identification:_identify(build) ignored
[0.234s] Level 1:colcon.colcon_core.package_identification:_identify(install) by extensions ['ignore', 'ignore_ament_install']
[0.234s] Level 1:colcon.colcon_core.package_identification:_identify(install) by extension 'ignore'
[0.234s] Level 1:colcon.colcon_core.package_identification:_identify(install) ignored
[0.234s] Level 1:colcon.colcon_core.package_identification:_identify(log) by extensions ['ignore', 'ignore_ament_install']
[0.234s] Level 1:colcon.colcon_core.package_identification:_identify(log) by extension 'ignore'
[0.234s] Level 1:colcon.colcon_core.package_identification:_identify(log) ignored
[0.234s] Level 1:colcon.colcon_core.package_identification:_identify(src) by extensions ['ignore', 'ignore_ament_install']
[0.234s] Level 1:colcon.colcon_core.package_identification:_identify(src) by extension 'ignore'
[0.235s] Level 1:colcon.colcon_core.package_identification:_identify(src) by extension 'ignore_ament_install'
[0.235s] Level 1:colcon.colcon_core.package_identification:_identify(src) by extensions ['colcon_pkg']
[0.235s] Level 1:colcon.colcon_core.package_identification:_identify(src) by extension 'colcon_pkg'
[0.235s] Level 1:colcon.colcon_core.package_identification:_identify(src) by extensions ['colcon_meta']
[0.235s] Level 1:colcon.colcon_core.package_identification:_identify(src) by extension 'colcon_meta'
[0.235s] Level 1:colcon.colcon_core.package_identification:_identify(src) by extensions ['ros']
[0.235s] Level 1:colcon.colcon_core.package_identification:_identify(src) by extension 'ros'
[0.235s] Level 1:colcon.colcon_core.package_identification:_identify(src) by extensions ['cmake', 'python']
[0.235s] Level 1:colcon.colcon_core.package_identification:_identify(src) by extension 'cmake'
[0.235s] Level 1:colcon.colcon_core.package_identification:_identify(src) by extension 'python'
[0.235s] Level 1:colcon.colcon_core.package_identification:_identify(src) by extensions ['python_setup_py']
[0.235s] Level 1:colcon.colcon_core.package_identification:_identify(src) by extension 'python_setup_py'
[0.235s] Level 1:colcon.colcon_core.package_identification:_identify(src/micro_ros_setup) by extensions ['ignore', 'ignore_ament_install']
[0.235s] Level 1:colcon.colcon_core.package_identification:_identify(src/micro_ros_setup) by extension 'ignore'
[0.235s] Level 1:colcon.colcon_core.package_identification:_identify(src/micro_ros_setup) by extension 'ignore_ament_install'
[0.235s] Level 1:colcon.colcon_core.package_identification:_identify(src/micro_ros_setup) by extensions ['colcon_pkg']
[0.235s] Level 1:colcon.colcon_core.package_identification:_identify(src/micro_ros_setup) by extension 'colcon_pkg'
[0.236s] Level 1:colcon.colcon_core.package_identification:_identify(src/micro_ros_setup) by extensions ['colcon_meta']
[0.236s] Level 1:colcon.colcon_core.package_identification:_identify(src/micro_ros_setup) by extension 'colcon_meta'
[0.236s] Level 1:colcon.colcon_core.package_identification:_identify(src/micro_ros_setup) by extensions ['ros']
[0.236s] Level 1:colcon.colcon_core.package_identification:_identify(src/micro_ros_setup) by extension 'ros'
[0.239s] DEBUG:colcon.colcon_core.package_identification:Package 'src/micro_ros_setup' with type 'ros.ament_cmake' and name 'micro_ros_setup'
[0.239s] Level 1:colcon.colcon_core.package_identification:_identify(src/uros) by extensions ['ignore', 'ignore_ament_install']
[0.239s] Level 1:colcon.colcon_core.package_identification:_identify(src/uros) by extension 'ignore'
[0.239s] Level 1:colcon.colcon_core.package_identification:_identify(src/uros) by extension 'ignore_ament_install'
[0.239s] Level 1:colcon.colcon_core.package_identification:_identify(src/uros) by extensions ['colcon_pkg']
[0.239s] Level 1:colcon.colcon_core.package_identification:_identify(src/uros) by extension 'colcon_pkg'
[0.239s] Level 1:colcon.colcon_core.package_identification:_identify(src/uros) by extensions ['colcon_meta']
[0.239s] Level 1:colcon.colcon_core.package_identification:_identify(src/uros) by extension 'colcon_meta'
[0.239s] Level 1:colcon.colcon_core.package_identification:_identify(src/uros) by extensions ['ros']
[0.239s] Level 1:colcon.colcon_core.package_identification:_identify(src/uros) by extension 'ros'
[0.239s] Level 1:colcon.colcon_core.package_identification:_identify(src/uros) by extensions ['cmake', 'python']
[0.239s] Level 1:colcon.colcon_core.package_identification:_identify(src/uros) by extension 'cmake'
[0.239s] Level 1:colcon.colcon_core.package_identification:_identify(src/uros) by extension 'python'
[0.239s] Level 1:colcon.colcon_core.package_identification:_identify(src/uros) by extensions ['python_setup_py']
[0.239s] Level 1:colcon.colcon_core.package_identification:_identify(src/uros) by extension 'python_setup_py'
[0.240s] Level 1:colcon.colcon_core.package_identification:_identify(src/uros/drive_base) by extensions ['ignore', 'ignore_ament_install']
[0.240s] Level 1:colcon.colcon_core.package_identification:_identify(src/uros/drive_base) by extension 'ignore'
[0.240s] Level 1:colcon.colcon_core.package_identification:_identify(src/uros/drive_base) by extension 'ignore_ament_install'
[0.240s] Level 1:colcon.colcon_core.package_identification:_identify(src/uros/drive_base) by extensions ['colcon_pkg']
[0.240s] Level 1:colcon.colcon_core.package_identification:_identify(src/uros/drive_base) by extension 'colcon_pkg'
[0.240s] Level 1:colcon.colcon_core.package_identification:_identify(src/uros/drive_base) by extensions ['colcon_meta']
[0.240s] Level 1:colcon.colcon_core.package_identification:_identify(src/uros/drive_base) by extension 'colcon_meta'
[0.240s] Level 1:colcon.colcon_core.package_identification:_identify(src/uros/drive_base) by extensions ['ros']
[0.240s] Level 1:colcon.colcon_core.package_identification:_identify(src/uros/drive_base) by extension 'ros'
[0.240s] Level 1:colcon.colcon_core.package_identification:_identify(src/uros/drive_base) by extensions ['cmake', 'python']
[0.240s] Level 1:colcon.colcon_core.package_identification:_identify(src/uros/drive_base) by extension 'cmake'
[0.240s] Level 1:colcon.colcon_core.package_identification:_identify(src/uros/drive_base) by extension 'python'
[0.240s] Level 1:colcon.colcon_core.package_identification:_identify(src/uros/drive_base) by extensions ['python_setup_py']
[0.240s] Level 1:colcon.colcon_core.package_identification:_identify(src/uros/drive_base) by extension 'python_setup_py'
[0.240s] Level 1:colcon.colcon_core.package_identification:_identify(src/uros/drive_base/drive_base_msgs) by extensions ['ignore', 'ignore_ament_install']
[0.241s] Level 1:colcon.colcon_core.package_identification:_identify(src/uros/drive_base/drive_base_msgs) by extension 'ignore'
[0.241s] Level 1:colcon.colcon_core.package_identification:_identify(src/uros/drive_base/drive_base_msgs) by extension 'ignore_ament_install'
[0.241s] Level 1:colcon.colcon_core.package_identification:_identify(src/uros/drive_base/drive_base_msgs) by extensions ['colcon_pkg']
[0.241s] Level 1:colcon.colcon_core.package_identification:_identify(src/uros/drive_base/drive_base_msgs) by extension 'colcon_pkg'
[0.241s] Level 1:colcon.colcon_core.package_identification:_identify(src/uros/drive_base/drive_base_msgs) by extensions ['colcon_meta']
[0.241s] Level 1:colcon.colcon_core.package_identification:_identify(src/uros/drive_base/drive_base_msgs) by extension 'colcon_meta'
[0.241s] Level 1:colcon.colcon_core.package_identification:_identify(src/uros/drive_base/drive_base_msgs) by extensions ['ros']
[0.241s] Level 1:colcon.colcon_core.package_identification:_identify(src/uros/drive_base/drive_base_msgs) by extension 'ros'
[0.242s] DEBUG:colcon.colcon_core.package_identification:Package 'src/uros/drive_base/drive_base_msgs' with type 'ros.ament_cmake' and name 'drive_base_msgs'
[0.242s] Level 1:colcon.colcon_core.package_identification:_identify(src/uros/micro-ROS-Agent) by extensions ['ignore', 'ignore_ament_install']
[0.242s] Level 1:colcon.colcon_core.package_identification:_identify(src/uros/micro-ROS-Agent) by extension 'ignore'
[0.242s] Level 1:colcon.colcon_core.package_identification:_identify(src/uros/micro-ROS-Agent) by extension 'ignore_ament_install'
[0.242s] Level 1:colcon.colcon_core.package_identification:_identify(src/uros/micro-ROS-Agent) by extensions ['colcon_pkg']
[0.242s] Level 1:colcon.colcon_core.package_identification:_identify(src/uros/micro-ROS-Agent) by extension 'colcon_pkg'
[0.242s] Level 1:colcon.colcon_core.package_identification:_identify(src/uros/micro-ROS-Agent) by extensions ['colcon_meta']
[0.242s] Level 1:colcon.colcon_core.package_identification:_identify(src/uros/micro-ROS-Agent) by extension 'colcon_meta'
[0.242s] Level 1:colcon.colcon_core.package_identification:_identify(src/uros/micro-ROS-Agent) by extensions ['ros']
[0.242s] Level 1:colcon.colcon_core.package_identification:_identify(src/uros/micro-ROS-Agent) by extension 'ros'
[0.242s] Level 1:colcon.colcon_core.package_identification:_identify(src/uros/micro-ROS-Agent) by extensions ['cmake', 'python']
[0.242s] Level 1:colcon.colcon_core.package_identification:_identify(src/uros/micro-ROS-Agent) by extension 'cmake'
[0.242s] Level 1:colcon.colcon_core.package_identification:_identify(src/uros/micro-ROS-Agent) by extension 'python'
[0.242s] Level 1:colcon.colcon_core.package_identification:_identify(src/uros/micro-ROS-Agent) by extensions ['python_setup_py']
[0.242s] Level 1:colcon.colcon_core.package_identification:_identify(src/uros/micro-ROS-Agent) by extension 'python_setup_py'
[0.243s] Level 1:colcon.colcon_core.package_identification:_identify(src/uros/micro-ROS-Agent/micro_ros_agent) by extensions ['ignore', 'ignore_ament_install']
[0.243s] Level 1:colcon.colcon_core.package_identification:_identify(src/uros/micro-ROS-Agent/micro_ros_agent) by extension 'ignore'
[0.243s] Level 1:colcon.colcon_core.package_identification:_identify(src/uros/micro-ROS-Agent/micro_ros_agent) by extension 'ignore_ament_install'
[0.243s] Level 1:colcon.colcon_core.package_identification:_identify(src/uros/micro-ROS-Agent/micro_ros_agent) by extensions ['colcon_pkg']
[0.243s] Level 1:colcon.colcon_core.package_identification:_identify(src/uros/micro-ROS-Agent/micro_ros_agent) by extension 'colcon_pkg'
[0.243s] Level 1:colcon.colcon_core.package_identification:_identify(src/uros/micro-ROS-Agent/micro_ros_agent) by extensions ['colcon_meta']
[0.243s] Level 1:colcon.colcon_core.package_identification:_identify(src/uros/micro-ROS-Agent/micro_ros_agent) by extension 'colcon_meta'
[0.243s] Level 1:colcon.colcon_core.package_identification:_identify(src/uros/micro-ROS-Agent/micro_ros_agent) by extensions ['ros']
[0.243s] Level 1:colcon.colcon_core.package_identification:_identify(src/uros/micro-ROS-Agent/micro_ros_agent) by extension 'ros'
[0.244s] DEBUG:colcon.colcon_core.package_identification:Package 'src/uros/micro-ROS-Agent/micro_ros_agent' with type 'ros.ament_cmake' and name 'micro_ros_agent'
[0.244s] Level 1:colcon.colcon_core.package_identification:_identify(src/uros/micro-ROS-Agent/snap) by extensions ['ignore', 'ignore_ament_install']
[0.244s] Level 1:colcon.colcon_core.package_identification:_identify(src/uros/micro-ROS-Agent/snap) by extension 'ignore'
[0.244s] Level 1:colcon.colcon_core.package_identification:_identify(src/uros/micro-ROS-Agent/snap) by extension 'ignore_ament_install'
[0.244s] Level 1:colcon.colcon_core.package_identification:_identify(src/uros/micro-ROS-Agent/snap) by extensions ['colcon_pkg']
[0.244s] Level 1:colcon.colcon_core.package_identification:_identify(src/uros/micro-ROS-Agent/snap) by extension 'colcon_pkg'
[0.244s] Level 1:colcon.colcon_core.package_identification:_identify(src/uros/micro-ROS-Agent/snap) by extensions ['colcon_meta']
[0.244s] Level 1:colcon.colcon_core.package_identification:_identify(src/uros/micro-ROS-Agent/snap) by extension 'colcon_meta'
[0.244s] Level 1:colcon.colcon_core.package_identification:_identify(src/uros/micro-ROS-Agent/snap) by extensions ['ros']
[0.244s] Level 1:colcon.colcon_core.package_identification:_identify(src/uros/micro-ROS-Agent/snap) by extension 'ros'
[0.245s] Level 1:colcon.colcon_core.package_identification:_identify(src/uros/micro-ROS-Agent/snap) by extensions ['cmake', 'python']
[0.245s] Level 1:colcon.colcon_core.package_identification:_identify(src/uros/micro-ROS-Agent/snap) by extension 'cmake'
[0.245s] Level 1:colcon.colcon_core.package_identification:_identify(src/uros/micro-ROS-Agent/snap) by extension 'python'
[0.245s] Level 1:colcon.colcon_core.package_identification:_identify(src/uros/micro-ROS-Agent/snap) by extensions ['python_setup_py']
[0.245s] Level 1:colcon.colcon_core.package_identification:_identify(src/uros/micro-ROS-Agent/snap) by extension 'python_setup_py'
[0.245s] Level 1:colcon.colcon_core.package_identification:_identify(src/uros/micro-ROS-Agent/snap/hooks) by extensions ['ignore', 'ignore_ament_install']
[0.245s] Level 1:colcon.colcon_core.package_identification:_identify(src/uros/micro-ROS-Agent/snap/hooks) by extension 'ignore'
[0.245s] Level 1:colcon.colcon_core.package_identification:_identify(src/uros/micro-ROS-Agent/snap/hooks) by extension 'ignore_ament_install'
[0.245s] Level 1:colcon.colcon_core.package_identification:_identify(src/uros/micro-ROS-Agent/snap/hooks) by extensions ['colcon_pkg']
[0.245s] Level 1:colcon.colcon_core.package_identification:_identify(src/uros/micro-ROS-Agent/snap/hooks) by extension 'colcon_pkg'
[0.245s] Level 1:colcon.colcon_core.package_identification:_identify(src/uros/micro-ROS-Agent/snap/hooks) by extensions ['colcon_meta']
[0.245s] Level 1:colcon.colcon_core.package_identification:_identify(src/uros/micro-ROS-Agent/snap/hooks) by extension 'colcon_meta'
[0.245s] Level 1:colcon.colcon_core.package_identification:_identify(src/uros/micro-ROS-Agent/snap/hooks) by extensions ['ros']
[0.245s] Level 1:colcon.colcon_core.package_identification:_identify(src/uros/micro-ROS-Agent/snap/hooks) by extension 'ros'
[0.245s] Level 1:colcon.colcon_core.package_identification:_identify(src/uros/micro-ROS-Agent/snap/hooks) by extensions ['cmake', 'python']
[0.245s] Level 1:colcon.colcon_core.package_identification:_identify(src/uros/micro-ROS-Agent/snap/hooks) by extension 'cmake'
[0.245s] Level 1:colcon.colcon_core.package_identification:_identify(src/uros/micro-ROS-Agent/snap/hooks) by extension 'python'
[0.246s] Level 1:colcon.colcon_core.package_identification:_identify(src/uros/micro-ROS-Agent/snap/hooks) by extensions ['python_setup_py']
[0.246s] Level 1:colcon.colcon_core.package_identification:_identify(src/uros/micro-ROS-Agent/snap/hooks) by extension 'python_setup_py'
[0.246s] Level 1:colcon.colcon_core.package_identification:_identify(src/uros/micro-ROS-Agent/snap/local) by extensions ['ignore', 'ignore_ament_install']
[0.246s] Level 1:colcon.colcon_core.package_identification:_identify(src/uros/micro-ROS-Agent/snap/local) by extension 'ignore'
[0.246s] Level 1:colcon.colcon_core.package_identification:_identify(src/uros/micro-ROS-Agent/snap/local) by extension 'ignore_ament_install'
[0.246s] Level 1:colcon.colcon_core.package_identification:_identify(src/uros/micro-ROS-Agent/snap/local) by extensions ['colcon_pkg']
[0.246s] Level 1:colcon.colcon_core.package_identification:_identify(src/uros/micro-ROS-Agent/snap/local) by extension 'colcon_pkg'
[0.246s] Level 1:colcon.colcon_core.package_identification:_identify(src/uros/micro-ROS-Agent/snap/local) by extensions ['colcon_meta']
[0.246s] Level 1:colcon.colcon_core.package_identification:_identify(src/uros/micro-ROS-Agent/snap/local) by extension 'colcon_meta'
[0.246s] Level 1:colcon.colcon_core.package_identification:_identify(src/uros/micro-ROS-Agent/snap/local) by extensions ['ros']
[0.246s] Level 1:colcon.colcon_core.package_identification:_identify(src/uros/micro-ROS-Agent/snap/local) by extension 'ros'
[0.246s] Level 1:colcon.colcon_core.package_identification:_identify(src/uros/micro-ROS-Agent/snap/local) by extensions ['cmake', 'python']
[0.246s] Level 1:colcon.colcon_core.package_identification:_identify(src/uros/micro-ROS-Agent/snap/local) by extension 'cmake'
[0.246s] Level 1:colcon.colcon_core.package_identification:_identify(src/uros/micro-ROS-Agent/snap/local) by extension 'python'
[0.247s] Level 1:colcon.colcon_core.package_identification:_identify(src/uros/micro-ROS-Agent/snap/local) by extensions ['python_setup_py']
[0.247s] Level 1:colcon.colcon_core.package_identification:_identify(src/uros/micro-ROS-Agent/snap/local) by extension 'python_setup_py'
[0.247s] Level 1:colcon.colcon_core.package_identification:_identify(src/uros/micro_ros_msgs) by extensions ['ignore', 'ignore_ament_install']
[0.247s] Level 1:colcon.colcon_core.package_identification:_identify(src/uros/micro_ros_msgs) by extension 'ignore'
[0.247s] Level 1:colcon.colcon_core.package_identification:_identify(src/uros/micro_ros_msgs) by extension 'ignore_ament_install'
[0.247s] Level 1:colcon.colcon_core.package_identification:_identify(src/uros/micro_ros_msgs) by extensions ['colcon_pkg']
[0.247s] Level 1:colcon.colcon_core.package_identification:_identify(src/uros/micro_ros_msgs) by extension 'colcon_pkg'
[0.247s] Level 1:colcon.colcon_core.package_identification:_identify(src/uros/micro_ros_msgs) by extensions ['colcon_meta']
[0.247s] Level 1:colcon.colcon_core.package_identification:_identify(src/uros/micro_ros_msgs) by extension 'colcon_meta'
[0.247s] Level 1:colcon.colcon_core.package_identification:_identify(src/uros/micro_ros_msgs) by extensions ['ros']
[0.247s] Level 1:colcon.colcon_core.package_identification:_identify(src/uros/micro_ros_msgs) by extension 'ros'
[0.248s] DEBUG:colcon.colcon_core.package_identification:Package 'src/uros/micro_ros_msgs' with type 'ros.ament_cmake' and name 'micro_ros_msgs'
[0.248s] Level 1:colcon.colcon_core.package_discovery:discover_packages(recursive) using defaults
[0.248s] Level 1:colcon.colcon_core.package_discovery:discover_packages(ignore) discover
[0.248s] Level 1:colcon.colcon_core.package_discovery:discover_packages(ignore) using defaults
[0.248s] Level 1:colcon.colcon_core.package_discovery:discover_packages(path) discover
[0.248s] Level 1:colcon.colcon_core.package_discovery:discover_packages(path) using defaults
[0.270s] Level 1:colcon.colcon_core.package_discovery:discover_packages(prefix_path) check parameters
[0.270s] Level 1:colcon.colcon_core.package_discovery:discover_packages(prefix_path) discover
[0.274s] DEBUG:colcon.colcon_installed_package_information.package_discovery:Found 371 installed packages in /opt/ros/jazzy
[0.276s] Level 1:colcon.colcon_core.package_discovery:discover_packages(prefix_path) using defaults
[0.343s] Level 5:colcon.colcon_core.verb:set package 'drive_base_msgs' build argument 'cmake_args' from command line to 'None'
[0.343s] Level 5:colcon.colcon_core.verb:set package 'drive_base_msgs' build argument 'cmake_target' from command line to 'None'
[0.343s] Level 5:colcon.colcon_core.verb:set package 'drive_base_msgs' build argument 'cmake_target_skip_unavailable' from command line to 'False'
[0.343s] Level 5:colcon.colcon_core.verb:set package 'drive_base_msgs' build argument 'cmake_clean_cache' from command line to 'False'
[0.343s] Level 5:colcon.colcon_core.verb:set package 'drive_base_msgs' build argument 'cmake_clean_first' from command line to 'False'
[0.343s] Level 5:colcon.colcon_core.verb:set package 'drive_base_msgs' build argument 'cmake_force_configure' from command line to 'False'
[0.343s] Level 5:colcon.colcon_core.verb:set package 'drive_base_msgs' build argument 'ament_cmake_args' from command line to 'None'
[0.343s] Level 5:colcon.colcon_core.verb:set package 'drive_base_msgs' build argument 'catkin_cmake_args' from command line to 'None'
[0.343s] Level 5:colcon.colcon_core.verb:set package 'drive_base_msgs' build argument 'catkin_skip_building_tests' from command line to 'False'
[0.343s] DEBUG:colcon.colcon_core.verb:Building package 'drive_base_msgs' with the following arguments: {'ament_cmake_args': None, 'build_base': '/home/chiva/uros_ws/build/drive_base_msgs', 'catkin_cmake_args': None, 'catkin_skip_building_tests': False, 'cmake_args': None, 'cmake_clean_cache': False, 'cmake_clean_first': False, 'cmake_force_configure': False, 'cmake_target': None, 'cmake_target_skip_unavailable': False, 'install_base': '/home/chiva/uros_ws/install/drive_base_msgs', 'merge_install': False, 'path': '/home/chiva/uros_ws/src/uros/drive_base/drive_base_msgs', 'symlink_install': False, 'test_result_base': None}
[0.344s] Level 5:colcon.colcon_core.verb:set package 'micro_ros_msgs' build argument 'cmake_args' from command line to 'None'
[0.344s] Level 5:colcon.colcon_core.verb:set package 'micro_ros_msgs' build argument 'cmake_target' from command line to 'None'
[0.344s] Level 5:colcon.colcon_core.verb:set package 'micro_ros_msgs' build argument 'cmake_target_skip_unavailable' from command line to 'False'
[0.344s] Level 5:colcon.colcon_core.verb:set package 'micro_ros_msgs' build argument 'cmake_clean_cache' from command line to 'False'
[0.344s] Level 5:colcon.colcon_core.verb:set package 'micro_ros_msgs' build argument 'cmake_clean_first' from command line to 'False'
[0.344s] Level 5:colcon.colcon_core.verb:set package 'micro_ros_msgs' build argument 'cmake_force_configure' from command line to 'False'
[0.344s] Level 5:colcon.colcon_core.verb:set package 'micro_ros_msgs' build argument 'ament_cmake_args' from command line to 'None'
[0.344s] Level 5:colcon.colcon_core.verb:set package 'micro_ros_msgs' build argument 'catkin_cmake_args' from command line to 'None'
[0.344s] Level 5:colcon.colcon_core.verb:set package 'micro_ros_msgs' build argument 'catkin_skip_building_tests' from command line to 'False'
[0.344s] DEBUG:colcon.colcon_core.verb:Building package 'micro_ros_msgs' with the following arguments: {'ament_cmake_args': None, 'build_base': '/home/chiva/uros_ws/build/micro_ros_msgs', 'catkin_cmake_args': None, 'catkin_skip_building_tests': False, 'cmake_args': None, 'cmake_clean_cache': False, 'cmake_clean_first': False, 'cmake_force_configure': False, 'cmake_target': None, 'cmake_target_skip_unavailable': False, 'install_base': '/home/chiva/uros_ws/install/micro_ros_msgs', 'merge_install': False, 'path': '/home/chiva/uros_ws/src/uros/micro_ros_msgs', 'symlink_install': False, 'test_result_base': None}
[0.344s] Level 5:colcon.colcon_core.verb:set package 'micro_ros_setup' build argument 'cmake_args' from command line to 'None'
[0.344s] Level 5:colcon.colcon_core.verb:set package 'micro_ros_setup' build argument 'cmake_target' from command line to 'None'
[0.344s] Level 5:colcon.colcon_core.verb:set package 'micro_ros_setup' build argument 'cmake_target_skip_unavailable' from command line to 'False'
[0.344s] Level 5:colcon.colcon_core.verb:set package 'micro_ros_setup' build argument 'cmake_clean_cache' from command line to 'False'
[0.344s] Level 5:colcon.colcon_core.verb:set package 'micro_ros_setup' build argument 'cmake_clean_first' from command line to 'False'
[0.344s] Level 5:colcon.colcon_core.verb:set package 'micro_ros_setup' build argument 'cmake_force_configure' from command line to 'False'
[0.344s] Level 5:colcon.colcon_core.verb:set package 'micro_ros_setup' build argument 'ament_cmake_args' from command line to 'None'
[0.344s] Level 5:colcon.colcon_core.verb:set package 'micro_ros_setup' build argument 'catkin_cmake_args' from command line to 'None'
[0.344s] Level 5:colcon.colcon_core.verb:set package 'micro_ros_setup' build argument 'catkin_skip_building_tests' from command line to 'False'
[0.344s] DEBUG:colcon.colcon_core.verb:Building package 'micro_ros_setup' with the following arguments: {'ament_cmake_args': None, 'build_base': '/home/chiva/uros_ws/build/micro_ros_setup', 'catkin_cmake_args': None, 'catkin_skip_building_tests': False, 'cmake_args': None, 'cmake_clean_cache': False, 'cmake_clean_first': False, 'cmake_force_configure': False, 'cmake_target': None, 'cmake_target_skip_unavailable': False, 'install_base': '/home/chiva/uros_ws/install/micro_ros_setup', 'merge_install': False, 'path': '/home/chiva/uros_ws/src/micro_ros_setup', 'symlink_install': False, 'test_result_base': None}
[0.345s] Level 5:colcon.colcon_core.verb:set package 'micro_ros_agent' build argument 'cmake_args' from command line to 'None'
[0.345s] Level 5:colcon.colcon_core.verb:set package 'micro_ros_agent' build argument 'cmake_target' from command line to 'None'
[0.345s] Level 5:colcon.colcon_core.verb:set package 'micro_ros_agent' build argument 'cmake_target_skip_unavailable' from command line to 'False'
[0.345s] Level 5:colcon.colcon_core.verb:set package 'micro_ros_agent' build argument 'cmake_clean_cache' from command line to 'False'
[0.345s] Level 5:colcon.colcon_core.verb:set package 'micro_ros_agent' build argument 'cmake_clean_first' from command line to 'False'
[0.345s] Level 5:colcon.colcon_core.verb:set package 'micro_ros_agent' build argument 'cmake_force_configure' from command line to 'False'
[0.345s] Level 5:colcon.colcon_core.verb:set package 'micro_ros_agent' build argument 'ament_cmake_args' from command line to 'None'
[0.345s] Level 5:colcon.colcon_core.verb:set package 'micro_ros_agent' build argument 'catkin_cmake_args' from command line to 'None'
[0.345s] Level 5:colcon.colcon_core.verb:set package 'micro_ros_agent' build argument 'catkin_skip_building_tests' from command line to 'False'
[0.345s] DEBUG:colcon.colcon_core.verb:Building package 'micro_ros_agent' with the following arguments: {'ament_cmake_args': None, 'build_base': '/home/chiva/uros_ws/build/micro_ros_agent', 'catkin_cmake_args': None, 'catkin_skip_building_tests': False, 'cmake_args': None, 'cmake_clean_cache': False, 'cmake_clean_first': False, 'cmake_force_configure': False, 'cmake_target': None, 'cmake_target_skip_unavailable': False, 'install_base': '/home/chiva/uros_ws/install/micro_ros_agent', 'merge_install': False, 'path': '/home/chiva/uros_ws/src/uros/micro-ROS-Agent/micro_ros_agent', 'symlink_install': False, 'test_result_base': None}
[0.345s] INFO:colcon.colcon_core.executor:Executing jobs using 'parallel' executor
[0.346s] DEBUG:colcon.colcon_parallel_executor.executor.parallel:run_until_complete
[0.346s] INFO:colcon.colcon_ros.task.ament_cmake.build:Building ROS package in '/home/chiva/uros_ws/src/uros/micro_ros_msgs' with build type 'ament_cmake'
[0.346s] INFO:colcon.colcon_cmake.task.cmake.build:Building CMake package in '/home/chiva/uros_ws/src/uros/micro_ros_msgs'
[0.350s] INFO:colcon.colcon_core.plugin_system:Skipping extension 'colcon_core.shell.bat': Not used on non-Windows systems
[0.350s] INFO:colcon.colcon_core.shell:Skip shell extension 'powershell' for command environment: Not usable outside of PowerShell
[0.350s] DEBUG:colcon.colcon_core.shell:Skip shell extension 'dsv' for command environment
[0.356s] INFO:colcon.colcon_ros.task.ament_cmake.build:Building ROS package in '/home/chiva/uros_ws/src/uros/drive_base/drive_base_msgs' with build type 'ament_cmake'
[0.356s] INFO:colcon.colcon_cmake.task.cmake.build:Building CMake package in '/home/chiva/uros_ws/src/uros/drive_base/drive_base_msgs'
[0.357s] INFO:colcon.colcon_core.shell:Skip shell extension 'powershell' for command environment: Not usable outside of PowerShell
[0.357s] DEBUG:colcon.colcon_core.shell:Skip shell extension 'dsv' for command environment
[0.361s] INFO:colcon.colcon_ros.task.ament_cmake.build:Building ROS package in '/home/chiva/uros_ws/src/micro_ros_setup' with build type 'ament_cmake'
[0.361s] INFO:colcon.colcon_cmake.task.cmake.build:Building CMake package in '/home/chiva/uros_ws/src/micro_ros_setup'
[0.362s] INFO:colcon.colcon_core.shell:Skip shell extension 'powershell' for command environment: Not usable outside of PowerShell
[0.362s] DEBUG:colcon.colcon_core.shell:Skip shell extension 'dsv' for command environment
[0.373s] DEBUG:colcon.colcon_core.event_handler.log_command:Invoking command in '/home/chiva/uros_ws/build/micro_ros_msgs': CMAKE_PREFIX_PATH=${CMAKE_PREFIX_PATH}:/opt/ros/jazzy DEBUGINFOD_URLS=https://debuginfod.ubuntu.com /usr/bin/cmake --build /home/chiva/uros_ws/build/micro_ros_msgs -- -j4 -l4
[0.379s] DEBUG:colcon.colcon_core.event_handler.log_command:Invoking command in '/home/chiva/uros_ws/build/drive_base_msgs': CMAKE_PREFIX_PATH=${CMAKE_PREFIX_PATH}:/opt/ros/jazzy DEBUGINFOD_URLS=https://debuginfod.ubuntu.com /usr/bin/cmake --build /home/chiva/uros_ws/build/drive_base_msgs -- -j4 -l4
[0.385s] DEBUG:colcon.colcon_core.event_handler.log_command:Invoking command in '/home/chiva/uros_ws/build/micro_ros_setup': CMAKE_PREFIX_PATH=${CMAKE_PREFIX_PATH}:/opt/ros/jazzy DEBUGINFOD_URLS=https://debuginfod.ubuntu.com /usr/bin/cmake --build /home/chiva/uros_ws/build/micro_ros_setup -- -j4 -l4
[0.487s] DEBUG:colcon.colcon_core.event_handler.log_command:Invoked command in '/home/chiva/uros_ws/build/micro_ros_setup' returned '0': CMAKE_PREFIX_PATH=${CMAKE_PREFIX_PATH}:/opt/ros/jazzy DEBUGINFOD_URLS=https://debuginfod.ubuntu.com /usr/bin/cmake --build /home/chiva/uros_ws/build/micro_ros_setup -- -j4 -l4
[0.515s] DEBUG:colcon.colcon_core.event_handler.log_command:Invoking command in '/home/chiva/uros_ws/build/micro_ros_setup': CMAKE_PREFIX_PATH=${CMAKE_PREFIX_PATH}:/opt/ros/jazzy DEBUGINFOD_URLS=https://debuginfod.ubuntu.com /usr/bin/cmake --install /home/chiva/uros_ws/build/micro_ros_setup
[0.579s] Level 1:colcon.colcon_core.environment:create_environment_scripts_only(micro_ros_setup)
[0.586s] Level 1:colcon.colcon_core.environment:checking '/home/chiva/uros_ws/install/micro_ros_setup' for CMake module files
[0.588s] Level 1:colcon.colcon_core.environment:checking '/home/chiva/uros_ws/install/micro_ros_setup' for CMake config files
[0.604s] Level 1:colcon.colcon_core.shell:create_environment_hook('micro_ros_setup', 'cmake_prefix_path')
[0.605s] INFO:colcon.colcon_core.shell:Creating environment hook '/home/chiva/uros_ws/install/micro_ros_setup/share/micro_ros_setup/hook/cmake_prefix_path.ps1'
[0.606s] INFO:colcon.colcon_core.shell:Creating environment descriptor '/home/chiva/uros_ws/install/micro_ros_setup/share/micro_ros_setup/hook/cmake_prefix_path.dsv'
[0.620s] INFO:colcon.colcon_core.shell:Creating environment hook '/home/chiva/uros_ws/install/micro_ros_setup/share/micro_ros_setup/hook/cmake_prefix_path.sh'
[0.622s] Level 1:colcon.colcon_core.environment:checking '/home/chiva/uros_ws/install/micro_ros_setup/lib'
[0.622s] Level 1:colcon.colcon_core.environment:checking '/home/chiva/uros_ws/install/micro_ros_setup/bin'
[0.630s] Level 1:colcon.colcon_core.environment:checking '/home/chiva/uros_ws/install/micro_ros_setup/lib/pkgconfig/micro_ros_setup.pc'
[0.631s] Level 1:colcon.colcon_core.environment:checking '/home/chiva/uros_ws/install/micro_ros_setup/lib/python3.12/site-packages'
[0.631s] Level 1:colcon.colcon_core.environment:checking '/home/chiva/uros_ws/install/micro_ros_setup/bin'
[0.632s] INFO:colcon.colcon_core.shell:Creating package script '/home/chiva/uros_ws/install/micro_ros_setup/share/micro_ros_setup/package.ps1'
[0.648s] DEBUG:colcon.colcon_core.event_handler.log_command:Invoked command in '/home/chiva/uros_ws/build/micro_ros_setup' returned '0': CMAKE_PREFIX_PATH=${CMAKE_PREFIX_PATH}:/opt/ros/jazzy DEBUGINFOD_URLS=https://debuginfod.ubuntu.com /usr/bin/cmake --install /home/chiva/uros_ws/build/micro_ros_setup
[0.649s] INFO:colcon.colcon_core.shell:Creating package descriptor '/home/chiva/uros_ws/install/micro_ros_setup/share/micro_ros_setup/package.dsv'
[0.651s] INFO:colcon.colcon_core.shell:Creating package script '/home/chiva/uros_ws/install/micro_ros_setup/share/micro_ros_setup/package.sh'
[0.658s] INFO:colcon.colcon_core.shell:Creating package script '/home/chiva/uros_ws/install/micro_ros_setup/share/micro_ros_setup/package.bash'
[0.660s] INFO:colcon.colcon_core.shell:Creating package script '/home/chiva/uros_ws/install/micro_ros_setup/share/micro_ros_setup/package.zsh'
[0.665s] Level 1:colcon.colcon_core.environment:create_file_with_runtime_dependencies(/home/chiva/uros_ws/install/micro_ros_setup/share/colcon-core/packages/micro_ros_setup)
[0.667s] Level 1:colcon.colcon_core.environment:create_environment_scripts_only(micro_ros_setup)
[0.667s] Level 1:colcon.colcon_core.environment:checking '/home/chiva/uros_ws/install/micro_ros_setup' for CMake module files
[0.675s] Level 1:colcon.colcon_core.environment:checking '/home/chiva/uros_ws/install/micro_ros_setup' for CMake config files
[0.682s] Level 1:colcon.colcon_core.shell:create_environment_hook('micro_ros_setup', 'cmake_prefix_path')
[0.683s] INFO:colcon.colcon_core.shell:Creating environment hook '/home/chiva/uros_ws/install/micro_ros_setup/share/micro_ros_setup/hook/cmake_prefix_path.ps1'
[0.684s] INFO:colcon.colcon_core.shell:Creating environment descriptor '/home/chiva/uros_ws/install/micro_ros_setup/share/micro_ros_setup/hook/cmake_prefix_path.dsv'
[0.685s] INFO:colcon.colcon_core.shell:Creating environment hook '/home/chiva/uros_ws/install/micro_ros_setup/share/micro_ros_setup/hook/cmake_prefix_path.sh'
[0.691s] Level 1:colcon.colcon_core.environment:checking '/home/chiva/uros_ws/install/micro_ros_setup/lib'
[0.692s] Level 1:colcon.colcon_core.environment:checking '/home/chiva/uros_ws/install/micro_ros_setup/bin'
[0.692s] Level 1:colcon.colcon_core.environment:checking '/home/chiva/uros_ws/install/micro_ros_setup/lib/pkgconfig/micro_ros_setup.pc'
[0.692s] Level 1:colcon.colcon_core.environment:checking '/home/chiva/uros_ws/install/micro_ros_setup/lib/python3.12/site-packages'
[0.696s] Level 1:colcon.colcon_core.environment:checking '/home/chiva/uros_ws/install/micro_ros_setup/bin'
[0.696s] INFO:colcon.colcon_core.shell:Creating package script '/home/chiva/uros_ws/install/micro_ros_setup/share/micro_ros_setup/package.ps1'
[0.697s] INFO:colcon.colcon_core.shell:Creating package descriptor '/home/chiva/uros_ws/install/micro_ros_setup/share/micro_ros_setup/package.dsv'
[0.701s] INFO:colcon.colcon_core.shell:Creating package script '/home/chiva/uros_ws/install/micro_ros_setup/share/micro_ros_setup/package.sh'
[0.702s] INFO:colcon.colcon_core.shell:Creating package script '/home/chiva/uros_ws/install/micro_ros_setup/share/micro_ros_setup/package.bash'
[0.703s] INFO:colcon.colcon_core.shell:Creating package script '/home/chiva/uros_ws/install/micro_ros_setup/share/micro_ros_setup/package.zsh'
[0.703s] Level 1:colcon.colcon_core.environment:create_file_with_runtime_dependencies(/home/chiva/uros_ws/install/micro_ros_setup/share/colcon-core/packages/micro_ros_setup)
[1.440s] DEBUG:colcon.colcon_core.event_handler.log_command:Invoked command in '/home/chiva/uros_ws/build/drive_base_msgs' returned '0': CMAKE_PREFIX_PATH=${CMAKE_PREFIX_PATH}:/opt/ros/jazzy DEBUGINFOD_URLS=https://debuginfod.ubuntu.com /usr/bin/cmake --build /home/chiva/uros_ws/build/drive_base_msgs -- -j4 -l4
[1.443s] DEBUG:colcon.colcon_core.event_handler.log_command:Invoking command in '/home/chiva/uros_ws/build/drive_base_msgs': CMAKE_PREFIX_PATH=${CMAKE_PREFIX_PATH}:/opt/ros/jazzy DEBUGINFOD_URLS=https://debuginfod.ubuntu.com /usr/bin/cmake --install /home/chiva/uros_ws/build/drive_base_msgs
[1.456s] DEBUG:colcon.colcon_core.event_handler.log_command:Invoked command in '/home/chiva/uros_ws/build/micro_ros_msgs' returned '0': CMAKE_PREFIX_PATH=${CMAKE_PREFIX_PATH}:/opt/ros/jazzy DEBUGINFOD_URLS=https://debuginfod.ubuntu.com /usr/bin/cmake --build /home/chiva/uros_ws/build/micro_ros_msgs -- -j4 -l4
[1.458s] DEBUG:colcon.colcon_core.event_handler.log_command:Invoking command in '/home/chiva/uros_ws/build/micro_ros_msgs': CMAKE_PREFIX_PATH=${CMAKE_PREFIX_PATH}:/opt/ros/jazzy DEBUGINFOD_URLS=https://debuginfod.ubuntu.com /usr/bin/cmake --install /home/chiva/uros_ws/build/micro_ros_msgs
[1.554s] Level 1:colcon.colcon_core.environment:create_environment_scripts_only(drive_base_msgs)
[1.555s] Level 1:colcon.colcon_core.environment:checking '/home/chiva/uros_ws/install/drive_base_msgs' for CMake module files
[1.556s] DEBUG:colcon.colcon_core.event_handler.log_command:Invoked command in '/home/chiva/uros_ws/build/drive_base_msgs' returned '0': CMAKE_PREFIX_PATH=${CMAKE_PREFIX_PATH}:/opt/ros/jazzy DEBUGINFOD_URLS=https://debuginfod.ubuntu.com /usr/bin/cmake --install /home/chiva/uros_ws/build/drive_base_msgs
[1.557s] Level 1:colcon.colcon_core.environment:checking '/home/chiva/uros_ws/install/drive_base_msgs' for CMake config files
[1.558s] Level 1:colcon.colcon_core.shell:create_environment_hook('drive_base_msgs', 'cmake_prefix_path')
[1.559s] INFO:colcon.colcon_core.shell:Creating environment hook '/home/chiva/uros_ws/install/drive_base_msgs/share/drive_base_msgs/hook/cmake_prefix_path.ps1'
[1.559s] INFO:colcon.colcon_core.shell:Creating environment descriptor '/home/chiva/uros_ws/install/drive_base_msgs/share/drive_base_msgs/hook/cmake_prefix_path.dsv'
[1.560s] INFO:colcon.colcon_core.shell:Creating environment hook '/home/chiva/uros_ws/install/drive_base_msgs/share/drive_base_msgs/hook/cmake_prefix_path.sh'
[1.561s] Level 1:colcon.colcon_core.environment:checking '/home/chiva/uros_ws/install/drive_base_msgs/lib'
[1.561s] Level 1:colcon.colcon_core.shell:create_environment_hook('drive_base_msgs', 'ld_library_path_lib')
[1.561s] INFO:colcon.colcon_core.shell:Creating environment hook '/home/chiva/uros_ws/install/drive_base_msgs/share/drive_base_msgs/hook/ld_library_path_lib.ps1'
[1.562s] INFO:colcon.colcon_core.shell:Creating environment descriptor '/home/chiva/uros_ws/install/drive_base_msgs/share/drive_base_msgs/hook/ld_library_path_lib.dsv'
[1.562s] INFO:colcon.colcon_core.shell:Creating environment hook '/home/chiva/uros_ws/install/drive_base_msgs/share/drive_base_msgs/hook/ld_library_path_lib.sh'
[1.563s] Level 1:colcon.colcon_core.environment:checking '/home/chiva/uros_ws/install/drive_base_msgs/bin'
[1.563s] Level 1:colcon.colcon_core.environment:checking '/home/chiva/uros_ws/install/drive_base_msgs/lib/pkgconfig/drive_base_msgs.pc'
[1.563s] Level 1:colcon.colcon_core.environment:checking '/home/chiva/uros_ws/install/drive_base_msgs/lib/python3.12/site-packages'
[1.564s] Level 1:colcon.colcon_core.shell:create_environment_hook('drive_base_msgs', 'pythonpath')
[1.564s] INFO:colcon.colcon_core.shell:Creating environment hook '/home/chiva/uros_ws/install/drive_base_msgs/share/drive_base_msgs/hook/pythonpath.ps1'
[1.566s] INFO:colcon.colcon_core.shell:Creating environment descriptor '/home/chiva/uros_ws/install/drive_base_msgs/share/drive_base_msgs/hook/pythonpath.dsv'
[1.569s] INFO:colcon.colcon_core.shell:Creating environment hook '/home/chiva/uros_ws/install/drive_base_msgs/share/drive_base_msgs/hook/pythonpath.sh'
[1.575s] Level 1:colcon.colcon_core.environment:checking '/home/chiva/uros_ws/install/drive_base_msgs/bin'
[1.575s] INFO:colcon.colcon_core.shell:Creating package script '/home/chiva/uros_ws/install/drive_base_msgs/share/drive_base_msgs/package.ps1'
[1.576s] INFO:colcon.colcon_core.shell:Creating package descriptor '/home/chiva/uros_ws/install/drive_base_msgs/share/drive_base_msgs/package.dsv'
[1.577s] INFO:colcon.colcon_core.shell:Creating package script '/home/chiva/uros_ws/install/drive_base_msgs/share/drive_base_msgs/package.sh'
[1.577s] INFO:colcon.colcon_core.shell:Creating package script '/home/chiva/uros_ws/install/drive_base_msgs/share/drive_base_msgs/package.bash'
[1.578s] INFO:colcon.colcon_core.shell:Creating package script '/home/chiva/uros_ws/install/drive_base_msgs/share/drive_base_msgs/package.zsh'
[1.578s] Level 1:colcon.colcon_core.environment:create_file_with_runtime_dependencies(/home/chiva/uros_ws/install/drive_base_msgs/share/colcon-core/packages/drive_base_msgs)
[1.579s] Level 1:colcon.colcon_core.environment:create_environment_scripts_only(drive_base_msgs)
[1.579s] Level 1:colcon.colcon_core.environment:checking '/home/chiva/uros_ws/install/drive_base_msgs' for CMake module files
[1.580s] Level 1:colcon.colcon_core.environment:checking '/home/chiva/uros_ws/install/drive_base_msgs' for CMake config files
[1.580s] Level 1:colcon.colcon_core.shell:create_environment_hook('drive_base_msgs', 'cmake_prefix_path')
[1.580s] INFO:colcon.colcon_core.shell:Creating environment hook '/home/chiva/uros_ws/install/drive_base_msgs/share/drive_base_msgs/hook/cmake_prefix_path.ps1'
[1.581s] INFO:colcon.colcon_core.shell:Creating environment descriptor '/home/chiva/uros_ws/install/drive_base_msgs/share/drive_base_msgs/hook/cmake_prefix_path.dsv'
[1.581s] INFO:colcon.colcon_core.shell:Creating environment hook '/home/chiva/uros_ws/install/drive_base_msgs/share/drive_base_msgs/hook/cmake_prefix_path.sh'
[1.582s] Level 1:colcon.colcon_core.environment:checking '/home/chiva/uros_ws/install/drive_base_msgs/lib'
[1.582s] Level 1:colcon.colcon_core.shell:create_environment_hook('drive_base_msgs', 'ld_library_path_lib')
[1.582s] INFO:colcon.colcon_core.shell:Creating environment hook '/home/chiva/uros_ws/install/drive_base_msgs/share/drive_base_msgs/hook/ld_library_path_lib.ps1'
[1.583s] INFO:colcon.colcon_core.shell:Creating environment descriptor '/home/chiva/uros_ws/install/drive_base_msgs/share/drive_base_msgs/hook/ld_library_path_lib.dsv'
[1.583s] INFO:colcon.colcon_core.shell:Creating environment hook '/home/chiva/uros_ws/install/drive_base_msgs/share/drive_base_msgs/hook/ld_library_path_lib.sh'
[1.584s] Level 1:colcon.colcon_core.environment:checking '/home/chiva/uros_ws/install/drive_base_msgs/bin'
[1.584s] Level 1:colcon.colcon_core.environment:checking '/home/chiva/uros_ws/install/drive_base_msgs/lib/pkgconfig/drive_base_msgs.pc'
[1.584s] Level 1:colcon.colcon_core.environment:checking '/home/chiva/uros_ws/install/drive_base_msgs/lib/python3.12/site-packages'
[1.584s] Level 1:colcon.colcon_core.shell:create_environment_hook('drive_base_msgs', 'pythonpath')
[1.584s] INFO:colcon.colcon_core.shell:Creating environment hook '/home/chiva/uros_ws/install/drive_base_msgs/share/drive_base_msgs/hook/pythonpath.ps1'
[1.585s] INFO:colcon.colcon_core.shell:Creating environment descriptor '/home/chiva/uros_ws/install/drive_base_msgs/share/drive_base_msgs/hook/pythonpath.dsv'
[1.585s] INFO:colcon.colcon_core.shell:Creating environment hook '/home/chiva/uros_ws/install/drive_base_msgs/share/drive_base_msgs/hook/pythonpath.sh'
[1.586s] Level 1:colcon.colcon_core.environment:checking '/home/chiva/uros_ws/install/drive_base_msgs/bin'
[1.586s] INFO:colcon.colcon_core.shell:Creating package script '/home/chiva/uros_ws/install/drive_base_msgs/share/drive_base_msgs/package.ps1'
[1.587s] INFO:colcon.colcon_core.shell:Creating package descriptor '/home/chiva/uros_ws/install/drive_base_msgs/share/drive_base_msgs/package.dsv'
[1.588s] INFO:colcon.colcon_core.shell:Creating package script '/home/chiva/uros_ws/install/drive_base_msgs/share/drive_base_msgs/package.sh'
[1.588s] INFO:colcon.colcon_core.shell:Creating package script '/home/chiva/uros_ws/install/drive_base_msgs/share/drive_base_msgs/package.bash'
[1.589s] INFO:colcon.colcon_core.shell:Creating package script '/home/chiva/uros_ws/install/drive_base_msgs/share/drive_base_msgs/package.zsh'
[1.589s] Level 1:colcon.colcon_core.environment:create_file_with_runtime_dependencies(/home/chiva/uros_ws/install/drive_base_msgs/share/colcon-core/packages/drive_base_msgs)
[1.591s] Level 1:colcon.colcon_core.environment:create_environment_scripts_only(micro_ros_msgs)
[1.592s] Level 1:colcon.colcon_core.environment:checking '/home/chiva/uros_ws/install/micro_ros_msgs' for CMake module files
[1.592s] DEBUG:colcon.colcon_core.event_handler.log_command:Invoked command in '/home/chiva/uros_ws/build/micro_ros_msgs' returned '0': CMAKE_PREFIX_PATH=${CMAKE_PREFIX_PATH}:/opt/ros/jazzy DEBUGINFOD_URLS=https://debuginfod.ubuntu.com /usr/bin/cmake --install /home/chiva/uros_ws/build/micro_ros_msgs
[1.594s] Level 1:colcon.colcon_core.environment:checking '/home/chiva/uros_ws/install/micro_ros_msgs' for CMake config files
[1.595s] Level 1:colcon.colcon_core.shell:create_environment_hook('micro_ros_msgs', 'cmake_prefix_path')
[1.595s] INFO:colcon.colcon_core.shell:Creating environment hook '/home/chiva/uros_ws/install/micro_ros_msgs/share/micro_ros_msgs/hook/cmake_prefix_path.ps1'
[1.596s] INFO:colcon.colcon_core.shell:Creating environment descriptor '/home/chiva/uros_ws/install/micro_ros_msgs/share/micro_ros_msgs/hook/cmake_prefix_path.dsv'
[1.597s] INFO:colcon.colcon_core.shell:Creating environment hook '/home/chiva/uros_ws/install/micro_ros_msgs/share/micro_ros_msgs/hook/cmake_prefix_path.sh'
[1.598s] Level 1:colcon.colcon_core.environment:checking '/home/chiva/uros_ws/install/micro_ros_msgs/lib'
[1.598s] Level 1:colcon.colcon_core.shell:create_environment_hook('micro_ros_msgs', 'ld_library_path_lib')
[1.599s] INFO:colcon.colcon_core.shell:Creating environment hook '/home/chiva/uros_ws/install/micro_ros_msgs/share/micro_ros_msgs/hook/ld_library_path_lib.ps1'
[1.599s] INFO:colcon.colcon_core.shell:Creating environment descriptor '/home/chiva/uros_ws/install/micro_ros_msgs/share/micro_ros_msgs/hook/ld_library_path_lib.dsv'
[1.600s] INFO:colcon.colcon_core.shell:Creating environment hook '/home/chiva/uros_ws/install/micro_ros_msgs/share/micro_ros_msgs/hook/ld_library_path_lib.sh'
[1.600s] Level 1:colcon.colcon_core.environment:checking '/home/chiva/uros_ws/install/micro_ros_msgs/bin'
[1.600s] Level 1:colcon.colcon_core.environment:checking '/home/chiva/uros_ws/install/micro_ros_msgs/lib/pkgconfig/micro_ros_msgs.pc'
[1.600s] Level 1:colcon.colcon_core.environment:checking '/home/chiva/uros_ws/install/micro_ros_msgs/lib/python3.12/site-packages'
[1.601s] Level 1:colcon.colcon_core.shell:create_environment_hook('micro_ros_msgs', 'pythonpath')
[1.601s] INFO:colcon.colcon_core.shell:Creating environment hook '/home/chiva/uros_ws/install/micro_ros_msgs/share/micro_ros_msgs/hook/pythonpath.ps1'
[1.601s] INFO:colcon.colcon_core.shell:Creating environment descriptor '/home/chiva/uros_ws/install/micro_ros_msgs/share/micro_ros_msgs/hook/pythonpath.dsv'
[1.602s] INFO:colcon.colcon_core.shell:Creating environment hook '/home/chiva/uros_ws/install/micro_ros_msgs/share/micro_ros_msgs/hook/pythonpath.sh'
[1.602s] Level 1:colcon.colcon_core.environment:checking '/home/chiva/uros_ws/install/micro_ros_msgs/bin'
[1.603s] INFO:colcon.colcon_core.shell:Creating package script '/home/chiva/uros_ws/install/micro_ros_msgs/share/micro_ros_msgs/package.ps1'
[1.603s] INFO:colcon.colcon_core.shell:Creating package descriptor '/home/chiva/uros_ws/install/micro_ros_msgs/share/micro_ros_msgs/package.dsv'
[1.604s] INFO:colcon.colcon_core.shell:Creating package script '/home/chiva/uros_ws/install/micro_ros_msgs/share/micro_ros_msgs/package.sh'
[1.605s] INFO:colcon.colcon_core.shell:Creating package script '/home/chiva/uros_ws/install/micro_ros_msgs/share/micro_ros_msgs/package.bash'
[1.605s] INFO:colcon.colcon_core.shell:Creating package script '/home/chiva/uros_ws/install/micro_ros_msgs/share/micro_ros_msgs/package.zsh'
[1.605s] Level 1:colcon.colcon_core.environment:create_file_with_runtime_dependencies(/home/chiva/uros_ws/install/micro_ros_msgs/share/colcon-core/packages/micro_ros_msgs)
[1.606s] Level 1:colcon.colcon_core.environment:create_environment_scripts_only(micro_ros_msgs)
[1.606s] Level 1:colcon.colcon_core.environment:checking '/home/chiva/uros_ws/install/micro_ros_msgs' for CMake module files
[1.607s] Level 1:colcon.colcon_core.environment:checking '/home/chiva/uros_ws/install/micro_ros_msgs' for CMake config files
[1.608s] Level 1:colcon.colcon_core.shell:create_environment_hook('micro_ros_msgs', 'cmake_prefix_path')
[1.608s] INFO:colcon.colcon_core.shell:Creating environment hook '/home/chiva/uros_ws/install/micro_ros_msgs/share/micro_ros_msgs/hook/cmake_prefix_path.ps1'
[1.608s] INFO:colcon.colcon_core.shell:Creating environment descriptor '/home/chiva/uros_ws/install/micro_ros_msgs/share/micro_ros_msgs/hook/cmake_prefix_path.dsv'
[1.609s] INFO:colcon.colcon_core.shell:Creating environment hook '/home/chiva/uros_ws/install/micro_ros_msgs/share/micro_ros_msgs/hook/cmake_prefix_path.sh'
[1.609s] Level 1:colcon.colcon_core.environment:checking '/home/chiva/uros_ws/install/micro_ros_msgs/lib'
[1.609s] Level 1:colcon.colcon_core.shell:create_environment_hook('micro_ros_msgs', 'ld_library_path_lib')
[1.610s] INFO:colcon.colcon_core.shell:Creating environment hook '/home/chiva/uros_ws/install/micro_ros_msgs/share/micro_ros_msgs/hook/ld_library_path_lib.ps1'
[1.610s] INFO:colcon.colcon_core.shell:Creating environment descriptor '/home/chiva/uros_ws/install/micro_ros_msgs/share/micro_ros_msgs/hook/ld_library_path_lib.dsv'
[1.610s] INFO:colcon.colcon_core.shell:Creating environment hook '/home/chiva/uros_ws/install/micro_ros_msgs/share/micro_ros_msgs/hook/ld_library_path_lib.sh'
[1.611s] Level 1:colcon.colcon_core.environment:checking '/home/chiva/uros_ws/install/micro_ros_msgs/bin'
[1.611s] Level 1:colcon.colcon_core.environment:checking '/home/chiva/uros_ws/install/micro_ros_msgs/lib/pkgconfig/micro_ros_msgs.pc'
[1.612s] Level 1:colcon.colcon_core.environment:checking '/home/chiva/uros_ws/install/micro_ros_msgs/lib/python3.12/site-packages'
[1.613s] Level 1:colcon.colcon_core.shell:create_environment_hook('micro_ros_msgs', 'pythonpath')
[1.613s] INFO:colcon.colcon_core.shell:Creating environment hook '/home/chiva/uros_ws/install/micro_ros_msgs/share/micro_ros_msgs/hook/pythonpath.ps1'
[1.613s] INFO:colcon.colcon_core.shell:Creating environment descriptor '/home/chiva/uros_ws/install/micro_ros_msgs/share/micro_ros_msgs/hook/pythonpath.dsv'
[1.614s] INFO:colcon.colcon_core.shell:Creating environment hook '/home/chiva/uros_ws/install/micro_ros_msgs/share/micro_ros_msgs/hook/pythonpath.sh'
[1.614s] Level 1:colcon.colcon_core.environment:checking '/home/chiva/uros_ws/install/micro_ros_msgs/bin'
[1.615s] INFO:colcon.colcon_core.shell:Creating package script '/home/chiva/uros_ws/install/micro_ros_msgs/share/micro_ros_msgs/package.ps1'
[1.615s] INFO:colcon.colcon_core.shell:Creating package descriptor '/home/chiva/uros_ws/install/micro_ros_msgs/share/micro_ros_msgs/package.dsv'
[1.616s] INFO:colcon.colcon_core.shell:Creating package script '/home/chiva/uros_ws/install/micro_ros_msgs/share/micro_ros_msgs/package.sh'
[1.617s] INFO:colcon.colcon_core.shell:Creating package script '/home/chiva/uros_ws/install/micro_ros_msgs/share/micro_ros_msgs/package.bash'
[1.617s] INFO:colcon.colcon_core.shell:Creating package script '/home/chiva/uros_ws/install/micro_ros_msgs/share/micro_ros_msgs/package.zsh'
[1.618s] Level 1:colcon.colcon_core.environment:create_file_with_runtime_dependencies(/home/chiva/uros_ws/install/micro_ros_msgs/share/colcon-core/packages/micro_ros_msgs)
[1.618s] INFO:colcon.colcon_ros.task.ament_cmake.build:Building ROS package in '/home/chiva/uros_ws/src/uros/micro-ROS-Agent/micro_ros_agent' with build type 'ament_cmake'
[1.618s] INFO:colcon.colcon_cmake.task.cmake.build:Building CMake package in '/home/chiva/uros_ws/src/uros/micro-ROS-Agent/micro_ros_agent'
[1.618s] INFO:colcon.colcon_core.shell:Skip shell extension 'powershell' for command environment: Not usable outside of PowerShell
[1.619s] DEBUG:colcon.colcon_core.shell:Skip shell extension 'dsv' for command environment
[1.634s] DEBUG:colcon.colcon_core.event_handler.log_command:Invoking command in '/home/chiva/uros_ws/build/micro_ros_agent': AMENT_PREFIX_PATH=/home/chiva/uros_ws/install/micro_ros_msgs:${AMENT_PREFIX_PATH} CMAKE_PREFIX_PATH=/home/chiva/uros_ws/install/micro_ros_msgs:/opt/ros/jazzy/opt/gz_sim_vendor:/opt/ros/jazzy/opt/gz_sensors_vendor:/opt/ros/jazzy/opt/gz_physics_vendor:/opt/ros/jazzy/opt/sdformat_vendor:/opt/ros/jazzy/opt/gz_gui_vendor:/opt/ros/jazzy/opt/gz_transport_vendor:/opt/ros/jazzy/opt/gz_rendering_vendor:/opt/ros/jazzy/opt/gz_plugin_vendor:/opt/ros/jazzy/opt/gz_fuel_tools_vendor:/opt/ros/jazzy/opt/gz_msgs_vendor:/opt/ros/jazzy/opt/gz_common_vendor:/opt/ros/jazzy/opt/gz_math_vendor:/opt/ros/jazzy/opt/gz_utils_vendor:/opt/ros/jazzy/opt/gz_tools_vendor:/opt/ros/jazzy/opt/gz_ogre_next_vendor:/opt/ros/jazzy/opt/gz_dartsim_vendor:/opt/ros/jazzy/opt/gz_cmake_vendor:/opt/ros/jazzy DEBUGINFOD_URLS=https://debuginfod.ubuntu.com LD_LIBRARY_PATH=/home/chiva/uros_ws/install/micro_ros_msgs/lib:${LD_LIBRARY_PATH} PYTHONPATH=/home/chiva/uros_ws/install/micro_ros_msgs/lib/python3.12/site-packages:${PYTHONPATH} /usr/bin/cmake --build /home/chiva/uros_ws/build/micro_ros_agent -- -j4 -l4
[1.747s] DEBUG:colcon.colcon_core.event_handler.log_command:Invoked command in '/home/chiva/uros_ws/build/micro_ros_agent' returned '0': AMENT_PREFIX_PATH=/home/chiva/uros_ws/install/micro_ros_msgs:${AMENT_PREFIX_PATH} CMAKE_PREFIX_PATH=/home/chiva/uros_ws/install/micro_ros_msgs:/opt/ros/jazzy/opt/gz_sim_vendor:/opt/ros/jazzy/opt/gz_sensors_vendor:/opt/ros/jazzy/opt/gz_physics_vendor:/opt/ros/jazzy/opt/sdformat_vendor:/opt/ros/jazzy/opt/gz_gui_vendor:/opt/ros/jazzy/opt/gz_transport_vendor:/opt/ros/jazzy/opt/gz_rendering_vendor:/opt/ros/jazzy/opt/gz_plugin_vendor:/opt/ros/jazzy/opt/gz_fuel_tools_vendor:/opt/ros/jazzy/opt/gz_msgs_vendor:/opt/ros/jazzy/opt/gz_common_vendor:/opt/ros/jazzy/opt/gz_math_vendor:/opt/ros/jazzy/opt/gz_utils_vendor:/opt/ros/jazzy/opt/gz_tools_vendor:/opt/ros/jazzy/opt/gz_ogre_next_vendor:/opt/ros/jazzy/opt/gz_dartsim_vendor:/opt/ros/jazzy/opt/gz_cmake_vendor:/opt/ros/jazzy DEBUGINFOD_URLS=https://debuginfod.ubuntu.com LD_LIBRARY_PATH=/home/chiva/uros_ws/install/micro_ros_msgs/lib:${LD_LIBRARY_PATH} PYTHONPATH=/home/chiva/uros_ws/install/micro_ros_msgs/lib/python3.12/site-packages:${PYTHONPATH} /usr/bin/cmake --build /home/chiva/uros_ws/build/micro_ros_agent -- -j4 -l4
[1.748s] DEBUG:colcon.colcon_core.event_handler.log_command:Invoking command in '/home/chiva/uros_ws/build/micro_ros_agent': AMENT_PREFIX_PATH=/home/chiva/uros_ws/install/micro_ros_msgs:${AMENT_PREFIX_PATH} CMAKE_PREFIX_PATH=/home/chiva/uros_ws/install/micro_ros_msgs:/opt/ros/jazzy/opt/gz_sim_vendor:/opt/ros/jazzy/opt/gz_sensors_vendor:/opt/ros/jazzy/opt/gz_physics_vendor:/opt/ros/jazzy/opt/sdformat_vendor:/opt/ros/jazzy/opt/gz_gui_vendor:/opt/ros/jazzy/opt/gz_transport_vendor:/opt/ros/jazzy/opt/gz_rendering_vendor:/opt/ros/jazzy/opt/gz_plugin_vendor:/opt/ros/jazzy/opt/gz_fuel_tools_vendor:/opt/ros/jazzy/opt/gz_msgs_vendor:/opt/ros/jazzy/opt/gz_common_vendor:/opt/ros/jazzy/opt/gz_math_vendor:/opt/ros/jazzy/opt/gz_utils_vendor:/opt/ros/jazzy/opt/gz_tools_vendor:/opt/ros/jazzy/opt/gz_ogre_next_vendor:/opt/ros/jazzy/opt/gz_dartsim_vendor:/opt/ros/jazzy/opt/gz_cmake_vendor:/opt/ros/jazzy DEBUGINFOD_URLS=https://debuginfod.ubuntu.com LD_LIBRARY_PATH=/home/chiva/uros_ws/install/micro_ros_msgs/lib:${LD_LIBRARY_PATH} PYTHONPATH=/home/chiva/uros_ws/install/micro_ros_msgs/lib/python3.12/site-packages:${PYTHONPATH} /usr/bin/cmake --install /home/chiva/uros_ws/build/micro_ros_agent
[1.767s] Level 1:colcon.colcon_core.environment:create_environment_scripts_only(micro_ros_agent)
[1.767s] Level 1:colcon.colcon_core.environment:checking '/home/chiva/uros_ws/install/micro_ros_agent' for CMake module files
[1.768s] DEBUG:colcon.colcon_core.event_handler.log_command:Invoked command in '/home/chiva/uros_ws/build/micro_ros_agent' returned '0': AMENT_PREFIX_PATH=/home/chiva/uros_ws/install/micro_ros_msgs:${AMENT_PREFIX_PATH} CMAKE_PREFIX_PATH=/home/chiva/uros_ws/install/micro_ros_msgs:/opt/ros/jazzy/opt/gz_sim_vendor:/opt/ros/jazzy/opt/gz_sensors_vendor:/opt/ros/jazzy/opt/gz_physics_vendor:/opt/ros/jazzy/opt/sdformat_vendor:/opt/ros/jazzy/opt/gz_gui_vendor:/opt/ros/jazzy/opt/gz_transport_vendor:/opt/ros/jazzy/opt/gz_rendering_vendor:/opt/ros/jazzy/opt/gz_plugin_vendor:/opt/ros/jazzy/opt/gz_fuel_tools_vendor:/opt/ros/jazzy/opt/gz_msgs_vendor:/opt/ros/jazzy/opt/gz_common_vendor:/opt/ros/jazzy/opt/gz_math_vendor:/opt/ros/jazzy/opt/gz_utils_vendor:/opt/ros/jazzy/opt/gz_tools_vendor:/opt/ros/jazzy/opt/gz_ogre_next_vendor:/opt/ros/jazzy/opt/gz_dartsim_vendor:/opt/ros/jazzy/opt/gz_cmake_vendor:/opt/ros/jazzy DEBUGINFOD_URLS=https://debuginfod.ubuntu.com LD_LIBRARY_PATH=/home/chiva/uros_ws/install/micro_ros_msgs/lib:${LD_LIBRARY_PATH} PYTHONPATH=/home/chiva/uros_ws/install/micro_ros_msgs/lib/python3.12/site-packages:${PYTHONPATH} /usr/bin/cmake --install /home/chiva/uros_ws/build/micro_ros_agent
[1.769s] Level 1:colcon.colcon_core.environment:checking '/home/chiva/uros_ws/install/micro_ros_agent' for CMake config files
[1.770s] Level 1:colcon.colcon_core.shell:create_environment_hook('micro_ros_agent', 'cmake_prefix_path')
[1.770s] INFO:colcon.colcon_core.shell:Creating environment hook '/home/chiva/uros_ws/install/micro_ros_agent/share/micro_ros_agent/hook/cmake_prefix_path.ps1'
[1.771s] INFO:colcon.colcon_core.shell:Creating environment descriptor '/home/chiva/uros_ws/install/micro_ros_agent/share/micro_ros_agent/hook/cmake_prefix_path.dsv'
[1.771s] INFO:colcon.colcon_core.shell:Creating environment hook '/home/chiva/uros_ws/install/micro_ros_agent/share/micro_ros_agent/hook/cmake_prefix_path.sh'
[1.772s] Level 1:colcon.colcon_core.environment:checking '/home/chiva/uros_ws/install/micro_ros_agent/lib'
[1.772s] Level 1:colcon.colcon_core.shell:create_environment_hook('micro_ros_agent', 'ld_library_path_lib')
[1.772s] INFO:colcon.colcon_core.shell:Creating environment hook '/home/chiva/uros_ws/install/micro_ros_agent/share/micro_ros_agent/hook/ld_library_path_lib.ps1'
[1.773s] INFO:colcon.colcon_core.shell:Creating environment descriptor '/home/chiva/uros_ws/install/micro_ros_agent/share/micro_ros_agent/hook/ld_library_path_lib.dsv'
[1.773s] INFO:colcon.colcon_core.shell:Creating environment hook '/home/chiva/uros_ws/install/micro_ros_agent/share/micro_ros_agent/hook/ld_library_path_lib.sh'
[1.773s] Level 1:colcon.colcon_core.environment:checking '/home/chiva/uros_ws/install/micro_ros_agent/bin'
[1.774s] Level 1:colcon.colcon_core.environment:checking '/home/chiva/uros_ws/install/micro_ros_agent/lib/pkgconfig/micro_ros_agent.pc'
[1.774s] Level 1:colcon.colcon_core.environment:checking '/home/chiva/uros_ws/install/micro_ros_agent/lib/python3.12/site-packages'
[1.774s] Level 1:colcon.colcon_core.environment:checking '/home/chiva/uros_ws/install/micro_ros_agent/bin'
[1.774s] INFO:colcon.colcon_core.shell:Creating package script '/home/chiva/uros_ws/install/micro_ros_agent/share/micro_ros_agent/package.ps1'
[1.775s] INFO:colcon.colcon_core.shell:Creating package descriptor '/home/chiva/uros_ws/install/micro_ros_agent/share/micro_ros_agent/package.dsv'
[1.775s] INFO:colcon.colcon_core.shell:Creating package script '/home/chiva/uros_ws/install/micro_ros_agent/share/micro_ros_agent/package.sh'
[1.776s] INFO:colcon.colcon_core.shell:Creating package script '/home/chiva/uros_ws/install/micro_ros_agent/share/micro_ros_agent/package.bash'
[1.776s] INFO:colcon.colcon_core.shell:Creating package script '/home/chiva/uros_ws/install/micro_ros_agent/share/micro_ros_agent/package.zsh'
[1.777s] Level 1:colcon.colcon_core.environment:create_file_with_runtime_dependencies(/home/chiva/uros_ws/install/micro_ros_agent/share/colcon-core/packages/micro_ros_agent)
[1.777s] Level 1:colcon.colcon_core.environment:create_environment_scripts_only(micro_ros_agent)
[1.777s] Level 1:colcon.colcon_core.environment:checking '/home/chiva/uros_ws/install/micro_ros_agent' for CMake module files
[1.778s] Level 1:colcon.colcon_core.environment:checking '/home/chiva/uros_ws/install/micro_ros_agent' for CMake config files
[1.779s] Level 1:colcon.colcon_core.shell:create_environment_hook('micro_ros_agent', 'cmake_prefix_path')
[1.780s] INFO:colcon.colcon_core.shell:Creating environment hook '/home/chiva/uros_ws/install/micro_ros_agent/share/micro_ros_agent/hook/cmake_prefix_path.ps1'
[1.785s] INFO:colcon.colcon_core.shell:Creating environment descriptor '/home/chiva/uros_ws/install/micro_ros_agent/share/micro_ros_agent/hook/cmake_prefix_path.dsv'
[1.787s] INFO:colcon.colcon_core.shell:Creating environment hook '/home/chiva/uros_ws/install/micro_ros_agent/share/micro_ros_agent/hook/cmake_prefix_path.sh'
[1.789s] Level 1:colcon.colcon_core.environment:checking '/home/chiva/uros_ws/install/micro_ros_agent/lib'
[1.789s] Level 1:colcon.colcon_core.shell:create_environment_hook('micro_ros_agent', 'ld_library_path_lib')
[1.790s] INFO:colcon.colcon_core.shell:Creating environment hook '/home/chiva/uros_ws/install/micro_ros_agent/share/micro_ros_agent/hook/ld_library_path_lib.ps1'
[1.791s] INFO:colcon.colcon_core.shell:Creating environment descriptor '/home/chiva/uros_ws/install/micro_ros_agent/share/micro_ros_agent/hook/ld_library_path_lib.dsv'
[1.792s] INFO:colcon.colcon_core.shell:Creating environment hook '/home/chiva/uros_ws/install/micro_ros_agent/share/micro_ros_agent/hook/ld_library_path_lib.sh'
[1.793s] Level 1:colcon.colcon_core.environment:checking '/home/chiva/uros_ws/install/micro_ros_agent/bin'
[1.794s] Level 1:colcon.colcon_core.environment:checking '/home/chiva/uros_ws/install/micro_ros_agent/lib/pkgconfig/micro_ros_agent.pc'
[1.794s] Level 1:colcon.colcon_core.environment:checking '/home/chiva/uros_ws/install/micro_ros_agent/lib/python3.12/site-packages'
[1.795s] Level 1:colcon.colcon_core.environment:checking '/home/chiva/uros_ws/install/micro_ros_agent/bin'
[1.796s] INFO:colcon.colcon_core.shell:Creating package script '/home/chiva/uros_ws/install/micro_ros_agent/share/micro_ros_agent/package.ps1'
[1.797s] INFO:colcon.colcon_core.shell:Creating package descriptor '/home/chiva/uros_ws/install/micro_ros_agent/share/micro_ros_agent/package.dsv'
[1.798s] INFO:colcon.colcon_core.shell:Creating package script '/home/chiva/uros_ws/install/micro_ros_agent/share/micro_ros_agent/package.sh'
[1.799s] INFO:colcon.colcon_core.shell:Creating package script '/home/chiva/uros_ws/install/micro_ros_agent/share/micro_ros_agent/package.bash'
[1.800s] INFO:colcon.colcon_core.shell:Creating package script '/home/chiva/uros_ws/install/micro_ros_agent/share/micro_ros_agent/package.zsh'
[1.800s] Level 1:colcon.colcon_core.environment:create_file_with_runtime_dependencies(/home/chiva/uros_ws/install/micro_ros_agent/share/colcon-core/packages/micro_ros_agent)
[1.801s] DEBUG:colcon.colcon_parallel_executor.executor.parallel:closing loop
[1.802s] DEBUG:colcon.colcon_parallel_executor.executor.parallel:loop closed
[1.802s] DEBUG:colcon.colcon_parallel_executor.executor.parallel:run_until_complete finished with '0'
[1.802s] DEBUG:colcon.colcon_core.event_reactor:joining thread
[1.814s] INFO:colcon.colcon_core.plugin_system:Skipping extension 'colcon_notification.desktop_notification.terminal_notifier': Not used on non-Darwin systems
[1.814s] INFO:colcon.colcon_core.plugin_system:Skipping extension 'colcon_notification.desktop_notification.win32': Not used on non-Windows systems
[1.814s] INFO:colcon.colcon_notification.desktop_notification:Sending desktop notification using 'notify2'
[1.832s] DEBUG:colcon.colcon_core.event_reactor:joined thread
[1.833s] INFO:colcon.colcon_core.shell:Creating prefix script '/home/chiva/uros_ws/install/local_setup.ps1'
[1.834s] INFO:colcon.colcon_core.shell:Creating prefix util module '/home/chiva/uros_ws/install/_local_setup_util_ps1.py'
[1.836s] INFO:colcon.colcon_core.shell:Creating prefix chain script '/home/chiva/uros_ws/install/setup.ps1'
[1.837s] INFO:colcon.colcon_core.shell:Creating prefix script '/home/chiva/uros_ws/install/local_setup.sh'
[1.838s] INFO:colcon.colcon_core.shell:Creating prefix util module '/home/chiva/uros_ws/install/_local_setup_util_sh.py'
[1.838s] INFO:colcon.colcon_core.shell:Creating prefix chain script '/home/chiva/uros_ws/install/setup.sh'
[1.839s] INFO:colcon.colcon_core.shell:Creating prefix script '/home/chiva/uros_ws/install/local_setup.bash'
[1.840s] INFO:colcon.colcon_core.shell:Creating prefix chain script '/home/chiva/uros_ws/install/setup.bash'
[1.841s] INFO:colcon.colcon_core.shell:Creating prefix script '/home/chiva/uros_ws/install/local_setup.zsh'
[1.842s] INFO:colcon.colcon_core.shell:Creating prefix chain script '/home/chiva/uros_ws/install/setup.zsh'
