[0.024s] Invoking command in '/home/chiva/uros_ws/build/drive_base_msgs': CMAKE_PREFIX_PATH=${CMAKE_PREFIX_PATH}:/opt/ros/jazzy DEBUGINFOD_URLS=https://debuginfod.ubuntu.com /usr/bin/cmake --build /home/chiva/uros_ws/build/drive_base_msgs -- -j4 -l4
[0.156s] [  1%] Built target drive_base_msgs__rosidl_generator_type_description
[0.194s] [  1%] Built target ament_cmake_python_copy_drive_base_msgs
[0.251s] [  3%] Built target drive_base_msgs__cpp
[0.269s] [ 25%] Built target drive_base_msgs__rosidl_generator_c
[0.413s] [ 34%] Built target drive_base_msgs__rosidl_typesupport_fastrtps_cpp
[0.417s] [ 43%] Built target drive_base_msgs__rosidl_typesupport_fastrtps_c
[0.427s] [ 53%] Built target drive_base_msgs__rosidl_typesupport_introspection_c
[0.544s] [ 62%] Built target drive_base_msgs__rosidl_typesupport_c
[0.547s] [ 71%] Built target drive_base_msgs__rosidl_typesupport_introspection_cpp
[0.564s] [ 81%] Built target drive_base_msgs__rosidl_typesupport_cpp
[0.619s] [ 81%] Built target drive_base_msgs
[0.666s] [ 82%] Built target drive_base_msgs__py
[0.726s] [ 90%] Built target drive_base_msgs__rosidl_generator_py
[0.846s] [ 93%] Built target drive_base_msgs_s__rosidl_typesupport_introspection_c
[0.852s] [ 96%] Built target drive_base_msgs_s__rosidl_typesupport_c
[0.854s] [100%] Built target drive_base_msgs_s__rosidl_typesupport_fastrtps_c
[0.942s] running egg_info
[0.973s] writing drive_base_msgs.egg-info/PKG-INFO
[0.974s] writing dependency_links to drive_base_msgs.egg-info/dependency_links.txt
[0.974s] writing top-level names to drive_base_msgs.egg-info/top_level.txt
[1.069s] reading manifest file 'drive_base_msgs.egg-info/SOURCES.txt'
[1.070s] writing manifest file 'drive_base_msgs.egg-info/SOURCES.txt'
[1.127s] [100%] Built target ament_cmake_python_build_drive_base_msgs_egg
[1.148s] Invoked command in '/home/chiva/uros_ws/build/drive_base_msgs' returned '0': CMAKE_PREFIX_PATH=${CMAKE_PREFIX_PATH}:/opt/ros/jazzy DEBUGINFOD_URLS=https://debuginfod.ubuntu.com /usr/bin/cmake --build /home/chiva/uros_ws/build/drive_base_msgs -- -j4 -l4
[1.150s] Invoking command in '/home/chiva/uros_ws/build/drive_base_msgs': CMAKE_PREFIX_PATH=${CMAKE_PREFIX_PATH}:/opt/ros/jazzy DEBUGINFOD_URLS=https://debuginfod.ubuntu.com /usr/bin/cmake --install /home/chiva/uros_ws/build/drive_base_msgs
[1.168s] -- Install configuration: ""
[1.169s] -- Up-to-date: /home/chiva/uros_ws/install/drive_base_msgs/share/ament_index/resource_index/rosidl_interfaces/drive_base_msgs
[1.169s] -- Up-to-date: /home/chiva/uros_ws/install/drive_base_msgs/share/drive_base_msgs/msg/CommandHeader.json
[1.170s] -- Up-to-date: /home/chiva/uros_ws/install/drive_base_msgs/share/drive_base_msgs/msg/BaseInfo.json
[1.170s] -- Up-to-date: /home/chiva/uros_ws/install/drive_base_msgs/share/drive_base_msgs/msg/CommandStatus.json
[1.170s] -- Up-to-date: /home/chiva/uros_ws/install/drive_base_msgs/share/drive_base_msgs/msg/TRVCommand.json
[1.170s] -- Up-to-date: /home/chiva/uros_ws/install/drive_base_msgs/include/drive_base_msgs/drive_base_msgs
[1.171s] -- Up-to-date: /home/chiva/uros_ws/install/drive_base_msgs/include/drive_base_msgs/drive_base_msgs/msg
[1.172s] -- Up-to-date: /home/chiva/uros_ws/install/drive_base_msgs/include/drive_base_msgs/drive_base_msgs/msg/trv_command.h
[1.172s] -- Up-to-date: /home/chiva/uros_ws/install/drive_base_msgs/include/drive_base_msgs/drive_base_msgs/msg/rosidl_generator_c__visibility_control.h
[1.172s] -- Up-to-date: /home/chiva/uros_ws/install/drive_base_msgs/include/drive_base_msgs/drive_base_msgs/msg/command_status.h
[1.172s] -- Up-to-date: /home/chiva/uros_ws/install/drive_base_msgs/include/drive_base_msgs/drive_base_msgs/msg/detail
[1.173s] -- Installing: /home/chiva/uros_ws/install/drive_base_msgs/include/drive_base_msgs/drive_base_msgs/msg/detail/base_info__type_support.c
[1.173s] -- Up-to-date: /home/chiva/uros_ws/install/drive_base_msgs/include/drive_base_msgs/drive_base_msgs/msg/detail/command_status__type_support.h
[1.173s] -- Up-to-date: /home/chiva/uros_ws/install/drive_base_msgs/include/drive_base_msgs/drive_base_msgs/msg/detail/command_status__description.c
[1.173s] -- Up-to-date: /home/chiva/uros_ws/install/drive_base_msgs/include/drive_base_msgs/drive_base_msgs/msg/detail/command_header__functions.c
[1.173s] -- Up-to-date: /home/chiva/uros_ws/install/drive_base_msgs/include/drive_base_msgs/drive_base_msgs/msg/detail/base_info__functions.c
[1.174s] -- Up-to-date: /home/chiva/uros_ws/install/drive_base_msgs/include/drive_base_msgs/drive_base_msgs/msg/detail/trv_command__functions.c
[1.181s] -- Up-to-date: /home/chiva/uros_ws/install/drive_base_msgs/include/drive_base_msgs/drive_base_msgs/msg/detail/base_info__description.c
[1.181s] -- Up-to-date: /home/chiva/uros_ws/install/drive_base_msgs/include/drive_base_msgs/drive_base_msgs/msg/detail/trv_command__struct.h
[1.181s] -- Installing: /home/chiva/uros_ws/install/drive_base_msgs/include/drive_base_msgs/drive_base_msgs/msg/detail/trv_command__type_support.c
[1.182s] -- Up-to-date: /home/chiva/uros_ws/install/drive_base_msgs/include/drive_base_msgs/drive_base_msgs/msg/detail/trv_command__functions.h
[1.182s] -- Up-to-date: /home/chiva/uros_ws/install/drive_base_msgs/include/drive_base_msgs/drive_base_msgs/msg/detail/trv_command__description.c
[1.182s] -- Installing: /home/chiva/uros_ws/install/drive_base_msgs/include/drive_base_msgs/drive_base_msgs/msg/detail/command_status__type_support.c
[1.183s] -- Up-to-date: /home/chiva/uros_ws/install/drive_base_msgs/include/drive_base_msgs/drive_base_msgs/msg/detail/command_status__functions.c
[1.183s] -- Up-to-date: /home/chiva/uros_ws/install/drive_base_msgs/include/drive_base_msgs/drive_base_msgs/msg/detail/base_info__functions.h
[1.184s] -- Up-to-date: /home/chiva/uros_ws/install/drive_base_msgs/include/drive_base_msgs/drive_base_msgs/msg/detail/base_info__struct.h
[1.184s] -- Up-to-date: /home/chiva/uros_ws/install/drive_base_msgs/include/drive_base_msgs/drive_base_msgs/msg/detail/command_header__description.c
[1.184s] -- Installing: /home/chiva/uros_ws/install/drive_base_msgs/include/drive_base_msgs/drive_base_msgs/msg/detail/command_header__type_support.c
[1.184s] -- Up-to-date: /home/chiva/uros_ws/install/drive_base_msgs/include/drive_base_msgs/drive_base_msgs/msg/detail/command_header__type_support.h
[1.185s] -- Up-to-date: /home/chiva/uros_ws/install/drive_base_msgs/include/drive_base_msgs/drive_base_msgs/msg/detail/base_info__type_support.h
[1.185s] -- Up-to-date: /home/chiva/uros_ws/install/drive_base_msgs/include/drive_base_msgs/drive_base_msgs/msg/detail/command_status__struct.h
[1.185s] -- Up-to-date: /home/chiva/uros_ws/install/drive_base_msgs/include/drive_base_msgs/drive_base_msgs/msg/detail/command_header__functions.h
[1.185s] -- Up-to-date: /home/chiva/uros_ws/install/drive_base_msgs/include/drive_base_msgs/drive_base_msgs/msg/detail/trv_command__type_support.h
[1.185s] -- Up-to-date: /home/chiva/uros_ws/install/drive_base_msgs/include/drive_base_msgs/drive_base_msgs/msg/detail/command_status__functions.h
[1.186s] -- Up-to-date: /home/chiva/uros_ws/install/drive_base_msgs/include/drive_base_msgs/drive_base_msgs/msg/detail/command_header__struct.h
[1.186s] -- Up-to-date: /home/chiva/uros_ws/install/drive_base_msgs/include/drive_base_msgs/drive_base_msgs/msg/base_info.h
[1.186s] -- Up-to-date: /home/chiva/uros_ws/install/drive_base_msgs/include/drive_base_msgs/drive_base_msgs/msg/command_header.h
[1.186s] -- Up-to-date: /home/chiva/uros_ws/install/drive_base_msgs/share/drive_base_msgs/environment/library_path.sh
[1.186s] -- Up-to-date: /home/chiva/uros_ws/install/drive_base_msgs/share/drive_base_msgs/environment/library_path.dsv
[1.189s] -- Up-to-date: /home/chiva/uros_ws/install/drive_base_msgs/lib/libdrive_base_msgs__rosidl_generator_c.so
[1.189s] -- Up-to-date: /home/chiva/uros_ws/install/drive_base_msgs/include/drive_base_msgs/drive_base_msgs
[1.189s] -- Up-to-date: /home/chiva/uros_ws/install/drive_base_msgs/include/drive_base_msgs/drive_base_msgs/msg
[1.190s] -- Up-to-date: /home/chiva/uros_ws/install/drive_base_msgs/include/drive_base_msgs/drive_base_msgs/msg/rosidl_typesupport_fastrtps_c__visibility_control.h
[1.190s] -- Up-to-date: /home/chiva/uros_ws/install/drive_base_msgs/include/drive_base_msgs/drive_base_msgs/msg/detail
[1.190s] -- Up-to-date: /home/chiva/uros_ws/install/drive_base_msgs/include/drive_base_msgs/drive_base_msgs/msg/detail/trv_command__rosidl_typesupport_fastrtps_c.h
[1.190s] -- Up-to-date: /home/chiva/uros_ws/install/drive_base_msgs/include/drive_base_msgs/drive_base_msgs/msg/detail/base_info__rosidl_typesupport_fastrtps_c.h
[1.191s] -- Up-to-date: /home/chiva/uros_ws/install/drive_base_msgs/include/drive_base_msgs/drive_base_msgs/msg/detail/command_status__rosidl_typesupport_fastrtps_c.h
[1.191s] -- Up-to-date: /home/chiva/uros_ws/install/drive_base_msgs/include/drive_base_msgs/drive_base_msgs/msg/detail/command_header__rosidl_typesupport_fastrtps_c.h
[1.191s] -- Up-to-date: /home/chiva/uros_ws/install/drive_base_msgs/lib/libdrive_base_msgs__rosidl_typesupport_fastrtps_c.so
[1.191s] -- Up-to-date: /home/chiva/uros_ws/install/drive_base_msgs/include/drive_base_msgs/drive_base_msgs
[1.192s] -- Up-to-date: /home/chiva/uros_ws/install/drive_base_msgs/include/drive_base_msgs/drive_base_msgs/msg
[1.192s] -- Up-to-date: /home/chiva/uros_ws/install/drive_base_msgs/include/drive_base_msgs/drive_base_msgs/msg/rosidl_generator_cpp__visibility_control.hpp
[1.192s] -- Up-to-date: /home/chiva/uros_ws/install/drive_base_msgs/include/drive_base_msgs/drive_base_msgs/msg/command_status.hpp
[1.193s] -- Up-to-date: /home/chiva/uros_ws/install/drive_base_msgs/include/drive_base_msgs/drive_base_msgs/msg/command_header.hpp
[1.193s] -- Up-to-date: /home/chiva/uros_ws/install/drive_base_msgs/include/drive_base_msgs/drive_base_msgs/msg/trv_command.hpp
[1.193s] -- Up-to-date: /home/chiva/uros_ws/install/drive_base_msgs/include/drive_base_msgs/drive_base_msgs/msg/detail
[1.194s] -- Up-to-date: /home/chiva/uros_ws/install/drive_base_msgs/include/drive_base_msgs/drive_base_msgs/msg/detail/trv_command__traits.hpp
[1.194s] -- Up-to-date: /home/chiva/uros_ws/install/drive_base_msgs/include/drive_base_msgs/drive_base_msgs/msg/detail/trv_command__struct.hpp
[1.194s] -- Up-to-date: /home/chiva/uros_ws/install/drive_base_msgs/include/drive_base_msgs/drive_base_msgs/msg/detail/command_status__traits.hpp
[1.194s] -- Up-to-date: /home/chiva/uros_ws/install/drive_base_msgs/include/drive_base_msgs/drive_base_msgs/msg/detail/command_header__struct.hpp
[1.194s] -- Up-to-date: /home/chiva/uros_ws/install/drive_base_msgs/include/drive_base_msgs/drive_base_msgs/msg/detail/command_header__builder.hpp
[1.194s] -- Up-to-date: /home/chiva/uros_ws/install/drive_base_msgs/include/drive_base_msgs/drive_base_msgs/msg/detail/trv_command__builder.hpp
[1.195s] -- Up-to-date: /home/chiva/uros_ws/install/drive_base_msgs/include/drive_base_msgs/drive_base_msgs/msg/detail/base_info__type_support.hpp
[1.195s] -- Up-to-date: /home/chiva/uros_ws/install/drive_base_msgs/include/drive_base_msgs/drive_base_msgs/msg/detail/base_info__builder.hpp
[1.195s] -- Up-to-date: /home/chiva/uros_ws/install/drive_base_msgs/include/drive_base_msgs/drive_base_msgs/msg/detail/command_status__type_support.hpp
[1.195s] -- Up-to-date: /home/chiva/uros_ws/install/drive_base_msgs/include/drive_base_msgs/drive_base_msgs/msg/detail/command_header__type_support.hpp
[1.195s] -- Up-to-date: /home/chiva/uros_ws/install/drive_base_msgs/include/drive_base_msgs/drive_base_msgs/msg/detail/base_info__traits.hpp
[1.195s] -- Up-to-date: /home/chiva/uros_ws/install/drive_base_msgs/include/drive_base_msgs/drive_base_msgs/msg/detail/command_status__builder.hpp
[1.196s] -- Up-to-date: /home/chiva/uros_ws/install/drive_base_msgs/include/drive_base_msgs/drive_base_msgs/msg/detail/command_header__traits.hpp
[1.196s] -- Up-to-date: /home/chiva/uros_ws/install/drive_base_msgs/include/drive_base_msgs/drive_base_msgs/msg/detail/base_info__struct.hpp
[1.196s] -- Up-to-date: /home/chiva/uros_ws/install/drive_base_msgs/include/drive_base_msgs/drive_base_msgs/msg/detail/command_status__struct.hpp
[1.196s] -- Up-to-date: /home/chiva/uros_ws/install/drive_base_msgs/include/drive_base_msgs/drive_base_msgs/msg/detail/trv_command__type_support.hpp
[1.197s] -- Up-to-date: /home/chiva/uros_ws/install/drive_base_msgs/include/drive_base_msgs/drive_base_msgs/msg/base_info.hpp
[1.197s] -- Up-to-date: /home/chiva/uros_ws/install/drive_base_msgs/include/drive_base_msgs/drive_base_msgs
[1.197s] -- Up-to-date: /home/chiva/uros_ws/install/drive_base_msgs/include/drive_base_msgs/drive_base_msgs/msg
[1.197s] -- Up-to-date: /home/chiva/uros_ws/install/drive_base_msgs/include/drive_base_msgs/drive_base_msgs/msg/detail
[1.198s] -- Up-to-date: /home/chiva/uros_ws/install/drive_base_msgs/include/drive_base_msgs/drive_base_msgs/msg/detail/command_header__rosidl_typesupport_fastrtps_cpp.hpp
[1.198s] -- Up-to-date: /home/chiva/uros_ws/install/drive_base_msgs/include/drive_base_msgs/drive_base_msgs/msg/detail/dds_fastrtps
[1.198s] -- Up-to-date: /home/chiva/uros_ws/install/drive_base_msgs/include/drive_base_msgs/drive_base_msgs/msg/detail/command_status__rosidl_typesupport_fastrtps_cpp.hpp
[1.198s] -- Up-to-date: /home/chiva/uros_ws/install/drive_base_msgs/include/drive_base_msgs/drive_base_msgs/msg/detail/base_info__rosidl_typesupport_fastrtps_cpp.hpp
[1.198s] -- Up-to-date: /home/chiva/uros_ws/install/drive_base_msgs/include/drive_base_msgs/drive_base_msgs/msg/detail/trv_command__rosidl_typesupport_fastrtps_cpp.hpp
[1.198s] -- Up-to-date: /home/chiva/uros_ws/install/drive_base_msgs/include/drive_base_msgs/drive_base_msgs/msg/rosidl_typesupport_fastrtps_cpp__visibility_control.h
[1.201s] -- Up-to-date: /home/chiva/uros_ws/install/drive_base_msgs/lib/libdrive_base_msgs__rosidl_typesupport_fastrtps_cpp.so
[1.202s] -- Up-to-date: /home/chiva/uros_ws/install/drive_base_msgs/include/drive_base_msgs/drive_base_msgs
[1.202s] -- Up-to-date: /home/chiva/uros_ws/install/drive_base_msgs/include/drive_base_msgs/drive_base_msgs/msg
[1.202s] -- Up-to-date: /home/chiva/uros_ws/install/drive_base_msgs/include/drive_base_msgs/drive_base_msgs/msg/detail
[1.202s] -- Up-to-date: /home/chiva/uros_ws/install/drive_base_msgs/include/drive_base_msgs/drive_base_msgs/msg/detail/trv_command__rosidl_typesupport_introspection_c.h
[1.202s] -- Up-to-date: /home/chiva/uros_ws/install/drive_base_msgs/include/drive_base_msgs/drive_base_msgs/msg/detail/command_status__rosidl_typesupport_introspection_c.h
[1.202s] -- Installing: /home/chiva/uros_ws/install/drive_base_msgs/include/drive_base_msgs/drive_base_msgs/msg/detail/base_info__type_support.c
[1.203s] -- Up-to-date: /home/chiva/uros_ws/install/drive_base_msgs/include/drive_base_msgs/drive_base_msgs/msg/detail/base_info__rosidl_typesupport_introspection_c.h
[1.203s] -- Installing: /home/chiva/uros_ws/install/drive_base_msgs/include/drive_base_msgs/drive_base_msgs/msg/detail/trv_command__type_support.c
[1.203s] -- Installing: /home/chiva/uros_ws/install/drive_base_msgs/include/drive_base_msgs/drive_base_msgs/msg/detail/command_status__type_support.c
[1.203s] -- Installing: /home/chiva/uros_ws/install/drive_base_msgs/include/drive_base_msgs/drive_base_msgs/msg/detail/command_header__type_support.c
[1.203s] -- Up-to-date: /home/chiva/uros_ws/install/drive_base_msgs/include/drive_base_msgs/drive_base_msgs/msg/detail/command_header__rosidl_typesupport_introspection_c.h
[1.204s] -- Up-to-date: /home/chiva/uros_ws/install/drive_base_msgs/include/drive_base_msgs/drive_base_msgs/msg/rosidl_typesupport_introspection_c__visibility_control.h
[1.204s] -- Up-to-date: /home/chiva/uros_ws/install/drive_base_msgs/lib/libdrive_base_msgs__rosidl_typesupport_introspection_c.so
[1.204s] -- Up-to-date: /home/chiva/uros_ws/install/drive_base_msgs/lib/libdrive_base_msgs__rosidl_typesupport_c.so
[1.204s] -- Up-to-date: /home/chiva/uros_ws/install/drive_base_msgs/include/drive_base_msgs/drive_base_msgs
[1.204s] -- Up-to-date: /home/chiva/uros_ws/install/drive_base_msgs/include/drive_base_msgs/drive_base_msgs/msg
[1.204s] -- Up-to-date: /home/chiva/uros_ws/install/drive_base_msgs/include/drive_base_msgs/drive_base_msgs/msg/detail
[1.205s] -- Up-to-date: /home/chiva/uros_ws/install/drive_base_msgs/include/drive_base_msgs/drive_base_msgs/msg/detail/trv_command__type_support.cpp
[1.205s] -- Up-to-date: /home/chiva/uros_ws/install/drive_base_msgs/include/drive_base_msgs/drive_base_msgs/msg/detail/trv_command__rosidl_typesupport_introspection_cpp.hpp
[1.205s] -- Up-to-date: /home/chiva/uros_ws/install/drive_base_msgs/include/drive_base_msgs/drive_base_msgs/msg/detail/command_header__type_support.cpp
[1.205s] -- Up-to-date: /home/chiva/uros_ws/install/drive_base_msgs/include/drive_base_msgs/drive_base_msgs/msg/detail/command_status__rosidl_typesupport_introspection_cpp.hpp
[1.205s] -- Up-to-date: /home/chiva/uros_ws/install/drive_base_msgs/include/drive_base_msgs/drive_base_msgs/msg/detail/command_status__type_support.cpp
[1.205s] -- Up-to-date: /home/chiva/uros_ws/install/drive_base_msgs/include/drive_base_msgs/drive_base_msgs/msg/detail/base_info__type_support.cpp
[1.206s] -- Up-to-date: /home/chiva/uros_ws/install/drive_base_msgs/include/drive_base_msgs/drive_base_msgs/msg/detail/base_info__rosidl_typesupport_introspection_cpp.hpp
[1.206s] -- Up-to-date: /home/chiva/uros_ws/install/drive_base_msgs/include/drive_base_msgs/drive_base_msgs/msg/detail/command_header__rosidl_typesupport_introspection_cpp.hpp
[1.206s] -- Up-to-date: /home/chiva/uros_ws/install/drive_base_msgs/lib/libdrive_base_msgs__rosidl_typesupport_introspection_cpp.so
[1.206s] -- Up-to-date: /home/chiva/uros_ws/install/drive_base_msgs/lib/libdrive_base_msgs__rosidl_typesupport_cpp.so
[1.206s] -- Up-to-date: /home/chiva/uros_ws/install/drive_base_msgs/share/drive_base_msgs/environment/pythonpath.sh
[1.206s] -- Up-to-date: /home/chiva/uros_ws/install/drive_base_msgs/share/drive_base_msgs/environment/pythonpath.dsv
[1.207s] -- Up-to-date: /home/chiva/uros_ws/install/drive_base_msgs/lib/python3.12/site-packages/drive_base_msgs-0.0.0-py3.12.egg-info
[1.207s] -- Installing: /home/chiva/uros_ws/install/drive_base_msgs/lib/python3.12/site-packages/drive_base_msgs-0.0.0-py3.12.egg-info/SOURCES.txt
[1.207s] -- Installing: /home/chiva/uros_ws/install/drive_base_msgs/lib/python3.12/site-packages/drive_base_msgs-0.0.0-py3.12.egg-info/top_level.txt
[1.207s] -- Installing: /home/chiva/uros_ws/install/drive_base_msgs/lib/python3.12/site-packages/drive_base_msgs-0.0.0-py3.12.egg-info/PKG-INFO
[1.207s] -- Installing: /home/chiva/uros_ws/install/drive_base_msgs/lib/python3.12/site-packages/drive_base_msgs-0.0.0-py3.12.egg-info/dependency_links.txt
[1.208s] -- Up-to-date: /home/chiva/uros_ws/install/drive_base_msgs/lib/python3.12/site-packages/drive_base_msgs
[1.208s] -- Up-to-date: /home/chiva/uros_ws/install/drive_base_msgs/lib/python3.12/site-packages/drive_base_msgs/drive_base_msgs_s__rosidl_typesupport_introspection_c.so
[1.208s] -- Up-to-date: /home/chiva/uros_ws/install/drive_base_msgs/lib/python3.12/site-packages/drive_base_msgs/_drive_base_msgs_s.ep.rosidl_typesupport_fastrtps_c.c
[1.208s] -- Up-to-date: /home/chiva/uros_ws/install/drive_base_msgs/lib/python3.12/site-packages/drive_base_msgs/drive_base_msgs_s__rosidl_typesupport_c.so
[1.208s] -- Up-to-date: /home/chiva/uros_ws/install/drive_base_msgs/lib/python3.12/site-packages/drive_base_msgs/msg
[1.208s] -- Up-to-date: /home/chiva/uros_ws/install/drive_base_msgs/lib/python3.12/site-packages/drive_base_msgs/msg/_base_info_s.c
[1.209s] -- Up-to-date: /home/chiva/uros_ws/install/drive_base_msgs/lib/python3.12/site-packages/drive_base_msgs/msg/_trv_command.py
[1.209s] -- Up-to-date: /home/chiva/uros_ws/install/drive_base_msgs/lib/python3.12/site-packages/drive_base_msgs/msg/_command_header_s.c
[1.209s] -- Up-to-date: /home/chiva/uros_ws/install/drive_base_msgs/lib/python3.12/site-packages/drive_base_msgs/msg/_command_status_s.c
[1.209s] -- Up-to-date: /home/chiva/uros_ws/install/drive_base_msgs/lib/python3.12/site-packages/drive_base_msgs/msg/_command_status.py
[1.209s] -- Up-to-date: /home/chiva/uros_ws/install/drive_base_msgs/lib/python3.12/site-packages/drive_base_msgs/msg/_base_info.py
[1.209s] -- Up-to-date: /home/chiva/uros_ws/install/drive_base_msgs/lib/python3.12/site-packages/drive_base_msgs/msg/__init__.py
[1.210s] -- Up-to-date: /home/chiva/uros_ws/install/drive_base_msgs/lib/python3.12/site-packages/drive_base_msgs/msg/_command_header.py
[1.210s] -- Up-to-date: /home/chiva/uros_ws/install/drive_base_msgs/lib/python3.12/site-packages/drive_base_msgs/msg/_trv_command_s.c
[1.210s] -- Up-to-date: /home/chiva/uros_ws/install/drive_base_msgs/lib/python3.12/site-packages/drive_base_msgs/__init__.py
[1.210s] -- Up-to-date: /home/chiva/uros_ws/install/drive_base_msgs/lib/python3.12/site-packages/drive_base_msgs/drive_base_msgs_s__rosidl_typesupport_fastrtps_c.so
[1.210s] -- Up-to-date: /home/chiva/uros_ws/install/drive_base_msgs/lib/python3.12/site-packages/drive_base_msgs/_drive_base_msgs_s.ep.rosidl_typesupport_introspection_c.c
[1.210s] -- Up-to-date: /home/chiva/uros_ws/install/drive_base_msgs/lib/python3.12/site-packages/drive_base_msgs/_drive_base_msgs_s.ep.rosidl_typesupport_c.c
[1.242s] Listing '/home/chiva/uros_ws/install/drive_base_msgs/lib/python3.12/site-packages/drive_base_msgs'...
[1.242s] Listing '/home/chiva/uros_ws/install/drive_base_msgs/lib/python3.12/site-packages/drive_base_msgs/msg'...
[1.252s] -- Up-to-date: /home/chiva/uros_ws/install/drive_base_msgs/lib/python3.12/site-packages/drive_base_msgs/drive_base_msgs_s__rosidl_typesupport_fastrtps_c.so
[1.254s] -- Up-to-date: /home/chiva/uros_ws/install/drive_base_msgs/lib/python3.12/site-packages/drive_base_msgs/drive_base_msgs_s__rosidl_typesupport_introspection_c.so
[1.255s] -- Up-to-date: /home/chiva/uros_ws/install/drive_base_msgs/lib/python3.12/site-packages/drive_base_msgs/drive_base_msgs_s__rosidl_typesupport_c.so
[1.257s] -- Up-to-date: /home/chiva/uros_ws/install/drive_base_msgs/lib/libdrive_base_msgs__rosidl_generator_py.so
[1.258s] -- Up-to-date: /home/chiva/uros_ws/install/drive_base_msgs/share/drive_base_msgs/msg/CommandHeader.idl
[1.259s] -- Up-to-date: /home/chiva/uros_ws/install/drive_base_msgs/share/drive_base_msgs/msg/BaseInfo.idl
[1.259s] -- Up-to-date: /home/chiva/uros_ws/install/drive_base_msgs/share/drive_base_msgs/msg/CommandStatus.idl
[1.259s] -- Up-to-date: /home/chiva/uros_ws/install/drive_base_msgs/share/drive_base_msgs/msg/TRVCommand.idl
[1.259s] -- Up-to-date: /home/chiva/uros_ws/install/drive_base_msgs/share/drive_base_msgs/msg/CommandHeader.msg
[1.260s] -- Up-to-date: /home/chiva/uros_ws/install/drive_base_msgs/share/drive_base_msgs/msg/BaseInfo.msg
[1.260s] -- Up-to-date: /home/chiva/uros_ws/install/drive_base_msgs/share/drive_base_msgs/msg/CommandStatus.msg
[1.262s] -- Up-to-date: /home/chiva/uros_ws/install/drive_base_msgs/share/drive_base_msgs/msg/TRVCommand.msg
[1.262s] -- Up-to-date: /home/chiva/uros_ws/install/drive_base_msgs/share/ament_index/resource_index/package_run_dependencies/drive_base_msgs
[1.262s] -- Up-to-date: /home/chiva/uros_ws/install/drive_base_msgs/share/ament_index/resource_index/parent_prefix_path/drive_base_msgs
[1.262s] -- Up-to-date: /home/chiva/uros_ws/install/drive_base_msgs/share/drive_base_msgs/environment/ament_prefix_path.sh
[1.263s] -- Up-to-date: /home/chiva/uros_ws/install/drive_base_msgs/share/drive_base_msgs/environment/ament_prefix_path.dsv
[1.263s] -- Up-to-date: /home/chiva/uros_ws/install/drive_base_msgs/share/drive_base_msgs/environment/path.sh
[1.263s] -- Up-to-date: /home/chiva/uros_ws/install/drive_base_msgs/share/drive_base_msgs/environment/path.dsv
[1.263s] -- Up-to-date: /home/chiva/uros_ws/install/drive_base_msgs/share/drive_base_msgs/local_setup.bash
[1.264s] -- Up-to-date: /home/chiva/uros_ws/install/drive_base_msgs/share/drive_base_msgs/local_setup.sh
[1.264s] -- Up-to-date: /home/chiva/uros_ws/install/drive_base_msgs/share/drive_base_msgs/local_setup.zsh
[1.265s] -- Up-to-date: /home/chiva/uros_ws/install/drive_base_msgs/share/drive_base_msgs/local_setup.dsv
[1.265s] -- Installing: /home/chiva/uros_ws/install/drive_base_msgs/share/drive_base_msgs/package.dsv
[1.265s] -- Up-to-date: /home/chiva/uros_ws/install/drive_base_msgs/share/ament_index/resource_index/packages/drive_base_msgs
[1.266s] -- Up-to-date: /home/chiva/uros_ws/install/drive_base_msgs/share/drive_base_msgs/cmake/export_drive_base_msgs__rosidl_generator_cExport.cmake
[1.267s] -- Up-to-date: /home/chiva/uros_ws/install/drive_base_msgs/share/drive_base_msgs/cmake/export_drive_base_msgs__rosidl_generator_cExport-noconfig.cmake
[1.267s] -- Up-to-date: /home/chiva/uros_ws/install/drive_base_msgs/share/drive_base_msgs/cmake/export_drive_base_msgs__rosidl_typesupport_fastrtps_cExport.cmake
[1.267s] -- Up-to-date: /home/chiva/uros_ws/install/drive_base_msgs/share/drive_base_msgs/cmake/export_drive_base_msgs__rosidl_typesupport_fastrtps_cExport-noconfig.cmake
[1.268s] -- Up-to-date: /home/chiva/uros_ws/install/drive_base_msgs/share/drive_base_msgs/cmake/export_drive_base_msgs__rosidl_generator_cppExport.cmake
[1.268s] -- Up-to-date: /home/chiva/uros_ws/install/drive_base_msgs/share/drive_base_msgs/cmake/export_drive_base_msgs__rosidl_typesupport_fastrtps_cppExport.cmake
[1.269s] -- Up-to-date: /home/chiva/uros_ws/install/drive_base_msgs/share/drive_base_msgs/cmake/export_drive_base_msgs__rosidl_typesupport_fastrtps_cppExport-noconfig.cmake
[1.269s] -- Up-to-date: /home/chiva/uros_ws/install/drive_base_msgs/share/drive_base_msgs/cmake/drive_base_msgs__rosidl_typesupport_introspection_cExport.cmake
[1.269s] -- Up-to-date: /home/chiva/uros_ws/install/drive_base_msgs/share/drive_base_msgs/cmake/drive_base_msgs__rosidl_typesupport_introspection_cExport-noconfig.cmake
[1.269s] -- Up-to-date: /home/chiva/uros_ws/install/drive_base_msgs/share/drive_base_msgs/cmake/drive_base_msgs__rosidl_typesupport_cExport.cmake
[1.269s] -- Up-to-date: /home/chiva/uros_ws/install/drive_base_msgs/share/drive_base_msgs/cmake/drive_base_msgs__rosidl_typesupport_cExport-noconfig.cmake
[1.271s] -- Up-to-date: /home/chiva/uros_ws/install/drive_base_msgs/share/drive_base_msgs/cmake/drive_base_msgs__rosidl_typesupport_introspection_cppExport.cmake
[1.273s] -- Up-to-date: /home/chiva/uros_ws/install/drive_base_msgs/share/drive_base_msgs/cmake/drive_base_msgs__rosidl_typesupport_introspection_cppExport-noconfig.cmake
[1.274s] -- Up-to-date: /home/chiva/uros_ws/install/drive_base_msgs/share/drive_base_msgs/cmake/drive_base_msgs__rosidl_typesupport_cppExport.cmake
[1.274s] -- Up-to-date: /home/chiva/uros_ws/install/drive_base_msgs/share/drive_base_msgs/cmake/drive_base_msgs__rosidl_typesupport_cppExport-noconfig.cmake
[1.274s] -- Up-to-date: /home/chiva/uros_ws/install/drive_base_msgs/share/drive_base_msgs/cmake/export_drive_base_msgs__rosidl_generator_pyExport.cmake
[1.274s] -- Up-to-date: /home/chiva/uros_ws/install/drive_base_msgs/share/drive_base_msgs/cmake/export_drive_base_msgs__rosidl_generator_pyExport-noconfig.cmake
[1.274s] -- Up-to-date: /home/chiva/uros_ws/install/drive_base_msgs/share/drive_base_msgs/cmake/rosidl_cmake-extras.cmake
[1.274s] -- Up-to-date: /home/chiva/uros_ws/install/drive_base_msgs/share/drive_base_msgs/cmake/ament_cmake_export_dependencies-extras.cmake
[1.274s] -- Up-to-date: /home/chiva/uros_ws/install/drive_base_msgs/share/drive_base_msgs/cmake/ament_cmake_export_include_directories-extras.cmake
[1.275s] -- Up-to-date: /home/chiva/uros_ws/install/drive_base_msgs/share/drive_base_msgs/cmake/ament_cmake_export_libraries-extras.cmake
[1.275s] -- Up-to-date: /home/chiva/uros_ws/install/drive_base_msgs/share/drive_base_msgs/cmake/ament_cmake_export_targets-extras.cmake
[1.275s] -- Up-to-date: /home/chiva/uros_ws/install/drive_base_msgs/share/drive_base_msgs/cmake/rosidl_cmake_export_typesupport_targets-extras.cmake
[1.275s] -- Up-to-date: /home/chiva/uros_ws/install/drive_base_msgs/share/drive_base_msgs/cmake/rosidl_cmake_export_typesupport_libraries-extras.cmake
[1.275s] -- Up-to-date: /home/chiva/uros_ws/install/drive_base_msgs/share/drive_base_msgs/cmake/drive_base_msgsConfig.cmake
[1.275s] -- Up-to-date: /home/chiva/uros_ws/install/drive_base_msgs/share/drive_base_msgs/cmake/drive_base_msgsConfig-version.cmake
[1.275s] -- Up-to-date: /home/chiva/uros_ws/install/drive_base_msgs/share/drive_base_msgs/package.xml
[1.309s] Invoked command in '/home/chiva/uros_ws/build/drive_base_msgs' returned '0': CMAKE_PREFIX_PATH=${CMAKE_PREFIX_PATH}:/opt/ros/jazzy DEBUGINFOD_URLS=https://debuginfod.ubuntu.com /usr/bin/cmake --install /home/chiva/uros_ws/build/drive_base_msgs
