[0.022s] Invoking command in '/home/chiva/uros_ws/build/micro_ros_msgs': CMAKE_PREFIX_PATH=${CMAKE_PREFIX_PATH}:/opt/ros/jazzy DEBUGINFOD_URLS=https://debuginfod.ubuntu.com /usr/bin/cmake /home/chiva/uros_ws/src/uros/micro_ros_msgs -DUAGENT_BUILD_EXECUTABLE=OFF -DUAGENT_P2P_PROFILE=OFF --no-warn-unused-cli -DCMAKE_INSTALL_PREFIX=/home/chiva/uros_ws/install/micro_ros_msgs
[0.042s] Not searching for unused variables given on the command line.
[0.148s] -- The C compiler identification is GNU 13.3.0
[0.274s] -- The CXX compiler identification is GNU 13.3.0
[0.311s] -- Detecting C compiler ABI info
[0.524s] -- Detecting C compiler ABI info - done
[0.559s] -- Check for working C compiler: /usr/bin/cc - skipped
[0.560s] -- Detecting C compile features
[0.561s] -- Detecting C compile features - done
[0.583s] -- Detecting CXX compiler ABI info
[0.843s] -- Detecting CXX compiler ABI info - done
[0.865s] -- Check for working CXX compiler: /usr/bin/c++ - skipped
[0.866s] -- Detecting CXX compile features
[0.868s] -- Detecting CXX compile features - done
[0.879s] -- Found ament_cmake: 2.5.3 (/opt/ros/jazzy/share/ament_cmake/cmake)
[1.341s] -- Found Python3: /usr/bin/python3 (found version "3.12.3") found components: Interpreter 
[1.760s] -- Found rosidl_default_generators: 1.6.0 (/opt/ros/jazzy/share/rosidl_default_generators/cmake)
[1.791s] -- Using all available rosidl_typesupport_c: rosidl_typesupport_fastrtps_c;rosidl_typesupport_introspection_c
[2.023s] -- Using all available rosidl_typesupport_cpp: rosidl_typesupport_fastrtps_cpp;rosidl_typesupport_introspection_cpp
[2.272s] -- Found rosidl_adapter: 4.6.5 (/opt/ros/jazzy/share/rosidl_adapter/cmake)
[2.287s] -- Found ament_lint_auto: 0.17.2 (/opt/ros/jazzy/share/ament_lint_auto/cmake)
[4.786s] -- Found ament_cmake_ros: 0.12.0 (/opt/ros/jazzy/share/ament_cmake_ros/cmake)
[6.392s] -- Using all available rosidl_typesupport_c: rosidl_typesupport_fastrtps_c;rosidl_typesupport_introspection_c
[8.570s] -- Using all available rosidl_typesupport_cpp: rosidl_typesupport_fastrtps_cpp;rosidl_typesupport_introspection_cpp
[8.610s] -- Found python_cmake_module: 0.11.1 (/opt/ros/jazzy/share/python_cmake_module/cmake)
[9.060s] -- Found PythonExtra: /usr/bin/python3  
[10.595s] -- Found Python3: /usr/bin/python3 (found version "3.12.3") found components: Interpreter Development NumPy Development.Module Development.Embed 
[10.740s] -- Added test 'copyright' to check source files copyright and LICENSE
[10.774s] -- Added test 'lint_cmake' to check CMake code style
[10.794s] -- Added test 'xmllint' to check XML markup files
[10.815s] -- Configuring done (10.8s)
[10.932s] -- Generating done (0.1s)
[10.971s] -- Build files have been written to: /home/chiva/uros_ws/build/micro_ros_msgs
[10.992s] Invoked command in '/home/chiva/uros_ws/build/micro_ros_msgs' returned '0': CMAKE_PREFIX_PATH=${CMAKE_PREFIX_PATH}:/opt/ros/jazzy DEBUGINFOD_URLS=https://debuginfod.ubuntu.com /usr/bin/cmake /home/chiva/uros_ws/src/uros/micro_ros_msgs -DUAGENT_BUILD_EXECUTABLE=OFF -DUAGENT_P2P_PROFILE=OFF --no-warn-unused-cli -DCMAKE_INSTALL_PREFIX=/home/chiva/uros_ws/install/micro_ros_msgs
[10.994s] Invoking command in '/home/chiva/uros_ws/build/micro_ros_msgs': CMAKE_PREFIX_PATH=${CMAKE_PREFIX_PATH}:/opt/ros/jazzy DEBUGINFOD_URLS=https://debuginfod.ubuntu.com /usr/bin/cmake --build /home/chiva/uros_ws/build/micro_ros_msgs -- -j4 -l4
[11.180s] [  1%] [34m[1mGenerating type hashes for ROS interfaces[0m
[11.213s] [  1%] Built target ament_cmake_python_copy_micro_ros_msgs
[12.501s] [  1%] Built target micro_ros_msgs__rosidl_generator_type_description
[12.608s] [  3%] [34m[1mGenerating C code for ROS interfaces[0m
[12.757s] [  5%] [34m[1mGenerating C++ code for ROS interfaces[0m
[12.931s] running egg_info
[12.942s] creating micro_ros_msgs.egg-info
[13.058s] writing micro_ros_msgs.egg-info/PKG-INFO
[13.064s] writing dependency_links to micro_ros_msgs.egg-info/dependency_links.txt
[13.065s] writing top-level names to micro_ros_msgs.egg-info/top_level.txt
[13.065s] writing manifest file 'micro_ros_msgs.egg-info/SOURCES.txt'
[13.394s] reading manifest file 'micro_ros_msgs.egg-info/SOURCES.txt'
[13.398s] writing manifest file 'micro_ros_msgs.egg-info/SOURCES.txt'
[13.586s] [  5%] Built target ament_cmake_python_build_micro_ros_msgs_egg
[15.774s] [  5%] Built target micro_ros_msgs__cpp
[16.052s] [  7%] [32mBuilding C object CMakeFiles/micro_ros_msgs__rosidl_generator_c.dir/rosidl_generator_c/micro_ros_msgs/msg/detail/graph__description.c.o[0m
[16.082s] [  9%] [32mBuilding C object CMakeFiles/micro_ros_msgs__rosidl_generator_c.dir/rosidl_generator_c/micro_ros_msgs/msg/detail/node__description.c.o[0m
[16.103s] [ 11%] [32mBuilding C object CMakeFiles/micro_ros_msgs__rosidl_generator_c.dir/rosidl_generator_c/micro_ros_msgs/msg/detail/graph__functions.c.o[0m
[16.110s] [ 12%] [32mBuilding C object CMakeFiles/micro_ros_msgs__rosidl_generator_c.dir/rosidl_generator_c/micro_ros_msgs/msg/detail/graph__type_support.c.o[0m
[16.356s] [ 14%] [32mBuilding C object CMakeFiles/micro_ros_msgs__rosidl_generator_c.dir/rosidl_generator_c/micro_ros_msgs/msg/detail/node__functions.c.o[0m
[16.460s] [ 16%] [32mBuilding C object CMakeFiles/micro_ros_msgs__rosidl_generator_c.dir/rosidl_generator_c/micro_ros_msgs/msg/detail/node__type_support.c.o[0m
[16.516s] [ 18%] [32mBuilding C object CMakeFiles/micro_ros_msgs__rosidl_generator_c.dir/rosidl_generator_c/micro_ros_msgs/msg/detail/entity__description.c.o[0m
[16.551s] [ 20%] [32mBuilding C object CMakeFiles/micro_ros_msgs__rosidl_generator_c.dir/rosidl_generator_c/micro_ros_msgs/msg/detail/entity__functions.c.o[0m
[16.746s] [ 22%] [32mBuilding C object CMakeFiles/micro_ros_msgs__rosidl_generator_c.dir/rosidl_generator_c/micro_ros_msgs/msg/detail/entity__type_support.c.o[0m
[16.961s] [ 24%] [32m[1mLinking C shared library libmicro_ros_msgs__rosidl_generator_c.so[0m
[17.140s] [ 24%] Built target micro_ros_msgs__rosidl_generator_c
[17.222s] [ 25%] [34m[1mGenerating C++ type support for eProsima Fast-RTPS[0m
[17.233s] [ 27%] [34m[1mGenerating C++ introspection for ROS interfaces[0m
[17.243s] [ 29%] [34m[1mGenerating C type support for eProsima Fast-RTPS[0m
[17.253s] [ 31%] [34m[1mGenerating C++ type support dispatch for ROS interfaces[0m
[20.153s] [ 33%] [32mBuilding CXX object CMakeFiles/micro_ros_msgs__rosidl_typesupport_fastrtps_cpp.dir/rosidl_typesupport_fastrtps_cpp/micro_ros_msgs/msg/detail/dds_fastrtps/graph__type_support.cpp.o[0m
[20.949s] [ 35%] [32mBuilding CXX object CMakeFiles/micro_ros_msgs__rosidl_typesupport_fastrtps_c.dir/rosidl_typesupport_fastrtps_c/micro_ros_msgs/msg/detail/graph__type_support_c.cpp.o[0m
[21.023s] [ 37%] [32mBuilding CXX object CMakeFiles/micro_ros_msgs__rosidl_typesupport_cpp.dir/rosidl_typesupport_cpp/micro_ros_msgs/msg/graph__type_support.cpp.o[0m
[21.190s] [ 38%] [32mBuilding CXX object CMakeFiles/micro_ros_msgs__rosidl_typesupport_introspection_cpp.dir/rosidl_typesupport_introspection_cpp/micro_ros_msgs/msg/detail/graph__type_support.cpp.o[0m
[23.927s] [ 40%] [32mBuilding CXX object CMakeFiles/micro_ros_msgs__rosidl_typesupport_cpp.dir/rosidl_typesupport_cpp/micro_ros_msgs/msg/node__type_support.cpp.o[0m
[24.175s] [ 42%] [32mBuilding CXX object CMakeFiles/micro_ros_msgs__rosidl_typesupport_fastrtps_c.dir/rosidl_typesupport_fastrtps_c/micro_ros_msgs/msg/detail/node__type_support_c.cpp.o[0m
[24.754s] [ 44%] [32mBuilding CXX object CMakeFiles/micro_ros_msgs__rosidl_typesupport_fastrtps_cpp.dir/rosidl_typesupport_fastrtps_cpp/micro_ros_msgs/msg/detail/dds_fastrtps/node__type_support.cpp.o[0m
[24.793s] [ 46%] [32mBuilding CXX object CMakeFiles/micro_ros_msgs__rosidl_typesupport_introspection_cpp.dir/rosidl_typesupport_introspection_cpp/micro_ros_msgs/msg/detail/node__type_support.cpp.o[0m
[25.292s] [ 48%] [32mBuilding CXX object CMakeFiles/micro_ros_msgs__rosidl_typesupport_cpp.dir/rosidl_typesupport_cpp/micro_ros_msgs/msg/entity__type_support.cpp.o[0m
[26.355s] [ 50%] [32mBuilding CXX object CMakeFiles/micro_ros_msgs__rosidl_typesupport_fastrtps_c.dir/rosidl_typesupport_fastrtps_c/micro_ros_msgs/msg/detail/entity__type_support_c.cpp.o[0m
[26.666s] [ 51%] [32mBuilding CXX object CMakeFiles/micro_ros_msgs__rosidl_typesupport_introspection_cpp.dir/rosidl_typesupport_introspection_cpp/micro_ros_msgs/msg/detail/entity__type_support.cpp.o[0m
[26.745s] [ 53%] [32m[1mLinking CXX shared library libmicro_ros_msgs__rosidl_typesupport_cpp.so[0m
[26.789s] [ 55%] [32mBuilding CXX object CMakeFiles/micro_ros_msgs__rosidl_typesupport_fastrtps_cpp.dir/rosidl_typesupport_fastrtps_cpp/micro_ros_msgs/msg/detail/dds_fastrtps/entity__type_support.cpp.o[0m
[27.047s] [ 55%] Built target micro_ros_msgs__rosidl_typesupport_cpp
[28.358s] [ 57%] [32m[1mLinking CXX shared library libmicro_ros_msgs__rosidl_typesupport_fastrtps_c.so[0m
[28.440s] [ 59%] [32m[1mLinking CXX shared library libmicro_ros_msgs__rosidl_typesupport_introspection_cpp.so[0m
[28.658s] [ 59%] Built target micro_ros_msgs__rosidl_typesupport_fastrtps_c
[28.726s] [ 59%] Built target micro_ros_msgs__rosidl_typesupport_introspection_cpp
[28.942s] [ 61%] [32m[1mLinking CXX shared library libmicro_ros_msgs__rosidl_typesupport_fastrtps_cpp.so[0m
[29.141s] [ 61%] Built target micro_ros_msgs__rosidl_typesupport_fastrtps_cpp
[29.166s] [ 62%] [34m[1mGenerating C type support dispatch for ROS interfaces[0m
[29.864s] [ 64%] [32mBuilding CXX object CMakeFiles/micro_ros_msgs__rosidl_typesupport_c.dir/rosidl_typesupport_c/micro_ros_msgs/msg/graph__type_support.cpp.o[0m
[30.005s] [ 66%] [32mBuilding CXX object CMakeFiles/micro_ros_msgs__rosidl_typesupport_c.dir/rosidl_typesupport_c/micro_ros_msgs/msg/entity__type_support.cpp.o[0m
[30.128s] [ 68%] [32mBuilding CXX object CMakeFiles/micro_ros_msgs__rosidl_typesupport_c.dir/rosidl_typesupport_c/micro_ros_msgs/msg/node__type_support.cpp.o[0m
[30.251s] [ 70%] [32m[1mLinking CXX shared library libmicro_ros_msgs__rosidl_typesupport_c.so[0m
[30.350s] [ 70%] Built target micro_ros_msgs__rosidl_typesupport_c
[30.375s] [ 72%] [34m[1mGenerating C introspection for ROS interfaces[0m
[31.192s] [ 74%] [32mBuilding C object CMakeFiles/micro_ros_msgs__rosidl_typesupport_introspection_c.dir/rosidl_typesupport_introspection_c/micro_ros_msgs/msg/detail/graph__type_support.c.o[0m
[31.312s] [ 75%] [32mBuilding C object CMakeFiles/micro_ros_msgs__rosidl_typesupport_introspection_c.dir/rosidl_typesupport_introspection_c/micro_ros_msgs/msg/detail/entity__type_support.c.o[0m
[31.420s] [ 77%] [32mBuilding C object CMakeFiles/micro_ros_msgs__rosidl_typesupport_introspection_c.dir/rosidl_typesupport_introspection_c/micro_ros_msgs/msg/detail/node__type_support.c.o[0m
[31.573s] [ 79%] [32m[1mLinking C shared library libmicro_ros_msgs__rosidl_typesupport_introspection_c.so[0m
[31.739s] [ 79%] Built target micro_ros_msgs__rosidl_typesupport_introspection_c
[31.795s] [ 79%] Built target micro_ros_msgs
[31.849s] [ 81%] [34m[1mGenerating Python code for ROS interfaces[0m
[32.969s] [ 81%] Built target micro_ros_msgs__py
[33.021s] [ 83%] [32mBuilding C object CMakeFiles/micro_ros_msgs__rosidl_generator_py.dir/rosidl_generator_py/micro_ros_msgs/msg/_graph_s.c.o[0m
[33.329s] [ 85%] [32mBuilding C object CMakeFiles/micro_ros_msgs__rosidl_generator_py.dir/rosidl_generator_py/micro_ros_msgs/msg/_entity_s.c.o[0m
[33.619s] [ 87%] [32mBuilding C object CMakeFiles/micro_ros_msgs__rosidl_generator_py.dir/rosidl_generator_py/micro_ros_msgs/msg/_node_s.c.o[0m
[33.889s] [ 88%] [32m[1mLinking C shared library libmicro_ros_msgs__rosidl_generator_py.so[0m
[33.988s] [ 88%] Built target micro_ros_msgs__rosidl_generator_py
[34.040s] [ 90%] [32mBuilding C object CMakeFiles/micro_ros_msgs_s__rosidl_typesupport_fastrtps_c.dir/rosidl_generator_py/micro_ros_msgs/_micro_ros_msgs_s.ep.rosidl_typesupport_fastrtps_c.c.o[0m
[34.322s] [ 92%] [32m[1mLinking C shared module rosidl_generator_py/micro_ros_msgs/micro_ros_msgs_s__rosidl_typesupport_fastrtps_c.so[0m
[34.407s] [ 92%] Built target micro_ros_msgs_s__rosidl_typesupport_fastrtps_c
[34.460s] [ 94%] [32mBuilding C object CMakeFiles/micro_ros_msgs_s__rosidl_typesupport_c.dir/rosidl_generator_py/micro_ros_msgs/_micro_ros_msgs_s.ep.rosidl_typesupport_c.c.o[0m
[34.716s] [ 96%] [32m[1mLinking C shared module rosidl_generator_py/micro_ros_msgs/micro_ros_msgs_s__rosidl_typesupport_c.so[0m
[34.794s] [ 96%] Built target micro_ros_msgs_s__rosidl_typesupport_c
[34.846s] [ 98%] [32mBuilding C object CMakeFiles/micro_ros_msgs_s__rosidl_typesupport_introspection_c.dir/rosidl_generator_py/micro_ros_msgs/_micro_ros_msgs_s.ep.rosidl_typesupport_introspection_c.c.o[0m
[35.099s] [100%] [32m[1mLinking C shared module rosidl_generator_py/micro_ros_msgs/micro_ros_msgs_s__rosidl_typesupport_introspection_c.so[0m
[35.176s] [100%] Built target micro_ros_msgs_s__rosidl_typesupport_introspection_c
[35.206s] Invoked command in '/home/chiva/uros_ws/build/micro_ros_msgs' returned '0': CMAKE_PREFIX_PATH=${CMAKE_PREFIX_PATH}:/opt/ros/jazzy DEBUGINFOD_URLS=https://debuginfod.ubuntu.com /usr/bin/cmake --build /home/chiva/uros_ws/build/micro_ros_msgs -- -j4 -l4
[35.230s] Invoking command in '/home/chiva/uros_ws/build/micro_ros_msgs': CMAKE_PREFIX_PATH=${CMAKE_PREFIX_PATH}:/opt/ros/jazzy DEBUGINFOD_URLS=https://debuginfod.ubuntu.com /usr/bin/cmake --install /home/chiva/uros_ws/build/micro_ros_msgs
[35.251s] -- Install configuration: ""
[35.252s] -- Installing: /home/chiva/uros_ws/install/micro_ros_msgs/share/ament_index/resource_index/rosidl_interfaces/micro_ros_msgs
[35.253s] -- Installing: /home/chiva/uros_ws/install/micro_ros_msgs/share/micro_ros_msgs/msg/Graph.json
[35.253s] -- Installing: /home/chiva/uros_ws/install/micro_ros_msgs/share/micro_ros_msgs/msg/Node.json
[35.253s] -- Installing: /home/chiva/uros_ws/install/micro_ros_msgs/share/micro_ros_msgs/msg/Entity.json
[35.254s] -- Installing: /home/chiva/uros_ws/install/micro_ros_msgs/include/micro_ros_msgs/micro_ros_msgs
[35.254s] -- Installing: /home/chiva/uros_ws/install/micro_ros_msgs/include/micro_ros_msgs/micro_ros_msgs/msg
[35.254s] -- Installing: /home/chiva/uros_ws/install/micro_ros_msgs/include/micro_ros_msgs/micro_ros_msgs/msg/rosidl_generator_c__visibility_control.h
[35.255s] -- Installing: /home/chiva/uros_ws/install/micro_ros_msgs/include/micro_ros_msgs/micro_ros_msgs/msg/graph.h
[35.255s] -- Installing: /home/chiva/uros_ws/install/micro_ros_msgs/include/micro_ros_msgs/micro_ros_msgs/msg/detail
[35.255s] -- Installing: /home/chiva/uros_ws/install/micro_ros_msgs/include/micro_ros_msgs/micro_ros_msgs/msg/detail/node__type_support.h
[35.256s] -- Installing: /home/chiva/uros_ws/install/micro_ros_msgs/include/micro_ros_msgs/micro_ros_msgs/msg/detail/entity__functions.c
[35.256s] -- Installing: /home/chiva/uros_ws/install/micro_ros_msgs/include/micro_ros_msgs/micro_ros_msgs/msg/detail/entity__description.c
[35.256s] -- Installing: /home/chiva/uros_ws/install/micro_ros_msgs/include/micro_ros_msgs/micro_ros_msgs/msg/detail/graph__functions.h
[35.257s] -- Installing: /home/chiva/uros_ws/install/micro_ros_msgs/include/micro_ros_msgs/micro_ros_msgs/msg/detail/node__description.c
[35.257s] -- Installing: /home/chiva/uros_ws/install/micro_ros_msgs/include/micro_ros_msgs/micro_ros_msgs/msg/detail/entity__type_support.c
[35.257s] -- Installing: /home/chiva/uros_ws/install/micro_ros_msgs/include/micro_ros_msgs/micro_ros_msgs/msg/detail/graph__type_support.h
[35.258s] -- Installing: /home/chiva/uros_ws/install/micro_ros_msgs/include/micro_ros_msgs/micro_ros_msgs/msg/detail/graph__description.c
[35.258s] -- Installing: /home/chiva/uros_ws/install/micro_ros_msgs/include/micro_ros_msgs/micro_ros_msgs/msg/detail/node__struct.h
[35.258s] -- Installing: /home/chiva/uros_ws/install/micro_ros_msgs/include/micro_ros_msgs/micro_ros_msgs/msg/detail/entity__functions.h
[35.259s] -- Installing: /home/chiva/uros_ws/install/micro_ros_msgs/include/micro_ros_msgs/micro_ros_msgs/msg/detail/entity__type_support.h
[35.259s] -- Installing: /home/chiva/uros_ws/install/micro_ros_msgs/include/micro_ros_msgs/micro_ros_msgs/msg/detail/entity__struct.h
[35.259s] -- Installing: /home/chiva/uros_ws/install/micro_ros_msgs/include/micro_ros_msgs/micro_ros_msgs/msg/detail/node__type_support.c
[35.260s] -- Installing: /home/chiva/uros_ws/install/micro_ros_msgs/include/micro_ros_msgs/micro_ros_msgs/msg/detail/graph__functions.c
[35.260s] -- Installing: /home/chiva/uros_ws/install/micro_ros_msgs/include/micro_ros_msgs/micro_ros_msgs/msg/detail/graph__struct.h
[35.260s] -- Installing: /home/chiva/uros_ws/install/micro_ros_msgs/include/micro_ros_msgs/micro_ros_msgs/msg/detail/graph__type_support.c
[35.260s] -- Installing: /home/chiva/uros_ws/install/micro_ros_msgs/include/micro_ros_msgs/micro_ros_msgs/msg/detail/node__functions.h
[35.261s] -- Installing: /home/chiva/uros_ws/install/micro_ros_msgs/include/micro_ros_msgs/micro_ros_msgs/msg/detail/node__functions.c
[35.261s] -- Installing: /home/chiva/uros_ws/install/micro_ros_msgs/include/micro_ros_msgs/micro_ros_msgs/msg/entity.h
[35.261s] -- Installing: /home/chiva/uros_ws/install/micro_ros_msgs/include/micro_ros_msgs/micro_ros_msgs/msg/node.h
[35.261s] -- Installing: /home/chiva/uros_ws/install/micro_ros_msgs/share/micro_ros_msgs/environment/library_path.sh
[35.262s] -- Installing: /home/chiva/uros_ws/install/micro_ros_msgs/share/micro_ros_msgs/environment/library_path.dsv
[35.262s] -- Installing: /home/chiva/uros_ws/install/micro_ros_msgs/lib/libmicro_ros_msgs__rosidl_generator_c.so
[35.262s] -- Set non-toolchain portion of runtime path of "/home/chiva/uros_ws/install/micro_ros_msgs/lib/libmicro_ros_msgs__rosidl_generator_c.so" to ""
[35.263s] -- Up-to-date: /home/chiva/uros_ws/install/micro_ros_msgs/include/micro_ros_msgs/micro_ros_msgs
[35.264s] -- Up-to-date: /home/chiva/uros_ws/install/micro_ros_msgs/include/micro_ros_msgs/micro_ros_msgs/msg
[35.264s] -- Installing: /home/chiva/uros_ws/install/micro_ros_msgs/include/micro_ros_msgs/micro_ros_msgs/msg/rosidl_typesupport_fastrtps_c__visibility_control.h
[35.265s] -- Up-to-date: /home/chiva/uros_ws/install/micro_ros_msgs/include/micro_ros_msgs/micro_ros_msgs/msg/detail
[35.265s] -- Installing: /home/chiva/uros_ws/install/micro_ros_msgs/include/micro_ros_msgs/micro_ros_msgs/msg/detail/node__rosidl_typesupport_fastrtps_c.h
[35.266s] -- Installing: /home/chiva/uros_ws/install/micro_ros_msgs/include/micro_ros_msgs/micro_ros_msgs/msg/detail/entity__rosidl_typesupport_fastrtps_c.h
[35.266s] -- Installing: /home/chiva/uros_ws/install/micro_ros_msgs/include/micro_ros_msgs/micro_ros_msgs/msg/detail/graph__rosidl_typesupport_fastrtps_c.h
[35.267s] -- Installing: /home/chiva/uros_ws/install/micro_ros_msgs/lib/libmicro_ros_msgs__rosidl_typesupport_fastrtps_c.so
[35.268s] -- Set non-toolchain portion of runtime path of "/home/chiva/uros_ws/install/micro_ros_msgs/lib/libmicro_ros_msgs__rosidl_typesupport_fastrtps_c.so" to ""
[35.269s] -- Up-to-date: /home/chiva/uros_ws/install/micro_ros_msgs/include/micro_ros_msgs/micro_ros_msgs
[35.270s] -- Up-to-date: /home/chiva/uros_ws/install/micro_ros_msgs/include/micro_ros_msgs/micro_ros_msgs/msg
[35.271s] -- Up-to-date: /home/chiva/uros_ws/install/micro_ros_msgs/include/micro_ros_msgs/micro_ros_msgs/msg/detail
[35.272s] -- Installing: /home/chiva/uros_ws/install/micro_ros_msgs/include/micro_ros_msgs/micro_ros_msgs/msg/detail/graph__rosidl_typesupport_introspection_c.h
[35.273s] -- Installing: /home/chiva/uros_ws/install/micro_ros_msgs/include/micro_ros_msgs/micro_ros_msgs/msg/detail/entity__type_support.c
[35.274s] -- Installing: /home/chiva/uros_ws/install/micro_ros_msgs/include/micro_ros_msgs/micro_ros_msgs/msg/detail/node__rosidl_typesupport_introspection_c.h
[35.274s] -- Installing: /home/chiva/uros_ws/install/micro_ros_msgs/include/micro_ros_msgs/micro_ros_msgs/msg/detail/entity__rosidl_typesupport_introspection_c.h
[35.274s] -- Installing: /home/chiva/uros_ws/install/micro_ros_msgs/include/micro_ros_msgs/micro_ros_msgs/msg/detail/node__type_support.c
[35.275s] -- Installing: /home/chiva/uros_ws/install/micro_ros_msgs/include/micro_ros_msgs/micro_ros_msgs/msg/detail/graph__type_support.c
[35.275s] -- Installing: /home/chiva/uros_ws/install/micro_ros_msgs/include/micro_ros_msgs/micro_ros_msgs/msg/rosidl_typesupport_introspection_c__visibility_control.h
[35.275s] -- Installing: /home/chiva/uros_ws/install/micro_ros_msgs/lib/libmicro_ros_msgs__rosidl_typesupport_introspection_c.so
[35.275s] -- Set non-toolchain portion of runtime path of "/home/chiva/uros_ws/install/micro_ros_msgs/lib/libmicro_ros_msgs__rosidl_typesupport_introspection_c.so" to ""
[35.275s] -- Installing: /home/chiva/uros_ws/install/micro_ros_msgs/lib/libmicro_ros_msgs__rosidl_typesupport_c.so
[35.276s] -- Set non-toolchain portion of runtime path of "/home/chiva/uros_ws/install/micro_ros_msgs/lib/libmicro_ros_msgs__rosidl_typesupport_c.so" to ""
[35.276s] -- Up-to-date: /home/chiva/uros_ws/install/micro_ros_msgs/include/micro_ros_msgs/micro_ros_msgs
[35.276s] -- Up-to-date: /home/chiva/uros_ws/install/micro_ros_msgs/include/micro_ros_msgs/micro_ros_msgs/msg
[35.276s] -- Installing: /home/chiva/uros_ws/install/micro_ros_msgs/include/micro_ros_msgs/micro_ros_msgs/msg/rosidl_generator_cpp__visibility_control.hpp
[35.276s] -- Installing: /home/chiva/uros_ws/install/micro_ros_msgs/include/micro_ros_msgs/micro_ros_msgs/msg/entity.hpp
[35.276s] -- Installing: /home/chiva/uros_ws/install/micro_ros_msgs/include/micro_ros_msgs/micro_ros_msgs/msg/graph.hpp
[35.277s] -- Up-to-date: /home/chiva/uros_ws/install/micro_ros_msgs/include/micro_ros_msgs/micro_ros_msgs/msg/detail
[35.277s] -- Installing: /home/chiva/uros_ws/install/micro_ros_msgs/include/micro_ros_msgs/micro_ros_msgs/msg/detail/graph__traits.hpp
[35.277s] -- Installing: /home/chiva/uros_ws/install/micro_ros_msgs/include/micro_ros_msgs/micro_ros_msgs/msg/detail/graph__type_support.hpp
[35.277s] -- Installing: /home/chiva/uros_ws/install/micro_ros_msgs/include/micro_ros_msgs/micro_ros_msgs/msg/detail/graph__struct.hpp
[35.277s] -- Installing: /home/chiva/uros_ws/install/micro_ros_msgs/include/micro_ros_msgs/micro_ros_msgs/msg/detail/entity__builder.hpp
[35.277s] -- Installing: /home/chiva/uros_ws/install/micro_ros_msgs/include/micro_ros_msgs/micro_ros_msgs/msg/detail/entity__struct.hpp
[35.278s] -- Installing: /home/chiva/uros_ws/install/micro_ros_msgs/include/micro_ros_msgs/micro_ros_msgs/msg/detail/graph__builder.hpp
[35.278s] -- Installing: /home/chiva/uros_ws/install/micro_ros_msgs/include/micro_ros_msgs/micro_ros_msgs/msg/detail/entity__traits.hpp
[35.278s] -- Installing: /home/chiva/uros_ws/install/micro_ros_msgs/include/micro_ros_msgs/micro_ros_msgs/msg/detail/node__struct.hpp
[35.278s] -- Installing: /home/chiva/uros_ws/install/micro_ros_msgs/include/micro_ros_msgs/micro_ros_msgs/msg/detail/node__type_support.hpp
[35.279s] -- Installing: /home/chiva/uros_ws/install/micro_ros_msgs/include/micro_ros_msgs/micro_ros_msgs/msg/detail/node__traits.hpp
[35.279s] -- Installing: /home/chiva/uros_ws/install/micro_ros_msgs/include/micro_ros_msgs/micro_ros_msgs/msg/detail/node__builder.hpp
[35.279s] -- Installing: /home/chiva/uros_ws/install/micro_ros_msgs/include/micro_ros_msgs/micro_ros_msgs/msg/detail/entity__type_support.hpp
[35.279s] -- Installing: /home/chiva/uros_ws/install/micro_ros_msgs/include/micro_ros_msgs/micro_ros_msgs/msg/node.hpp
[35.279s] -- Up-to-date: /home/chiva/uros_ws/install/micro_ros_msgs/include/micro_ros_msgs/micro_ros_msgs
[35.280s] -- Up-to-date: /home/chiva/uros_ws/install/micro_ros_msgs/include/micro_ros_msgs/micro_ros_msgs/msg
[35.280s] -- Up-to-date: /home/chiva/uros_ws/install/micro_ros_msgs/include/micro_ros_msgs/micro_ros_msgs/msg/detail
[35.280s] -- Installing: /home/chiva/uros_ws/install/micro_ros_msgs/include/micro_ros_msgs/micro_ros_msgs/msg/detail/node__rosidl_typesupport_fastrtps_cpp.hpp
[35.280s] -- Installing: /home/chiva/uros_ws/install/micro_ros_msgs/include/micro_ros_msgs/micro_ros_msgs/msg/detail/entity__rosidl_typesupport_fastrtps_cpp.hpp
[35.280s] -- Installing: /home/chiva/uros_ws/install/micro_ros_msgs/include/micro_ros_msgs/micro_ros_msgs/msg/detail/dds_fastrtps
[35.281s] -- Installing: /home/chiva/uros_ws/install/micro_ros_msgs/include/micro_ros_msgs/micro_ros_msgs/msg/detail/graph__rosidl_typesupport_fastrtps_cpp.hpp
[35.281s] -- Installing: /home/chiva/uros_ws/install/micro_ros_msgs/include/micro_ros_msgs/micro_ros_msgs/msg/rosidl_typesupport_fastrtps_cpp__visibility_control.h
[35.281s] -- Installing: /home/chiva/uros_ws/install/micro_ros_msgs/lib/libmicro_ros_msgs__rosidl_typesupport_fastrtps_cpp.so
[35.282s] -- Set non-toolchain portion of runtime path of "/home/chiva/uros_ws/install/micro_ros_msgs/lib/libmicro_ros_msgs__rosidl_typesupport_fastrtps_cpp.so" to ""
[35.282s] -- Up-to-date: /home/chiva/uros_ws/install/micro_ros_msgs/include/micro_ros_msgs/micro_ros_msgs
[35.282s] -- Up-to-date: /home/chiva/uros_ws/install/micro_ros_msgs/include/micro_ros_msgs/micro_ros_msgs/msg
[35.283s] -- Up-to-date: /home/chiva/uros_ws/install/micro_ros_msgs/include/micro_ros_msgs/micro_ros_msgs/msg/detail
[35.283s] -- Installing: /home/chiva/uros_ws/install/micro_ros_msgs/include/micro_ros_msgs/micro_ros_msgs/msg/detail/node__rosidl_typesupport_introspection_cpp.hpp
[35.283s] -- Installing: /home/chiva/uros_ws/install/micro_ros_msgs/include/micro_ros_msgs/micro_ros_msgs/msg/detail/graph__rosidl_typesupport_introspection_cpp.hpp
[35.283s] -- Installing: /home/chiva/uros_ws/install/micro_ros_msgs/include/micro_ros_msgs/micro_ros_msgs/msg/detail/entity__rosidl_typesupport_introspection_cpp.hpp
[35.284s] -- Installing: /home/chiva/uros_ws/install/micro_ros_msgs/include/micro_ros_msgs/micro_ros_msgs/msg/detail/node__type_support.cpp
[35.284s] -- Installing: /home/chiva/uros_ws/install/micro_ros_msgs/include/micro_ros_msgs/micro_ros_msgs/msg/detail/entity__type_support.cpp
[35.284s] -- Installing: /home/chiva/uros_ws/install/micro_ros_msgs/include/micro_ros_msgs/micro_ros_msgs/msg/detail/graph__type_support.cpp
[35.285s] -- Installing: /home/chiva/uros_ws/install/micro_ros_msgs/lib/libmicro_ros_msgs__rosidl_typesupport_introspection_cpp.so
[35.286s] -- Set non-toolchain portion of runtime path of "/home/chiva/uros_ws/install/micro_ros_msgs/lib/libmicro_ros_msgs__rosidl_typesupport_introspection_cpp.so" to ""
[35.287s] -- Installing: /home/chiva/uros_ws/install/micro_ros_msgs/lib/libmicro_ros_msgs__rosidl_typesupport_cpp.so
[35.288s] -- Set non-toolchain portion of runtime path of "/home/chiva/uros_ws/install/micro_ros_msgs/lib/libmicro_ros_msgs__rosidl_typesupport_cpp.so" to ""
[35.288s] -- Installing: /home/chiva/uros_ws/install/micro_ros_msgs/share/micro_ros_msgs/environment/pythonpath.sh
[35.288s] -- Installing: /home/chiva/uros_ws/install/micro_ros_msgs/share/micro_ros_msgs/environment/pythonpath.dsv
[35.289s] -- Installing: /home/chiva/uros_ws/install/micro_ros_msgs/lib/python3.12/site-packages/micro_ros_msgs-5.0.2-py3.12.egg-info
[35.289s] -- Installing: /home/chiva/uros_ws/install/micro_ros_msgs/lib/python3.12/site-packages/micro_ros_msgs-5.0.2-py3.12.egg-info/SOURCES.txt
[35.289s] -- Installing: /home/chiva/uros_ws/install/micro_ros_msgs/lib/python3.12/site-packages/micro_ros_msgs-5.0.2-py3.12.egg-info/top_level.txt
[35.289s] -- Installing: /home/chiva/uros_ws/install/micro_ros_msgs/lib/python3.12/site-packages/micro_ros_msgs-5.0.2-py3.12.egg-info/PKG-INFO
[35.290s] -- Installing: /home/chiva/uros_ws/install/micro_ros_msgs/lib/python3.12/site-packages/micro_ros_msgs-5.0.2-py3.12.egg-info/dependency_links.txt
[35.290s] -- Installing: /home/chiva/uros_ws/install/micro_ros_msgs/lib/python3.12/site-packages/micro_ros_msgs
[35.290s] -- Installing: /home/chiva/uros_ws/install/micro_ros_msgs/lib/python3.12/site-packages/micro_ros_msgs/micro_ros_msgs_s__rosidl_typesupport_fastrtps_c.so
[35.291s] -- Installing: /home/chiva/uros_ws/install/micro_ros_msgs/lib/python3.12/site-packages/micro_ros_msgs/_micro_ros_msgs_s.ep.rosidl_typesupport_fastrtps_c.c
[35.291s] -- Installing: /home/chiva/uros_ws/install/micro_ros_msgs/lib/python3.12/site-packages/micro_ros_msgs/micro_ros_msgs_s__rosidl_typesupport_introspection_c.so
[35.291s] -- Installing: /home/chiva/uros_ws/install/micro_ros_msgs/lib/python3.12/site-packages/micro_ros_msgs/msg
[35.292s] -- Installing: /home/chiva/uros_ws/install/micro_ros_msgs/lib/python3.12/site-packages/micro_ros_msgs/msg/_entity.py
[35.292s] -- Installing: /home/chiva/uros_ws/install/micro_ros_msgs/lib/python3.12/site-packages/micro_ros_msgs/msg/_node.py
[35.292s] -- Installing: /home/chiva/uros_ws/install/micro_ros_msgs/lib/python3.12/site-packages/micro_ros_msgs/msg/__init__.py
[35.293s] -- Installing: /home/chiva/uros_ws/install/micro_ros_msgs/lib/python3.12/site-packages/micro_ros_msgs/msg/_entity_s.c
[35.293s] -- Installing: /home/chiva/uros_ws/install/micro_ros_msgs/lib/python3.12/site-packages/micro_ros_msgs/msg/_node_s.c
[35.293s] -- Installing: /home/chiva/uros_ws/install/micro_ros_msgs/lib/python3.12/site-packages/micro_ros_msgs/msg/_graph_s.c
[35.293s] -- Installing: /home/chiva/uros_ws/install/micro_ros_msgs/lib/python3.12/site-packages/micro_ros_msgs/msg/_graph.py
[35.294s] -- Installing: /home/chiva/uros_ws/install/micro_ros_msgs/lib/python3.12/site-packages/micro_ros_msgs/__init__.py
[35.294s] -- Installing: /home/chiva/uros_ws/install/micro_ros_msgs/lib/python3.12/site-packages/micro_ros_msgs/_micro_ros_msgs_s.ep.rosidl_typesupport_c.c
[35.294s] -- Installing: /home/chiva/uros_ws/install/micro_ros_msgs/lib/python3.12/site-packages/micro_ros_msgs/micro_ros_msgs_s__rosidl_typesupport_c.so
[35.295s] -- Installing: /home/chiva/uros_ws/install/micro_ros_msgs/lib/python3.12/site-packages/micro_ros_msgs/_micro_ros_msgs_s.ep.rosidl_typesupport_introspection_c.c
[35.463s] Listing '/home/chiva/uros_ws/install/micro_ros_msgs/lib/python3.12/site-packages/micro_ros_msgs'...
[35.464s] Compiling '/home/chiva/uros_ws/install/micro_ros_msgs/lib/python3.12/site-packages/micro_ros_msgs/__init__.py'...
[35.464s] Listing '/home/chiva/uros_ws/install/micro_ros_msgs/lib/python3.12/site-packages/micro_ros_msgs/msg'...
[35.465s] Compiling '/home/chiva/uros_ws/install/micro_ros_msgs/lib/python3.12/site-packages/micro_ros_msgs/msg/__init__.py'...
[35.465s] Compiling '/home/chiva/uros_ws/install/micro_ros_msgs/lib/python3.12/site-packages/micro_ros_msgs/msg/_entity.py'...
[35.465s] Compiling '/home/chiva/uros_ws/install/micro_ros_msgs/lib/python3.12/site-packages/micro_ros_msgs/msg/_graph.py'...
[35.465s] Compiling '/home/chiva/uros_ws/install/micro_ros_msgs/lib/python3.12/site-packages/micro_ros_msgs/msg/_node.py'...
[35.479s] -- Installing: /home/chiva/uros_ws/install/micro_ros_msgs/lib/python3.12/site-packages/micro_ros_msgs/micro_ros_msgs_s__rosidl_typesupport_fastrtps_c.so
[35.480s] -- Set non-toolchain portion of runtime path of "/home/chiva/uros_ws/install/micro_ros_msgs/lib/python3.12/site-packages/micro_ros_msgs/micro_ros_msgs_s__rosidl_typesupport_fastrtps_c.so" to ""
[35.480s] -- Installing: /home/chiva/uros_ws/install/micro_ros_msgs/lib/python3.12/site-packages/micro_ros_msgs/micro_ros_msgs_s__rosidl_typesupport_introspection_c.so
[35.481s] -- Set non-toolchain portion of runtime path of "/home/chiva/uros_ws/install/micro_ros_msgs/lib/python3.12/site-packages/micro_ros_msgs/micro_ros_msgs_s__rosidl_typesupport_introspection_c.so" to ""
[35.482s] -- Installing: /home/chiva/uros_ws/install/micro_ros_msgs/lib/python3.12/site-packages/micro_ros_msgs/micro_ros_msgs_s__rosidl_typesupport_c.so
[35.483s] -- Set non-toolchain portion of runtime path of "/home/chiva/uros_ws/install/micro_ros_msgs/lib/python3.12/site-packages/micro_ros_msgs/micro_ros_msgs_s__rosidl_typesupport_c.so" to ""
[35.483s] -- Installing: /home/chiva/uros_ws/install/micro_ros_msgs/lib/libmicro_ros_msgs__rosidl_generator_py.so
[35.485s] -- Set non-toolchain portion of runtime path of "/home/chiva/uros_ws/install/micro_ros_msgs/lib/libmicro_ros_msgs__rosidl_generator_py.so" to ""
[35.485s] -- Installing: /home/chiva/uros_ws/install/micro_ros_msgs/share/micro_ros_msgs/msg/Graph.idl
[35.485s] -- Installing: /home/chiva/uros_ws/install/micro_ros_msgs/share/micro_ros_msgs/msg/Node.idl
[35.486s] -- Installing: /home/chiva/uros_ws/install/micro_ros_msgs/share/micro_ros_msgs/msg/Entity.idl
[35.486s] -- Installing: /home/chiva/uros_ws/install/micro_ros_msgs/share/micro_ros_msgs/msg/Graph.msg
[35.487s] -- Installing: /home/chiva/uros_ws/install/micro_ros_msgs/share/micro_ros_msgs/msg/Node.msg
[35.487s] -- Installing: /home/chiva/uros_ws/install/micro_ros_msgs/share/micro_ros_msgs/msg/Entity.msg
[35.487s] -- Installing: /home/chiva/uros_ws/install/micro_ros_msgs/share/ament_index/resource_index/package_run_dependencies/micro_ros_msgs
[35.488s] -- Installing: /home/chiva/uros_ws/install/micro_ros_msgs/share/ament_index/resource_index/parent_prefix_path/micro_ros_msgs
[35.488s] -- Installing: /home/chiva/uros_ws/install/micro_ros_msgs/share/micro_ros_msgs/environment/ament_prefix_path.sh
[35.488s] -- Installing: /home/chiva/uros_ws/install/micro_ros_msgs/share/micro_ros_msgs/environment/ament_prefix_path.dsv
[35.489s] -- Installing: /home/chiva/uros_ws/install/micro_ros_msgs/share/micro_ros_msgs/environment/path.sh
[35.489s] -- Installing: /home/chiva/uros_ws/install/micro_ros_msgs/share/micro_ros_msgs/environment/path.dsv
[35.489s] -- Installing: /home/chiva/uros_ws/install/micro_ros_msgs/share/micro_ros_msgs/local_setup.bash
[35.489s] -- Installing: /home/chiva/uros_ws/install/micro_ros_msgs/share/micro_ros_msgs/local_setup.sh
[35.490s] -- Installing: /home/chiva/uros_ws/install/micro_ros_msgs/share/micro_ros_msgs/local_setup.zsh
[35.490s] -- Installing: /home/chiva/uros_ws/install/micro_ros_msgs/share/micro_ros_msgs/local_setup.dsv
[35.490s] -- Installing: /home/chiva/uros_ws/install/micro_ros_msgs/share/micro_ros_msgs/package.dsv
[35.491s] -- Installing: /home/chiva/uros_ws/install/micro_ros_msgs/share/ament_index/resource_index/packages/micro_ros_msgs
[35.491s] -- Installing: /home/chiva/uros_ws/install/micro_ros_msgs/share/micro_ros_msgs/cmake/export_micro_ros_msgs__rosidl_generator_cExport.cmake
[35.492s] -- Installing: /home/chiva/uros_ws/install/micro_ros_msgs/share/micro_ros_msgs/cmake/export_micro_ros_msgs__rosidl_generator_cExport-noconfig.cmake
[35.492s] -- Installing: /home/chiva/uros_ws/install/micro_ros_msgs/share/micro_ros_msgs/cmake/export_micro_ros_msgs__rosidl_typesupport_fastrtps_cExport.cmake
[35.493s] -- Installing: /home/chiva/uros_ws/install/micro_ros_msgs/share/micro_ros_msgs/cmake/export_micro_ros_msgs__rosidl_typesupport_fastrtps_cExport-noconfig.cmake
[35.493s] -- Installing: /home/chiva/uros_ws/install/micro_ros_msgs/share/micro_ros_msgs/cmake/micro_ros_msgs__rosidl_typesupport_introspection_cExport.cmake
[35.493s] -- Installing: /home/chiva/uros_ws/install/micro_ros_msgs/share/micro_ros_msgs/cmake/micro_ros_msgs__rosidl_typesupport_introspection_cExport-noconfig.cmake
[35.494s] -- Installing: /home/chiva/uros_ws/install/micro_ros_msgs/share/micro_ros_msgs/cmake/micro_ros_msgs__rosidl_typesupport_cExport.cmake
[35.494s] -- Installing: /home/chiva/uros_ws/install/micro_ros_msgs/share/micro_ros_msgs/cmake/micro_ros_msgs__rosidl_typesupport_cExport-noconfig.cmake
[35.494s] -- Installing: /home/chiva/uros_ws/install/micro_ros_msgs/share/micro_ros_msgs/cmake/export_micro_ros_msgs__rosidl_generator_cppExport.cmake
[35.495s] -- Installing: /home/chiva/uros_ws/install/micro_ros_msgs/share/micro_ros_msgs/cmake/export_micro_ros_msgs__rosidl_typesupport_fastrtps_cppExport.cmake
[35.495s] -- Installing: /home/chiva/uros_ws/install/micro_ros_msgs/share/micro_ros_msgs/cmake/export_micro_ros_msgs__rosidl_typesupport_fastrtps_cppExport-noconfig.cmake
[35.495s] -- Installing: /home/chiva/uros_ws/install/micro_ros_msgs/share/micro_ros_msgs/cmake/micro_ros_msgs__rosidl_typesupport_introspection_cppExport.cmake
[35.496s] -- Installing: /home/chiva/uros_ws/install/micro_ros_msgs/share/micro_ros_msgs/cmake/micro_ros_msgs__rosidl_typesupport_introspection_cppExport-noconfig.cmake
[35.496s] -- Installing: /home/chiva/uros_ws/install/micro_ros_msgs/share/micro_ros_msgs/cmake/micro_ros_msgs__rosidl_typesupport_cppExport.cmake
[35.496s] -- Installing: /home/chiva/uros_ws/install/micro_ros_msgs/share/micro_ros_msgs/cmake/micro_ros_msgs__rosidl_typesupport_cppExport-noconfig.cmake
[35.497s] -- Installing: /home/chiva/uros_ws/install/micro_ros_msgs/share/micro_ros_msgs/cmake/export_micro_ros_msgs__rosidl_generator_pyExport.cmake
[35.498s] -- Installing: /home/chiva/uros_ws/install/micro_ros_msgs/share/micro_ros_msgs/cmake/export_micro_ros_msgs__rosidl_generator_pyExport-noconfig.cmake
[35.498s] -- Installing: /home/chiva/uros_ws/install/micro_ros_msgs/share/micro_ros_msgs/cmake/rosidl_cmake-extras.cmake
[35.499s] -- Installing: /home/chiva/uros_ws/install/micro_ros_msgs/share/micro_ros_msgs/cmake/ament_cmake_export_include_directories-extras.cmake
[35.499s] -- Installing: /home/chiva/uros_ws/install/micro_ros_msgs/share/micro_ros_msgs/cmake/ament_cmake_export_libraries-extras.cmake
[35.499s] -- Installing: /home/chiva/uros_ws/install/micro_ros_msgs/share/micro_ros_msgs/cmake/ament_cmake_export_targets-extras.cmake
[35.500s] -- Installing: /home/chiva/uros_ws/install/micro_ros_msgs/share/micro_ros_msgs/cmake/rosidl_cmake_export_typesupport_targets-extras.cmake
[35.500s] -- Installing: /home/chiva/uros_ws/install/micro_ros_msgs/share/micro_ros_msgs/cmake/ament_cmake_export_dependencies-extras.cmake
[35.501s] -- Installing: /home/chiva/uros_ws/install/micro_ros_msgs/share/micro_ros_msgs/cmake/rosidl_cmake_export_typesupport_libraries-extras.cmake
[35.501s] -- Installing: /home/chiva/uros_ws/install/micro_ros_msgs/share/micro_ros_msgs/cmake/micro_ros_msgsConfig.cmake
[35.502s] -- Installing: /home/chiva/uros_ws/install/micro_ros_msgs/share/micro_ros_msgs/cmake/micro_ros_msgsConfig-version.cmake
[35.502s] -- Installing: /home/chiva/uros_ws/install/micro_ros_msgs/share/micro_ros_msgs/package.xml
[35.507s] Invoked command in '/home/chiva/uros_ws/build/micro_ros_msgs' returned '0': CMAKE_PREFIX_PATH=${CMAKE_PREFIX_PATH}:/opt/ros/jazzy DEBUGINFOD_URLS=https://debuginfod.ubuntu.com /usr/bin/cmake --install /home/chiva/uros_ws/build/micro_ros_msgs
