[0.186s] DEBUG:colcon:Command line arguments: ['/usr/bin/colcon', 'build']
[0.186s] DEBUG:colcon:Parsed command line arguments: Namespace(log_base=None, log_level=None, verb_name='build', build_base='build', install_base='install', merge_install=False, symlink_install=False, test_result_base=None, continue_on_error=False, executor='parallel', parallel_workers=4, event_handlers=None, ignore_user_meta=False, metas=['./colcon.meta'], base_paths=['.'], packages_ignore=None, packages_ignore_regex=None, paths=None, packages_up_to=None, packages_up_to_regex=None, packages_above=None, packages_above_and_dependencies=None, packages_above_depth=None, packages_select_by_dep=None, packages_skip_by_dep=None, packages_skip_up_to=None, packages_select_build_failed=False, packages_skip_build_finished=False, packages_select_test_failures=False, packages_skip_test_passed=False, packages_select=None, packages_skip=None, packages_select_regex=None, packages_skip_regex=None, packages_start=None, packages_end=None, allow_overriding=[], cmake_args=None, cmake_target=None, cmake_target_skip_unavailable=False, cmake_clean_cache=False, cmake_clean_first=False, cmake_force_configure=False, ament_cmake_args=None, catkin_cmake_args=None, catkin_skip_building_tests=False, mixin_files=None, mixin=None, verb_parser=<colcon_mixin.mixin.mixin_argument.MixinArgumentDecorator object at 0x70faf394bef0>, verb_extension=<colcon_core.verb.build.BuildVerb object at 0x70faf394b710>, main=<bound method BuildVerb.main of <colcon_core.verb.build.BuildVerb object at 0x70faf394b710>>, mixin_verb=('build',))
[0.258s] Level 1:colcon.colcon_core.package_discovery:discover_packages(colcon_meta) check parameters
[0.258s] Level 1:colcon.colcon_core.package_discovery:discover_packages(recursive) check parameters
[0.258s] Level 1:colcon.colcon_core.package_discovery:discover_packages(ignore) check parameters
[0.258s] Level 1:colcon.colcon_core.package_discovery:discover_packages(path) check parameters
[0.259s] Level 1:colcon.colcon_core.package_discovery:discover_packages(colcon_meta) discover
[0.259s] Level 1:colcon.colcon_core.package_discovery:discover_packages(recursive) discover
[0.259s] INFO:colcon.colcon_core.package_discovery:Crawling recursively for packages in '/home/chiva/uros_ws'
[0.259s] Level 1:colcon.colcon_core.package_identification:_identify(.) by extensions ['ignore', 'ignore_ament_install']
[0.259s] Level 1:colcon.colcon_core.package_identification:_identify(.) by extension 'ignore'
[0.259s] Level 1:colcon.colcon_core.package_identification:_identify(.) by extension 'ignore_ament_install'
[0.259s] Level 1:colcon.colcon_core.package_identification:_identify(.) by extensions ['colcon_pkg']
[0.259s] Level 1:colcon.colcon_core.package_identification:_identify(.) by extension 'colcon_pkg'
[0.259s] Level 1:colcon.colcon_core.package_identification:_identify(.) by extensions ['colcon_meta']
[0.259s] Level 1:colcon.colcon_core.package_identification:_identify(.) by extension 'colcon_meta'
[0.259s] Level 1:colcon.colcon_core.package_identification:_identify(.) by extensions ['ros']
[0.260s] Level 1:colcon.colcon_core.package_identification:_identify(.) by extension 'ros'
[0.305s] Level 1:colcon.colcon_core.package_identification:_identify(.) by extensions ['cmake', 'python']
[0.305s] Level 1:colcon.colcon_core.package_identification:_identify(.) by extension 'cmake'
[0.305s] Level 1:colcon.colcon_core.package_identification:_identify(.) by extension 'python'
[0.305s] Level 1:colcon.colcon_core.package_identification:_identify(.) by extensions ['python_setup_py']
[0.305s] Level 1:colcon.colcon_core.package_identification:_identify(.) by extension 'python_setup_py'
[0.306s] Level 1:colcon.colcon_core.package_identification:_identify(build) by extensions ['ignore', 'ignore_ament_install']
[0.306s] Level 1:colcon.colcon_core.package_identification:_identify(build) by extension 'ignore'
[0.306s] Level 1:colcon.colcon_core.package_identification:_identify(build) ignored
[0.306s] Level 1:colcon.colcon_core.package_identification:_identify(install) by extensions ['ignore', 'ignore_ament_install']
[0.306s] Level 1:colcon.colcon_core.package_identification:_identify(install) by extension 'ignore'
[0.306s] Level 1:colcon.colcon_core.package_identification:_identify(install) ignored
[0.306s] Level 1:colcon.colcon_core.package_identification:_identify(log) by extensions ['ignore', 'ignore_ament_install']
[0.307s] Level 1:colcon.colcon_core.package_identification:_identify(log) by extension 'ignore'
[0.307s] Level 1:colcon.colcon_core.package_identification:_identify(log) ignored
[0.307s] Level 1:colcon.colcon_core.package_identification:_identify(src) by extensions ['ignore', 'ignore_ament_install']
[0.307s] Level 1:colcon.colcon_core.package_identification:_identify(src) by extension 'ignore'
[0.307s] Level 1:colcon.colcon_core.package_identification:_identify(src) by extension 'ignore_ament_install'
[0.307s] Level 1:colcon.colcon_core.package_identification:_identify(src) by extensions ['colcon_pkg']
[0.307s] Level 1:colcon.colcon_core.package_identification:_identify(src) by extension 'colcon_pkg'
[0.307s] Level 1:colcon.colcon_core.package_identification:_identify(src) by extensions ['colcon_meta']
[0.307s] Level 1:colcon.colcon_core.package_identification:_identify(src) by extension 'colcon_meta'
[0.307s] Level 1:colcon.colcon_core.package_identification:_identify(src) by extensions ['ros']
[0.307s] Level 1:colcon.colcon_core.package_identification:_identify(src) by extension 'ros'
[0.308s] Level 1:colcon.colcon_core.package_identification:_identify(src) by extensions ['cmake', 'python']
[0.308s] Level 1:colcon.colcon_core.package_identification:_identify(src) by extension 'cmake'
[0.308s] Level 1:colcon.colcon_core.package_identification:_identify(src) by extension 'python'
[0.308s] Level 1:colcon.colcon_core.package_identification:_identify(src) by extensions ['python_setup_py']
[0.308s] Level 1:colcon.colcon_core.package_identification:_identify(src) by extension 'python_setup_py'
[0.308s] Level 1:colcon.colcon_core.package_identification:_identify(src/micro_ros_setup) by extensions ['ignore', 'ignore_ament_install']
[0.308s] Level 1:colcon.colcon_core.package_identification:_identify(src/micro_ros_setup) by extension 'ignore'
[0.308s] Level 1:colcon.colcon_core.package_identification:_identify(src/micro_ros_setup) by extension 'ignore_ament_install'
[0.308s] Level 1:colcon.colcon_core.package_identification:_identify(src/micro_ros_setup) by extensions ['colcon_pkg']
[0.308s] Level 1:colcon.colcon_core.package_identification:_identify(src/micro_ros_setup) by extension 'colcon_pkg'
[0.309s] Level 1:colcon.colcon_core.package_identification:_identify(src/micro_ros_setup) by extensions ['colcon_meta']
[0.309s] Level 1:colcon.colcon_core.package_identification:_identify(src/micro_ros_setup) by extension 'colcon_meta'
[0.309s] Level 1:colcon.colcon_core.package_identification:_identify(src/micro_ros_setup) by extensions ['ros']
[0.309s] Level 1:colcon.colcon_core.package_identification:_identify(src/micro_ros_setup) by extension 'ros'
[0.314s] DEBUG:colcon.colcon_core.package_identification:Package 'src/micro_ros_setup' with type 'ros.ament_cmake' and name 'micro_ros_setup'
[0.315s] Level 1:colcon.colcon_core.package_identification:_identify(src/uros) by extensions ['ignore', 'ignore_ament_install']
[0.315s] Level 1:colcon.colcon_core.package_identification:_identify(src/uros) by extension 'ignore'
[0.315s] Level 1:colcon.colcon_core.package_identification:_identify(src/uros) by extension 'ignore_ament_install'
[0.315s] Level 1:colcon.colcon_core.package_identification:_identify(src/uros) by extensions ['colcon_pkg']
[0.315s] Level 1:colcon.colcon_core.package_identification:_identify(src/uros) by extension 'colcon_pkg'
[0.315s] Level 1:colcon.colcon_core.package_identification:_identify(src/uros) by extensions ['colcon_meta']
[0.315s] Level 1:colcon.colcon_core.package_identification:_identify(src/uros) by extension 'colcon_meta'
[0.315s] Level 1:colcon.colcon_core.package_identification:_identify(src/uros) by extensions ['ros']
[0.315s] Level 1:colcon.colcon_core.package_identification:_identify(src/uros) by extension 'ros'
[0.315s] Level 1:colcon.colcon_core.package_identification:_identify(src/uros) by extensions ['cmake', 'python']
[0.315s] Level 1:colcon.colcon_core.package_identification:_identify(src/uros) by extension 'cmake'
[0.316s] Level 1:colcon.colcon_core.package_identification:_identify(src/uros) by extension 'python'
[0.316s] Level 1:colcon.colcon_core.package_identification:_identify(src/uros) by extensions ['python_setup_py']
[0.316s] Level 1:colcon.colcon_core.package_identification:_identify(src/uros) by extension 'python_setup_py'
[0.316s] Level 1:colcon.colcon_core.package_identification:_identify(src/uros/drive_base) by extensions ['ignore', 'ignore_ament_install']
[0.316s] Level 1:colcon.colcon_core.package_identification:_identify(src/uros/drive_base) by extension 'ignore'
[0.316s] Level 1:colcon.colcon_core.package_identification:_identify(src/uros/drive_base) by extension 'ignore_ament_install'
[0.316s] Level 1:colcon.colcon_core.package_identification:_identify(src/uros/drive_base) by extensions ['colcon_pkg']
[0.316s] Level 1:colcon.colcon_core.package_identification:_identify(src/uros/drive_base) by extension 'colcon_pkg'
[0.316s] Level 1:colcon.colcon_core.package_identification:_identify(src/uros/drive_base) by extensions ['colcon_meta']
[0.316s] Level 1:colcon.colcon_core.package_identification:_identify(src/uros/drive_base) by extension 'colcon_meta'
[0.316s] Level 1:colcon.colcon_core.package_identification:_identify(src/uros/drive_base) by extensions ['ros']
[0.317s] Level 1:colcon.colcon_core.package_identification:_identify(src/uros/drive_base) by extension 'ros'
[0.317s] Level 1:colcon.colcon_core.package_identification:_identify(src/uros/drive_base) by extensions ['cmake', 'python']
[0.317s] Level 1:colcon.colcon_core.package_identification:_identify(src/uros/drive_base) by extension 'cmake'
[0.317s] Level 1:colcon.colcon_core.package_identification:_identify(src/uros/drive_base) by extension 'python'
[0.317s] Level 1:colcon.colcon_core.package_identification:_identify(src/uros/drive_base) by extensions ['python_setup_py']
[0.317s] Level 1:colcon.colcon_core.package_identification:_identify(src/uros/drive_base) by extension 'python_setup_py'
[0.317s] Level 1:colcon.colcon_core.package_identification:_identify(src/uros/drive_base/drive_base_msgs) by extensions ['ignore', 'ignore_ament_install']
[0.317s] Level 1:colcon.colcon_core.package_identification:_identify(src/uros/drive_base/drive_base_msgs) by extension 'ignore'
[0.317s] Level 1:colcon.colcon_core.package_identification:_identify(src/uros/drive_base/drive_base_msgs) by extension 'ignore_ament_install'
[0.317s] Level 1:colcon.colcon_core.package_identification:_identify(src/uros/drive_base/drive_base_msgs) by extensions ['colcon_pkg']
[0.318s] Level 1:colcon.colcon_core.package_identification:_identify(src/uros/drive_base/drive_base_msgs) by extension 'colcon_pkg'
[0.318s] Level 1:colcon.colcon_core.package_identification:_identify(src/uros/drive_base/drive_base_msgs) by extensions ['colcon_meta']
[0.318s] Level 1:colcon.colcon_core.package_identification:_identify(src/uros/drive_base/drive_base_msgs) by extension 'colcon_meta'
[0.318s] Level 1:colcon.colcon_core.package_identification:_identify(src/uros/drive_base/drive_base_msgs) by extensions ['ros']
[0.318s] Level 1:colcon.colcon_core.package_identification:_identify(src/uros/drive_base/drive_base_msgs) by extension 'ros'
[0.319s] DEBUG:colcon.colcon_core.package_identification:Package 'src/uros/drive_base/drive_base_msgs' with type 'ros.ament_cmake' and name 'drive_base_msgs'
[0.319s] Level 1:colcon.colcon_core.package_identification:_identify(src/uros/micro-ROS-Agent) by extensions ['ignore', 'ignore_ament_install']
[0.319s] Level 1:colcon.colcon_core.package_identification:_identify(src/uros/micro-ROS-Agent) by extension 'ignore'
[0.319s] Level 1:colcon.colcon_core.package_identification:_identify(src/uros/micro-ROS-Agent) by extension 'ignore_ament_install'
[0.319s] Level 1:colcon.colcon_core.package_identification:_identify(src/uros/micro-ROS-Agent) by extensions ['colcon_pkg']
[0.319s] Level 1:colcon.colcon_core.package_identification:_identify(src/uros/micro-ROS-Agent) by extension 'colcon_pkg'
[0.319s] Level 1:colcon.colcon_core.package_identification:_identify(src/uros/micro-ROS-Agent) by extensions ['colcon_meta']
[0.319s] Level 1:colcon.colcon_core.package_identification:_identify(src/uros/micro-ROS-Agent) by extension 'colcon_meta'
[0.320s] Level 1:colcon.colcon_core.package_identification:_identify(src/uros/micro-ROS-Agent) by extensions ['ros']
[0.320s] Level 1:colcon.colcon_core.package_identification:_identify(src/uros/micro-ROS-Agent) by extension 'ros'
[0.320s] Level 1:colcon.colcon_core.package_identification:_identify(src/uros/micro-ROS-Agent) by extensions ['cmake', 'python']
[0.320s] Level 1:colcon.colcon_core.package_identification:_identify(src/uros/micro-ROS-Agent) by extension 'cmake'
[0.320s] Level 1:colcon.colcon_core.package_identification:_identify(src/uros/micro-ROS-Agent) by extension 'python'
[0.320s] Level 1:colcon.colcon_core.package_identification:_identify(src/uros/micro-ROS-Agent) by extensions ['python_setup_py']
[0.320s] Level 1:colcon.colcon_core.package_identification:_identify(src/uros/micro-ROS-Agent) by extension 'python_setup_py'
[0.320s] Level 1:colcon.colcon_core.package_identification:_identify(src/uros/micro-ROS-Agent/micro_ros_agent) by extensions ['ignore', 'ignore_ament_install']
[0.320s] Level 1:colcon.colcon_core.package_identification:_identify(src/uros/micro-ROS-Agent/micro_ros_agent) by extension 'ignore'
[0.320s] Level 1:colcon.colcon_core.package_identification:_identify(src/uros/micro-ROS-Agent/micro_ros_agent) by extension 'ignore_ament_install'
[0.321s] Level 1:colcon.colcon_core.package_identification:_identify(src/uros/micro-ROS-Agent/micro_ros_agent) by extensions ['colcon_pkg']
[0.321s] Level 1:colcon.colcon_core.package_identification:_identify(src/uros/micro-ROS-Agent/micro_ros_agent) by extension 'colcon_pkg'
[0.321s] Level 1:colcon.colcon_core.package_identification:_identify(src/uros/micro-ROS-Agent/micro_ros_agent) by extensions ['colcon_meta']
[0.321s] Level 1:colcon.colcon_core.package_identification:_identify(src/uros/micro-ROS-Agent/micro_ros_agent) by extension 'colcon_meta'
[0.321s] Level 1:colcon.colcon_core.package_identification:_identify(src/uros/micro-ROS-Agent/micro_ros_agent) by extensions ['ros']
[0.321s] Level 1:colcon.colcon_core.package_identification:_identify(src/uros/micro-ROS-Agent/micro_ros_agent) by extension 'ros'
[0.322s] DEBUG:colcon.colcon_core.package_identification:Package 'src/uros/micro-ROS-Agent/micro_ros_agent' with type 'ros.ament_cmake' and name 'micro_ros_agent'
[0.322s] Level 1:colcon.colcon_core.package_identification:_identify(src/uros/micro-ROS-Agent/snap) by extensions ['ignore', 'ignore_ament_install']
[0.322s] Level 1:colcon.colcon_core.package_identification:_identify(src/uros/micro-ROS-Agent/snap) by extension 'ignore'
[0.323s] Level 1:colcon.colcon_core.package_identification:_identify(src/uros/micro-ROS-Agent/snap) by extension 'ignore_ament_install'
[0.323s] Level 1:colcon.colcon_core.package_identification:_identify(src/uros/micro-ROS-Agent/snap) by extensions ['colcon_pkg']
[0.323s] Level 1:colcon.colcon_core.package_identification:_identify(src/uros/micro-ROS-Agent/snap) by extension 'colcon_pkg'
[0.323s] Level 1:colcon.colcon_core.package_identification:_identify(src/uros/micro-ROS-Agent/snap) by extensions ['colcon_meta']
[0.323s] Level 1:colcon.colcon_core.package_identification:_identify(src/uros/micro-ROS-Agent/snap) by extension 'colcon_meta'
[0.323s] Level 1:colcon.colcon_core.package_identification:_identify(src/uros/micro-ROS-Agent/snap) by extensions ['ros']
[0.323s] Level 1:colcon.colcon_core.package_identification:_identify(src/uros/micro-ROS-Agent/snap) by extension 'ros'
[0.323s] Level 1:colcon.colcon_core.package_identification:_identify(src/uros/micro-ROS-Agent/snap) by extensions ['cmake', 'python']
[0.323s] Level 1:colcon.colcon_core.package_identification:_identify(src/uros/micro-ROS-Agent/snap) by extension 'cmake'
[0.323s] Level 1:colcon.colcon_core.package_identification:_identify(src/uros/micro-ROS-Agent/snap) by extension 'python'
[0.323s] Level 1:colcon.colcon_core.package_identification:_identify(src/uros/micro-ROS-Agent/snap) by extensions ['python_setup_py']
[0.323s] Level 1:colcon.colcon_core.package_identification:_identify(src/uros/micro-ROS-Agent/snap) by extension 'python_setup_py'
[0.324s] Level 1:colcon.colcon_core.package_identification:_identify(src/uros/micro-ROS-Agent/snap/hooks) by extensions ['ignore', 'ignore_ament_install']
[0.324s] Level 1:colcon.colcon_core.package_identification:_identify(src/uros/micro-ROS-Agent/snap/hooks) by extension 'ignore'
[0.324s] Level 1:colcon.colcon_core.package_identification:_identify(src/uros/micro-ROS-Agent/snap/hooks) by extension 'ignore_ament_install'
[0.324s] Level 1:colcon.colcon_core.package_identification:_identify(src/uros/micro-ROS-Agent/snap/hooks) by extensions ['colcon_pkg']
[0.324s] Level 1:colcon.colcon_core.package_identification:_identify(src/uros/micro-ROS-Agent/snap/hooks) by extension 'colcon_pkg'
[0.324s] Level 1:colcon.colcon_core.package_identification:_identify(src/uros/micro-ROS-Agent/snap/hooks) by extensions ['colcon_meta']
[0.324s] Level 1:colcon.colcon_core.package_identification:_identify(src/uros/micro-ROS-Agent/snap/hooks) by extension 'colcon_meta'
[0.324s] Level 1:colcon.colcon_core.package_identification:_identify(src/uros/micro-ROS-Agent/snap/hooks) by extensions ['ros']
[0.324s] Level 1:colcon.colcon_core.package_identification:_identify(src/uros/micro-ROS-Agent/snap/hooks) by extension 'ros'
[0.324s] Level 1:colcon.colcon_core.package_identification:_identify(src/uros/micro-ROS-Agent/snap/hooks) by extensions ['cmake', 'python']
[0.325s] Level 1:colcon.colcon_core.package_identification:_identify(src/uros/micro-ROS-Agent/snap/hooks) by extension 'cmake'
[0.325s] Level 1:colcon.colcon_core.package_identification:_identify(src/uros/micro-ROS-Agent/snap/hooks) by extension 'python'
[0.325s] Level 1:colcon.colcon_core.package_identification:_identify(src/uros/micro-ROS-Agent/snap/hooks) by extensions ['python_setup_py']
[0.325s] Level 1:colcon.colcon_core.package_identification:_identify(src/uros/micro-ROS-Agent/snap/hooks) by extension 'python_setup_py'
[0.325s] Level 1:colcon.colcon_core.package_identification:_identify(src/uros/micro-ROS-Agent/snap/local) by extensions ['ignore', 'ignore_ament_install']
[0.325s] Level 1:colcon.colcon_core.package_identification:_identify(src/uros/micro-ROS-Agent/snap/local) by extension 'ignore'
[0.325s] Level 1:colcon.colcon_core.package_identification:_identify(src/uros/micro-ROS-Agent/snap/local) by extension 'ignore_ament_install'
[0.325s] Level 1:colcon.colcon_core.package_identification:_identify(src/uros/micro-ROS-Agent/snap/local) by extensions ['colcon_pkg']
[0.325s] Level 1:colcon.colcon_core.package_identification:_identify(src/uros/micro-ROS-Agent/snap/local) by extension 'colcon_pkg'
[0.325s] Level 1:colcon.colcon_core.package_identification:_identify(src/uros/micro-ROS-Agent/snap/local) by extensions ['colcon_meta']
[0.325s] Level 1:colcon.colcon_core.package_identification:_identify(src/uros/micro-ROS-Agent/snap/local) by extension 'colcon_meta'
[0.326s] Level 1:colcon.colcon_core.package_identification:_identify(src/uros/micro-ROS-Agent/snap/local) by extensions ['ros']
[0.326s] Level 1:colcon.colcon_core.package_identification:_identify(src/uros/micro-ROS-Agent/snap/local) by extension 'ros'
[0.326s] Level 1:colcon.colcon_core.package_identification:_identify(src/uros/micro-ROS-Agent/snap/local) by extensions ['cmake', 'python']
[0.326s] Level 1:colcon.colcon_core.package_identification:_identify(src/uros/micro-ROS-Agent/snap/local) by extension 'cmake'
[0.326s] Level 1:colcon.colcon_core.package_identification:_identify(src/uros/micro-ROS-Agent/snap/local) by extension 'python'
[0.326s] Level 1:colcon.colcon_core.package_identification:_identify(src/uros/micro-ROS-Agent/snap/local) by extensions ['python_setup_py']
[0.326s] Level 1:colcon.colcon_core.package_identification:_identify(src/uros/micro-ROS-Agent/snap/local) by extension 'python_setup_py'
[0.326s] Level 1:colcon.colcon_core.package_identification:_identify(src/uros/micro_ros_msgs) by extensions ['ignore', 'ignore_ament_install']
[0.327s] Level 1:colcon.colcon_core.package_identification:_identify(src/uros/micro_ros_msgs) by extension 'ignore'
[0.327s] Level 1:colcon.colcon_core.package_identification:_identify(src/uros/micro_ros_msgs) by extension 'ignore_ament_install'
[0.327s] Level 1:colcon.colcon_core.package_identification:_identify(src/uros/micro_ros_msgs) by extensions ['colcon_pkg']
[0.327s] Level 1:colcon.colcon_core.package_identification:_identify(src/uros/micro_ros_msgs) by extension 'colcon_pkg'
[0.327s] Level 1:colcon.colcon_core.package_identification:_identify(src/uros/micro_ros_msgs) by extensions ['colcon_meta']
[0.327s] Level 1:colcon.colcon_core.package_identification:_identify(src/uros/micro_ros_msgs) by extension 'colcon_meta'
[0.327s] Level 1:colcon.colcon_core.package_identification:_identify(src/uros/micro_ros_msgs) by extensions ['ros']
[0.327s] Level 1:colcon.colcon_core.package_identification:_identify(src/uros/micro_ros_msgs) by extension 'ros'
[0.328s] DEBUG:colcon.colcon_core.package_identification:Package 'src/uros/micro_ros_msgs' with type 'ros.ament_cmake' and name 'micro_ros_msgs'
[0.328s] Level 1:colcon.colcon_core.package_discovery:discover_packages(recursive) using defaults
[0.328s] Level 1:colcon.colcon_core.package_discovery:discover_packages(ignore) discover
[0.328s] Level 1:colcon.colcon_core.package_discovery:discover_packages(ignore) using defaults
[0.328s] Level 1:colcon.colcon_core.package_discovery:discover_packages(path) discover
[0.328s] Level 1:colcon.colcon_core.package_discovery:discover_packages(path) using defaults
[0.359s] Level 1:colcon.colcon_core.package_discovery:discover_packages(prefix_path) check parameters
[0.360s] Level 1:colcon.colcon_core.package_discovery:discover_packages(prefix_path) discover
[0.361s] Level 1:colcon.colcon_core.package_discovery:discover_packages(prefix_path) using defaults
[0.363s] Level 5:colcon.colcon_core.verb:set package 'drive_base_msgs' build argument 'cmake_args' from command line to 'None'
[0.363s] Level 5:colcon.colcon_core.verb:set package 'drive_base_msgs' build argument 'cmake_target' from command line to 'None'
[0.363s] Level 5:colcon.colcon_core.verb:set package 'drive_base_msgs' build argument 'cmake_target_skip_unavailable' from command line to 'False'
[0.363s] Level 5:colcon.colcon_core.verb:set package 'drive_base_msgs' build argument 'cmake_clean_cache' from command line to 'False'
[0.363s] Level 5:colcon.colcon_core.verb:set package 'drive_base_msgs' build argument 'cmake_clean_first' from command line to 'False'
[0.363s] Level 5:colcon.colcon_core.verb:set package 'drive_base_msgs' build argument 'cmake_force_configure' from command line to 'False'
[0.363s] Level 5:colcon.colcon_core.verb:set package 'drive_base_msgs' build argument 'ament_cmake_args' from command line to 'None'
[0.363s] Level 5:colcon.colcon_core.verb:set package 'drive_base_msgs' build argument 'catkin_cmake_args' from command line to 'None'
[0.363s] Level 5:colcon.colcon_core.verb:set package 'drive_base_msgs' build argument 'catkin_skip_building_tests' from command line to 'False'
[0.363s] DEBUG:colcon.colcon_core.verb:Building package 'drive_base_msgs' with the following arguments: {'ament_cmake_args': None, 'build_base': '/home/chiva/uros_ws/build/drive_base_msgs', 'catkin_cmake_args': None, 'catkin_skip_building_tests': False, 'cmake_args': None, 'cmake_clean_cache': False, 'cmake_clean_first': False, 'cmake_force_configure': False, 'cmake_target': None, 'cmake_target_skip_unavailable': False, 'install_base': '/home/chiva/uros_ws/install/drive_base_msgs', 'merge_install': False, 'path': '/home/chiva/uros_ws/src/uros/drive_base/drive_base_msgs', 'symlink_install': False, 'test_result_base': None}
[0.364s] Level 5:colcon.colcon_core.verb:set package 'micro_ros_msgs' build argument 'cmake_args' from command line to 'None'
[0.364s] Level 5:colcon.colcon_core.verb:set package 'micro_ros_msgs' build argument 'cmake_target' from command line to 'None'
[0.364s] Level 5:colcon.colcon_core.verb:set package 'micro_ros_msgs' build argument 'cmake_target_skip_unavailable' from command line to 'False'
[0.364s] Level 5:colcon.colcon_core.verb:set package 'micro_ros_msgs' build argument 'cmake_clean_cache' from command line to 'False'
[0.364s] Level 5:colcon.colcon_core.verb:set package 'micro_ros_msgs' build argument 'cmake_clean_first' from command line to 'False'
[0.364s] Level 5:colcon.colcon_core.verb:set package 'micro_ros_msgs' build argument 'cmake_force_configure' from command line to 'False'
[0.364s] Level 5:colcon.colcon_core.verb:set package 'micro_ros_msgs' build argument 'ament_cmake_args' from command line to 'None'
[0.364s] Level 5:colcon.colcon_core.verb:set package 'micro_ros_msgs' build argument 'catkin_cmake_args' from command line to 'None'
[0.364s] Level 5:colcon.colcon_core.verb:set package 'micro_ros_msgs' build argument 'catkin_skip_building_tests' from command line to 'False'
[0.364s] DEBUG:colcon.colcon_core.verb:Building package 'micro_ros_msgs' with the following arguments: {'ament_cmake_args': None, 'build_base': '/home/chiva/uros_ws/build/micro_ros_msgs', 'catkin_cmake_args': None, 'catkin_skip_building_tests': False, 'cmake_args': None, 'cmake_clean_cache': False, 'cmake_clean_first': False, 'cmake_force_configure': False, 'cmake_target': None, 'cmake_target_skip_unavailable': False, 'install_base': '/home/chiva/uros_ws/install/micro_ros_msgs', 'merge_install': False, 'path': '/home/chiva/uros_ws/src/uros/micro_ros_msgs', 'symlink_install': False, 'test_result_base': None}
[0.365s] Level 5:colcon.colcon_core.verb:set package 'micro_ros_setup' build argument 'cmake_args' from command line to 'None'
[0.365s] Level 5:colcon.colcon_core.verb:set package 'micro_ros_setup' build argument 'cmake_target' from command line to 'None'
[0.365s] Level 5:colcon.colcon_core.verb:set package 'micro_ros_setup' build argument 'cmake_target_skip_unavailable' from command line to 'False'
[0.365s] Level 5:colcon.colcon_core.verb:set package 'micro_ros_setup' build argument 'cmake_clean_cache' from command line to 'False'
[0.365s] Level 5:colcon.colcon_core.verb:set package 'micro_ros_setup' build argument 'cmake_clean_first' from command line to 'False'
[0.365s] Level 5:colcon.colcon_core.verb:set package 'micro_ros_setup' build argument 'cmake_force_configure' from command line to 'False'
[0.365s] Level 5:colcon.colcon_core.verb:set package 'micro_ros_setup' build argument 'ament_cmake_args' from command line to 'None'
[0.365s] Level 5:colcon.colcon_core.verb:set package 'micro_ros_setup' build argument 'catkin_cmake_args' from command line to 'None'
[0.365s] Level 5:colcon.colcon_core.verb:set package 'micro_ros_setup' build argument 'catkin_skip_building_tests' from command line to 'False'
[0.365s] DEBUG:colcon.colcon_core.verb:Building package 'micro_ros_setup' with the following arguments: {'ament_cmake_args': None, 'build_base': '/home/chiva/uros_ws/build/micro_ros_setup', 'catkin_cmake_args': None, 'catkin_skip_building_tests': False, 'cmake_args': None, 'cmake_clean_cache': False, 'cmake_clean_first': False, 'cmake_force_configure': False, 'cmake_target': None, 'cmake_target_skip_unavailable': False, 'install_base': '/home/chiva/uros_ws/install/micro_ros_setup', 'merge_install': False, 'path': '/home/chiva/uros_ws/src/micro_ros_setup', 'symlink_install': False, 'test_result_base': None}
[0.365s] Level 5:colcon.colcon_core.verb:set package 'micro_ros_agent' build argument 'cmake_args' from command line to 'None'
[0.365s] Level 5:colcon.colcon_core.verb:set package 'micro_ros_agent' build argument 'cmake_target' from command line to 'None'
[0.365s] Level 5:colcon.colcon_core.verb:set package 'micro_ros_agent' build argument 'cmake_target_skip_unavailable' from command line to 'False'
[0.365s] Level 5:colcon.colcon_core.verb:set package 'micro_ros_agent' build argument 'cmake_clean_cache' from command line to 'False'
[0.366s] Level 5:colcon.colcon_core.verb:set package 'micro_ros_agent' build argument 'cmake_clean_first' from command line to 'False'
[0.366s] Level 5:colcon.colcon_core.verb:set package 'micro_ros_agent' build argument 'cmake_force_configure' from command line to 'False'
[0.366s] Level 5:colcon.colcon_core.verb:set package 'micro_ros_agent' build argument 'ament_cmake_args' from command line to 'None'
[0.366s] Level 5:colcon.colcon_core.verb:set package 'micro_ros_agent' build argument 'catkin_cmake_args' from command line to 'None'
[0.366s] Level 5:colcon.colcon_core.verb:set package 'micro_ros_agent' build argument 'catkin_skip_building_tests' from command line to 'False'
[0.366s] DEBUG:colcon.colcon_core.verb:Building package 'micro_ros_agent' with the following arguments: {'ament_cmake_args': None, 'build_base': '/home/chiva/uros_ws/build/micro_ros_agent', 'catkin_cmake_args': None, 'catkin_skip_building_tests': False, 'cmake_args': None, 'cmake_clean_cache': False, 'cmake_clean_first': False, 'cmake_force_configure': False, 'cmake_target': None, 'cmake_target_skip_unavailable': False, 'install_base': '/home/chiva/uros_ws/install/micro_ros_agent', 'merge_install': False, 'path': '/home/chiva/uros_ws/src/uros/micro-ROS-Agent/micro_ros_agent', 'symlink_install': False, 'test_result_base': None}
[0.366s] INFO:colcon.colcon_core.executor:Executing jobs using 'parallel' executor
[0.367s] DEBUG:colcon.colcon_parallel_executor.executor.parallel:run_until_complete
[0.367s] INFO:colcon.colcon_ros.task.ament_cmake.build:Building ROS package in '/home/chiva/uros_ws/src/uros/micro_ros_msgs' with build type 'ament_cmake'
[0.368s] INFO:colcon.colcon_cmake.task.cmake.build:Building CMake package in '/home/chiva/uros_ws/src/uros/micro_ros_msgs'
[0.374s] INFO:colcon.colcon_core.plugin_system:Skipping extension 'colcon_core.shell.bat': Not used on non-Windows systems
[0.375s] INFO:colcon.colcon_core.shell:Skip shell extension 'powershell' for command environment: Not usable outside of PowerShell
[0.375s] DEBUG:colcon.colcon_core.shell:Skip shell extension 'dsv' for command environment
[0.377s] INFO:colcon.colcon_ros.task.ament_cmake.build:Building ROS package in '/home/chiva/uros_ws/src/uros/drive_base/drive_base_msgs' with build type 'ament_cmake'
[0.378s] INFO:colcon.colcon_cmake.task.cmake.build:Building CMake package in '/home/chiva/uros_ws/src/uros/drive_base/drive_base_msgs'
[0.379s] INFO:colcon.colcon_core.shell:Skip shell extension 'powershell' for command environment: Not usable outside of PowerShell
[0.379s] DEBUG:colcon.colcon_core.shell:Skip shell extension 'dsv' for command environment
[0.381s] INFO:colcon.colcon_ros.task.ament_cmake.build:Building ROS package in '/home/chiva/uros_ws/src/micro_ros_setup' with build type 'ament_cmake'
[0.381s] INFO:colcon.colcon_cmake.task.cmake.build:Building CMake package in '/home/chiva/uros_ws/src/micro_ros_setup'
[0.381s] INFO:colcon.colcon_core.shell:Skip shell extension 'powershell' for command environment: Not usable outside of PowerShell
[0.381s] DEBUG:colcon.colcon_core.shell:Skip shell extension 'dsv' for command environment
[0.392s] DEBUG:colcon.colcon_core.event_handler.log_command:Invoking command in '/home/chiva/uros_ws/build/micro_ros_msgs': DEBUGINFOD_URLS=https://debuginfod.ubuntu.com /usr/bin/cmake --build /home/chiva/uros_ws/build/micro_ros_msgs -- -j4 -l4
[0.398s] DEBUG:colcon.colcon_core.event_handler.log_command:Invoking command in '/home/chiva/uros_ws/build/drive_base_msgs': DEBUGINFOD_URLS=https://debuginfod.ubuntu.com /usr/bin/cmake --build /home/chiva/uros_ws/build/drive_base_msgs -- -j4 -l4
[0.407s] DEBUG:colcon.colcon_core.event_handler.log_command:Invoking command in '/home/chiva/uros_ws/build/micro_ros_setup': DEBUGINFOD_URLS=https://debuginfod.ubuntu.com /usr/bin/cmake --build /home/chiva/uros_ws/build/micro_ros_setup -- -j4 -l4
[0.520s] DEBUG:colcon.colcon_core.event_handler.log_command:Invoked command in '/home/chiva/uros_ws/build/micro_ros_setup' returned '0': DEBUGINFOD_URLS=https://debuginfod.ubuntu.com /usr/bin/cmake --build /home/chiva/uros_ws/build/micro_ros_setup -- -j4 -l4
[0.574s] DEBUG:colcon.colcon_core.event_handler.log_command:Invoking command in '/home/chiva/uros_ws/build/micro_ros_setup': DEBUGINFOD_URLS=https://debuginfod.ubuntu.com /usr/bin/cmake --install /home/chiva/uros_ws/build/micro_ros_setup
[0.665s] Level 1:colcon.colcon_core.environment:create_environment_scripts_only(micro_ros_setup)
[0.678s] Level 1:colcon.colcon_core.environment:checking '/home/chiva/uros_ws/install/micro_ros_setup' for CMake module files
[0.685s] Level 1:colcon.colcon_core.environment:checking '/home/chiva/uros_ws/install/micro_ros_setup' for CMake config files
[0.703s] Level 1:colcon.colcon_core.shell:create_environment_hook('micro_ros_setup', 'cmake_prefix_path')
[0.704s] INFO:colcon.colcon_core.shell:Creating environment hook '/home/chiva/uros_ws/install/micro_ros_setup/share/micro_ros_setup/hook/cmake_prefix_path.ps1'
[0.722s] INFO:colcon.colcon_core.shell:Creating environment descriptor '/home/chiva/uros_ws/install/micro_ros_setup/share/micro_ros_setup/hook/cmake_prefix_path.dsv'
[0.724s] INFO:colcon.colcon_core.shell:Creating environment hook '/home/chiva/uros_ws/install/micro_ros_setup/share/micro_ros_setup/hook/cmake_prefix_path.sh'
[0.727s] Level 1:colcon.colcon_core.environment:checking '/home/chiva/uros_ws/install/micro_ros_setup/lib'
[0.727s] Level 1:colcon.colcon_core.environment:checking '/home/chiva/uros_ws/install/micro_ros_setup/bin'
[0.731s] Level 1:colcon.colcon_core.environment:checking '/home/chiva/uros_ws/install/micro_ros_setup/lib/pkgconfig/micro_ros_setup.pc'
[0.751s] Level 1:colcon.colcon_core.environment:checking '/home/chiva/uros_ws/install/micro_ros_setup/lib/python3.12/site-packages'
[0.752s] Level 1:colcon.colcon_core.environment:checking '/home/chiva/uros_ws/install/micro_ros_setup/bin'
[0.767s] INFO:colcon.colcon_core.shell:Creating package script '/home/chiva/uros_ws/install/micro_ros_setup/share/micro_ros_setup/package.ps1'
[0.786s] INFO:colcon.colcon_core.shell:Creating package descriptor '/home/chiva/uros_ws/install/micro_ros_setup/share/micro_ros_setup/package.dsv'
[0.791s] INFO:colcon.colcon_core.shell:Creating package script '/home/chiva/uros_ws/install/micro_ros_setup/share/micro_ros_setup/package.sh'
[0.801s] INFO:colcon.colcon_core.shell:Creating package script '/home/chiva/uros_ws/install/micro_ros_setup/share/micro_ros_setup/package.bash'
[0.815s] INFO:colcon.colcon_core.shell:Creating package script '/home/chiva/uros_ws/install/micro_ros_setup/share/micro_ros_setup/package.zsh'
[0.820s] Level 1:colcon.colcon_core.environment:create_file_with_runtime_dependencies(/home/chiva/uros_ws/install/micro_ros_setup/share/colcon-core/packages/micro_ros_setup)
[0.830s] Level 1:colcon.colcon_core.environment:create_environment_scripts_only(micro_ros_setup)
[0.830s] Level 1:colcon.colcon_core.environment:checking '/home/chiva/uros_ws/install/micro_ros_setup' for CMake module files
[0.839s] Level 1:colcon.colcon_core.environment:checking '/home/chiva/uros_ws/install/micro_ros_setup' for CMake config files
[0.848s] DEBUG:colcon.colcon_core.event_handler.log_command:Invoked command in '/home/chiva/uros_ws/build/micro_ros_setup' returned '0': DEBUGINFOD_URLS=https://debuginfod.ubuntu.com /usr/bin/cmake --install /home/chiva/uros_ws/build/micro_ros_setup
[0.854s] Level 1:colcon.colcon_core.shell:create_environment_hook('micro_ros_setup', 'cmake_prefix_path')
[0.855s] INFO:colcon.colcon_core.shell:Creating environment hook '/home/chiva/uros_ws/install/micro_ros_setup/share/micro_ros_setup/hook/cmake_prefix_path.ps1'
[0.857s] INFO:colcon.colcon_core.shell:Creating environment descriptor '/home/chiva/uros_ws/install/micro_ros_setup/share/micro_ros_setup/hook/cmake_prefix_path.dsv'
[0.861s] INFO:colcon.colcon_core.shell:Creating environment hook '/home/chiva/uros_ws/install/micro_ros_setup/share/micro_ros_setup/hook/cmake_prefix_path.sh'
[0.870s] Level 1:colcon.colcon_core.environment:checking '/home/chiva/uros_ws/install/micro_ros_setup/lib'
[0.870s] Level 1:colcon.colcon_core.environment:checking '/home/chiva/uros_ws/install/micro_ros_setup/bin'
[0.870s] Level 1:colcon.colcon_core.environment:checking '/home/chiva/uros_ws/install/micro_ros_setup/lib/pkgconfig/micro_ros_setup.pc'
[0.871s] Level 1:colcon.colcon_core.environment:checking '/home/chiva/uros_ws/install/micro_ros_setup/lib/python3.12/site-packages'
[0.875s] Level 1:colcon.colcon_core.environment:checking '/home/chiva/uros_ws/install/micro_ros_setup/bin'
[0.876s] INFO:colcon.colcon_core.shell:Creating package script '/home/chiva/uros_ws/install/micro_ros_setup/share/micro_ros_setup/package.ps1'
[0.881s] INFO:colcon.colcon_core.shell:Creating package descriptor '/home/chiva/uros_ws/install/micro_ros_setup/share/micro_ros_setup/package.dsv'
[0.889s] INFO:colcon.colcon_core.shell:Creating package script '/home/chiva/uros_ws/install/micro_ros_setup/share/micro_ros_setup/package.sh'
[0.893s] INFO:colcon.colcon_core.shell:Creating package script '/home/chiva/uros_ws/install/micro_ros_setup/share/micro_ros_setup/package.bash'
[0.901s] INFO:colcon.colcon_core.shell:Creating package script '/home/chiva/uros_ws/install/micro_ros_setup/share/micro_ros_setup/package.zsh'
[0.902s] Level 1:colcon.colcon_core.environment:create_file_with_runtime_dependencies(/home/chiva/uros_ws/install/micro_ros_setup/share/colcon-core/packages/micro_ros_setup)
[1.611s] DEBUG:colcon.colcon_core.event_handler.log_command:Invoked command in '/home/chiva/uros_ws/build/micro_ros_msgs' returned '0': DEBUGINFOD_URLS=https://debuginfod.ubuntu.com /usr/bin/cmake --build /home/chiva/uros_ws/build/micro_ros_msgs -- -j4 -l4
[1.615s] DEBUG:colcon.colcon_core.event_handler.log_command:Invoking command in '/home/chiva/uros_ws/build/micro_ros_msgs': DEBUGINFOD_URLS=https://debuginfod.ubuntu.com /usr/bin/cmake --install /home/chiva/uros_ws/build/micro_ros_msgs
[1.752s] DEBUG:colcon.colcon_core.event_handler.log_command:Invoked command in '/home/chiva/uros_ws/build/drive_base_msgs' returned '0': DEBUGINFOD_URLS=https://debuginfod.ubuntu.com /usr/bin/cmake --build /home/chiva/uros_ws/build/drive_base_msgs -- -j4 -l4
[1.754s] DEBUG:colcon.colcon_core.event_handler.log_command:Invoking command in '/home/chiva/uros_ws/build/drive_base_msgs': DEBUGINFOD_URLS=https://debuginfod.ubuntu.com /usr/bin/cmake --install /home/chiva/uros_ws/build/drive_base_msgs
[1.801s] Level 1:colcon.colcon_core.environment:create_environment_scripts_only(micro_ros_msgs)
[1.801s] Level 1:colcon.colcon_core.environment:checking '/home/chiva/uros_ws/install/micro_ros_msgs' for CMake module files
[1.805s] Level 1:colcon.colcon_core.environment:checking '/home/chiva/uros_ws/install/micro_ros_msgs' for CMake config files
[1.816s] Level 1:colcon.colcon_core.shell:create_environment_hook('micro_ros_msgs', 'cmake_prefix_path')
[1.817s] INFO:colcon.colcon_core.shell:Creating environment hook '/home/chiva/uros_ws/install/micro_ros_msgs/share/micro_ros_msgs/hook/cmake_prefix_path.ps1'
[1.819s] INFO:colcon.colcon_core.shell:Creating environment descriptor '/home/chiva/uros_ws/install/micro_ros_msgs/share/micro_ros_msgs/hook/cmake_prefix_path.dsv'
[1.821s] INFO:colcon.colcon_core.shell:Creating environment hook '/home/chiva/uros_ws/install/micro_ros_msgs/share/micro_ros_msgs/hook/cmake_prefix_path.sh'
[1.824s] Level 1:colcon.colcon_core.environment:checking '/home/chiva/uros_ws/install/micro_ros_msgs/lib'
[1.824s] Level 1:colcon.colcon_core.shell:create_environment_hook('micro_ros_msgs', 'ld_library_path_lib')
[1.825s] INFO:colcon.colcon_core.shell:Creating environment hook '/home/chiva/uros_ws/install/micro_ros_msgs/share/micro_ros_msgs/hook/ld_library_path_lib.ps1'
[1.827s] INFO:colcon.colcon_core.shell:Creating environment descriptor '/home/chiva/uros_ws/install/micro_ros_msgs/share/micro_ros_msgs/hook/ld_library_path_lib.dsv'
[1.830s] INFO:colcon.colcon_core.shell:Creating environment hook '/home/chiva/uros_ws/install/micro_ros_msgs/share/micro_ros_msgs/hook/ld_library_path_lib.sh'
[1.832s] Level 1:colcon.colcon_core.environment:checking '/home/chiva/uros_ws/install/micro_ros_msgs/bin'
[1.832s] Level 1:colcon.colcon_core.environment:checking '/home/chiva/uros_ws/install/micro_ros_msgs/lib/pkgconfig/micro_ros_msgs.pc'
[1.833s] Level 1:colcon.colcon_core.environment:checking '/home/chiva/uros_ws/install/micro_ros_msgs/lib/python3.12/site-packages'
[1.834s] Level 1:colcon.colcon_core.shell:create_environment_hook('micro_ros_msgs', 'pythonpath')
[1.834s] INFO:colcon.colcon_core.shell:Creating environment hook '/home/chiva/uros_ws/install/micro_ros_msgs/share/micro_ros_msgs/hook/pythonpath.ps1'
[1.836s] INFO:colcon.colcon_core.shell:Creating environment descriptor '/home/chiva/uros_ws/install/micro_ros_msgs/share/micro_ros_msgs/hook/pythonpath.dsv'
[1.838s] INFO:colcon.colcon_core.shell:Creating environment hook '/home/chiva/uros_ws/install/micro_ros_msgs/share/micro_ros_msgs/hook/pythonpath.sh'
[1.841s] Level 1:colcon.colcon_core.environment:checking '/home/chiva/uros_ws/install/micro_ros_msgs/bin'
[1.841s] INFO:colcon.colcon_core.shell:Creating package script '/home/chiva/uros_ws/install/micro_ros_msgs/share/micro_ros_msgs/package.ps1'
[1.844s] INFO:colcon.colcon_core.shell:Creating package descriptor '/home/chiva/uros_ws/install/micro_ros_msgs/share/micro_ros_msgs/package.dsv'
[1.846s] INFO:colcon.colcon_core.shell:Creating package script '/home/chiva/uros_ws/install/micro_ros_msgs/share/micro_ros_msgs/package.sh'
[1.848s] INFO:colcon.colcon_core.shell:Creating package script '/home/chiva/uros_ws/install/micro_ros_msgs/share/micro_ros_msgs/package.bash'
[1.850s] INFO:colcon.colcon_core.shell:Creating package script '/home/chiva/uros_ws/install/micro_ros_msgs/share/micro_ros_msgs/package.zsh'
[1.852s] Level 1:colcon.colcon_core.environment:create_file_with_runtime_dependencies(/home/chiva/uros_ws/install/micro_ros_msgs/share/colcon-core/packages/micro_ros_msgs)
[1.855s] Level 1:colcon.colcon_core.environment:create_environment_scripts_only(micro_ros_msgs)
[1.856s] Level 1:colcon.colcon_core.environment:checking '/home/chiva/uros_ws/install/micro_ros_msgs' for CMake module files
[1.864s] DEBUG:colcon.colcon_core.event_handler.log_command:Invoked command in '/home/chiva/uros_ws/build/micro_ros_msgs' returned '0': DEBUGINFOD_URLS=https://debuginfod.ubuntu.com /usr/bin/cmake --install /home/chiva/uros_ws/build/micro_ros_msgs
[1.865s] Level 1:colcon.colcon_core.environment:checking '/home/chiva/uros_ws/install/micro_ros_msgs' for CMake config files
[1.866s] Level 1:colcon.colcon_core.shell:create_environment_hook('micro_ros_msgs', 'cmake_prefix_path')
[1.867s] INFO:colcon.colcon_core.shell:Creating environment hook '/home/chiva/uros_ws/install/micro_ros_msgs/share/micro_ros_msgs/hook/cmake_prefix_path.ps1'
[1.868s] INFO:colcon.colcon_core.shell:Creating environment descriptor '/home/chiva/uros_ws/install/micro_ros_msgs/share/micro_ros_msgs/hook/cmake_prefix_path.dsv'
[1.868s] INFO:colcon.colcon_core.shell:Creating environment hook '/home/chiva/uros_ws/install/micro_ros_msgs/share/micro_ros_msgs/hook/cmake_prefix_path.sh'
[1.870s] Level 1:colcon.colcon_core.environment:checking '/home/chiva/uros_ws/install/micro_ros_msgs/lib'
[1.870s] Level 1:colcon.colcon_core.shell:create_environment_hook('micro_ros_msgs', 'ld_library_path_lib')
[1.870s] INFO:colcon.colcon_core.shell:Creating environment hook '/home/chiva/uros_ws/install/micro_ros_msgs/share/micro_ros_msgs/hook/ld_library_path_lib.ps1'
[1.871s] INFO:colcon.colcon_core.shell:Creating environment descriptor '/home/chiva/uros_ws/install/micro_ros_msgs/share/micro_ros_msgs/hook/ld_library_path_lib.dsv'
[1.872s] INFO:colcon.colcon_core.shell:Creating environment hook '/home/chiva/uros_ws/install/micro_ros_msgs/share/micro_ros_msgs/hook/ld_library_path_lib.sh'
[1.873s] Level 1:colcon.colcon_core.environment:checking '/home/chiva/uros_ws/install/micro_ros_msgs/bin'
[1.873s] Level 1:colcon.colcon_core.environment:checking '/home/chiva/uros_ws/install/micro_ros_msgs/lib/pkgconfig/micro_ros_msgs.pc'
[1.873s] Level 1:colcon.colcon_core.environment:checking '/home/chiva/uros_ws/install/micro_ros_msgs/lib/python3.12/site-packages'
[1.874s] Level 1:colcon.colcon_core.shell:create_environment_hook('micro_ros_msgs', 'pythonpath')
[1.874s] INFO:colcon.colcon_core.shell:Creating environment hook '/home/chiva/uros_ws/install/micro_ros_msgs/share/micro_ros_msgs/hook/pythonpath.ps1'
[1.875s] INFO:colcon.colcon_core.shell:Creating environment descriptor '/home/chiva/uros_ws/install/micro_ros_msgs/share/micro_ros_msgs/hook/pythonpath.dsv'
[1.875s] INFO:colcon.colcon_core.shell:Creating environment hook '/home/chiva/uros_ws/install/micro_ros_msgs/share/micro_ros_msgs/hook/pythonpath.sh'
[1.877s] Level 1:colcon.colcon_core.environment:checking '/home/chiva/uros_ws/install/micro_ros_msgs/bin'
[1.877s] INFO:colcon.colcon_core.shell:Creating package script '/home/chiva/uros_ws/install/micro_ros_msgs/share/micro_ros_msgs/package.ps1'
[1.878s] INFO:colcon.colcon_core.shell:Creating package descriptor '/home/chiva/uros_ws/install/micro_ros_msgs/share/micro_ros_msgs/package.dsv'
[1.879s] INFO:colcon.colcon_core.shell:Creating package script '/home/chiva/uros_ws/install/micro_ros_msgs/share/micro_ros_msgs/package.sh'
[1.880s] INFO:colcon.colcon_core.shell:Creating package script '/home/chiva/uros_ws/install/micro_ros_msgs/share/micro_ros_msgs/package.bash'
[1.881s] INFO:colcon.colcon_core.shell:Creating package script '/home/chiva/uros_ws/install/micro_ros_msgs/share/micro_ros_msgs/package.zsh'
[1.882s] Level 1:colcon.colcon_core.environment:create_file_with_runtime_dependencies(/home/chiva/uros_ws/install/micro_ros_msgs/share/colcon-core/packages/micro_ros_msgs)
[1.883s] INFO:colcon.colcon_ros.task.ament_cmake.build:Building ROS package in '/home/chiva/uros_ws/src/uros/micro-ROS-Agent/micro_ros_agent' with build type 'ament_cmake'
[1.884s] INFO:colcon.colcon_cmake.task.cmake.build:Building CMake package in '/home/chiva/uros_ws/src/uros/micro-ROS-Agent/micro_ros_agent'
[1.885s] INFO:colcon.colcon_core.shell:Skip shell extension 'powershell' for command environment: Not usable outside of PowerShell
[1.885s] DEBUG:colcon.colcon_core.shell:Skip shell extension 'dsv' for command environment
[1.903s] DEBUG:colcon.colcon_core.event_handler.log_command:Invoking command in '/home/chiva/uros_ws/build/micro_ros_agent': AMENT_PREFIX_PATH=/home/chiva/uros_ws/install/micro_ros_msgs CMAKE_PREFIX_PATH=/home/chiva/uros_ws/install/micro_ros_msgs DEBUGINFOD_URLS=https://debuginfod.ubuntu.com LD_LIBRARY_PATH=/home/chiva/uros_ws/install/micro_ros_msgs/lib PYTHONPATH=/home/chiva/uros_ws/install/micro_ros_msgs/lib/python3.12/site-packages /usr/bin/cmake --build /home/chiva/uros_ws/build/micro_ros_agent -- -j4 -l4
[1.938s] Level 1:colcon.colcon_core.environment:create_environment_scripts_only(drive_base_msgs)
[1.938s] Level 1:colcon.colcon_core.environment:checking '/home/chiva/uros_ws/install/drive_base_msgs' for CMake module files
[1.940s] DEBUG:colcon.colcon_core.event_handler.log_command:Invoked command in '/home/chiva/uros_ws/build/drive_base_msgs' returned '0': DEBUGINFOD_URLS=https://debuginfod.ubuntu.com /usr/bin/cmake --install /home/chiva/uros_ws/build/drive_base_msgs
[1.941s] Level 1:colcon.colcon_core.environment:checking '/home/chiva/uros_ws/install/drive_base_msgs' for CMake config files
[1.943s] Level 1:colcon.colcon_core.shell:create_environment_hook('drive_base_msgs', 'cmake_prefix_path')
[1.943s] INFO:colcon.colcon_core.shell:Creating environment hook '/home/chiva/uros_ws/install/drive_base_msgs/share/drive_base_msgs/hook/cmake_prefix_path.ps1'
[1.945s] INFO:colcon.colcon_core.shell:Creating environment descriptor '/home/chiva/uros_ws/install/drive_base_msgs/share/drive_base_msgs/hook/cmake_prefix_path.dsv'
[1.946s] INFO:colcon.colcon_core.shell:Creating environment hook '/home/chiva/uros_ws/install/drive_base_msgs/share/drive_base_msgs/hook/cmake_prefix_path.sh'
[1.948s] Level 1:colcon.colcon_core.environment:checking '/home/chiva/uros_ws/install/drive_base_msgs/lib'
[1.948s] Level 1:colcon.colcon_core.shell:create_environment_hook('drive_base_msgs', 'ld_library_path_lib')
[1.948s] INFO:colcon.colcon_core.shell:Creating environment hook '/home/chiva/uros_ws/install/drive_base_msgs/share/drive_base_msgs/hook/ld_library_path_lib.ps1'
[1.950s] INFO:colcon.colcon_core.shell:Creating environment descriptor '/home/chiva/uros_ws/install/drive_base_msgs/share/drive_base_msgs/hook/ld_library_path_lib.dsv'
[1.951s] INFO:colcon.colcon_core.shell:Creating environment hook '/home/chiva/uros_ws/install/drive_base_msgs/share/drive_base_msgs/hook/ld_library_path_lib.sh'
[1.952s] Level 1:colcon.colcon_core.environment:checking '/home/chiva/uros_ws/install/drive_base_msgs/bin'
[1.952s] Level 1:colcon.colcon_core.environment:checking '/home/chiva/uros_ws/install/drive_base_msgs/lib/pkgconfig/drive_base_msgs.pc'
[1.952s] Level 1:colcon.colcon_core.environment:checking '/home/chiva/uros_ws/install/drive_base_msgs/lib/python3.12/site-packages'
[1.953s] Level 1:colcon.colcon_core.shell:create_environment_hook('drive_base_msgs', 'pythonpath')
[1.953s] INFO:colcon.colcon_core.shell:Creating environment hook '/home/chiva/uros_ws/install/drive_base_msgs/share/drive_base_msgs/hook/pythonpath.ps1'
[1.954s] INFO:colcon.colcon_core.shell:Creating environment descriptor '/home/chiva/uros_ws/install/drive_base_msgs/share/drive_base_msgs/hook/pythonpath.dsv'
[1.954s] INFO:colcon.colcon_core.shell:Creating environment hook '/home/chiva/uros_ws/install/drive_base_msgs/share/drive_base_msgs/hook/pythonpath.sh'
[1.956s] Level 1:colcon.colcon_core.environment:checking '/home/chiva/uros_ws/install/drive_base_msgs/bin'
[1.956s] INFO:colcon.colcon_core.shell:Creating package script '/home/chiva/uros_ws/install/drive_base_msgs/share/drive_base_msgs/package.ps1'
[1.960s] INFO:colcon.colcon_core.shell:Creating package descriptor '/home/chiva/uros_ws/install/drive_base_msgs/share/drive_base_msgs/package.dsv'
[1.961s] INFO:colcon.colcon_core.shell:Creating package script '/home/chiva/uros_ws/install/drive_base_msgs/share/drive_base_msgs/package.sh'
[1.962s] INFO:colcon.colcon_core.shell:Creating package script '/home/chiva/uros_ws/install/drive_base_msgs/share/drive_base_msgs/package.bash'
[1.962s] INFO:colcon.colcon_core.shell:Creating package script '/home/chiva/uros_ws/install/drive_base_msgs/share/drive_base_msgs/package.zsh'
[1.963s] Level 1:colcon.colcon_core.environment:create_file_with_runtime_dependencies(/home/chiva/uros_ws/install/drive_base_msgs/share/colcon-core/packages/drive_base_msgs)
[1.964s] Level 1:colcon.colcon_core.environment:create_environment_scripts_only(drive_base_msgs)
[1.964s] Level 1:colcon.colcon_core.environment:checking '/home/chiva/uros_ws/install/drive_base_msgs' for CMake module files
[1.966s] Level 1:colcon.colcon_core.environment:checking '/home/chiva/uros_ws/install/drive_base_msgs' for CMake config files
[1.967s] Level 1:colcon.colcon_core.shell:create_environment_hook('drive_base_msgs', 'cmake_prefix_path')
[1.967s] INFO:colcon.colcon_core.shell:Creating environment hook '/home/chiva/uros_ws/install/drive_base_msgs/share/drive_base_msgs/hook/cmake_prefix_path.ps1'
[1.968s] INFO:colcon.colcon_core.shell:Creating environment descriptor '/home/chiva/uros_ws/install/drive_base_msgs/share/drive_base_msgs/hook/cmake_prefix_path.dsv'
[1.968s] INFO:colcon.colcon_core.shell:Creating environment hook '/home/chiva/uros_ws/install/drive_base_msgs/share/drive_base_msgs/hook/cmake_prefix_path.sh'
[1.970s] Level 1:colcon.colcon_core.environment:checking '/home/chiva/uros_ws/install/drive_base_msgs/lib'
[1.970s] Level 1:colcon.colcon_core.shell:create_environment_hook('drive_base_msgs', 'ld_library_path_lib')
[1.970s] INFO:colcon.colcon_core.shell:Creating environment hook '/home/chiva/uros_ws/install/drive_base_msgs/share/drive_base_msgs/hook/ld_library_path_lib.ps1'
[1.971s] INFO:colcon.colcon_core.shell:Creating environment descriptor '/home/chiva/uros_ws/install/drive_base_msgs/share/drive_base_msgs/hook/ld_library_path_lib.dsv'
[1.972s] INFO:colcon.colcon_core.shell:Creating environment hook '/home/chiva/uros_ws/install/drive_base_msgs/share/drive_base_msgs/hook/ld_library_path_lib.sh'
[1.972s] Level 1:colcon.colcon_core.environment:checking '/home/chiva/uros_ws/install/drive_base_msgs/bin'
[1.973s] Level 1:colcon.colcon_core.environment:checking '/home/chiva/uros_ws/install/drive_base_msgs/lib/pkgconfig/drive_base_msgs.pc'
[1.973s] Level 1:colcon.colcon_core.environment:checking '/home/chiva/uros_ws/install/drive_base_msgs/lib/python3.12/site-packages'
[1.973s] Level 1:colcon.colcon_core.shell:create_environment_hook('drive_base_msgs', 'pythonpath')
[1.974s] INFO:colcon.colcon_core.shell:Creating environment hook '/home/chiva/uros_ws/install/drive_base_msgs/share/drive_base_msgs/hook/pythonpath.ps1'
[1.974s] INFO:colcon.colcon_core.shell:Creating environment descriptor '/home/chiva/uros_ws/install/drive_base_msgs/share/drive_base_msgs/hook/pythonpath.dsv'
[1.975s] INFO:colcon.colcon_core.shell:Creating environment hook '/home/chiva/uros_ws/install/drive_base_msgs/share/drive_base_msgs/hook/pythonpath.sh'
[1.976s] Level 1:colcon.colcon_core.environment:checking '/home/chiva/uros_ws/install/drive_base_msgs/bin'
[1.977s] INFO:colcon.colcon_core.shell:Creating package script '/home/chiva/uros_ws/install/drive_base_msgs/share/drive_base_msgs/package.ps1'
[1.978s] INFO:colcon.colcon_core.shell:Creating package descriptor '/home/chiva/uros_ws/install/drive_base_msgs/share/drive_base_msgs/package.dsv'
[1.979s] INFO:colcon.colcon_core.shell:Creating package script '/home/chiva/uros_ws/install/drive_base_msgs/share/drive_base_msgs/package.sh'
[1.980s] INFO:colcon.colcon_core.shell:Creating package script '/home/chiva/uros_ws/install/drive_base_msgs/share/drive_base_msgs/package.bash'
[1.980s] INFO:colcon.colcon_core.shell:Creating package script '/home/chiva/uros_ws/install/drive_base_msgs/share/drive_base_msgs/package.zsh'
[1.981s] Level 1:colcon.colcon_core.environment:create_file_with_runtime_dependencies(/home/chiva/uros_ws/install/drive_base_msgs/share/colcon-core/packages/drive_base_msgs)
[2.064s] DEBUG:colcon.colcon_core.event_handler.log_command:Invoked command in '/home/chiva/uros_ws/build/micro_ros_agent' returned '0': AMENT_PREFIX_PATH=/home/chiva/uros_ws/install/micro_ros_msgs CMAKE_PREFIX_PATH=/home/chiva/uros_ws/install/micro_ros_msgs DEBUGINFOD_URLS=https://debuginfod.ubuntu.com LD_LIBRARY_PATH=/home/chiva/uros_ws/install/micro_ros_msgs/lib PYTHONPATH=/home/chiva/uros_ws/install/micro_ros_msgs/lib/python3.12/site-packages /usr/bin/cmake --build /home/chiva/uros_ws/build/micro_ros_agent -- -j4 -l4
[2.067s] DEBUG:colcon.colcon_core.event_handler.log_command:Invoking command in '/home/chiva/uros_ws/build/micro_ros_agent': AMENT_PREFIX_PATH=/home/chiva/uros_ws/install/micro_ros_msgs CMAKE_PREFIX_PATH=/home/chiva/uros_ws/install/micro_ros_msgs DEBUGINFOD_URLS=https://debuginfod.ubuntu.com LD_LIBRARY_PATH=/home/chiva/uros_ws/install/micro_ros_msgs/lib PYTHONPATH=/home/chiva/uros_ws/install/micro_ros_msgs/lib/python3.12/site-packages /usr/bin/cmake --install /home/chiva/uros_ws/build/micro_ros_agent
[2.096s] Level 1:colcon.colcon_core.environment:create_environment_scripts_only(micro_ros_agent)
[2.097s] Level 1:colcon.colcon_core.environment:checking '/home/chiva/uros_ws/install/micro_ros_agent' for CMake module files
[2.098s] DEBUG:colcon.colcon_core.event_handler.log_command:Invoked command in '/home/chiva/uros_ws/build/micro_ros_agent' returned '0': AMENT_PREFIX_PATH=/home/chiva/uros_ws/install/micro_ros_msgs CMAKE_PREFIX_PATH=/home/chiva/uros_ws/install/micro_ros_msgs DEBUGINFOD_URLS=https://debuginfod.ubuntu.com LD_LIBRARY_PATH=/home/chiva/uros_ws/install/micro_ros_msgs/lib PYTHONPATH=/home/chiva/uros_ws/install/micro_ros_msgs/lib/python3.12/site-packages /usr/bin/cmake --install /home/chiva/uros_ws/build/micro_ros_agent
[2.099s] Level 1:colcon.colcon_core.environment:checking '/home/chiva/uros_ws/install/micro_ros_agent' for CMake config files
[2.102s] Level 1:colcon.colcon_core.shell:create_environment_hook('micro_ros_agent', 'cmake_prefix_path')
[2.102s] INFO:colcon.colcon_core.shell:Creating environment hook '/home/chiva/uros_ws/install/micro_ros_agent/share/micro_ros_agent/hook/cmake_prefix_path.ps1'
[2.103s] INFO:colcon.colcon_core.shell:Creating environment descriptor '/home/chiva/uros_ws/install/micro_ros_agent/share/micro_ros_agent/hook/cmake_prefix_path.dsv'
[2.104s] INFO:colcon.colcon_core.shell:Creating environment hook '/home/chiva/uros_ws/install/micro_ros_agent/share/micro_ros_agent/hook/cmake_prefix_path.sh'
[2.105s] Level 1:colcon.colcon_core.environment:checking '/home/chiva/uros_ws/install/micro_ros_agent/lib'
[2.106s] Level 1:colcon.colcon_core.shell:create_environment_hook('micro_ros_agent', 'ld_library_path_lib')
[2.106s] INFO:colcon.colcon_core.shell:Creating environment hook '/home/chiva/uros_ws/install/micro_ros_agent/share/micro_ros_agent/hook/ld_library_path_lib.ps1'
[2.107s] INFO:colcon.colcon_core.shell:Creating environment descriptor '/home/chiva/uros_ws/install/micro_ros_agent/share/micro_ros_agent/hook/ld_library_path_lib.dsv'
[2.108s] INFO:colcon.colcon_core.shell:Creating environment hook '/home/chiva/uros_ws/install/micro_ros_agent/share/micro_ros_agent/hook/ld_library_path_lib.sh'
[2.109s] Level 1:colcon.colcon_core.environment:checking '/home/chiva/uros_ws/install/micro_ros_agent/bin'
[2.109s] Level 1:colcon.colcon_core.environment:checking '/home/chiva/uros_ws/install/micro_ros_agent/lib/pkgconfig/micro_ros_agent.pc'
[2.109s] Level 1:colcon.colcon_core.environment:checking '/home/chiva/uros_ws/install/micro_ros_agent/lib/python3.12/site-packages'
[2.110s] Level 1:colcon.colcon_core.environment:checking '/home/chiva/uros_ws/install/micro_ros_agent/bin'
[2.111s] INFO:colcon.colcon_core.shell:Creating package script '/home/chiva/uros_ws/install/micro_ros_agent/share/micro_ros_agent/package.ps1'
[2.112s] INFO:colcon.colcon_core.shell:Creating package descriptor '/home/chiva/uros_ws/install/micro_ros_agent/share/micro_ros_agent/package.dsv'
[2.113s] INFO:colcon.colcon_core.shell:Creating package script '/home/chiva/uros_ws/install/micro_ros_agent/share/micro_ros_agent/package.sh'
[2.114s] INFO:colcon.colcon_core.shell:Creating package script '/home/chiva/uros_ws/install/micro_ros_agent/share/micro_ros_agent/package.bash'
[2.115s] INFO:colcon.colcon_core.shell:Creating package script '/home/chiva/uros_ws/install/micro_ros_agent/share/micro_ros_agent/package.zsh'
[2.115s] Level 1:colcon.colcon_core.environment:create_file_with_runtime_dependencies(/home/chiva/uros_ws/install/micro_ros_agent/share/colcon-core/packages/micro_ros_agent)
[2.116s] Level 1:colcon.colcon_core.environment:create_environment_scripts_only(micro_ros_agent)
[2.117s] Level 1:colcon.colcon_core.environment:checking '/home/chiva/uros_ws/install/micro_ros_agent' for CMake module files
[2.118s] Level 1:colcon.colcon_core.environment:checking '/home/chiva/uros_ws/install/micro_ros_agent' for CMake config files
[2.121s] Level 1:colcon.colcon_core.shell:create_environment_hook('micro_ros_agent', 'cmake_prefix_path')
[2.121s] INFO:colcon.colcon_core.shell:Creating environment hook '/home/chiva/uros_ws/install/micro_ros_agent/share/micro_ros_agent/hook/cmake_prefix_path.ps1'
[2.122s] INFO:colcon.colcon_core.shell:Creating environment descriptor '/home/chiva/uros_ws/install/micro_ros_agent/share/micro_ros_agent/hook/cmake_prefix_path.dsv'
[2.123s] INFO:colcon.colcon_core.shell:Creating environment hook '/home/chiva/uros_ws/install/micro_ros_agent/share/micro_ros_agent/hook/cmake_prefix_path.sh'
[2.124s] Level 1:colcon.colcon_core.environment:checking '/home/chiva/uros_ws/install/micro_ros_agent/lib'
[2.124s] Level 1:colcon.colcon_core.shell:create_environment_hook('micro_ros_agent', 'ld_library_path_lib')
[2.125s] INFO:colcon.colcon_core.shell:Creating environment hook '/home/chiva/uros_ws/install/micro_ros_agent/share/micro_ros_agent/hook/ld_library_path_lib.ps1'
[2.125s] INFO:colcon.colcon_core.shell:Creating environment descriptor '/home/chiva/uros_ws/install/micro_ros_agent/share/micro_ros_agent/hook/ld_library_path_lib.dsv'
[2.126s] INFO:colcon.colcon_core.shell:Creating environment hook '/home/chiva/uros_ws/install/micro_ros_agent/share/micro_ros_agent/hook/ld_library_path_lib.sh'
[2.127s] Level 1:colcon.colcon_core.environment:checking '/home/chiva/uros_ws/install/micro_ros_agent/bin'
[2.127s] Level 1:colcon.colcon_core.environment:checking '/home/chiva/uros_ws/install/micro_ros_agent/lib/pkgconfig/micro_ros_agent.pc'
[2.128s] Level 1:colcon.colcon_core.environment:checking '/home/chiva/uros_ws/install/micro_ros_agent/lib/python3.12/site-packages'
[2.129s] Level 1:colcon.colcon_core.environment:checking '/home/chiva/uros_ws/install/micro_ros_agent/bin'
[2.129s] INFO:colcon.colcon_core.shell:Creating package script '/home/chiva/uros_ws/install/micro_ros_agent/share/micro_ros_agent/package.ps1'
[2.130s] INFO:colcon.colcon_core.shell:Creating package descriptor '/home/chiva/uros_ws/install/micro_ros_agent/share/micro_ros_agent/package.dsv'
[2.132s] INFO:colcon.colcon_core.shell:Creating package script '/home/chiva/uros_ws/install/micro_ros_agent/share/micro_ros_agent/package.sh'
[2.133s] INFO:colcon.colcon_core.shell:Creating package script '/home/chiva/uros_ws/install/micro_ros_agent/share/micro_ros_agent/package.bash'
[2.133s] INFO:colcon.colcon_core.shell:Creating package script '/home/chiva/uros_ws/install/micro_ros_agent/share/micro_ros_agent/package.zsh'
[2.134s] Level 1:colcon.colcon_core.environment:create_file_with_runtime_dependencies(/home/chiva/uros_ws/install/micro_ros_agent/share/colcon-core/packages/micro_ros_agent)
[2.135s] DEBUG:colcon.colcon_parallel_executor.executor.parallel:closing loop
[2.136s] DEBUG:colcon.colcon_parallel_executor.executor.parallel:loop closed
[2.136s] DEBUG:colcon.colcon_parallel_executor.executor.parallel:run_until_complete finished with '0'
[2.137s] DEBUG:colcon.colcon_core.event_reactor:joining thread
[2.151s] INFO:colcon.colcon_core.plugin_system:Skipping extension 'colcon_notification.desktop_notification.terminal_notifier': Not used on non-Darwin systems
[2.151s] INFO:colcon.colcon_core.plugin_system:Skipping extension 'colcon_notification.desktop_notification.win32': Not used on non-Windows systems
[2.151s] INFO:colcon.colcon_notification.desktop_notification:Sending desktop notification using 'notify2'
[2.198s] DEBUG:colcon.colcon_core.event_reactor:joined thread
[2.199s] INFO:colcon.colcon_core.shell:Creating prefix script '/home/chiva/uros_ws/install/local_setup.ps1'
[2.202s] INFO:colcon.colcon_core.shell:Creating prefix util module '/home/chiva/uros_ws/install/_local_setup_util_ps1.py'
[2.206s] INFO:colcon.colcon_core.shell:Creating prefix chain script '/home/chiva/uros_ws/install/setup.ps1'
[2.208s] INFO:colcon.colcon_core.shell:Creating prefix script '/home/chiva/uros_ws/install/local_setup.sh'
[2.210s] INFO:colcon.colcon_core.shell:Creating prefix util module '/home/chiva/uros_ws/install/_local_setup_util_sh.py'
[2.211s] INFO:colcon.colcon_core.shell:Creating prefix chain script '/home/chiva/uros_ws/install/setup.sh'
[2.213s] INFO:colcon.colcon_core.shell:Creating prefix script '/home/chiva/uros_ws/install/local_setup.bash'
[2.215s] INFO:colcon.colcon_core.shell:Creating prefix chain script '/home/chiva/uros_ws/install/setup.bash'
[2.216s] INFO:colcon.colcon_core.shell:Creating prefix script '/home/chiva/uros_ws/install/local_setup.zsh'
[2.218s] INFO:colcon.colcon_core.shell:Creating prefix chain script '/home/chiva/uros_ws/install/setup.zsh'
