[0.054s] Invoking command in '/home/chiva/uros_ws/build/drive_base_msgs': DEBUGINFOD_URLS=https://debuginfod.ubuntu.com /usr/bin/cmake --build /home/chiva/uros_ws/build/drive_base_msgs -- -j4 -l4
[0.331s] [  1%] Built target drive_base_msgs__rosidl_generator_type_description
[0.482s] [  1%] Built target ament_cmake_python_copy_drive_base_msgs
[0.574s] [  3%] Built target drive_base_msgs__cpp
[1.515s] running egg_info
[1.604s] writing drive_base_msgs.egg-info/PKG-INFO
[1.608s] writing dependency_links to drive_base_msgs.egg-info/dependency_links.txt
[1.609s] writing top-level names to drive_base_msgs.egg-info/top_level.txt
[1.811s] reading manifest file 'drive_base_msgs.egg-info/SOURCES.txt'
[1.834s] writing manifest file 'drive_base_msgs.egg-info/SOURCES.txt'
[1.936s] [  3%] Built target ament_cmake_python_build_drive_base_msgs_egg
[2.044s] [ 25%] Built target drive_base_msgs__rosidl_generator_c
[2.137s] [ 34%] Built target drive_base_msgs__rosidl_typesupport_fastrtps_c
[2.217s] [ 43%] Built target drive_base_msgs__rosidl_typesupport_c
[2.324s] [ 53%] Built target drive_base_msgs__rosidl_typesupport_introspection_cpp
[2.421s] [ 62%] Built target drive_base_msgs__rosidl_typesupport_cpp
[2.514s] [ 71%] Built target drive_base_msgs__rosidl_typesupport_introspection_c
[2.618s] [ 81%] Built target drive_base_msgs__rosidl_typesupport_fastrtps_cpp
[2.694s] [ 81%] Built target drive_base_msgs
[2.763s] [ 82%] Built target drive_base_msgs__py
[2.867s] [ 90%] Built target drive_base_msgs__rosidl_generator_py
[2.955s] [ 93%] Built target drive_base_msgs_s__rosidl_typesupport_fastrtps_c
[3.052s] [ 96%] Built target drive_base_msgs_s__rosidl_typesupport_c
[3.161s] [100%] Built target drive_base_msgs_s__rosidl_typesupport_introspection_c
[3.188s] Invoked command in '/home/chiva/uros_ws/build/drive_base_msgs' returned '0': DEBUGINFOD_URLS=https://debuginfod.ubuntu.com /usr/bin/cmake --build /home/chiva/uros_ws/build/drive_base_msgs -- -j4 -l4
[3.191s] Invoking command in '/home/chiva/uros_ws/build/drive_base_msgs': DEBUGINFOD_URLS=https://debuginfod.ubuntu.com /usr/bin/cmake --install /home/chiva/uros_ws/build/drive_base_msgs
[3.282s] -- Install configuration: ""
[3.283s] -- Up-to-date: /home/chiva/uros_ws/install/drive_base_msgs/share/ament_index/resource_index/rosidl_interfaces/drive_base_msgs
[3.283s] -- Up-to-date: /home/chiva/uros_ws/install/drive_base_msgs/share/drive_base_msgs/msg/CommandHeader.json
[3.283s] -- Up-to-date: /home/chiva/uros_ws/install/drive_base_msgs/share/drive_base_msgs/msg/BaseInfo.json
[3.283s] -- Up-to-date: /home/chiva/uros_ws/install/drive_base_msgs/share/drive_base_msgs/msg/CommandStatus.json
[3.283s] -- Up-to-date: /home/chiva/uros_ws/install/drive_base_msgs/share/drive_base_msgs/msg/TRVCommand.json
[3.284s] -- Up-to-date: /home/chiva/uros_ws/install/drive_base_msgs/include/drive_base_msgs/drive_base_msgs
[3.289s] -- Up-to-date: /home/chiva/uros_ws/install/drive_base_msgs/include/drive_base_msgs/drive_base_msgs/msg
[3.290s] -- Up-to-date: /home/chiva/uros_ws/install/drive_base_msgs/include/drive_base_msgs/drive_base_msgs/msg/trv_command.h
[3.291s] -- Up-to-date: /home/chiva/uros_ws/install/drive_base_msgs/include/drive_base_msgs/drive_base_msgs/msg/rosidl_generator_c__visibility_control.h
[3.291s] -- Up-to-date: /home/chiva/uros_ws/install/drive_base_msgs/include/drive_base_msgs/drive_base_msgs/msg/command_status.h
[3.291s] -- Up-to-date: /home/chiva/uros_ws/install/drive_base_msgs/include/drive_base_msgs/drive_base_msgs/msg/detail
[3.293s] -- Installing: /home/chiva/uros_ws/install/drive_base_msgs/include/drive_base_msgs/drive_base_msgs/msg/detail/base_info__type_support.c
[3.293s] -- Up-to-date: /home/chiva/uros_ws/install/drive_base_msgs/include/drive_base_msgs/drive_base_msgs/msg/detail/command_status__type_support.h
[3.293s] -- Up-to-date: /home/chiva/uros_ws/install/drive_base_msgs/include/drive_base_msgs/drive_base_msgs/msg/detail/command_status__description.c
[3.295s] -- Up-to-date: /home/chiva/uros_ws/install/drive_base_msgs/include/drive_base_msgs/drive_base_msgs/msg/detail/command_header__functions.c
[3.295s] -- Up-to-date: /home/chiva/uros_ws/install/drive_base_msgs/include/drive_base_msgs/drive_base_msgs/msg/detail/base_info__functions.c
[3.297s] -- Up-to-date: /home/chiva/uros_ws/install/drive_base_msgs/include/drive_base_msgs/drive_base_msgs/msg/detail/trv_command__functions.c
[3.297s] -- Up-to-date: /home/chiva/uros_ws/install/drive_base_msgs/include/drive_base_msgs/drive_base_msgs/msg/detail/base_info__description.c
[3.298s] -- Up-to-date: /home/chiva/uros_ws/install/drive_base_msgs/include/drive_base_msgs/drive_base_msgs/msg/detail/trv_command__struct.h
[3.298s] -- Installing: /home/chiva/uros_ws/install/drive_base_msgs/include/drive_base_msgs/drive_base_msgs/msg/detail/trv_command__type_support.c
[3.299s] -- Up-to-date: /home/chiva/uros_ws/install/drive_base_msgs/include/drive_base_msgs/drive_base_msgs/msg/detail/trv_command__functions.h
[3.299s] -- Up-to-date: /home/chiva/uros_ws/install/drive_base_msgs/include/drive_base_msgs/drive_base_msgs/msg/detail/trv_command__description.c
[3.299s] -- Installing: /home/chiva/uros_ws/install/drive_base_msgs/include/drive_base_msgs/drive_base_msgs/msg/detail/command_status__type_support.c
[3.299s] -- Up-to-date: /home/chiva/uros_ws/install/drive_base_msgs/include/drive_base_msgs/drive_base_msgs/msg/detail/command_status__functions.c
[3.299s] -- Up-to-date: /home/chiva/uros_ws/install/drive_base_msgs/include/drive_base_msgs/drive_base_msgs/msg/detail/base_info__functions.h
[3.303s] -- Up-to-date: /home/chiva/uros_ws/install/drive_base_msgs/include/drive_base_msgs/drive_base_msgs/msg/detail/base_info__struct.h
[3.304s] -- Up-to-date: /home/chiva/uros_ws/install/drive_base_msgs/include/drive_base_msgs/drive_base_msgs/msg/detail/command_header__description.c
[3.304s] -- Installing: /home/chiva/uros_ws/install/drive_base_msgs/include/drive_base_msgs/drive_base_msgs/msg/detail/command_header__type_support.c
[3.305s] -- Up-to-date: /home/chiva/uros_ws/install/drive_base_msgs/include/drive_base_msgs/drive_base_msgs/msg/detail/command_header__type_support.h
[3.306s] -- Up-to-date: /home/chiva/uros_ws/install/drive_base_msgs/include/drive_base_msgs/drive_base_msgs/msg/detail/base_info__type_support.h
[3.306s] -- Up-to-date: /home/chiva/uros_ws/install/drive_base_msgs/include/drive_base_msgs/drive_base_msgs/msg/detail/command_status__struct.h
[3.306s] -- Up-to-date: /home/chiva/uros_ws/install/drive_base_msgs/include/drive_base_msgs/drive_base_msgs/msg/detail/command_header__functions.h
[3.306s] -- Up-to-date: /home/chiva/uros_ws/install/drive_base_msgs/include/drive_base_msgs/drive_base_msgs/msg/detail/trv_command__type_support.h
[3.309s] -- Up-to-date: /home/chiva/uros_ws/install/drive_base_msgs/include/drive_base_msgs/drive_base_msgs/msg/detail/command_status__functions.h
[3.310s] -- Up-to-date: /home/chiva/uros_ws/install/drive_base_msgs/include/drive_base_msgs/drive_base_msgs/msg/detail/command_header__struct.h
[3.310s] -- Up-to-date: /home/chiva/uros_ws/install/drive_base_msgs/include/drive_base_msgs/drive_base_msgs/msg/base_info.h
[3.311s] -- Up-to-date: /home/chiva/uros_ws/install/drive_base_msgs/include/drive_base_msgs/drive_base_msgs/msg/command_header.h
[3.311s] -- Up-to-date: /home/chiva/uros_ws/install/drive_base_msgs/share/drive_base_msgs/environment/library_path.sh
[3.312s] -- Up-to-date: /home/chiva/uros_ws/install/drive_base_msgs/share/drive_base_msgs/environment/library_path.dsv
[3.312s] -- Up-to-date: /home/chiva/uros_ws/install/drive_base_msgs/lib/libdrive_base_msgs__rosidl_generator_c.so
[3.313s] -- Up-to-date: /home/chiva/uros_ws/install/drive_base_msgs/include/drive_base_msgs/drive_base_msgs
[3.316s] -- Up-to-date: /home/chiva/uros_ws/install/drive_base_msgs/include/drive_base_msgs/drive_base_msgs/msg
[3.316s] -- Up-to-date: /home/chiva/uros_ws/install/drive_base_msgs/include/drive_base_msgs/drive_base_msgs/msg/rosidl_typesupport_fastrtps_c__visibility_control.h
[3.316s] -- Up-to-date: /home/chiva/uros_ws/install/drive_base_msgs/include/drive_base_msgs/drive_base_msgs/msg/detail
[3.316s] -- Up-to-date: /home/chiva/uros_ws/install/drive_base_msgs/include/drive_base_msgs/drive_base_msgs/msg/detail/trv_command__rosidl_typesupport_fastrtps_c.h
[3.317s] -- Up-to-date: /home/chiva/uros_ws/install/drive_base_msgs/include/drive_base_msgs/drive_base_msgs/msg/detail/base_info__rosidl_typesupport_fastrtps_c.h
[3.317s] -- Up-to-date: /home/chiva/uros_ws/install/drive_base_msgs/include/drive_base_msgs/drive_base_msgs/msg/detail/command_status__rosidl_typesupport_fastrtps_c.h
[3.317s] -- Up-to-date: /home/chiva/uros_ws/install/drive_base_msgs/include/drive_base_msgs/drive_base_msgs/msg/detail/command_header__rosidl_typesupport_fastrtps_c.h
[3.317s] -- Up-to-date: /home/chiva/uros_ws/install/drive_base_msgs/lib/libdrive_base_msgs__rosidl_typesupport_fastrtps_c.so
[3.317s] -- Up-to-date: /home/chiva/uros_ws/install/drive_base_msgs/include/drive_base_msgs/drive_base_msgs
[3.317s] -- Up-to-date: /home/chiva/uros_ws/install/drive_base_msgs/include/drive_base_msgs/drive_base_msgs/msg
[3.323s] -- Up-to-date: /home/chiva/uros_ws/install/drive_base_msgs/include/drive_base_msgs/drive_base_msgs/msg/rosidl_generator_cpp__visibility_control.hpp
[3.324s] -- Up-to-date: /home/chiva/uros_ws/install/drive_base_msgs/include/drive_base_msgs/drive_base_msgs/msg/command_status.hpp
[3.324s] -- Up-to-date: /home/chiva/uros_ws/install/drive_base_msgs/include/drive_base_msgs/drive_base_msgs/msg/command_header.hpp
[3.324s] -- Up-to-date: /home/chiva/uros_ws/install/drive_base_msgs/include/drive_base_msgs/drive_base_msgs/msg/trv_command.hpp
[3.324s] -- Up-to-date: /home/chiva/uros_ws/install/drive_base_msgs/include/drive_base_msgs/drive_base_msgs/msg/detail
[3.324s] -- Up-to-date: /home/chiva/uros_ws/install/drive_base_msgs/include/drive_base_msgs/drive_base_msgs/msg/detail/trv_command__traits.hpp
[3.325s] -- Up-to-date: /home/chiva/uros_ws/install/drive_base_msgs/include/drive_base_msgs/drive_base_msgs/msg/detail/trv_command__struct.hpp
[3.325s] -- Up-to-date: /home/chiva/uros_ws/install/drive_base_msgs/include/drive_base_msgs/drive_base_msgs/msg/detail/command_status__traits.hpp
[3.325s] -- Up-to-date: /home/chiva/uros_ws/install/drive_base_msgs/include/drive_base_msgs/drive_base_msgs/msg/detail/command_header__struct.hpp
[3.325s] -- Up-to-date: /home/chiva/uros_ws/install/drive_base_msgs/include/drive_base_msgs/drive_base_msgs/msg/detail/command_header__builder.hpp
[3.325s] -- Up-to-date: /home/chiva/uros_ws/install/drive_base_msgs/include/drive_base_msgs/drive_base_msgs/msg/detail/trv_command__builder.hpp
[3.326s] -- Up-to-date: /home/chiva/uros_ws/install/drive_base_msgs/include/drive_base_msgs/drive_base_msgs/msg/detail/base_info__type_support.hpp
[3.326s] -- Up-to-date: /home/chiva/uros_ws/install/drive_base_msgs/include/drive_base_msgs/drive_base_msgs/msg/detail/base_info__builder.hpp
[3.327s] -- Up-to-date: /home/chiva/uros_ws/install/drive_base_msgs/include/drive_base_msgs/drive_base_msgs/msg/detail/command_status__type_support.hpp
[3.327s] -- Up-to-date: /home/chiva/uros_ws/install/drive_base_msgs/include/drive_base_msgs/drive_base_msgs/msg/detail/command_header__type_support.hpp
[3.327s] -- Up-to-date: /home/chiva/uros_ws/install/drive_base_msgs/include/drive_base_msgs/drive_base_msgs/msg/detail/base_info__traits.hpp
[3.327s] -- Up-to-date: /home/chiva/uros_ws/install/drive_base_msgs/include/drive_base_msgs/drive_base_msgs/msg/detail/command_status__builder.hpp
[3.329s] -- Up-to-date: /home/chiva/uros_ws/install/drive_base_msgs/include/drive_base_msgs/drive_base_msgs/msg/detail/command_header__traits.hpp
[3.330s] -- Up-to-date: /home/chiva/uros_ws/install/drive_base_msgs/include/drive_base_msgs/drive_base_msgs/msg/detail/base_info__struct.hpp
[3.331s] -- Up-to-date: /home/chiva/uros_ws/install/drive_base_msgs/include/drive_base_msgs/drive_base_msgs/msg/detail/command_status__struct.hpp
[3.331s] -- Up-to-date: /home/chiva/uros_ws/install/drive_base_msgs/include/drive_base_msgs/drive_base_msgs/msg/detail/trv_command__type_support.hpp
[3.333s] -- Up-to-date: /home/chiva/uros_ws/install/drive_base_msgs/include/drive_base_msgs/drive_base_msgs/msg/base_info.hpp
[3.333s] -- Up-to-date: /home/chiva/uros_ws/install/drive_base_msgs/include/drive_base_msgs/drive_base_msgs
[3.333s] -- Up-to-date: /home/chiva/uros_ws/install/drive_base_msgs/include/drive_base_msgs/drive_base_msgs/msg
[3.333s] -- Up-to-date: /home/chiva/uros_ws/install/drive_base_msgs/include/drive_base_msgs/drive_base_msgs/msg/detail
[3.334s] -- Up-to-date: /home/chiva/uros_ws/install/drive_base_msgs/include/drive_base_msgs/drive_base_msgs/msg/detail/command_header__rosidl_typesupport_fastrtps_cpp.hpp
[3.334s] -- Up-to-date: /home/chiva/uros_ws/install/drive_base_msgs/include/drive_base_msgs/drive_base_msgs/msg/detail/dds_fastrtps
[3.334s] -- Up-to-date: /home/chiva/uros_ws/install/drive_base_msgs/include/drive_base_msgs/drive_base_msgs/msg/detail/command_status__rosidl_typesupport_fastrtps_cpp.hpp
[3.335s] -- Up-to-date: /home/chiva/uros_ws/install/drive_base_msgs/include/drive_base_msgs/drive_base_msgs/msg/detail/base_info__rosidl_typesupport_fastrtps_cpp.hpp
[3.335s] -- Up-to-date: /home/chiva/uros_ws/install/drive_base_msgs/include/drive_base_msgs/drive_base_msgs/msg/detail/trv_command__rosidl_typesupport_fastrtps_cpp.hpp
[3.337s] -- Up-to-date: /home/chiva/uros_ws/install/drive_base_msgs/include/drive_base_msgs/drive_base_msgs/msg/rosidl_typesupport_fastrtps_cpp__visibility_control.h
[3.338s] -- Up-to-date: /home/chiva/uros_ws/install/drive_base_msgs/lib/libdrive_base_msgs__rosidl_typesupport_fastrtps_cpp.so
[3.339s] -- Up-to-date: /home/chiva/uros_ws/install/drive_base_msgs/include/drive_base_msgs/drive_base_msgs
[3.339s] -- Up-to-date: /home/chiva/uros_ws/install/drive_base_msgs/include/drive_base_msgs/drive_base_msgs/msg
[3.339s] -- Up-to-date: /home/chiva/uros_ws/install/drive_base_msgs/include/drive_base_msgs/drive_base_msgs/msg/detail
[3.339s] -- Up-to-date: /home/chiva/uros_ws/install/drive_base_msgs/include/drive_base_msgs/drive_base_msgs/msg/detail/trv_command__rosidl_typesupport_introspection_c.h
[3.340s] -- Up-to-date: /home/chiva/uros_ws/install/drive_base_msgs/include/drive_base_msgs/drive_base_msgs/msg/detail/command_status__rosidl_typesupport_introspection_c.h
[3.340s] -- Installing: /home/chiva/uros_ws/install/drive_base_msgs/include/drive_base_msgs/drive_base_msgs/msg/detail/base_info__type_support.c
[3.340s] -- Up-to-date: /home/chiva/uros_ws/install/drive_base_msgs/include/drive_base_msgs/drive_base_msgs/msg/detail/base_info__rosidl_typesupport_introspection_c.h
[3.340s] -- Installing: /home/chiva/uros_ws/install/drive_base_msgs/include/drive_base_msgs/drive_base_msgs/msg/detail/trv_command__type_support.c
[3.340s] -- Installing: /home/chiva/uros_ws/install/drive_base_msgs/include/drive_base_msgs/drive_base_msgs/msg/detail/command_status__type_support.c
[3.342s] -- Installing: /home/chiva/uros_ws/install/drive_base_msgs/include/drive_base_msgs/drive_base_msgs/msg/detail/command_header__type_support.c
[3.342s] -- Up-to-date: /home/chiva/uros_ws/install/drive_base_msgs/include/drive_base_msgs/drive_base_msgs/msg/detail/command_header__rosidl_typesupport_introspection_c.h
[3.343s] -- Up-to-date: /home/chiva/uros_ws/install/drive_base_msgs/include/drive_base_msgs/drive_base_msgs/msg/rosidl_typesupport_introspection_c__visibility_control.h
[3.344s] -- Up-to-date: /home/chiva/uros_ws/install/drive_base_msgs/lib/libdrive_base_msgs__rosidl_typesupport_introspection_c.so
[3.344s] -- Up-to-date: /home/chiva/uros_ws/install/drive_base_msgs/lib/libdrive_base_msgs__rosidl_typesupport_c.so
[3.344s] -- Up-to-date: /home/chiva/uros_ws/install/drive_base_msgs/include/drive_base_msgs/drive_base_msgs
[3.344s] -- Up-to-date: /home/chiva/uros_ws/install/drive_base_msgs/include/drive_base_msgs/drive_base_msgs/msg
[3.345s] -- Up-to-date: /home/chiva/uros_ws/install/drive_base_msgs/include/drive_base_msgs/drive_base_msgs/msg/detail
[3.345s] -- Up-to-date: /home/chiva/uros_ws/install/drive_base_msgs/include/drive_base_msgs/drive_base_msgs/msg/detail/trv_command__type_support.cpp
[3.345s] -- Up-to-date: /home/chiva/uros_ws/install/drive_base_msgs/include/drive_base_msgs/drive_base_msgs/msg/detail/trv_command__rosidl_typesupport_introspection_cpp.hpp
[3.345s] -- Up-to-date: /home/chiva/uros_ws/install/drive_base_msgs/include/drive_base_msgs/drive_base_msgs/msg/detail/command_header__type_support.cpp
[3.345s] -- Up-to-date: /home/chiva/uros_ws/install/drive_base_msgs/include/drive_base_msgs/drive_base_msgs/msg/detail/command_status__rosidl_typesupport_introspection_cpp.hpp
[3.346s] -- Up-to-date: /home/chiva/uros_ws/install/drive_base_msgs/include/drive_base_msgs/drive_base_msgs/msg/detail/command_status__type_support.cpp
[3.347s] -- Up-to-date: /home/chiva/uros_ws/install/drive_base_msgs/include/drive_base_msgs/drive_base_msgs/msg/detail/base_info__type_support.cpp
[3.347s] -- Up-to-date: /home/chiva/uros_ws/install/drive_base_msgs/include/drive_base_msgs/drive_base_msgs/msg/detail/base_info__rosidl_typesupport_introspection_cpp.hpp
[3.348s] -- Up-to-date: /home/chiva/uros_ws/install/drive_base_msgs/include/drive_base_msgs/drive_base_msgs/msg/detail/command_header__rosidl_typesupport_introspection_cpp.hpp
[3.348s] -- Up-to-date: /home/chiva/uros_ws/install/drive_base_msgs/lib/libdrive_base_msgs__rosidl_typesupport_introspection_cpp.so
[3.348s] -- Up-to-date: /home/chiva/uros_ws/install/drive_base_msgs/lib/libdrive_base_msgs__rosidl_typesupport_cpp.so
[3.348s] -- Up-to-date: /home/chiva/uros_ws/install/drive_base_msgs/share/drive_base_msgs/environment/pythonpath.sh
[3.349s] -- Up-to-date: /home/chiva/uros_ws/install/drive_base_msgs/share/drive_base_msgs/environment/pythonpath.dsv
[3.349s] -- Up-to-date: /home/chiva/uros_ws/install/drive_base_msgs/lib/python3.12/site-packages/drive_base_msgs-0.0.0-py3.12.egg-info
[3.349s] -- Installing: /home/chiva/uros_ws/install/drive_base_msgs/lib/python3.12/site-packages/drive_base_msgs-0.0.0-py3.12.egg-info/SOURCES.txt
[3.350s] -- Installing: /home/chiva/uros_ws/install/drive_base_msgs/lib/python3.12/site-packages/drive_base_msgs-0.0.0-py3.12.egg-info/top_level.txt
[3.350s] -- Installing: /home/chiva/uros_ws/install/drive_base_msgs/lib/python3.12/site-packages/drive_base_msgs-0.0.0-py3.12.egg-info/PKG-INFO
[3.350s] -- Installing: /home/chiva/uros_ws/install/drive_base_msgs/lib/python3.12/site-packages/drive_base_msgs-0.0.0-py3.12.egg-info/dependency_links.txt
[3.350s] -- Up-to-date: /home/chiva/uros_ws/install/drive_base_msgs/lib/python3.12/site-packages/drive_base_msgs
[3.350s] -- Up-to-date: /home/chiva/uros_ws/install/drive_base_msgs/lib/python3.12/site-packages/drive_base_msgs/drive_base_msgs_s__rosidl_typesupport_introspection_c.so
[3.351s] -- Up-to-date: /home/chiva/uros_ws/install/drive_base_msgs/lib/python3.12/site-packages/drive_base_msgs/_drive_base_msgs_s.ep.rosidl_typesupport_fastrtps_c.c
[3.351s] -- Up-to-date: /home/chiva/uros_ws/install/drive_base_msgs/lib/python3.12/site-packages/drive_base_msgs/drive_base_msgs_s__rosidl_typesupport_c.so
[3.351s] -- Up-to-date: /home/chiva/uros_ws/install/drive_base_msgs/lib/python3.12/site-packages/drive_base_msgs/msg
[3.351s] -- Up-to-date: /home/chiva/uros_ws/install/drive_base_msgs/lib/python3.12/site-packages/drive_base_msgs/msg/_base_info_s.c
[3.351s] -- Up-to-date: /home/chiva/uros_ws/install/drive_base_msgs/lib/python3.12/site-packages/drive_base_msgs/msg/_trv_command.py
[3.352s] -- Up-to-date: /home/chiva/uros_ws/install/drive_base_msgs/lib/python3.12/site-packages/drive_base_msgs/msg/_command_header_s.c
[3.352s] -- Up-to-date: /home/chiva/uros_ws/install/drive_base_msgs/lib/python3.12/site-packages/drive_base_msgs/msg/_command_status_s.c
[3.352s] -- Up-to-date: /home/chiva/uros_ws/install/drive_base_msgs/lib/python3.12/site-packages/drive_base_msgs/msg/_command_status.py
[3.352s] -- Up-to-date: /home/chiva/uros_ws/install/drive_base_msgs/lib/python3.12/site-packages/drive_base_msgs/msg/_base_info.py
[3.353s] -- Up-to-date: /home/chiva/uros_ws/install/drive_base_msgs/lib/python3.12/site-packages/drive_base_msgs/msg/__init__.py
[3.353s] -- Up-to-date: /home/chiva/uros_ws/install/drive_base_msgs/lib/python3.12/site-packages/drive_base_msgs/msg/_command_header.py
[3.353s] -- Up-to-date: /home/chiva/uros_ws/install/drive_base_msgs/lib/python3.12/site-packages/drive_base_msgs/msg/_trv_command_s.c
[3.353s] -- Up-to-date: /home/chiva/uros_ws/install/drive_base_msgs/lib/python3.12/site-packages/drive_base_msgs/__init__.py
[3.354s] -- Up-to-date: /home/chiva/uros_ws/install/drive_base_msgs/lib/python3.12/site-packages/drive_base_msgs/drive_base_msgs_s__rosidl_typesupport_fastrtps_c.so
[3.354s] -- Up-to-date: /home/chiva/uros_ws/install/drive_base_msgs/lib/python3.12/site-packages/drive_base_msgs/_drive_base_msgs_s.ep.rosidl_typesupport_introspection_c.c
[3.354s] -- Up-to-date: /home/chiva/uros_ws/install/drive_base_msgs/lib/python3.12/site-packages/drive_base_msgs/_drive_base_msgs_s.ep.rosidl_typesupport_c.c
[3.479s] Listing '/home/chiva/uros_ws/install/drive_base_msgs/lib/python3.12/site-packages/drive_base_msgs'...
[3.479s] Listing '/home/chiva/uros_ws/install/drive_base_msgs/lib/python3.12/site-packages/drive_base_msgs/msg'...
[3.552s] -- Up-to-date: /home/chiva/uros_ws/install/drive_base_msgs/lib/python3.12/site-packages/drive_base_msgs/drive_base_msgs_s__rosidl_typesupport_fastrtps_c.so
[3.555s] -- Up-to-date: /home/chiva/uros_ws/install/drive_base_msgs/lib/python3.12/site-packages/drive_base_msgs/drive_base_msgs_s__rosidl_typesupport_introspection_c.so
[3.562s] -- Up-to-date: /home/chiva/uros_ws/install/drive_base_msgs/lib/python3.12/site-packages/drive_base_msgs/drive_base_msgs_s__rosidl_typesupport_c.so
[3.564s] -- Up-to-date: /home/chiva/uros_ws/install/drive_base_msgs/lib/libdrive_base_msgs__rosidl_generator_py.so
[3.568s] -- Up-to-date: /home/chiva/uros_ws/install/drive_base_msgs/share/drive_base_msgs/msg/CommandHeader.idl
[3.568s] -- Up-to-date: /home/chiva/uros_ws/install/drive_base_msgs/share/drive_base_msgs/msg/BaseInfo.idl
[3.571s] -- Up-to-date: /home/chiva/uros_ws/install/drive_base_msgs/share/drive_base_msgs/msg/CommandStatus.idl
[3.571s] -- Up-to-date: /home/chiva/uros_ws/install/drive_base_msgs/share/drive_base_msgs/msg/TRVCommand.idl
[3.571s] -- Up-to-date: /home/chiva/uros_ws/install/drive_base_msgs/share/drive_base_msgs/msg/CommandHeader.msg
[3.576s] -- Up-to-date: /home/chiva/uros_ws/install/drive_base_msgs/share/drive_base_msgs/msg/BaseInfo.msg
[3.577s] -- Up-to-date: /home/chiva/uros_ws/install/drive_base_msgs/share/drive_base_msgs/msg/CommandStatus.msg
[3.580s] -- Up-to-date: /home/chiva/uros_ws/install/drive_base_msgs/share/drive_base_msgs/msg/TRVCommand.msg
[3.580s] -- Up-to-date: /home/chiva/uros_ws/install/drive_base_msgs/share/ament_index/resource_index/package_run_dependencies/drive_base_msgs
[3.580s] -- Up-to-date: /home/chiva/uros_ws/install/drive_base_msgs/share/ament_index/resource_index/parent_prefix_path/drive_base_msgs
[3.583s] -- Up-to-date: /home/chiva/uros_ws/install/drive_base_msgs/share/drive_base_msgs/environment/ament_prefix_path.sh
[3.583s] -- Up-to-date: /home/chiva/uros_ws/install/drive_base_msgs/share/drive_base_msgs/environment/ament_prefix_path.dsv
[3.583s] -- Up-to-date: /home/chiva/uros_ws/install/drive_base_msgs/share/drive_base_msgs/environment/path.sh
[3.583s] -- Up-to-date: /home/chiva/uros_ws/install/drive_base_msgs/share/drive_base_msgs/environment/path.dsv
[3.584s] -- Up-to-date: /home/chiva/uros_ws/install/drive_base_msgs/share/drive_base_msgs/local_setup.bash
[3.584s] -- Up-to-date: /home/chiva/uros_ws/install/drive_base_msgs/share/drive_base_msgs/local_setup.sh
[3.584s] -- Up-to-date: /home/chiva/uros_ws/install/drive_base_msgs/share/drive_base_msgs/local_setup.zsh
[3.601s] -- Up-to-date: /home/chiva/uros_ws/install/drive_base_msgs/share/drive_base_msgs/local_setup.dsv
[3.604s] -- Installing: /home/chiva/uros_ws/install/drive_base_msgs/share/drive_base_msgs/package.dsv
[3.604s] -- Up-to-date: /home/chiva/uros_ws/install/drive_base_msgs/share/ament_index/resource_index/packages/drive_base_msgs
[3.605s] -- Up-to-date: /home/chiva/uros_ws/install/drive_base_msgs/share/drive_base_msgs/cmake/export_drive_base_msgs__rosidl_generator_cExport.cmake
[3.605s] -- Up-to-date: /home/chiva/uros_ws/install/drive_base_msgs/share/drive_base_msgs/cmake/export_drive_base_msgs__rosidl_generator_cExport-noconfig.cmake
[3.605s] -- Up-to-date: /home/chiva/uros_ws/install/drive_base_msgs/share/drive_base_msgs/cmake/export_drive_base_msgs__rosidl_typesupport_fastrtps_cExport.cmake
[3.605s] -- Up-to-date: /home/chiva/uros_ws/install/drive_base_msgs/share/drive_base_msgs/cmake/export_drive_base_msgs__rosidl_typesupport_fastrtps_cExport-noconfig.cmake
[3.605s] -- Up-to-date: /home/chiva/uros_ws/install/drive_base_msgs/share/drive_base_msgs/cmake/export_drive_base_msgs__rosidl_generator_cppExport.cmake
[3.610s] -- Up-to-date: /home/chiva/uros_ws/install/drive_base_msgs/share/drive_base_msgs/cmake/export_drive_base_msgs__rosidl_typesupport_fastrtps_cppExport.cmake
[3.611s] -- Up-to-date: /home/chiva/uros_ws/install/drive_base_msgs/share/drive_base_msgs/cmake/export_drive_base_msgs__rosidl_typesupport_fastrtps_cppExport-noconfig.cmake
[3.611s] -- Up-to-date: /home/chiva/uros_ws/install/drive_base_msgs/share/drive_base_msgs/cmake/drive_base_msgs__rosidl_typesupport_introspection_cExport.cmake
[3.611s] -- Up-to-date: /home/chiva/uros_ws/install/drive_base_msgs/share/drive_base_msgs/cmake/drive_base_msgs__rosidl_typesupport_introspection_cExport-noconfig.cmake
[3.611s] -- Up-to-date: /home/chiva/uros_ws/install/drive_base_msgs/share/drive_base_msgs/cmake/drive_base_msgs__rosidl_typesupport_cExport.cmake
[3.611s] -- Up-to-date: /home/chiva/uros_ws/install/drive_base_msgs/share/drive_base_msgs/cmake/drive_base_msgs__rosidl_typesupport_cExport-noconfig.cmake
[3.618s] -- Up-to-date: /home/chiva/uros_ws/install/drive_base_msgs/share/drive_base_msgs/cmake/drive_base_msgs__rosidl_typesupport_introspection_cppExport.cmake
[3.618s] -- Up-to-date: /home/chiva/uros_ws/install/drive_base_msgs/share/drive_base_msgs/cmake/drive_base_msgs__rosidl_typesupport_introspection_cppExport-noconfig.cmake
[3.618s] -- Up-to-date: /home/chiva/uros_ws/install/drive_base_msgs/share/drive_base_msgs/cmake/drive_base_msgs__rosidl_typesupport_cppExport.cmake
[3.618s] -- Up-to-date: /home/chiva/uros_ws/install/drive_base_msgs/share/drive_base_msgs/cmake/drive_base_msgs__rosidl_typesupport_cppExport-noconfig.cmake
[3.618s] -- Up-to-date: /home/chiva/uros_ws/install/drive_base_msgs/share/drive_base_msgs/cmake/export_drive_base_msgs__rosidl_generator_pyExport.cmake
[3.619s] -- Up-to-date: /home/chiva/uros_ws/install/drive_base_msgs/share/drive_base_msgs/cmake/export_drive_base_msgs__rosidl_generator_pyExport-noconfig.cmake
[3.619s] -- Up-to-date: /home/chiva/uros_ws/install/drive_base_msgs/share/drive_base_msgs/cmake/rosidl_cmake-extras.cmake
[3.619s] -- Up-to-date: /home/chiva/uros_ws/install/drive_base_msgs/share/drive_base_msgs/cmake/ament_cmake_export_dependencies-extras.cmake
[3.629s] -- Up-to-date: /home/chiva/uros_ws/install/drive_base_msgs/share/drive_base_msgs/cmake/ament_cmake_export_include_directories-extras.cmake
[3.629s] -- Up-to-date: /home/chiva/uros_ws/install/drive_base_msgs/share/drive_base_msgs/cmake/ament_cmake_export_libraries-extras.cmake
[3.633s] -- Up-to-date: /home/chiva/uros_ws/install/drive_base_msgs/share/drive_base_msgs/cmake/ament_cmake_export_targets-extras.cmake
[3.633s] -- Up-to-date: /home/chiva/uros_ws/install/drive_base_msgs/share/drive_base_msgs/cmake/rosidl_cmake_export_typesupport_targets-extras.cmake
[3.634s] -- Up-to-date: /home/chiva/uros_ws/install/drive_base_msgs/share/drive_base_msgs/cmake/rosidl_cmake_export_typesupport_libraries-extras.cmake
[3.638s] -- Up-to-date: /home/chiva/uros_ws/install/drive_base_msgs/share/drive_base_msgs/cmake/drive_base_msgsConfig.cmake
[3.639s] -- Up-to-date: /home/chiva/uros_ws/install/drive_base_msgs/share/drive_base_msgs/cmake/drive_base_msgsConfig-version.cmake
[3.643s] -- Up-to-date: /home/chiva/uros_ws/install/drive_base_msgs/share/drive_base_msgs/package.xml
[3.699s] Invoked command in '/home/chiva/uros_ws/build/drive_base_msgs' returned '0': DEBUGINFOD_URLS=https://debuginfod.ubuntu.com /usr/bin/cmake --install /home/chiva/uros_ws/build/drive_base_msgs
