[0.018s] Invoking command in '/home/chiva/uros_ws/build/micro_ros_msgs': DEBUGINFOD_URLS=https://debuginfod.ubuntu.com /usr/bin/cmake --build /home/chiva/uros_ws/build/micro_ros_msgs -- -j4 -l4
[0.126s] [  1%] Built target micro_ros_msgs__rosidl_generator_type_description
[0.139s] [  1%] Built target ament_cmake_python_copy_micro_ros_msgs
[0.219s] [ 22%] Built target micro_ros_msgs__rosidl_generator_c
[0.220s] [ 24%] Built target micro_ros_msgs__cpp
[0.274s] [ 33%] Built target micro_ros_msgs__rosidl_typesupport_c
[0.289s] [ 42%] Built target micro_ros_msgs__rosidl_typesupport_fastrtps_cpp
[0.351s] [ 51%] Built target micro_ros_msgs__rosidl_typesupport_introspection_cpp
[0.363s] [ 61%] Built target micro_ros_msgs__rosidl_typesupport_cpp
[0.372s] [ 70%] Built target micro_ros_msgs__rosidl_typesupport_fastrtps_c
[0.431s] [ 79%] Built target micro_ros_msgs__rosidl_typesupport_introspection_c
[0.471s] [ 79%] Built target micro_ros_msgs
[0.511s] [ 81%] Built target micro_ros_msgs__py
[0.564s] [ 88%] Built target micro_ros_msgs__rosidl_generator_py
[0.642s] [ 92%] Built target micro_ros_msgs_s__rosidl_typesupport_c
[0.663s] [100%] Built target micro_ros_msgs_s__rosidl_typesupport_fastrtps_c
[0.665s] [ 98%] Built target micro_ros_msgs_s__rosidl_typesupport_introspection_c
[0.704s] running egg_info
[0.725s] writing micro_ros_msgs.egg-info/PKG-INFO
[0.726s] writing dependency_links to micro_ros_msgs.egg-info/dependency_links.txt
[0.726s] writing top-level names to micro_ros_msgs.egg-info/top_level.txt
[0.785s] reading manifest file 'micro_ros_msgs.egg-info/SOURCES.txt'
[0.786s] writing manifest file 'micro_ros_msgs.egg-info/SOURCES.txt'
[0.837s] [100%] Built target ament_cmake_python_build_micro_ros_msgs_egg
[0.855s] Invoked command in '/home/chiva/uros_ws/build/micro_ros_msgs' returned '0': DEBUGINFOD_URLS=https://debuginfod.ubuntu.com /usr/bin/cmake --build /home/chiva/uros_ws/build/micro_ros_msgs -- -j4 -l4
[0.856s] Invoking command in '/home/chiva/uros_ws/build/micro_ros_msgs': DEBUGINFOD_URLS=https://debuginfod.ubuntu.com /usr/bin/cmake --install /home/chiva/uros_ws/build/micro_ros_msgs
[0.871s] -- Install configuration: ""
[0.871s] -- Up-to-date: /home/chiva/uros_ws/install/micro_ros_msgs/share/ament_index/resource_index/rosidl_interfaces/micro_ros_msgs
[0.871s] -- Up-to-date: /home/chiva/uros_ws/install/micro_ros_msgs/share/micro_ros_msgs/msg/Graph.json
[0.872s] -- Up-to-date: /home/chiva/uros_ws/install/micro_ros_msgs/share/micro_ros_msgs/msg/Node.json
[0.872s] -- Up-to-date: /home/chiva/uros_ws/install/micro_ros_msgs/share/micro_ros_msgs/msg/Entity.json
[0.872s] -- Up-to-date: /home/chiva/uros_ws/install/micro_ros_msgs/include/micro_ros_msgs/micro_ros_msgs
[0.872s] -- Up-to-date: /home/chiva/uros_ws/install/micro_ros_msgs/include/micro_ros_msgs/micro_ros_msgs/msg
[0.873s] -- Up-to-date: /home/chiva/uros_ws/install/micro_ros_msgs/include/micro_ros_msgs/micro_ros_msgs/msg/rosidl_generator_c__visibility_control.h
[0.873s] -- Up-to-date: /home/chiva/uros_ws/install/micro_ros_msgs/include/micro_ros_msgs/micro_ros_msgs/msg/graph.h
[0.873s] -- Up-to-date: /home/chiva/uros_ws/install/micro_ros_msgs/include/micro_ros_msgs/micro_ros_msgs/msg/detail
[0.874s] -- Up-to-date: /home/chiva/uros_ws/install/micro_ros_msgs/include/micro_ros_msgs/micro_ros_msgs/msg/detail/node__type_support.h
[0.874s] -- Up-to-date: /home/chiva/uros_ws/install/micro_ros_msgs/include/micro_ros_msgs/micro_ros_msgs/msg/detail/entity__functions.c
[0.874s] -- Up-to-date: /home/chiva/uros_ws/install/micro_ros_msgs/include/micro_ros_msgs/micro_ros_msgs/msg/detail/entity__description.c
[0.874s] -- Up-to-date: /home/chiva/uros_ws/install/micro_ros_msgs/include/micro_ros_msgs/micro_ros_msgs/msg/detail/graph__functions.h
[0.874s] -- Up-to-date: /home/chiva/uros_ws/install/micro_ros_msgs/include/micro_ros_msgs/micro_ros_msgs/msg/detail/node__description.c
[0.874s] -- Installing: /home/chiva/uros_ws/install/micro_ros_msgs/include/micro_ros_msgs/micro_ros_msgs/msg/detail/entity__type_support.c
[0.875s] -- Up-to-date: /home/chiva/uros_ws/install/micro_ros_msgs/include/micro_ros_msgs/micro_ros_msgs/msg/detail/graph__type_support.h
[0.875s] -- Up-to-date: /home/chiva/uros_ws/install/micro_ros_msgs/include/micro_ros_msgs/micro_ros_msgs/msg/detail/graph__description.c
[0.875s] -- Up-to-date: /home/chiva/uros_ws/install/micro_ros_msgs/include/micro_ros_msgs/micro_ros_msgs/msg/detail/node__struct.h
[0.875s] -- Up-to-date: /home/chiva/uros_ws/install/micro_ros_msgs/include/micro_ros_msgs/micro_ros_msgs/msg/detail/entity__functions.h
[0.875s] -- Up-to-date: /home/chiva/uros_ws/install/micro_ros_msgs/include/micro_ros_msgs/micro_ros_msgs/msg/detail/entity__type_support.h
[0.875s] -- Up-to-date: /home/chiva/uros_ws/install/micro_ros_msgs/include/micro_ros_msgs/micro_ros_msgs/msg/detail/entity__struct.h
[0.876s] -- Installing: /home/chiva/uros_ws/install/micro_ros_msgs/include/micro_ros_msgs/micro_ros_msgs/msg/detail/node__type_support.c
[0.876s] -- Up-to-date: /home/chiva/uros_ws/install/micro_ros_msgs/include/micro_ros_msgs/micro_ros_msgs/msg/detail/graph__functions.c
[0.877s] -- Up-to-date: /home/chiva/uros_ws/install/micro_ros_msgs/include/micro_ros_msgs/micro_ros_msgs/msg/detail/graph__struct.h
[0.878s] -- Installing: /home/chiva/uros_ws/install/micro_ros_msgs/include/micro_ros_msgs/micro_ros_msgs/msg/detail/graph__type_support.c
[0.878s] -- Up-to-date: /home/chiva/uros_ws/install/micro_ros_msgs/include/micro_ros_msgs/micro_ros_msgs/msg/detail/node__functions.h
[0.878s] -- Up-to-date: /home/chiva/uros_ws/install/micro_ros_msgs/include/micro_ros_msgs/micro_ros_msgs/msg/detail/node__functions.c
[0.879s] -- Up-to-date: /home/chiva/uros_ws/install/micro_ros_msgs/include/micro_ros_msgs/micro_ros_msgs/msg/entity.h
[0.879s] -- Up-to-date: /home/chiva/uros_ws/install/micro_ros_msgs/include/micro_ros_msgs/micro_ros_msgs/msg/node.h
[0.879s] -- Up-to-date: /home/chiva/uros_ws/install/micro_ros_msgs/share/micro_ros_msgs/environment/library_path.sh
[0.880s] -- Up-to-date: /home/chiva/uros_ws/install/micro_ros_msgs/share/micro_ros_msgs/environment/library_path.dsv
[0.880s] -- Up-to-date: /home/chiva/uros_ws/install/micro_ros_msgs/lib/libmicro_ros_msgs__rosidl_generator_c.so
[0.880s] -- Up-to-date: /home/chiva/uros_ws/install/micro_ros_msgs/include/micro_ros_msgs/micro_ros_msgs
[0.881s] -- Up-to-date: /home/chiva/uros_ws/install/micro_ros_msgs/include/micro_ros_msgs/micro_ros_msgs/msg
[0.881s] -- Up-to-date: /home/chiva/uros_ws/install/micro_ros_msgs/include/micro_ros_msgs/micro_ros_msgs/msg/rosidl_typesupport_fastrtps_c__visibility_control.h
[0.881s] -- Up-to-date: /home/chiva/uros_ws/install/micro_ros_msgs/include/micro_ros_msgs/micro_ros_msgs/msg/detail
[0.882s] -- Up-to-date: /home/chiva/uros_ws/install/micro_ros_msgs/include/micro_ros_msgs/micro_ros_msgs/msg/detail/node__rosidl_typesupport_fastrtps_c.h
[0.882s] -- Up-to-date: /home/chiva/uros_ws/install/micro_ros_msgs/include/micro_ros_msgs/micro_ros_msgs/msg/detail/entity__rosidl_typesupport_fastrtps_c.h
[0.882s] -- Up-to-date: /home/chiva/uros_ws/install/micro_ros_msgs/include/micro_ros_msgs/micro_ros_msgs/msg/detail/graph__rosidl_typesupport_fastrtps_c.h
[0.882s] -- Up-to-date: /home/chiva/uros_ws/install/micro_ros_msgs/lib/libmicro_ros_msgs__rosidl_typesupport_fastrtps_c.so
[0.882s] -- Up-to-date: /home/chiva/uros_ws/install/micro_ros_msgs/include/micro_ros_msgs/micro_ros_msgs
[0.883s] -- Up-to-date: /home/chiva/uros_ws/install/micro_ros_msgs/include/micro_ros_msgs/micro_ros_msgs/msg
[0.883s] -- Up-to-date: /home/chiva/uros_ws/install/micro_ros_msgs/include/micro_ros_msgs/micro_ros_msgs/msg/detail
[0.883s] -- Up-to-date: /home/chiva/uros_ws/install/micro_ros_msgs/include/micro_ros_msgs/micro_ros_msgs/msg/detail/graph__rosidl_typesupport_introspection_c.h
[0.883s] -- Installing: /home/chiva/uros_ws/install/micro_ros_msgs/include/micro_ros_msgs/micro_ros_msgs/msg/detail/entity__type_support.c
[0.884s] -- Up-to-date: /home/chiva/uros_ws/install/micro_ros_msgs/include/micro_ros_msgs/micro_ros_msgs/msg/detail/node__rosidl_typesupport_introspection_c.h
[0.884s] -- Up-to-date: /home/chiva/uros_ws/install/micro_ros_msgs/include/micro_ros_msgs/micro_ros_msgs/msg/detail/entity__rosidl_typesupport_introspection_c.h
[0.884s] -- Installing: /home/chiva/uros_ws/install/micro_ros_msgs/include/micro_ros_msgs/micro_ros_msgs/msg/detail/node__type_support.c
[0.884s] -- Installing: /home/chiva/uros_ws/install/micro_ros_msgs/include/micro_ros_msgs/micro_ros_msgs/msg/detail/graph__type_support.c
[0.885s] -- Up-to-date: /home/chiva/uros_ws/install/micro_ros_msgs/include/micro_ros_msgs/micro_ros_msgs/msg/rosidl_typesupport_introspection_c__visibility_control.h
[0.885s] -- Up-to-date: /home/chiva/uros_ws/install/micro_ros_msgs/lib/libmicro_ros_msgs__rosidl_typesupport_introspection_c.so
[0.885s] -- Up-to-date: /home/chiva/uros_ws/install/micro_ros_msgs/lib/libmicro_ros_msgs__rosidl_typesupport_c.so
[0.885s] -- Up-to-date: /home/chiva/uros_ws/install/micro_ros_msgs/include/micro_ros_msgs/micro_ros_msgs
[0.886s] -- Up-to-date: /home/chiva/uros_ws/install/micro_ros_msgs/include/micro_ros_msgs/micro_ros_msgs/msg
[0.886s] -- Up-to-date: /home/chiva/uros_ws/install/micro_ros_msgs/include/micro_ros_msgs/micro_ros_msgs/msg/rosidl_generator_cpp__visibility_control.hpp
[0.886s] -- Up-to-date: /home/chiva/uros_ws/install/micro_ros_msgs/include/micro_ros_msgs/micro_ros_msgs/msg/entity.hpp
[0.886s] -- Up-to-date: /home/chiva/uros_ws/install/micro_ros_msgs/include/micro_ros_msgs/micro_ros_msgs/msg/graph.hpp
[0.887s] -- Up-to-date: /home/chiva/uros_ws/install/micro_ros_msgs/include/micro_ros_msgs/micro_ros_msgs/msg/detail
[0.887s] -- Up-to-date: /home/chiva/uros_ws/install/micro_ros_msgs/include/micro_ros_msgs/micro_ros_msgs/msg/detail/graph__traits.hpp
[0.887s] -- Up-to-date: /home/chiva/uros_ws/install/micro_ros_msgs/include/micro_ros_msgs/micro_ros_msgs/msg/detail/graph__type_support.hpp
[0.887s] -- Up-to-date: /home/chiva/uros_ws/install/micro_ros_msgs/include/micro_ros_msgs/micro_ros_msgs/msg/detail/graph__struct.hpp
[0.887s] -- Up-to-date: /home/chiva/uros_ws/install/micro_ros_msgs/include/micro_ros_msgs/micro_ros_msgs/msg/detail/entity__builder.hpp
[0.888s] -- Up-to-date: /home/chiva/uros_ws/install/micro_ros_msgs/include/micro_ros_msgs/micro_ros_msgs/msg/detail/entity__struct.hpp
[0.888s] -- Up-to-date: /home/chiva/uros_ws/install/micro_ros_msgs/include/micro_ros_msgs/micro_ros_msgs/msg/detail/graph__builder.hpp
[0.888s] -- Up-to-date: /home/chiva/uros_ws/install/micro_ros_msgs/include/micro_ros_msgs/micro_ros_msgs/msg/detail/entity__traits.hpp
[0.888s] -- Up-to-date: /home/chiva/uros_ws/install/micro_ros_msgs/include/micro_ros_msgs/micro_ros_msgs/msg/detail/node__struct.hpp
[0.889s] -- Up-to-date: /home/chiva/uros_ws/install/micro_ros_msgs/include/micro_ros_msgs/micro_ros_msgs/msg/detail/node__type_support.hpp
[0.889s] -- Up-to-date: /home/chiva/uros_ws/install/micro_ros_msgs/include/micro_ros_msgs/micro_ros_msgs/msg/detail/node__traits.hpp
[0.889s] -- Up-to-date: /home/chiva/uros_ws/install/micro_ros_msgs/include/micro_ros_msgs/micro_ros_msgs/msg/detail/node__builder.hpp
[0.889s] -- Up-to-date: /home/chiva/uros_ws/install/micro_ros_msgs/include/micro_ros_msgs/micro_ros_msgs/msg/detail/entity__type_support.hpp
[0.889s] -- Up-to-date: /home/chiva/uros_ws/install/micro_ros_msgs/include/micro_ros_msgs/micro_ros_msgs/msg/node.hpp
[0.889s] -- Up-to-date: /home/chiva/uros_ws/install/micro_ros_msgs/include/micro_ros_msgs/micro_ros_msgs
[0.889s] -- Up-to-date: /home/chiva/uros_ws/install/micro_ros_msgs/include/micro_ros_msgs/micro_ros_msgs/msg
[0.890s] -- Up-to-date: /home/chiva/uros_ws/install/micro_ros_msgs/include/micro_ros_msgs/micro_ros_msgs/msg/detail
[0.890s] -- Up-to-date: /home/chiva/uros_ws/install/micro_ros_msgs/include/micro_ros_msgs/micro_ros_msgs/msg/detail/node__rosidl_typesupport_fastrtps_cpp.hpp
[0.890s] -- Up-to-date: /home/chiva/uros_ws/install/micro_ros_msgs/include/micro_ros_msgs/micro_ros_msgs/msg/detail/entity__rosidl_typesupport_fastrtps_cpp.hpp
[0.890s] -- Up-to-date: /home/chiva/uros_ws/install/micro_ros_msgs/include/micro_ros_msgs/micro_ros_msgs/msg/detail/dds_fastrtps
[0.890s] -- Up-to-date: /home/chiva/uros_ws/install/micro_ros_msgs/include/micro_ros_msgs/micro_ros_msgs/msg/detail/graph__rosidl_typesupport_fastrtps_cpp.hpp
[0.890s] -- Up-to-date: /home/chiva/uros_ws/install/micro_ros_msgs/include/micro_ros_msgs/micro_ros_msgs/msg/rosidl_typesupport_fastrtps_cpp__visibility_control.h
[0.891s] -- Up-to-date: /home/chiva/uros_ws/install/micro_ros_msgs/lib/libmicro_ros_msgs__rosidl_typesupport_fastrtps_cpp.so
[0.891s] -- Up-to-date: /home/chiva/uros_ws/install/micro_ros_msgs/include/micro_ros_msgs/micro_ros_msgs
[0.891s] -- Up-to-date: /home/chiva/uros_ws/install/micro_ros_msgs/include/micro_ros_msgs/micro_ros_msgs/msg
[0.891s] -- Up-to-date: /home/chiva/uros_ws/install/micro_ros_msgs/include/micro_ros_msgs/micro_ros_msgs/msg/detail
[0.891s] -- Up-to-date: /home/chiva/uros_ws/install/micro_ros_msgs/include/micro_ros_msgs/micro_ros_msgs/msg/detail/node__rosidl_typesupport_introspection_cpp.hpp
[0.891s] -- Up-to-date: /home/chiva/uros_ws/install/micro_ros_msgs/include/micro_ros_msgs/micro_ros_msgs/msg/detail/graph__rosidl_typesupport_introspection_cpp.hpp
[0.892s] -- Up-to-date: /home/chiva/uros_ws/install/micro_ros_msgs/include/micro_ros_msgs/micro_ros_msgs/msg/detail/entity__rosidl_typesupport_introspection_cpp.hpp
[0.892s] -- Up-to-date: /home/chiva/uros_ws/install/micro_ros_msgs/include/micro_ros_msgs/micro_ros_msgs/msg/detail/node__type_support.cpp
[0.892s] -- Up-to-date: /home/chiva/uros_ws/install/micro_ros_msgs/include/micro_ros_msgs/micro_ros_msgs/msg/detail/entity__type_support.cpp
[0.892s] -- Up-to-date: /home/chiva/uros_ws/install/micro_ros_msgs/include/micro_ros_msgs/micro_ros_msgs/msg/detail/graph__type_support.cpp
[0.892s] -- Up-to-date: /home/chiva/uros_ws/install/micro_ros_msgs/lib/libmicro_ros_msgs__rosidl_typesupport_introspection_cpp.so
[0.892s] -- Up-to-date: /home/chiva/uros_ws/install/micro_ros_msgs/lib/libmicro_ros_msgs__rosidl_typesupport_cpp.so
[0.893s] -- Up-to-date: /home/chiva/uros_ws/install/micro_ros_msgs/share/micro_ros_msgs/environment/pythonpath.sh
[0.893s] -- Up-to-date: /home/chiva/uros_ws/install/micro_ros_msgs/share/micro_ros_msgs/environment/pythonpath.dsv
[0.893s] -- Up-to-date: /home/chiva/uros_ws/install/micro_ros_msgs/lib/python3.12/site-packages/micro_ros_msgs-5.0.2-py3.12.egg-info
[0.893s] -- Installing: /home/chiva/uros_ws/install/micro_ros_msgs/lib/python3.12/site-packages/micro_ros_msgs-5.0.2-py3.12.egg-info/SOURCES.txt
[0.893s] -- Installing: /home/chiva/uros_ws/install/micro_ros_msgs/lib/python3.12/site-packages/micro_ros_msgs-5.0.2-py3.12.egg-info/top_level.txt
[0.894s] -- Installing: /home/chiva/uros_ws/install/micro_ros_msgs/lib/python3.12/site-packages/micro_ros_msgs-5.0.2-py3.12.egg-info/PKG-INFO
[0.894s] -- Installing: /home/chiva/uros_ws/install/micro_ros_msgs/lib/python3.12/site-packages/micro_ros_msgs-5.0.2-py3.12.egg-info/dependency_links.txt
[0.894s] -- Up-to-date: /home/chiva/uros_ws/install/micro_ros_msgs/lib/python3.12/site-packages/micro_ros_msgs
[0.894s] -- Up-to-date: /home/chiva/uros_ws/install/micro_ros_msgs/lib/python3.12/site-packages/micro_ros_msgs/micro_ros_msgs_s__rosidl_typesupport_fastrtps_c.so
[0.894s] -- Up-to-date: /home/chiva/uros_ws/install/micro_ros_msgs/lib/python3.12/site-packages/micro_ros_msgs/_micro_ros_msgs_s.ep.rosidl_typesupport_fastrtps_c.c
[0.894s] -- Up-to-date: /home/chiva/uros_ws/install/micro_ros_msgs/lib/python3.12/site-packages/micro_ros_msgs/micro_ros_msgs_s__rosidl_typesupport_introspection_c.so
[0.895s] -- Up-to-date: /home/chiva/uros_ws/install/micro_ros_msgs/lib/python3.12/site-packages/micro_ros_msgs/msg
[0.895s] -- Up-to-date: /home/chiva/uros_ws/install/micro_ros_msgs/lib/python3.12/site-packages/micro_ros_msgs/msg/_entity.py
[0.895s] -- Up-to-date: /home/chiva/uros_ws/install/micro_ros_msgs/lib/python3.12/site-packages/micro_ros_msgs/msg/_node.py
[0.895s] -- Up-to-date: /home/chiva/uros_ws/install/micro_ros_msgs/lib/python3.12/site-packages/micro_ros_msgs/msg/__init__.py
[0.895s] -- Up-to-date: /home/chiva/uros_ws/install/micro_ros_msgs/lib/python3.12/site-packages/micro_ros_msgs/msg/_entity_s.c
[0.895s] -- Up-to-date: /home/chiva/uros_ws/install/micro_ros_msgs/lib/python3.12/site-packages/micro_ros_msgs/msg/_node_s.c
[0.896s] -- Up-to-date: /home/chiva/uros_ws/install/micro_ros_msgs/lib/python3.12/site-packages/micro_ros_msgs/msg/_graph_s.c
[0.896s] -- Up-to-date: /home/chiva/uros_ws/install/micro_ros_msgs/lib/python3.12/site-packages/micro_ros_msgs/msg/_graph.py
[0.896s] -- Up-to-date: /home/chiva/uros_ws/install/micro_ros_msgs/lib/python3.12/site-packages/micro_ros_msgs/__init__.py
[0.896s] -- Up-to-date: /home/chiva/uros_ws/install/micro_ros_msgs/lib/python3.12/site-packages/micro_ros_msgs/_micro_ros_msgs_s.ep.rosidl_typesupport_c.c
[0.896s] -- Up-to-date: /home/chiva/uros_ws/install/micro_ros_msgs/lib/python3.12/site-packages/micro_ros_msgs/micro_ros_msgs_s__rosidl_typesupport_c.so
[0.896s] -- Up-to-date: /home/chiva/uros_ws/install/micro_ros_msgs/lib/python3.12/site-packages/micro_ros_msgs/_micro_ros_msgs_s.ep.rosidl_typesupport_introspection_c.c
[0.960s] Listing '/home/chiva/uros_ws/install/micro_ros_msgs/lib/python3.12/site-packages/micro_ros_msgs'...
[0.960s] Listing '/home/chiva/uros_ws/install/micro_ros_msgs/lib/python3.12/site-packages/micro_ros_msgs/msg'...
[0.969s] -- Up-to-date: /home/chiva/uros_ws/install/micro_ros_msgs/lib/python3.12/site-packages/micro_ros_msgs/micro_ros_msgs_s__rosidl_typesupport_fastrtps_c.so
[0.970s] -- Up-to-date: /home/chiva/uros_ws/install/micro_ros_msgs/lib/python3.12/site-packages/micro_ros_msgs/micro_ros_msgs_s__rosidl_typesupport_introspection_c.so
[0.970s] -- Up-to-date: /home/chiva/uros_ws/install/micro_ros_msgs/lib/python3.12/site-packages/micro_ros_msgs/micro_ros_msgs_s__rosidl_typesupport_c.so
[0.971s] -- Up-to-date: /home/chiva/uros_ws/install/micro_ros_msgs/lib/libmicro_ros_msgs__rosidl_generator_py.so
[0.971s] -- Up-to-date: /home/chiva/uros_ws/install/micro_ros_msgs/share/micro_ros_msgs/msg/Graph.idl
[0.972s] -- Up-to-date: /home/chiva/uros_ws/install/micro_ros_msgs/share/micro_ros_msgs/msg/Node.idl
[0.972s] -- Up-to-date: /home/chiva/uros_ws/install/micro_ros_msgs/share/micro_ros_msgs/msg/Entity.idl
[0.972s] -- Up-to-date: /home/chiva/uros_ws/install/micro_ros_msgs/share/micro_ros_msgs/msg/Graph.msg
[0.973s] -- Up-to-date: /home/chiva/uros_ws/install/micro_ros_msgs/share/micro_ros_msgs/msg/Node.msg
[0.973s] -- Up-to-date: /home/chiva/uros_ws/install/micro_ros_msgs/share/micro_ros_msgs/msg/Entity.msg
[0.973s] -- Up-to-date: /home/chiva/uros_ws/install/micro_ros_msgs/share/ament_index/resource_index/package_run_dependencies/micro_ros_msgs
[0.973s] -- Up-to-date: /home/chiva/uros_ws/install/micro_ros_msgs/share/ament_index/resource_index/parent_prefix_path/micro_ros_msgs
[0.974s] -- Up-to-date: /home/chiva/uros_ws/install/micro_ros_msgs/share/micro_ros_msgs/environment/ament_prefix_path.sh
[0.974s] -- Up-to-date: /home/chiva/uros_ws/install/micro_ros_msgs/share/micro_ros_msgs/environment/ament_prefix_path.dsv
[0.974s] -- Up-to-date: /home/chiva/uros_ws/install/micro_ros_msgs/share/micro_ros_msgs/environment/path.sh
[0.974s] -- Up-to-date: /home/chiva/uros_ws/install/micro_ros_msgs/share/micro_ros_msgs/environment/path.dsv
[0.975s] -- Up-to-date: /home/chiva/uros_ws/install/micro_ros_msgs/share/micro_ros_msgs/local_setup.bash
[0.975s] -- Up-to-date: /home/chiva/uros_ws/install/micro_ros_msgs/share/micro_ros_msgs/local_setup.sh
[0.975s] -- Up-to-date: /home/chiva/uros_ws/install/micro_ros_msgs/share/micro_ros_msgs/local_setup.zsh
[0.975s] -- Up-to-date: /home/chiva/uros_ws/install/micro_ros_msgs/share/micro_ros_msgs/local_setup.dsv
[0.976s] -- Installing: /home/chiva/uros_ws/install/micro_ros_msgs/share/micro_ros_msgs/package.dsv
[0.976s] -- Up-to-date: /home/chiva/uros_ws/install/micro_ros_msgs/share/ament_index/resource_index/packages/micro_ros_msgs
[0.976s] -- Up-to-date: /home/chiva/uros_ws/install/micro_ros_msgs/share/micro_ros_msgs/cmake/export_micro_ros_msgs__rosidl_generator_cExport.cmake
[0.976s] -- Up-to-date: /home/chiva/uros_ws/install/micro_ros_msgs/share/micro_ros_msgs/cmake/export_micro_ros_msgs__rosidl_generator_cExport-noconfig.cmake
[0.977s] -- Up-to-date: /home/chiva/uros_ws/install/micro_ros_msgs/share/micro_ros_msgs/cmake/export_micro_ros_msgs__rosidl_typesupport_fastrtps_cExport.cmake
[0.977s] -- Up-to-date: /home/chiva/uros_ws/install/micro_ros_msgs/share/micro_ros_msgs/cmake/export_micro_ros_msgs__rosidl_typesupport_fastrtps_cExport-noconfig.cmake
[0.977s] -- Up-to-date: /home/chiva/uros_ws/install/micro_ros_msgs/share/micro_ros_msgs/cmake/micro_ros_msgs__rosidl_typesupport_introspection_cExport.cmake
[0.977s] -- Up-to-date: /home/chiva/uros_ws/install/micro_ros_msgs/share/micro_ros_msgs/cmake/micro_ros_msgs__rosidl_typesupport_introspection_cExport-noconfig.cmake
[0.978s] -- Up-to-date: /home/chiva/uros_ws/install/micro_ros_msgs/share/micro_ros_msgs/cmake/micro_ros_msgs__rosidl_typesupport_cExport.cmake
[0.978s] -- Up-to-date: /home/chiva/uros_ws/install/micro_ros_msgs/share/micro_ros_msgs/cmake/micro_ros_msgs__rosidl_typesupport_cExport-noconfig.cmake
[0.978s] -- Up-to-date: /home/chiva/uros_ws/install/micro_ros_msgs/share/micro_ros_msgs/cmake/export_micro_ros_msgs__rosidl_generator_cppExport.cmake
[0.978s] -- Up-to-date: /home/chiva/uros_ws/install/micro_ros_msgs/share/micro_ros_msgs/cmake/export_micro_ros_msgs__rosidl_typesupport_fastrtps_cppExport.cmake
[0.978s] -- Up-to-date: /home/chiva/uros_ws/install/micro_ros_msgs/share/micro_ros_msgs/cmake/export_micro_ros_msgs__rosidl_typesupport_fastrtps_cppExport-noconfig.cmake
[0.979s] -- Up-to-date: /home/chiva/uros_ws/install/micro_ros_msgs/share/micro_ros_msgs/cmake/micro_ros_msgs__rosidl_typesupport_introspection_cppExport.cmake
[0.979s] -- Up-to-date: /home/chiva/uros_ws/install/micro_ros_msgs/share/micro_ros_msgs/cmake/micro_ros_msgs__rosidl_typesupport_introspection_cppExport-noconfig.cmake
[0.979s] -- Up-to-date: /home/chiva/uros_ws/install/micro_ros_msgs/share/micro_ros_msgs/cmake/micro_ros_msgs__rosidl_typesupport_cppExport.cmake
[0.979s] -- Up-to-date: /home/chiva/uros_ws/install/micro_ros_msgs/share/micro_ros_msgs/cmake/micro_ros_msgs__rosidl_typesupport_cppExport-noconfig.cmake
[0.979s] -- Up-to-date: /home/chiva/uros_ws/install/micro_ros_msgs/share/micro_ros_msgs/cmake/export_micro_ros_msgs__rosidl_generator_pyExport.cmake
[0.980s] -- Up-to-date: /home/chiva/uros_ws/install/micro_ros_msgs/share/micro_ros_msgs/cmake/export_micro_ros_msgs__rosidl_generator_pyExport-noconfig.cmake
[0.980s] -- Up-to-date: /home/chiva/uros_ws/install/micro_ros_msgs/share/micro_ros_msgs/cmake/rosidl_cmake-extras.cmake
[0.980s] -- Up-to-date: /home/chiva/uros_ws/install/micro_ros_msgs/share/micro_ros_msgs/cmake/ament_cmake_export_include_directories-extras.cmake
[0.980s] -- Up-to-date: /home/chiva/uros_ws/install/micro_ros_msgs/share/micro_ros_msgs/cmake/ament_cmake_export_libraries-extras.cmake
[0.980s] -- Up-to-date: /home/chiva/uros_ws/install/micro_ros_msgs/share/micro_ros_msgs/cmake/ament_cmake_export_targets-extras.cmake
[0.980s] -- Up-to-date: /home/chiva/uros_ws/install/micro_ros_msgs/share/micro_ros_msgs/cmake/rosidl_cmake_export_typesupport_targets-extras.cmake
[0.980s] -- Up-to-date: /home/chiva/uros_ws/install/micro_ros_msgs/share/micro_ros_msgs/cmake/ament_cmake_export_dependencies-extras.cmake
[0.981s] -- Up-to-date: /home/chiva/uros_ws/install/micro_ros_msgs/share/micro_ros_msgs/cmake/rosidl_cmake_export_typesupport_libraries-extras.cmake
[0.981s] -- Up-to-date: /home/chiva/uros_ws/install/micro_ros_msgs/share/micro_ros_msgs/cmake/micro_ros_msgsConfig.cmake
[0.981s] -- Up-to-date: /home/chiva/uros_ws/install/micro_ros_msgs/share/micro_ros_msgs/cmake/micro_ros_msgsConfig-version.cmake
[0.981s] -- Up-to-date: /home/chiva/uros_ws/install/micro_ros_msgs/share/micro_ros_msgs/package.xml
[0.982s] Invoked command in '/home/chiva/uros_ws/build/micro_ros_msgs' returned '0': DEBUGINFOD_URLS=https://debuginfod.ubuntu.com /usr/bin/cmake --install /home/chiva/uros_ws/build/micro_ros_msgs
